2023-06-07 10:09:54,785 p=80164 u=rob n=ansible | PLAY [Automatic VyOS Lab test] ********************************************************************************************************************************
2023-06-07 10:09:54,829 p=80164 u=rob n=ansible | TASK [eve-ng-create-node : Wireguard: fail if node_template_iso is empty] *************************************************************************************
2023-06-07 10:09:54,843 p=80164 u=rob n=ansible | skipping: [eveng]
2023-06-07 10:09:54,850 p=80164 u=rob n=ansible | skipping: [vyos-oobm]
2023-06-07 10:09:54,852 p=80164 u=rob n=ansible | skipping: [central]
2023-06-07 10:09:54,857 p=80164 u=rob n=ansible | skipping: [branch]
2023-06-07 10:09:54,860 p=80164 u=rob n=ansible | TASK [eve-ng-create-node : Wireguard: fail if node_template_version is empty] *********************************************************************************
2023-06-07 10:09:54,880 p=80164 u=rob n=ansible | skipping: [eveng]
2023-06-07 10:09:54,880 p=80164 u=rob n=ansible | skipping: [vyos-oobm]
2023-06-07 10:09:54,882 p=80164 u=rob n=ansible | skipping: [central]
2023-06-07 10:09:54,887 p=80164 u=rob n=ansible | skipping: [branch]
2023-06-07 10:09:54,890 p=80164 u=rob n=ansible | TASK [eve-ng-create-node : Wireguard: install requirements] ***************************************************************************************************
2023-06-07 10:09:54,908 p=80164 u=rob n=ansible | skipping: [vyos-oobm]
2023-06-07 10:09:54,910 p=80164 u=rob n=ansible | skipping: [central]
2023-06-07 10:09:54,915 p=80164 u=rob n=ansible | skipping: [branch]
2023-06-07 10:09:56,756 p=80164 u=rob n=ansible | ok: [eveng]
2023-06-07 10:09:56,763 p=80164 u=rob n=ansible | TASK [eve-ng-create-node : Wireguard: Login to EVE-NG and get Cookie] *****************************************************************************************
2023-06-07 10:09:56,791 p=80164 u=rob n=ansible | skipping: [vyos-oobm]
2023-06-07 10:09:56,795 p=80164 u=rob n=ansible | skipping: [central]
2023-06-07 10:09:56,800 p=80164 u=rob n=ansible | skipping: [branch]
2023-06-07 10:09:57,451 p=80164 u=rob n=ansible | ok: [eveng]
2023-06-07 10:09:57,456 p=80164 u=rob n=ansible | TASK [eve-ng-create-node : Wireguard: get template facts] *****************************************************************************************************
2023-06-07 10:09:57,474 p=80164 u=rob n=ansible | skipping: [vyos-oobm]
2023-06-07 10:09:57,476 p=80164 u=rob n=ansible | skipping: [central]
2023-06-07 10:09:57,481 p=80164 u=rob n=ansible | skipping: [branch]
2023-06-07 10:09:57,880 p=80164 u=rob n=ansible | ok: [eveng]
2023-06-07 10:09:57,884 p=80164 u=rob n=ansible | TASK [eve-ng-create-node : Wireguard: Register path status] ***************************************************************************************************
2023-06-07 10:09:57,903 p=80164 u=rob n=ansible | skipping: [vyos-oobm]
2023-06-07 10:09:57,906 p=80164 u=rob n=ansible | skipping: [central]
2023-06-07 10:09:57,912 p=80164 u=rob n=ansible | skipping: [branch]
2023-06-07 10:09:58,109 p=80164 u=rob n=ansible | ok: [eveng]
2023-06-07 10:09:58,112 p=80164 u=rob n=ansible | TASK [eve-ng-create-node : Wireguard: create path] ************************************************************************************************************
2023-06-07 10:09:58,128 p=80164 u=rob n=ansible | skipping: [eveng]
2023-06-07 10:09:58,136 p=80164 u=rob n=ansible | skipping: [vyos-oobm]
2023-06-07 10:09:58,138 p=80164 u=rob n=ansible | skipping: [central]
2023-06-07 10:09:58,144 p=80164 u=rob n=ansible | skipping: [branch]
2023-06-07 10:09:58,147 p=80164 u=rob n=ansible | TASK [eve-ng-create-node : Wireguard: Upload iso to eve-ng] ***************************************************************************************************
2023-06-07 10:09:58,160 p=80164 u=rob n=ansible | skipping: [eveng]
2023-06-07 10:09:58,167 p=80164 u=rob n=ansible | skipping: [vyos-oobm]
2023-06-07 10:09:58,169 p=80164 u=rob n=ansible | skipping: [central]
2023-06-07 10:09:58,174 p=80164 u=rob n=ansible | skipping: [branch]
2023-06-07 10:09:58,178 p=80164 u=rob n=ansible | TASK [eve-ng-create-node : Wireguard: create virtioa.qcow2 file] **********************************************************************************************
2023-06-07 10:09:58,193 p=80164 u=rob n=ansible | skipping: [eveng]
2023-06-07 10:09:58,200 p=80164 u=rob n=ansible | skipping: [vyos-oobm]
2023-06-07 10:09:58,202 p=80164 u=rob n=ansible | skipping: [central]
2023-06-07 10:09:58,207 p=80164 u=rob n=ansible | skipping: [branch]
2023-06-07 10:09:58,210 p=80164 u=rob n=ansible | TASK [eve-ng-create-node : Wireguard: Login to EVE-NG and get Cookie] *****************************************************************************************
2023-06-07 10:09:58,223 p=80164 u=rob n=ansible | skipping: [eveng]
2023-06-07 10:09:58,231 p=80164 u=rob n=ansible | skipping: [vyos-oobm]
2023-06-07 10:09:58,233 p=80164 u=rob n=ansible | skipping: [central]
2023-06-07 10:09:58,238 p=80164 u=rob n=ansible | skipping: [branch]
2023-06-07 10:09:58,241 p=80164 u=rob n=ansible | TASK [eve-ng-create-node : Wireguard: create lab for node install] ********************************************************************************************
2023-06-07 10:09:58,255 p=80164 u=rob n=ansible | skipping: [eveng]
2023-06-07 10:09:58,261 p=80164 u=rob n=ansible | skipping: [vyos-oobm]
2023-06-07 10:09:58,264 p=80164 u=rob n=ansible | skipping: [central]
2023-06-07 10:09:58,268 p=80164 u=rob n=ansible | skipping: [branch]
2023-06-07 10:09:58,271 p=80164 u=rob n=ansible | TASK [eve-ng-create-node : Wireguard: open lab] ***************************************************************************************************************
2023-06-07 10:09:58,291 p=80164 u=rob n=ansible | skipping: [eveng]
2023-06-07 10:09:58,291 p=80164 u=rob n=ansible | skipping: [vyos-oobm]
2023-06-07 10:09:58,293 p=80164 u=rob n=ansible | skipping: [central]
2023-06-07 10:09:58,298 p=80164 u=rob n=ansible | skipping: [branch]
2023-06-07 10:09:58,300 p=80164 u=rob n=ansible | TASK [eve-ng-create-node : set_fact] **************************************************************************************************************************
2023-06-07 10:09:58,313 p=80164 u=rob n=ansible | skipping: [eveng]
2023-06-07 10:09:58,320 p=80164 u=rob n=ansible | skipping: [vyos-oobm]
2023-06-07 10:09:58,322 p=80164 u=rob n=ansible | skipping: [central]
2023-06-07 10:09:58,327 p=80164 u=rob n=ansible | skipping: [branch]
2023-06-07 10:09:58,329 p=80164 u=rob n=ansible | TASK [eve-ng-create-node : Wireguard: add node to lab] ********************************************************************************************************
2023-06-07 10:09:58,349 p=80164 u=rob n=ansible | skipping: [eveng]
2023-06-07 10:09:58,349 p=80164 u=rob n=ansible | skipping: [vyos-oobm]
2023-06-07 10:09:58,351 p=80164 u=rob n=ansible | skipping: [central]
2023-06-07 10:09:58,355 p=80164 u=rob n=ansible | skipping: [branch]
2023-06-07 10:09:58,358 p=80164 u=rob n=ansible | TASK [eve-ng-create-node : Wireguard: start node] *************************************************************************************************************
2023-06-07 10:09:58,375 p=80164 u=rob n=ansible | skipping: [eveng]
2023-06-07 10:09:58,381 p=80164 u=rob n=ansible | skipping: [vyos-oobm]
2023-06-07 10:09:58,382 p=80164 u=rob n=ansible | skipping: [central]
2023-06-07 10:09:58,386 p=80164 u=rob n=ansible | skipping: [branch]
2023-06-07 10:09:58,389 p=80164 u=rob n=ansible | TASK [eve-ng-create-node : debug] *****************************************************************************************************************************
2023-06-07 10:09:58,406 p=80164 u=rob n=ansible | skipping: [eveng]
2023-06-07 10:09:58,411 p=80164 u=rob n=ansible | skipping: [vyos-oobm]
2023-06-07 10:09:58,413 p=80164 u=rob n=ansible | skipping: [central]
2023-06-07 10:09:58,418 p=80164 u=rob n=ansible | skipping: [branch]
2023-06-07 10:09:58,421 p=80164 u=rob n=ansible | TASK [eve-ng-create-node : Wireguard: get node infos] *********************************************************************************************************
2023-06-07 10:09:58,440 p=80164 u=rob n=ansible | skipping: [eveng]
2023-06-07 10:09:58,440 p=80164 u=rob n=ansible | skipping: [vyos-oobm]
2023-06-07 10:09:58,442 p=80164 u=rob n=ansible | skipping: [central]
2023-06-07 10:09:58,446 p=80164 u=rob n=ansible | skipping: [branch]
2023-06-07 10:09:58,448 p=80164 u=rob n=ansible | TASK [eve-ng-create-node : set_fact] **************************************************************************************************************************
2023-06-07 10:09:58,465 p=80164 u=rob n=ansible | skipping: [eveng]
2023-06-07 10:09:58,469 p=80164 u=rob n=ansible | skipping: [vyos-oobm]
2023-06-07 10:09:58,471 p=80164 u=rob n=ansible | skipping: [central]
2023-06-07 10:09:58,475 p=80164 u=rob n=ansible | skipping: [branch]
2023-06-07 10:09:58,479 p=80164 u=rob n=ansible | TASK [eve-ng-create-node : Wireguard: copy file] **************************************************************************************************************
2023-06-07 10:09:58,495 p=80164 u=rob n=ansible | skipping: [eveng]
2023-06-07 10:09:58,500 p=80164 u=rob n=ansible | skipping: [vyos-oobm]
2023-06-07 10:09:58,503 p=80164 u=rob n=ansible | skipping: [central]
2023-06-07 10:09:58,507 p=80164 u=rob n=ansible | skipping: [branch]
2023-06-07 10:09:58,511 p=80164 u=rob n=ansible | TASK [eve-ng-create-node : Wireguard: run expect script] ******************************************************************************************************
2023-06-07 10:09:58,526 p=80164 u=rob n=ansible | skipping: [eveng]
2023-06-07 10:09:58,533 p=80164 u=rob n=ansible | skipping: [vyos-oobm]
2023-06-07 10:09:58,535 p=80164 u=rob n=ansible | skipping: [central]
2023-06-07 10:09:58,540 p=80164 u=rob n=ansible | skipping: [branch]
2023-06-07 10:09:58,543 p=80164 u=rob n=ansible | TASK [eve-ng-create-node : Wireguard: Login to EVE-NG and get Cookie (due timeout)] ***************************************************************************
2023-06-07 10:09:58,557 p=80164 u=rob n=ansible | skipping: [eveng]
2023-06-07 10:09:58,563 p=80164 u=rob n=ansible | skipping: [vyos-oobm]
2023-06-07 10:09:58,566 p=80164 u=rob n=ansible | skipping: [central]
2023-06-07 10:09:58,571 p=80164 u=rob n=ansible | skipping: [branch]
2023-06-07 10:09:58,574 p=80164 u=rob n=ansible | TASK [eve-ng-create-node : Wireguard: stop node] **************************************************************************************************************
2023-06-07 10:09:58,596 p=80164 u=rob n=ansible | skipping: [eveng]
2023-06-07 10:09:58,596 p=80164 u=rob n=ansible | skipping: [vyos-oobm]
2023-06-07 10:09:58,596 p=80164 u=rob n=ansible | skipping: [central]
2023-06-07 10:09:58,603 p=80164 u=rob n=ansible | skipping: [branch]
2023-06-07 10:09:58,606 p=80164 u=rob n=ansible | TASK [eve-ng-create-node : Wireguard: Pause to wait node is shutdown] *****************************************************************************************
2023-06-07 10:09:58,617 p=80164 u=rob n=ansible | skipping: [eveng]
2023-06-07 10:09:58,620 p=80164 u=rob n=ansible | TASK [eve-ng-create-node : Wireguard: delete iso] *************************************************************************************************************
2023-06-07 10:09:58,634 p=80164 u=rob n=ansible | skipping: [eveng]
2023-06-07 10:09:58,641 p=80164 u=rob n=ansible | skipping: [vyos-oobm]
2023-06-07 10:09:58,643 p=80164 u=rob n=ansible | skipping: [central]
2023-06-07 10:09:58,648 p=80164 u=rob n=ansible | skipping: [branch]
2023-06-07 10:09:58,651 p=80164 u=rob n=ansible | TASK [eve-ng-create-node : Wireguard: commit virtioa.qcow2] ***************************************************************************************************
2023-06-07 10:09:58,665 p=80164 u=rob n=ansible | skipping: [eveng]
2023-06-07 10:09:58,674 p=80164 u=rob n=ansible | skipping: [vyos-oobm]
2023-06-07 10:09:58,674 p=80164 u=rob n=ansible | skipping: [central]
2023-06-07 10:09:58,679 p=80164 u=rob n=ansible | skipping: [branch]
2023-06-07 10:09:58,682 p=80164 u=rob n=ansible | TASK [eve-ng-create-node : Wireguard: delete lab for node install] ********************************************************************************************
2023-06-07 10:09:58,704 p=80164 u=rob n=ansible | skipping: [eveng]
2023-06-07 10:09:58,705 p=80164 u=rob n=ansible | skipping: [vyos-oobm]
2023-06-07 10:09:58,705 p=80164 u=rob n=ansible | skipping: [central]
2023-06-07 10:09:58,709 p=80164 u=rob n=ansible | skipping: [branch]
2023-06-07 10:09:58,717 p=80164 u=rob n=ansible | TASK [eve-ng-lab-test : Get env file content] *****************************************************************************************************************
2023-06-07 10:09:59,078 p=80164 u=rob n=ansible | ok: [eveng -> localhost]
2023-06-07 10:09:59,079 p=80164 u=rob n=ansible | ok: [vyos-oobm -> localhost]
2023-06-07 10:09:59,079 p=80164 u=rob n=ansible | ok: [branch -> localhost]
2023-06-07 10:09:59,079 p=80164 u=rob n=ansible | ok: [central -> localhost]
2023-06-07 10:09:59,082 p=80164 u=rob n=ansible | TASK [eve-ng-lab-test : Wireguard: Load facts] ****************************************************************************************************************
2023-06-07 10:09:59,102 p=80164 u=rob n=ansible | ok: [eveng]
2023-06-07 10:10:00,256 p=80164 u=rob n=ansible | network_os is set to vyos
2023-06-07 10:10:00,257 p=80164 u=rob n=ansible | network_os is set to vyos
2023-06-07 10:10:00,258 p=80164 u=rob n=ansible | network_os is set to vyos
2023-06-07 10:10:00,258 p=80164 u=rob n=ansible | [WARNING]: ansible-pylibssh not installed, falling back to paramiko

2023-06-07 10:10:00,258 p=80164 u=rob n=ansible | [WARNING]: ansible-pylibssh not installed, falling back to paramiko

2023-06-07 10:10:00,258 p=80164 u=rob n=ansible | [WARNING]: ansible-pylibssh not installed, falling back to paramiko

2023-06-07 10:10:00,265 p=80164 u=rob n=ansible | ok: [branch]
2023-06-07 10:10:00,266 p=80164 u=rob n=ansible | ok: [vyos-oobm]
2023-06-07 10:10:00,266 p=80164 u=rob n=ansible | ok: [central]
2023-06-07 10:10:00,270 p=80164 u=rob n=ansible | TASK [eve-ng-lab-test : debug] ********************************************************************************************************************************
2023-06-07 10:10:00,288 p=80164 u=rob n=ansible | ok: [eveng] => {
    "msg": "vyos-1.3.3-amd64"
}
2023-06-07 10:10:01,410 p=80164 u=rob n=ansible | ok: [branch] => {
    "msg": "vyos-1.3.3-amd64"
}
2023-06-07 10:10:01,411 p=80164 u=rob n=ansible | ok: [central] => {
    "msg": "vyos-1.3.3-amd64"
}
2023-06-07 10:10:01,411 p=80164 u=rob n=ansible | ok: [vyos-oobm] => {
    "msg": "vyos-1.3.3-amd64"
}
2023-06-07 10:10:01,416 p=80164 u=rob n=ansible | TASK [eve-ng-lab-test : Wireguard: fail if node_template_version is empty] ************************************************************************************
2023-06-07 10:10:01,435 p=80164 u=rob n=ansible | skipping: [eveng]
2023-06-07 10:10:01,444 p=80164 u=rob n=ansible | skipping: [vyos-oobm]
2023-06-07 10:10:01,446 p=80164 u=rob n=ansible | skipping: [central]
2023-06-07 10:10:01,451 p=80164 u=rob n=ansible | skipping: [branch]
2023-06-07 10:10:01,455 p=80164 u=rob n=ansible | TASK [eve-ng-lab-test : Wireguard: Login to EVE-NG and get Cookie] ********************************************************************************************
2023-06-07 10:10:01,475 p=80164 u=rob n=ansible | skipping: [vyos-oobm]
2023-06-07 10:10:01,478 p=80164 u=rob n=ansible | skipping: [central]
2023-06-07 10:10:01,483 p=80164 u=rob n=ansible | skipping: [branch]
2023-06-07 10:10:02,420 p=80164 u=rob n=ansible | ok: [eveng]
2023-06-07 10:10:02,426 p=80164 u=rob n=ansible | TASK [eve-ng-lab-test : Wireguard: get running lab list] ******************************************************************************************************
2023-06-07 10:10:02,453 p=80164 u=rob n=ansible | skipping: [vyos-oobm]
2023-06-07 10:10:02,453 p=80164 u=rob n=ansible | skipping: [central]
2023-06-07 10:10:02,461 p=80164 u=rob n=ansible | skipping: [branch]
2023-06-07 10:10:02,863 p=80164 u=rob n=ansible | ok: [eveng]
2023-06-07 10:10:02,869 p=80164 u=rob n=ansible | TASK [eve-ng-lab-test : Wireguard: kill running lab] **********************************************************************************************************
2023-06-07 10:10:02,888 p=80164 u=rob n=ansible | [WARNING]: conditional statements should not include jinja2 templating delimiters such as {{ }} or {% %}. Found: item.labname == "{{ eve_ng_folder_name }}/{{
lab }}"

2023-06-07 10:10:02,895 p=80164 u=rob n=ansible | skipping: [eveng] => (item={'podid': '0', 'username': 'admin', 'online': '1', 'uuid': '0fc5edef-8cf2-4400-9a1c-0c4c41a1a881', 'size': 0.1996, 'sat': '0', 'sat_name': 'master', 'labid': 1001, 'labname': '/ecmp wireguard\n', 'cpu': 0, 'mem': 0}) 
2023-06-07 10:10:02,898 p=80164 u=rob n=ansible | skipping: [vyos-oobm]
2023-06-07 10:10:02,898 p=80164 u=rob n=ansible | skipping: [eveng] => (item={'podid': '0', 'username': 'admin', 'online': '1', 'uuid': '9785926c-63ec-42c0-a1ca-a386b9013151', 'size': 0.4115, 'sat': '0', 'sat_name': 'master', 'labid': 1002, 'labname': '/layer2 via IPSec\n', 'cpu': 0, 'mem': 0}) 
2023-06-07 10:10:02,898 p=80164 u=rob n=ansible | skipping: [central]
2023-06-07 10:10:02,900 p=80164 u=rob n=ansible | skipping: [eveng] => (item={'podid': '0', 'username': 'admin', 'online': '1', 'uuid': 'aa98095e-3b64-45aa-b883-e2b7fdfac08c', 'size': 0.7722, 'sat': '0', 'sat_name': 'master', 'labid': 1003, 'labname': '/ospf\n', 'cpu': 0, 'mem': 0}) 
2023-06-07 10:10:02,903 p=80164 u=rob n=ansible | skipping: [eveng]
2023-06-07 10:10:02,903 p=80164 u=rob n=ansible | skipping: [branch]
2023-06-07 10:10:02,907 p=80164 u=rob n=ansible | TASK [eve-ng-lab-test : Wireguard: delete existing lab] *******************************************************************************************************
2023-06-07 10:10:02,926 p=80164 u=rob n=ansible | skipping: [vyos-oobm]
2023-06-07 10:10:02,929 p=80164 u=rob n=ansible | skipping: [central]
2023-06-07 10:10:02,935 p=80164 u=rob n=ansible | skipping: [branch]
2023-06-07 10:10:03,329 p=80164 u=rob n=ansible | ok: [eveng]
2023-06-07 10:10:03,332 p=80164 u=rob n=ansible | TASK [eve-ng-lab-test : Wireguard: Ensure labtest is present] *************************************************************************************************
2023-06-07 10:10:03,353 p=80164 u=rob n=ansible | skipping: [vyos-oobm]
2023-06-07 10:10:03,355 p=80164 u=rob n=ansible | skipping: [central]
2023-06-07 10:10:03,361 p=80164 u=rob n=ansible | skipping: [branch]
2023-06-07 10:10:03,573 p=80164 u=rob n=ansible | ok: [eveng]
2023-06-07 10:10:03,577 p=80164 u=rob n=ansible | TASK [eve-ng-lab-test : Wireguard: Create Wireguard Lab] ******************************************************************************************************
2023-06-07 10:10:03,597 p=80164 u=rob n=ansible | skipping: [vyos-oobm]
2023-06-07 10:10:03,600 p=80164 u=rob n=ansible | skipping: [central]
2023-06-07 10:10:03,605 p=80164 u=rob n=ansible | skipping: [branch]
2023-06-07 10:10:04,068 p=80164 u=rob n=ansible | changed: [eveng]
2023-06-07 10:10:04,072 p=80164 u=rob n=ansible | TASK [eve-ng-lab-test : Wireguard: Login to EVE-NG and get Cookie] ********************************************************************************************
2023-06-07 10:10:04,094 p=80164 u=rob n=ansible | skipping: [vyos-oobm]
2023-06-07 10:10:04,094 p=80164 u=rob n=ansible | skipping: [central]
2023-06-07 10:10:04,100 p=80164 u=rob n=ansible | skipping: [branch]
2023-06-07 10:10:04,699 p=80164 u=rob n=ansible | ok: [eveng]
2023-06-07 10:10:04,704 p=80164 u=rob n=ansible | TASK [eve-ng-lab-test : Wireguard: start vyos-oobm] ***********************************************************************************************************
2023-06-07 10:10:04,727 p=80164 u=rob n=ansible | skipping: [vyos-oobm]
2023-06-07 10:10:04,729 p=80164 u=rob n=ansible | skipping: [central]
2023-06-07 10:10:04,734 p=80164 u=rob n=ansible | skipping: [branch]
2023-06-07 10:10:05,728 p=80164 u=rob n=ansible | ok: [eveng]
2023-06-07 10:10:05,732 p=80164 u=rob n=ansible | TASK [eve-ng-lab-test : Wireguard: Wait for vyos-oobm] ********************************************************************************************************
2023-06-07 10:10:05,751 p=80164 u=rob n=ansible | skipping: [eveng]
2023-06-07 10:10:05,754 p=80164 u=rob n=ansible | skipping: [central]
2023-06-07 10:10:05,759 p=80164 u=rob n=ansible | skipping: [branch]
2023-06-07 10:10:06,829 p=80164 u=rob n=ansible | [DEPRECATION WARNING]: PlayContext.verbosity is deprecated, use ansible.utils.display.Display.verbosity instead. This feature will be removed in version 2.18.
 Deprecation warnings can be disabled by setting deprecation_warnings=False in ansible.cfg.
2023-06-07 10:10:36,939 p=80519 u=rob n=p=80519 u=rob | paramiko [vyos-oobm] | Exception (client): Error reading SSH protocol banner
2023-06-07 10:10:36,947 p=80519 u=rob n=p=80519 u=rob | paramiko [vyos-oobm] | Traceback (most recent call last):
2023-06-07 10:10:36,947 p=80519 u=rob n=p=80519 u=rob | paramiko [vyos-oobm] |   File "/Users/rob/.local/share/virtualenvs/vyos-eveng-b9X2mBdh/lib/python3.9/site-packages/paramiko/transport.py", line 2270, in _check_banner
2023-06-07 10:10:36,948 p=80519 u=rob n=p=80519 u=rob | paramiko [vyos-oobm] |     buf = self.packetizer.readline(timeout)
2023-06-07 10:10:36,949 p=80519 u=rob n=p=80519 u=rob | paramiko [vyos-oobm] |   File "/Users/rob/.local/share/virtualenvs/vyos-eveng-b9X2mBdh/lib/python3.9/site-packages/paramiko/packet.py", line 374, in readline
2023-06-07 10:10:36,949 p=80519 u=rob n=p=80519 u=rob | paramiko [vyos-oobm] |     buf += self._read_timeout(timeout)
2023-06-07 10:10:36,950 p=80519 u=rob n=p=80519 u=rob | paramiko [vyos-oobm] |   File "/Users/rob/.local/share/virtualenvs/vyos-eveng-b9X2mBdh/lib/python3.9/site-packages/paramiko/packet.py", line 611, in _read_timeout
2023-06-07 10:10:36,951 p=80519 u=rob n=p=80519 u=rob | paramiko [vyos-oobm] |     raise socket.timeout()
2023-06-07 10:10:36,951 p=80519 u=rob n=p=80519 u=rob | paramiko [vyos-oobm] | socket.timeout
2023-06-07 10:10:36,952 p=80519 u=rob n=p=80519 u=rob | paramiko [vyos-oobm] | 
2023-06-07 10:10:36,952 p=80519 u=rob n=p=80519 u=rob | paramiko [vyos-oobm] | During handling of the above exception, another exception occurred:
2023-06-07 10:10:36,953 p=80519 u=rob n=p=80519 u=rob | paramiko [vyos-oobm] | 
2023-06-07 10:10:36,953 p=80519 u=rob n=p=80519 u=rob | paramiko [vyos-oobm] | Traceback (most recent call last):
2023-06-07 10:10:36,954 p=80519 u=rob n=p=80519 u=rob | paramiko [vyos-oobm] |   File "/Users/rob/.local/share/virtualenvs/vyos-eveng-b9X2mBdh/lib/python3.9/site-packages/paramiko/transport.py", line 2093, in run
2023-06-07 10:10:36,954 p=80519 u=rob n=p=80519 u=rob | paramiko [vyos-oobm] |     self._check_banner()
2023-06-07 10:10:36,955 p=80519 u=rob n=p=80519 u=rob | paramiko [vyos-oobm] |   File "/Users/rob/.local/share/virtualenvs/vyos-eveng-b9X2mBdh/lib/python3.9/site-packages/paramiko/transport.py", line 2274, in _check_banner
2023-06-07 10:10:36,955 p=80519 u=rob n=p=80519 u=rob | paramiko [vyos-oobm] |     raise SSHException(
2023-06-07 10:10:36,956 p=80519 u=rob n=p=80519 u=rob | paramiko [vyos-oobm] | paramiko.ssh_exception.SSHException: Error reading SSH protocol banner
2023-06-07 10:10:36,956 p=80519 u=rob n=p=80519 u=rob | paramiko [vyos-oobm] | 
2023-06-07 10:11:08,047 p=80519 u=rob n=p=80519 u=rob | paramiko [vyos-oobm] | Exception (client): Error reading SSH protocol banner
2023-06-07 10:11:08,051 p=80519 u=rob n=p=80519 u=rob | paramiko [vyos-oobm] | Traceback (most recent call last):
2023-06-07 10:11:08,052 p=80519 u=rob n=p=80519 u=rob | paramiko [vyos-oobm] |   File "/Users/rob/.local/share/virtualenvs/vyos-eveng-b9X2mBdh/lib/python3.9/site-packages/paramiko/transport.py", line 2270, in _check_banner
2023-06-07 10:11:08,053 p=80519 u=rob n=p=80519 u=rob | paramiko [vyos-oobm] |     buf = self.packetizer.readline(timeout)
2023-06-07 10:11:08,054 p=80519 u=rob n=p=80519 u=rob | paramiko [vyos-oobm] |   File "/Users/rob/.local/share/virtualenvs/vyos-eveng-b9X2mBdh/lib/python3.9/site-packages/paramiko/packet.py", line 374, in readline
2023-06-07 10:11:08,055 p=80519 u=rob n=p=80519 u=rob | paramiko [vyos-oobm] |     buf += self._read_timeout(timeout)
2023-06-07 10:11:08,056 p=80519 u=rob n=p=80519 u=rob | paramiko [vyos-oobm] |   File "/Users/rob/.local/share/virtualenvs/vyos-eveng-b9X2mBdh/lib/python3.9/site-packages/paramiko/packet.py", line 611, in _read_timeout
2023-06-07 10:11:08,057 p=80519 u=rob n=p=80519 u=rob | paramiko [vyos-oobm] |     raise socket.timeout()
2023-06-07 10:11:08,059 p=80519 u=rob n=p=80519 u=rob | paramiko [vyos-oobm] | socket.timeout
2023-06-07 10:11:08,059 p=80519 u=rob n=p=80519 u=rob | paramiko [vyos-oobm] | 
2023-06-07 10:11:08,060 p=80519 u=rob n=p=80519 u=rob | paramiko [vyos-oobm] | During handling of the above exception, another exception occurred:
2023-06-07 10:11:08,061 p=80519 u=rob n=p=80519 u=rob | paramiko [vyos-oobm] | 
2023-06-07 10:11:08,062 p=80519 u=rob n=p=80519 u=rob | paramiko [vyos-oobm] | Traceback (most recent call last):
2023-06-07 10:11:08,062 p=80519 u=rob n=p=80519 u=rob | paramiko [vyos-oobm] |   File "/Users/rob/.local/share/virtualenvs/vyos-eveng-b9X2mBdh/lib/python3.9/site-packages/paramiko/transport.py", line 2093, in run
2023-06-07 10:11:08,063 p=80519 u=rob n=p=80519 u=rob | paramiko [vyos-oobm] |     self._check_banner()
2023-06-07 10:11:08,063 p=80519 u=rob n=p=80519 u=rob | paramiko [vyos-oobm] |   File "/Users/rob/.local/share/virtualenvs/vyos-eveng-b9X2mBdh/lib/python3.9/site-packages/paramiko/transport.py", line 2274, in _check_banner
2023-06-07 10:11:08,064 p=80519 u=rob n=p=80519 u=rob | paramiko [vyos-oobm] |     raise SSHException(
2023-06-07 10:11:08,065 p=80519 u=rob n=p=80519 u=rob | paramiko [vyos-oobm] | paramiko.ssh_exception.SSHException: Error reading SSH protocol banner
2023-06-07 10:11:08,065 p=80519 u=rob n=p=80519 u=rob | paramiko [vyos-oobm] | 
2023-06-07 10:11:09,596 p=80519 u=rob n=p=80519 u=rob | paramiko [vyos-oobm] | Connected (version 2.0, client OpenSSH_7.9p1)
2023-06-07 10:11:09,830 p=80519 u=rob n=p=80519 u=rob | paramiko [vyos-oobm] | Authentication (publickey) successful!
2023-06-07 10:11:10,978 p=80164 u=rob n=ansible | ok: [vyos-oobm]
2023-06-07 10:11:10,982 p=80164 u=rob n=ansible | TASK [eve-ng-lab-test : Wireguard: Login to EVE-NG and get Cookie] ********************************************************************************************
2023-06-07 10:11:11,000 p=80164 u=rob n=ansible | skipping: [vyos-oobm]
2023-06-07 10:11:11,002 p=80164 u=rob n=ansible | skipping: [central]
2023-06-07 10:11:11,007 p=80164 u=rob n=ansible | skipping: [branch]
2023-06-07 10:11:11,964 p=80164 u=rob n=ansible | ok: [eveng]
2023-06-07 10:11:11,973 p=80164 u=rob n=ansible | TASK [eve-ng-lab-test : Wireguard: get lab status] ************************************************************************************************************
2023-06-07 10:11:12,005 p=80164 u=rob n=ansible | skipping: [vyos-oobm]
2023-06-07 10:11:12,007 p=80164 u=rob n=ansible | skipping: [central]
2023-06-07 10:11:12,014 p=80164 u=rob n=ansible | skipping: [branch]
2023-06-07 10:11:12,450 p=80164 u=rob n=ansible | ok: [eveng]
2023-06-07 10:11:12,459 p=80164 u=rob n=ansible | TASK [eve-ng-lab-test : Wireguard: start all nodes] ***********************************************************************************************************
2023-06-07 10:11:12,491 p=80164 u=rob n=ansible | skipping: [vyos-oobm]
2023-06-07 10:11:12,492 p=80164 u=rob n=ansible | skipping: [central]
2023-06-07 10:11:12,497 p=80164 u=rob n=ansible | skipping: [branch]
2023-06-07 10:11:12,954 p=80164 u=rob n=ansible | ok: [eveng] => (item=1)
2023-06-07 10:11:14,513 p=80164 u=rob n=ansible | ok: [eveng] => (item=4)
2023-06-07 10:11:15,830 p=80164 u=rob n=ansible | ok: [eveng] => (item=6)
2023-06-07 10:11:16,777 p=80164 u=rob n=ansible | ok: [eveng] => (item=2)
2023-06-07 10:11:17,668 p=80164 u=rob n=ansible | ok: [eveng] => (item=3)
2023-06-07 10:11:17,681 p=80164 u=rob n=ansible | TASK [eve-ng-lab-test : Wireguard: Wait for vyos nodes] *******************************************************************************************************
2023-06-07 10:11:17,712 p=80164 u=rob n=ansible | skipping: [eveng]
2023-06-07 10:11:17,713 p=80164 u=rob n=ansible | skipping: [vyos-oobm]
2023-06-07 10:11:18,839 p=80164 u=rob n=ansible | [DEPRECATION WARNING]: PlayContext.verbosity is deprecated, use ansible.utils.display.Display.verbosity instead. This feature will be removed in version 2.18.
 Deprecation warnings can be disabled by setting deprecation_warnings=False in ansible.cfg.
2023-06-07 10:11:18,839 p=80164 u=rob n=ansible | [DEPRECATION WARNING]: PlayContext.verbosity is deprecated, use ansible.utils.display.Display.verbosity instead. This feature will be removed in version 2.18.
 Deprecation warnings can be disabled by setting deprecation_warnings=False in ansible.cfg.
2023-06-07 10:11:48,869 p=80658 u=rob n=p=80658 u=rob | paramiko [central] | Exception (client): Error reading SSH protocol banner
2023-06-07 10:11:48,872 p=80658 u=rob n=p=80658 u=rob | paramiko [central] | Traceback (most recent call last):
2023-06-07 10:11:48,872 p=80658 u=rob n=p=80658 u=rob | paramiko [central] |   File "/Users/rob/.local/share/virtualenvs/vyos-eveng-b9X2mBdh/lib/python3.9/site-packages/paramiko/transport.py", line 2270, in _check_banner
2023-06-07 10:11:48,872 p=80658 u=rob n=p=80658 u=rob | paramiko [central] |     buf = self.packetizer.readline(timeout)
2023-06-07 10:11:48,872 p=80659 u=rob n=p=80659 u=rob | paramiko [branch] | Exception (client): Error reading SSH protocol banner
2023-06-07 10:11:48,873 p=80658 u=rob n=p=80658 u=rob | paramiko [central] |   File "/Users/rob/.local/share/virtualenvs/vyos-eveng-b9X2mBdh/lib/python3.9/site-packages/paramiko/packet.py", line 374, in readline
2023-06-07 10:11:48,873 p=80658 u=rob n=p=80658 u=rob | paramiko [central] |     buf += self._read_timeout(timeout)
2023-06-07 10:11:48,873 p=80658 u=rob n=p=80658 u=rob | paramiko [central] |   File "/Users/rob/.local/share/virtualenvs/vyos-eveng-b9X2mBdh/lib/python3.9/site-packages/paramiko/packet.py", line 611, in _read_timeout
2023-06-07 10:11:48,873 p=80658 u=rob n=p=80658 u=rob | paramiko [central] |     raise socket.timeout()
2023-06-07 10:11:48,873 p=80658 u=rob n=p=80658 u=rob | paramiko [central] | socket.timeout
2023-06-07 10:11:48,874 p=80658 u=rob n=p=80658 u=rob | paramiko [central] | 
2023-06-07 10:11:48,874 p=80658 u=rob n=p=80658 u=rob | paramiko [central] | During handling of the above exception, another exception occurred:
2023-06-07 10:11:48,874 p=80658 u=rob n=p=80658 u=rob | paramiko [central] | 
2023-06-07 10:11:48,874 p=80658 u=rob n=p=80658 u=rob | paramiko [central] | Traceback (most recent call last):
2023-06-07 10:11:48,874 p=80658 u=rob n=p=80658 u=rob | paramiko [central] |   File "/Users/rob/.local/share/virtualenvs/vyos-eveng-b9X2mBdh/lib/python3.9/site-packages/paramiko/transport.py", line 2093, in run
2023-06-07 10:11:48,874 p=80658 u=rob n=p=80658 u=rob | paramiko [central] |     self._check_banner()
2023-06-07 10:11:48,875 p=80658 u=rob n=p=80658 u=rob | paramiko [central] |   File "/Users/rob/.local/share/virtualenvs/vyos-eveng-b9X2mBdh/lib/python3.9/site-packages/paramiko/transport.py", line 2274, in _check_banner
2023-06-07 10:11:48,875 p=80658 u=rob n=p=80658 u=rob | paramiko [central] |     raise SSHException(
2023-06-07 10:11:48,875 p=80658 u=rob n=p=80658 u=rob | paramiko [central] | paramiko.ssh_exception.SSHException: Error reading SSH protocol banner
2023-06-07 10:11:48,875 p=80658 u=rob n=p=80658 u=rob | paramiko [central] | 
2023-06-07 10:11:48,875 p=80659 u=rob n=p=80659 u=rob | paramiko [branch] | Traceback (most recent call last):
2023-06-07 10:11:48,875 p=80659 u=rob n=p=80659 u=rob | paramiko [branch] |   File "/Users/rob/.local/share/virtualenvs/vyos-eveng-b9X2mBdh/lib/python3.9/site-packages/paramiko/transport.py", line 2270, in _check_banner
2023-06-07 10:11:48,876 p=80659 u=rob n=p=80659 u=rob | paramiko [branch] |     buf = self.packetizer.readline(timeout)
2023-06-07 10:11:48,876 p=80659 u=rob n=p=80659 u=rob | paramiko [branch] |   File "/Users/rob/.local/share/virtualenvs/vyos-eveng-b9X2mBdh/lib/python3.9/site-packages/paramiko/packet.py", line 374, in readline
2023-06-07 10:11:48,876 p=80659 u=rob n=p=80659 u=rob | paramiko [branch] |     buf += self._read_timeout(timeout)
2023-06-07 10:11:48,876 p=80659 u=rob n=p=80659 u=rob | paramiko [branch] |   File "/Users/rob/.local/share/virtualenvs/vyos-eveng-b9X2mBdh/lib/python3.9/site-packages/paramiko/packet.py", line 611, in _read_timeout
2023-06-07 10:11:48,876 p=80659 u=rob n=p=80659 u=rob | paramiko [branch] |     raise socket.timeout()
2023-06-07 10:11:48,876 p=80659 u=rob n=p=80659 u=rob | paramiko [branch] | socket.timeout
2023-06-07 10:11:48,877 p=80659 u=rob n=p=80659 u=rob | paramiko [branch] | 
2023-06-07 10:11:48,877 p=80659 u=rob n=p=80659 u=rob | paramiko [branch] | During handling of the above exception, another exception occurred:
2023-06-07 10:11:48,877 p=80659 u=rob n=p=80659 u=rob | paramiko [branch] | 
2023-06-07 10:11:48,877 p=80659 u=rob n=p=80659 u=rob | paramiko [branch] | Traceback (most recent call last):
2023-06-07 10:11:48,878 p=80659 u=rob n=p=80659 u=rob | paramiko [branch] |   File "/Users/rob/.local/share/virtualenvs/vyos-eveng-b9X2mBdh/lib/python3.9/site-packages/paramiko/transport.py", line 2093, in run
2023-06-07 10:11:48,878 p=80659 u=rob n=p=80659 u=rob | paramiko [branch] |     self._check_banner()
2023-06-07 10:11:48,878 p=80659 u=rob n=p=80659 u=rob | paramiko [branch] |   File "/Users/rob/.local/share/virtualenvs/vyos-eveng-b9X2mBdh/lib/python3.9/site-packages/paramiko/transport.py", line 2274, in _check_banner
2023-06-07 10:11:48,878 p=80659 u=rob n=p=80659 u=rob | paramiko [branch] |     raise SSHException(
2023-06-07 10:11:48,878 p=80659 u=rob n=p=80659 u=rob | paramiko [branch] | paramiko.ssh_exception.SSHException: Error reading SSH protocol banner
2023-06-07 10:11:48,878 p=80659 u=rob n=p=80659 u=rob | paramiko [branch] | 
2023-06-07 10:12:06,206 p=80406 u=rob n=ansible | persistent connection idle timeout triggered, timeout value is 120 secs.
See the timeout setting options in the Network Debug and Troubleshooting Guide.
2023-06-07 10:12:06,309 p=80406 u=rob n=ansible | shutdown complete
2023-06-07 10:12:19,919 p=80658 u=rob n=p=80658 u=rob | paramiko [central] | Exception (client): Error reading SSH protocol banner
2023-06-07 10:12:19,920 p=80658 u=rob n=p=80658 u=rob | paramiko [central] | Traceback (most recent call last):
2023-06-07 10:12:19,920 p=80658 u=rob n=p=80658 u=rob | paramiko [central] |   File "/Users/rob/.local/share/virtualenvs/vyos-eveng-b9X2mBdh/lib/python3.9/site-packages/paramiko/transport.py", line 2270, in _check_banner
2023-06-07 10:12:19,920 p=80658 u=rob n=p=80658 u=rob | paramiko [central] |     buf = self.packetizer.readline(timeout)
2023-06-07 10:12:19,920 p=80659 u=rob n=p=80659 u=rob | paramiko [branch] | Exception (client): Error reading SSH protocol banner
2023-06-07 10:12:19,920 p=80658 u=rob n=p=80658 u=rob | paramiko [central] |   File "/Users/rob/.local/share/virtualenvs/vyos-eveng-b9X2mBdh/lib/python3.9/site-packages/paramiko/packet.py", line 374, in readline
2023-06-07 10:12:19,920 p=80658 u=rob n=p=80658 u=rob | paramiko [central] |     buf += self._read_timeout(timeout)
2023-06-07 10:12:19,920 p=80659 u=rob n=p=80659 u=rob | paramiko [branch] | Traceback (most recent call last):
2023-06-07 10:12:19,921 p=80658 u=rob n=p=80658 u=rob | paramiko [central] |   File "/Users/rob/.local/share/virtualenvs/vyos-eveng-b9X2mBdh/lib/python3.9/site-packages/paramiko/packet.py", line 611, in _read_timeout
2023-06-07 10:12:19,921 p=80659 u=rob n=p=80659 u=rob | paramiko [branch] |   File "/Users/rob/.local/share/virtualenvs/vyos-eveng-b9X2mBdh/lib/python3.9/site-packages/paramiko/transport.py", line 2270, in _check_banner
2023-06-07 10:12:19,921 p=80658 u=rob n=p=80658 u=rob | paramiko [central] |     raise socket.timeout()
2023-06-07 10:12:19,921 p=80659 u=rob n=p=80659 u=rob | paramiko [branch] |     buf = self.packetizer.readline(timeout)
2023-06-07 10:12:19,921 p=80658 u=rob n=p=80658 u=rob | paramiko [central] | socket.timeout
2023-06-07 10:12:19,921 p=80659 u=rob n=p=80659 u=rob | paramiko [branch] |   File "/Users/rob/.local/share/virtualenvs/vyos-eveng-b9X2mBdh/lib/python3.9/site-packages/paramiko/packet.py", line 374, in readline
2023-06-07 10:12:19,921 p=80658 u=rob n=p=80658 u=rob | paramiko [central] | 
2023-06-07 10:12:19,921 p=80659 u=rob n=p=80659 u=rob | paramiko [branch] |     buf += self._read_timeout(timeout)
2023-06-07 10:12:19,921 p=80659 u=rob n=p=80659 u=rob | paramiko [branch] |   File "/Users/rob/.local/share/virtualenvs/vyos-eveng-b9X2mBdh/lib/python3.9/site-packages/paramiko/packet.py", line 611, in _read_timeout
2023-06-07 10:12:19,921 p=80658 u=rob n=p=80658 u=rob | paramiko [central] | During handling of the above exception, another exception occurred:
2023-06-07 10:12:19,922 p=80659 u=rob n=p=80659 u=rob | paramiko [branch] |     raise socket.timeout()
2023-06-07 10:12:19,922 p=80658 u=rob n=p=80658 u=rob | paramiko [central] | 
2023-06-07 10:12:19,922 p=80659 u=rob n=p=80659 u=rob | paramiko [branch] | socket.timeout
2023-06-07 10:12:19,922 p=80658 u=rob n=p=80658 u=rob | paramiko [central] | Traceback (most recent call last):
2023-06-07 10:12:19,922 p=80659 u=rob n=p=80659 u=rob | paramiko [branch] | 
2023-06-07 10:12:19,922 p=80658 u=rob n=p=80658 u=rob | paramiko [central] |   File "/Users/rob/.local/share/virtualenvs/vyos-eveng-b9X2mBdh/lib/python3.9/site-packages/paramiko/transport.py", line 2093, in run
2023-06-07 10:12:19,922 p=80659 u=rob n=p=80659 u=rob | paramiko [branch] | During handling of the above exception, another exception occurred:
2023-06-07 10:12:19,922 p=80658 u=rob n=p=80658 u=rob | paramiko [central] |     self._check_banner()
2023-06-07 10:12:19,922 p=80659 u=rob n=p=80659 u=rob | paramiko [branch] | 
2023-06-07 10:12:19,922 p=80658 u=rob n=p=80658 u=rob | paramiko [central] |   File "/Users/rob/.local/share/virtualenvs/vyos-eveng-b9X2mBdh/lib/python3.9/site-packages/paramiko/transport.py", line 2274, in _check_banner
2023-06-07 10:12:19,923 p=80659 u=rob n=p=80659 u=rob | paramiko [branch] | Traceback (most recent call last):
2023-06-07 10:12:19,923 p=80658 u=rob n=p=80658 u=rob | paramiko [central] |     raise SSHException(
2023-06-07 10:12:19,923 p=80659 u=rob n=p=80659 u=rob | paramiko [branch] |   File "/Users/rob/.local/share/virtualenvs/vyos-eveng-b9X2mBdh/lib/python3.9/site-packages/paramiko/transport.py", line 2093, in run
2023-06-07 10:12:19,923 p=80658 u=rob n=p=80658 u=rob | paramiko [central] | paramiko.ssh_exception.SSHException: Error reading SSH protocol banner
2023-06-07 10:12:19,923 p=80659 u=rob n=p=80659 u=rob | paramiko [branch] |     self._check_banner()
2023-06-07 10:12:19,923 p=80658 u=rob n=p=80658 u=rob | paramiko [central] | 
2023-06-07 10:12:19,923 p=80659 u=rob n=p=80659 u=rob | paramiko [branch] |   File "/Users/rob/.local/share/virtualenvs/vyos-eveng-b9X2mBdh/lib/python3.9/site-packages/paramiko/transport.py", line 2274, in _check_banner
2023-06-07 10:12:19,923 p=80659 u=rob n=p=80659 u=rob | paramiko [branch] |     raise SSHException(
2023-06-07 10:12:19,923 p=80659 u=rob n=p=80659 u=rob | paramiko [branch] | paramiko.ssh_exception.SSHException: Error reading SSH protocol banner
2023-06-07 10:12:19,924 p=80659 u=rob n=p=80659 u=rob | paramiko [branch] | 
2023-06-07 10:12:21,504 p=80659 u=rob n=p=80659 u=rob | paramiko [branch] | Connected (version 2.0, client OpenSSH_7.9p1)
2023-06-07 10:12:21,520 p=80658 u=rob n=p=80658 u=rob | paramiko [central] | Connected (version 2.0, client OpenSSH_7.9p1)
2023-06-07 10:12:21,743 p=80658 u=rob n=p=80658 u=rob | paramiko [central] | Authentication (publickey) successful!
2023-06-07 10:12:21,743 p=80659 u=rob n=p=80659 u=rob | paramiko [branch] | Authentication (publickey) successful!
2023-06-07 10:12:22,853 p=80164 u=rob n=ansible | ok: [branch]
2023-06-07 10:12:22,855 p=80164 u=rob n=ansible | ok: [central]
2023-06-07 10:12:22,857 p=80164 u=rob n=ansible | TASK [eve-ng-lab-test : show wireguard keypairs pubkey default] ***********************************************************************************************
2023-06-07 10:12:22,878 p=80164 u=rob n=ansible | skipping: [eveng]
2023-06-07 10:12:22,878 p=80164 u=rob n=ansible | skipping: [vyos-oobm]
2023-06-07 10:12:23,993 p=80405 u=rob n=ansible | [DEPRECATION WARNING]: PlayContext.verbosity is deprecated, use 
ansible.utils.display.Display.verbosity instead. This feature will be removed 
in version 2.18. Deprecation warnings can be disabled by setting 
deprecation_warnings=False in ansible.cfg.
2023-06-07 10:12:23,993 p=80407 u=rob n=ansible | [DEPRECATION WARNING]: PlayContext.verbosity is deprecated, use 
ansible.utils.display.Display.verbosity instead. This feature will be removed 
in version 2.18. Deprecation warnings can be disabled by setting 
deprecation_warnings=False in ansible.cfg.
2023-06-07 10:12:24,508 p=80405 u=rob n=p=80405 u=rob | paramiko [branch] | Connected (version 2.0, client OpenSSH_7.9p1)
2023-06-07 10:12:24,509 p=80407 u=rob n=p=80407 u=rob | paramiko [central] | Connected (version 2.0, client OpenSSH_7.9p1)
2023-06-07 10:12:24,757 p=80407 u=rob n=p=80407 u=rob | paramiko [central] | Authentication (publickey) successful!
2023-06-07 10:12:24,759 p=80405 u=rob n=p=80405 u=rob | paramiko [branch] | Authentication (publickey) successful!
2023-06-07 10:12:26,453 p=80164 u=rob n=ansible | ok: [central]
2023-06-07 10:12:26,482 p=80164 u=rob n=ansible | ok: [branch]
2023-06-07 10:12:26,489 p=80164 u=rob n=ansible | TASK [eve-ng-lab-test : fail] *********************************************************************************************************************************
2023-06-07 10:12:26,516 p=80164 u=rob n=ansible | skipping: [eveng]
2023-06-07 10:12:26,525 p=80164 u=rob n=ansible | skipping: [vyos-oobm]
2023-06-07 10:12:27,651 p=80164 u=rob n=ansible | fatal: [central]: FAILED! => {"changed": false, "msg": "Failed as requested from task"}
2023-06-07 10:12:27,651 p=80164 u=rob n=ansible | fatal: [branch]: FAILED! => {"changed": false, "msg": "Failed as requested from task"}
2023-06-07 10:12:27,662 p=80164 u=rob n=ansible | TASK [eve-ng-lab-test : generate wireguard default-keypair] ***************************************************************************************************
2023-06-07 10:12:29,117 p=80164 u=rob n=ansible | ok: [central]
2023-06-07 10:12:29,120 p=80164 u=rob n=ansible | ok: [branch]
2023-06-07 10:12:29,126 p=80164 u=rob n=ansible | TASK [eve-ng-lab-test : show wireguard keypairs pubkey default] ***********************************************************************************************
2023-06-07 10:12:29,143 p=80164 u=rob n=ansible | skipping: [eveng]
2023-06-07 10:12:29,151 p=80164 u=rob n=ansible | skipping: [vyos-oobm]
2023-06-07 10:12:30,606 p=80164 u=rob n=ansible | ok: [central]
2023-06-07 10:12:30,609 p=80164 u=rob n=ansible | ok: [branch]
2023-06-07 10:12:30,613 p=80164 u=rob n=ansible | TASK [eve-ng-lab-test : setup nodes] **************************************************************************************************************************
2023-06-07 10:12:30,630 p=80164 u=rob n=ansible | skipping: [eveng]
2023-06-07 10:12:30,639 p=80164 u=rob n=ansible | skipping: [vyos-oobm]
2023-06-07 10:12:37,750 p=80164 u=rob n=ansible | [WARNING]: To ensure idempotency and correct diff the input configuration lines should be similar to how they appear if present in the running configuration
on device including the indentation

2023-06-07 10:12:37,750 p=80164 u=rob n=ansible | changed: [branch]
2023-06-07 10:12:37,868 p=80164 u=rob n=ansible | changed: [central]
2023-06-07 10:12:37,882 p=80164 u=rob n=ansible | TASK [eve-ng-lab-test : Wireguard: Login to EVE-NG and get Cookie] ********************************************************************************************
2023-06-07 10:12:37,911 p=80164 u=rob n=ansible | skipping: [vyos-oobm]
2023-06-07 10:12:37,911 p=80164 u=rob n=ansible | skipping: [central]
2023-06-07 10:12:37,916 p=80164 u=rob n=ansible | skipping: [branch]
2023-06-07 10:12:38,890 p=80164 u=rob n=ansible | ok: [eveng]
2023-06-07 10:12:38,894 p=80164 u=rob n=ansible | TASK [eve-ng-lab-test : Wireguard: stop nodes id] *************************************************************************************************************
2023-06-07 10:12:38,917 p=80164 u=rob n=ansible | skipping: [eveng]
2023-06-07 10:12:38,919 p=80164 u=rob n=ansible | skipping: [vyos-oobm]
2023-06-07 10:12:38,923 p=80164 u=rob n=ansible | skipping: [central]
2023-06-07 10:12:38,932 p=80164 u=rob n=ansible | skipping: [branch]
2023-06-07 10:12:38,936 p=80164 u=rob n=ansible | TASK [eve-ng-lab-test : Wireguard: wait after stop] ***********************************************************************************************************
2023-06-07 10:12:38,950 p=80164 u=rob n=ansible | Pausing for 5 seconds
2023-06-07 10:12:38,950 p=80164 u=rob n=ansible | (ctrl+C then 'C' = continue early, ctrl+C then 'A' = abort)
2023-06-07 10:12:43,964 p=80164 u=rob n=ansible | ok: [eveng]
2023-06-07 10:12:43,977 p=80164 u=rob n=ansible | TASK [eve-ng-lab-test : Wireguard: start nodes id] ************************************************************************************************************
2023-06-07 10:12:44,011 p=80164 u=rob n=ansible | skipping: [eveng]
2023-06-07 10:12:44,016 p=80164 u=rob n=ansible | skipping: [vyos-oobm]
2023-06-07 10:12:44,023 p=80164 u=rob n=ansible | skipping: [central]
2023-06-07 10:12:44,029 p=80164 u=rob n=ansible | skipping: [branch]
2023-06-07 10:12:44,033 p=80164 u=rob n=ansible | TASK [eve-ng-lab-test : Wireguard: wait after start] **********************************************************************************************************
2023-06-07 10:12:44,047 p=80164 u=rob n=ansible | Pausing for 5 seconds
2023-06-07 10:12:44,047 p=80164 u=rob n=ansible | (ctrl+C then 'C' = continue early, ctrl+C then 'A' = abort)
2023-06-07 10:12:49,059 p=80164 u=rob n=ansible | ok: [eveng]
2023-06-07 10:12:49,070 p=80164 u=rob n=ansible | TASK [eve-ng-lab-test : Wireguard: wait, b/c the ping often failed without a short break] *********************************************************************
2023-06-07 10:12:49,083 p=80164 u=rob n=ansible | Pausing for 30 seconds
2023-06-07 10:12:49,083 p=80164 u=rob n=ansible | (ctrl+C then 'C' = continue early, ctrl+C then 'A' = abort)
2023-06-07 10:13:19,097 p=80164 u=rob n=ansible | ok: [eveng]
2023-06-07 10:13:19,113 p=80164 u=rob n=ansible | TASK [eve-ng-lab-test : Wireguard: do ping test] **************************************************************************************************************
2023-06-07 10:13:19,138 p=80164 u=rob n=ansible | skipping: [eveng]
2023-06-07 10:13:19,141 p=80164 u=rob n=ansible | skipping: [vyos-oobm]
2023-06-07 10:13:24,531 p=80164 u=rob n=ansible | ok: [branch] => (item=10.0.1.100)
2023-06-07 10:13:24,583 p=80164 u=rob n=ansible | ok: [central] => (item=10.0.2.100)
2023-06-07 10:13:24,595 p=80164 u=rob n=ansible | TASK [eve-ng-lab-test : Wireguard: execute test commands] *****************************************************************************************************
2023-06-07 10:13:24,620 p=80164 u=rob n=ansible | skipping: [eveng]
2023-06-07 10:13:24,623 p=80164 u=rob n=ansible | skipping: [vyos-oobm]
2023-06-07 10:13:25,908 p=80164 u=rob n=ansible | ok: [central] => (item={'desc': 'Test if IP is set to interface', 'command': "ip -4 addr show dev eth2 | grep inet | tr -s ' ' | cut -d' ' -f3 | head -n 1", 'wait_for': ['result[0] contains "10.0.1.254/24"']})
2023-06-07 10:13:26,079 p=80164 u=rob n=ansible | ok: [branch] => (item={'desc': 'show interfaces wireguard', 'command': 'show interfaces wireguard', 'wait_for': ['result[0] contains "S - State, L - Link, u - Up, D - Down, A - Admin Down"', 'result[0] contains "Interface        IP Address                        S/L  Description"', 'result[0] contains "---------        ----------                        ---  -----------"', 'result[0] contains "wg01             192.168.0.2/24                    u/u  VPN-to-central"']})
2023-06-07 10:13:27,330 p=80164 u=rob n=ansible | ok: [central] => (item={'desc': 'show interfaces wireguard', 'command': 'show interfaces wireguard', 'wait_for': ['result[0] contains "S - State, L - Link, u - Up, D - Down, A - Admin Down"', 'result[0] contains "Interface        IP Address                        S/L  Description"', 'result[0] contains "---------        ----------                        ---  -----------"', 'result[0] contains "wg01             192.168.0.1/24                    u/u  VPN-to-Branch"']})
2023-06-07 10:13:27,342 p=80164 u=rob n=ansible | TASK [eve-ng-lab-test : Wireguard: register stdout commands] **************************************************************************************************
2023-06-07 10:13:27,378 p=80164 u=rob n=ansible | skipping: [eveng]
2023-06-07 10:13:27,384 p=80164 u=rob n=ansible | skipping: [vyos-oobm]
2023-06-07 10:13:28,867 p=80164 u=rob n=ansible | ok: [branch] => (item={'name': 'show_interfaces_wireguard', 'command': 'show interfaces wireguard'})
2023-06-07 10:13:28,873 p=80164 u=rob n=ansible | ok: [central] => (item={'name': 'show_interfaces_wireguard', 'command': 'show interfaces wireguard'})
2023-06-07 10:13:33,188 p=80164 u=rob n=ansible | ok: [central] => (item={'name': 'ping_branch_pc', 'command': 'ping 10.0.2.100 count 4'})
2023-06-07 10:13:33,201 p=80164 u=rob n=ansible | TASK [eve-ng-lab-test : Wireguard: Set variables] *************************************************************************************************************
2023-06-07 10:13:33,237 p=80164 u=rob n=ansible | skipping: [eveng]
2023-06-07 10:13:33,242 p=80164 u=rob n=ansible | skipping: [vyos-oobm]
2023-06-07 10:13:34,358 p=80164 u=rob n=ansible | ok: [branch]
2023-06-07 10:13:34,359 p=80164 u=rob n=ansible | ok: [central]
2023-06-07 10:13:34,367 p=80164 u=rob n=ansible | TASK [eve-ng-lab-test : Wireguard: Reboot vyos] ***************************************************************************************************************
2023-06-07 10:13:34,388 p=80164 u=rob n=ansible | skipping: [eveng]
2023-06-07 10:13:34,397 p=80164 u=rob n=ansible | skipping: [vyos-oobm]
2023-06-07 10:13:35,725 p=80164 u=rob n=ansible | ok: [central]
2023-06-07 10:13:35,726 p=80164 u=rob n=ansible | ok: [branch]
2023-06-07 10:13:35,731 p=80164 u=rob n=ansible | TASK [eve-ng-lab-test : Wireguard: wait while shutdown] *******************************************************************************************************
2023-06-07 10:13:35,745 p=80164 u=rob n=ansible | skipping: [eveng]
2023-06-07 10:13:35,749 p=80164 u=rob n=ansible | TASK [eve-ng-lab-test : Wireguard: Wait for vyos nodes] *******************************************************************************************************
2023-06-07 10:13:35,765 p=80164 u=rob n=ansible | skipping: [eveng]
2023-06-07 10:13:35,772 p=80164 u=rob n=ansible | skipping: [vyos-oobm]
2023-06-07 10:13:36,881 p=80164 u=rob n=ansible | [DEPRECATION WARNING]: PlayContext.verbosity is deprecated, use ansible.utils.display.Display.verbosity instead. This feature will be removed in version 2.18.
 Deprecation warnings can be disabled by setting deprecation_warnings=False in ansible.cfg.
2023-06-07 10:13:36,882 p=80164 u=rob n=ansible | [DEPRECATION WARNING]: PlayContext.verbosity is deprecated, use ansible.utils.display.Display.verbosity instead. This feature will be removed in version 2.18.
 Deprecation warnings can be disabled by setting deprecation_warnings=False in ansible.cfg.
2023-06-07 10:13:37,373 p=80827 u=rob n=p=80827 u=rob | paramiko [central] | Connected (version 2.0, client OpenSSH_7.9p1)
2023-06-07 10:13:37,377 p=80828 u=rob n=p=80828 u=rob | paramiko [branch] | Connected (version 2.0, client OpenSSH_7.9p1)
2023-06-07 10:13:37,597 p=80827 u=rob n=p=80827 u=rob | paramiko [central] | Auth banner: b'System is going down. Unprivileged users are not permitted to log in anymore. For technical details, see pam_nologin(8).\n\n'
2023-06-07 10:13:37,614 p=80828 u=rob n=p=80828 u=rob | paramiko [branch] | Auth banner: b'System is going down. Unprivileged users are not permitted to log in anymore. For technical details, see pam_nologin(8).\n\n'
2023-06-07 10:15:36,253 p=80407 u=rob n=ansible | persistent connection idle timeout triggered, timeout value is 120 secs.
See the timeout setting options in the Network Debug and Troubleshooting Guide.
2023-06-07 10:15:36,254 p=80405 u=rob n=ansible | persistent connection idle timeout triggered, timeout value is 120 secs.
See the timeout setting options in the Network Debug and Troubleshooting Guide.
2023-06-07 10:15:36,357 p=80407 u=rob n=ansible | shutdown complete
2023-06-07 10:15:36,358 p=80405 u=rob n=ansible | shutdown complete
2023-06-07 10:15:39,212 p=80828 u=rob n=p=80828 u=rob | paramiko [branch] | Connected (version 2.0, client OpenSSH_7.9p1)
2023-06-07 10:15:39,217 p=80827 u=rob n=p=80827 u=rob | paramiko [central] | Connected (version 2.0, client OpenSSH_7.9p1)
2023-06-07 10:15:39,432 p=80827 u=rob n=p=80827 u=rob | paramiko [central] | Authentication (publickey) successful!
2023-06-07 10:15:39,435 p=80828 u=rob n=p=80828 u=rob | paramiko [branch] | Authentication (publickey) successful!
2023-06-07 10:15:40,657 p=80164 u=rob n=ansible | ok: [central]
2023-06-07 10:15:40,676 p=80164 u=rob n=ansible | ok: [branch]
2023-06-07 10:15:40,680 p=80164 u=rob n=ansible | TASK [eve-ng-lab-test : Wireguard: Login to EVE-NG and get Cookie] ********************************************************************************************
2023-06-07 10:15:40,701 p=80164 u=rob n=ansible | skipping: [vyos-oobm]
2023-06-07 10:15:40,703 p=80164 u=rob n=ansible | skipping: [central]
2023-06-07 10:15:40,708 p=80164 u=rob n=ansible | skipping: [branch]
2023-06-07 10:15:41,575 p=80164 u=rob n=ansible | ok: [eveng]
2023-06-07 10:15:41,579 p=80164 u=rob n=ansible | TASK [eve-ng-lab-test : Wireguard: stop nodes id] *************************************************************************************************************
2023-06-07 10:15:41,602 p=80164 u=rob n=ansible | skipping: [eveng]
2023-06-07 10:15:41,607 p=80164 u=rob n=ansible | skipping: [vyos-oobm]
2023-06-07 10:15:41,613 p=80164 u=rob n=ansible | skipping: [central]
2023-06-07 10:15:41,618 p=80164 u=rob n=ansible | skipping: [branch]
2023-06-07 10:15:41,621 p=80164 u=rob n=ansible | TASK [eve-ng-lab-test : Wireguard: wait after stop] ***********************************************************************************************************
2023-06-07 10:15:41,635 p=80164 u=rob n=ansible | Pausing for 5 seconds
2023-06-07 10:15:41,635 p=80164 u=rob n=ansible | (ctrl+C then 'C' = continue early, ctrl+C then 'A' = abort)
2023-06-07 10:15:46,650 p=80164 u=rob n=ansible | ok: [eveng]
2023-06-07 10:15:46,656 p=80164 u=rob n=ansible | TASK [eve-ng-lab-test : Wireguard: start nodes id] ************************************************************************************************************
2023-06-07 10:15:46,685 p=80164 u=rob n=ansible | skipping: [eveng]
2023-06-07 10:15:46,690 p=80164 u=rob n=ansible | skipping: [vyos-oobm]
2023-06-07 10:15:46,695 p=80164 u=rob n=ansible | skipping: [central]
2023-06-07 10:15:46,702 p=80164 u=rob n=ansible | skipping: [branch]
2023-06-07 10:15:46,706 p=80164 u=rob n=ansible | TASK [eve-ng-lab-test : Wireguard: wait after start] **********************************************************************************************************
2023-06-07 10:15:46,720 p=80164 u=rob n=ansible | Pausing for 5 seconds
2023-06-07 10:15:46,720 p=80164 u=rob n=ansible | (ctrl+C then 'C' = continue early, ctrl+C then 'A' = abort)
2023-06-07 10:15:51,730 p=80164 u=rob n=ansible | ok: [eveng]
2023-06-07 10:15:51,738 p=80164 u=rob n=ansible | TASK [eve-ng-lab-test : Wireguard: wait, b/c the ping often failed without a short break] *********************************************************************
2023-06-07 10:15:51,757 p=80164 u=rob n=ansible | Pausing for 30 seconds
2023-06-07 10:15:51,758 p=80164 u=rob n=ansible | (ctrl+C then 'C' = continue early, ctrl+C then 'A' = abort)
2023-06-07 10:16:21,767 p=80164 u=rob n=ansible | ok: [eveng]
2023-06-07 10:16:21,776 p=80164 u=rob n=ansible | TASK [eve-ng-lab-test : Wireguard: do ping test] **************************************************************************************************************
2023-06-07 10:16:21,811 p=80164 u=rob n=ansible | skipping: [eveng]
2023-06-07 10:16:21,811 p=80164 u=rob n=ansible | skipping: [vyos-oobm]
2023-06-07 10:16:22,978 p=80164 u=rob n=ansible | network_os is set to vyos
2023-06-07 10:16:22,979 p=80164 u=rob n=ansible | [WARNING]: ansible-pylibssh not installed, falling back to paramiko

2023-06-07 10:16:22,979 p=80164 u=rob n=ansible | network_os is set to vyos
2023-06-07 10:16:22,979 p=80164 u=rob n=ansible | [WARNING]: ansible-pylibssh not installed, falling back to paramiko

2023-06-07 10:16:22,982 p=80942 u=rob n=ansible | [DEPRECATION WARNING]: PlayContext.verbosity is deprecated, use 
ansible.utils.display.Display.verbosity instead. This feature will be removed 
in version 2.18. Deprecation warnings can be disabled by setting 
deprecation_warnings=False in ansible.cfg.
2023-06-07 10:16:22,986 p=80945 u=rob n=ansible | [DEPRECATION WARNING]: PlayContext.verbosity is deprecated, use 
ansible.utils.display.Display.verbosity instead. This feature will be removed 
in version 2.18. Deprecation warnings can be disabled by setting 
deprecation_warnings=False in ansible.cfg.
2023-06-07 10:16:23,526 p=80945 u=rob n=p=80945 u=rob | paramiko [branch] | Connected (version 2.0, client OpenSSH_7.9p1)
2023-06-07 10:16:23,528 p=80942 u=rob n=p=80942 u=rob | paramiko [central] | Connected (version 2.0, client OpenSSH_7.9p1)
2023-06-07 10:16:23,751 p=80942 u=rob n=p=80942 u=rob | paramiko [central] | Authentication (publickey) successful!
2023-06-07 10:16:23,757 p=80945 u=rob n=p=80945 u=rob | paramiko [branch] | Authentication (publickey) successful!
2023-06-07 10:16:29,367 p=80164 u=rob n=ansible | ok: [central] => (item=10.0.2.100)
2023-06-07 10:16:29,468 p=80164 u=rob n=ansible | ok: [branch] => (item=10.0.1.100)
2023-06-07 10:16:29,479 p=80164 u=rob n=ansible | TASK [eve-ng-lab-test : Wireguard: execute test commands] *****************************************************************************************************
2023-06-07 10:16:29,506 p=80164 u=rob n=ansible | skipping: [eveng]
2023-06-07 10:16:29,510 p=80164 u=rob n=ansible | skipping: [vyos-oobm]
2023-06-07 10:16:30,791 p=80164 u=rob n=ansible | ok: [central] => (item={'desc': 'Test if IP is set to interface', 'command': "ip -4 addr show dev eth2 | grep inet | tr -s ' ' | cut -d' ' -f3 | head -n 1", 'wait_for': ['result[0] contains "10.0.1.254/24"']})
2023-06-07 10:16:30,977 p=80164 u=rob n=ansible | ok: [branch] => (item={'desc': 'show interfaces wireguard', 'command': 'show interfaces wireguard', 'wait_for': ['result[0] contains "S - State, L - Link, u - Up, D - Down, A - Admin Down"', 'result[0] contains "Interface        IP Address                        S/L  Description"', 'result[0] contains "---------        ----------                        ---  -----------"', 'result[0] contains "wg01             192.168.0.2/24                    u/u  VPN-to-central"']})
2023-06-07 10:16:32,249 p=80164 u=rob n=ansible | ok: [central] => (item={'desc': 'show interfaces wireguard', 'command': 'show interfaces wireguard', 'wait_for': ['result[0] contains "S - State, L - Link, u - Up, D - Down, A - Admin Down"', 'result[0] contains "Interface        IP Address                        S/L  Description"', 'result[0] contains "---------        ----------                        ---  -----------"', 'result[0] contains "wg01             192.168.0.1/24                    u/u  VPN-to-Branch"']})
2023-06-07 10:16:32,261 p=80164 u=rob n=ansible | TASK [eve-ng-lab-test : Wireguard: register stdout commands] **************************************************************************************************
2023-06-07 10:16:32,296 p=80164 u=rob n=ansible | skipping: [eveng]
2023-06-07 10:16:32,301 p=80164 u=rob n=ansible | skipping: [vyos-oobm]
2023-06-07 10:16:32,308 p=80164 u=rob n=ansible | skipping: [central] => (item={'name': 'show_interfaces_wireguard', 'command': 'show interfaces wireguard'}) 
2023-06-07 10:16:32,311 p=80164 u=rob n=ansible | skipping: [branch] => (item={'name': 'show_interfaces_wireguard', 'command': 'show interfaces wireguard'}) 
2023-06-07 10:16:32,314 p=80164 u=rob n=ansible | skipping: [central] => (item={'name': 'ping_branch_pc', 'command': 'ping 10.0.2.100 count 4'}) 
2023-06-07 10:16:32,316 p=80164 u=rob n=ansible | skipping: [branch]
2023-06-07 10:16:32,316 p=80164 u=rob n=ansible | skipping: [central]
2023-06-07 10:16:32,320 p=80164 u=rob n=ansible | TASK [eve-ng-lab-test : Wireguard: Set variables] *************************************************************************************************************
2023-06-07 10:16:32,340 p=80164 u=rob n=ansible | skipping: [eveng]
2023-06-07 10:16:32,342 p=80164 u=rob n=ansible | skipping: [vyos-oobm]
2023-06-07 10:16:32,347 p=80164 u=rob n=ansible | skipping: [central]
2023-06-07 10:16:32,352 p=80164 u=rob n=ansible | skipping: [branch]
2023-06-07 10:16:32,357 p=80164 u=rob n=ansible | TASK [eve-ng-lab-test : Wireguard: ake sure tmp dir exist] ****************************************************************************************************
2023-06-07 10:16:32,383 p=80164 u=rob n=ansible | skipping: [vyos-oobm]
2023-06-07 10:16:32,385 p=80164 u=rob n=ansible | skipping: [central]
2023-06-07 10:16:32,391 p=80164 u=rob n=ansible | skipping: [branch]
2023-06-07 10:16:32,620 p=80164 u=rob n=ansible | ok: [eveng -> localhost]
2023-06-07 10:16:32,624 p=80164 u=rob n=ansible | TASK [eve-ng-lab-test : Wireguard: register status of tmp/vyos-1.4-rolling-202306070317-amd64.iso] ************************************************************
2023-06-07 10:16:32,646 p=80164 u=rob n=ansible | skipping: [vyos-oobm]
2023-06-07 10:16:32,650 p=80164 u=rob n=ansible | skipping: [central]
2023-06-07 10:16:32,650 p=80164 u=rob n=ansible | skipping: [branch]
2023-06-07 10:16:32,777 p=80164 u=rob n=ansible | ok: [eveng]
2023-06-07 10:16:32,784 p=80164 u=rob n=ansible | TASK [eve-ng-lab-test : Wireguard: ownload upgrade_iso] *******************************************************************************************************
2023-06-07 10:16:32,812 p=80164 u=rob n=ansible | skipping: [vyos-oobm]
2023-06-07 10:16:32,814 p=80164 u=rob n=ansible | skipping: [central]
2023-06-07 10:16:32,820 p=80164 u=rob n=ansible | skipping: [branch]
2023-06-07 10:16:33,544 p=80164 u=rob n=ansible | ok: [eveng -> localhost]
2023-06-07 10:16:33,551 p=80164 u=rob n=ansible | TASK [eve-ng-lab-test : Wireguard: Copy iso to host] **********************************************************************************************************
2023-06-07 10:16:33,567 p=80164 u=rob n=ansible | skipping: [eveng]
2023-06-07 10:16:33,574 p=80164 u=rob n=ansible | skipping: [vyos-oobm]
2023-06-07 10:16:35,267 p=80945 u=rob n=p=80945 u=rob | paramiko [branch] | Connected (version 2.0, client OpenSSH_7.9p1)
2023-06-07 10:16:35,267 p=80942 u=rob n=p=80942 u=rob | paramiko [central] | Connected (version 2.0, client OpenSSH_7.9p1)
2023-06-07 10:16:35,515 p=80945 u=rob n=p=80945 u=rob | paramiko [branch] | Authentication (publickey) successful!
2023-06-07 10:16:35,519 p=80942 u=rob n=p=80942 u=rob | paramiko [central] | Authentication (publickey) successful!
2023-06-07 10:16:36,291 p=80945 u=rob n=p=80945 u=rob | paramiko [branch] | Connected (version 2.0, client OpenSSH_7.9p1)
2023-06-07 10:16:36,297 p=80942 u=rob n=p=80942 u=rob | paramiko [central] | Connected (version 2.0, client OpenSSH_7.9p1)
2023-06-07 10:16:36,520 p=80945 u=rob n=p=80945 u=rob | paramiko [branch] | Authentication (publickey) successful!
2023-06-07 10:16:36,530 p=80942 u=rob n=p=80942 u=rob | paramiko [central] | Authentication (publickey) successful!
2023-06-07 10:16:51,774 p=80164 u=rob n=ansible | changed: [central]
2023-06-07 10:16:54,990 p=80164 u=rob n=ansible | changed: [branch]
2023-06-07 10:16:54,997 p=80164 u=rob n=ansible | TASK [eve-ng-lab-test : Wireguard: upgrade vyos] **************************************************************************************************************
2023-06-07 10:16:55,015 p=80164 u=rob n=ansible | skipping: [eveng]
2023-06-07 10:16:55,022 p=80164 u=rob n=ansible | skipping: [vyos-oobm]
2023-06-07 10:17:05,780 p=80164 u=rob n=ansible | ok: [central]
2023-06-07 10:17:05,949 p=80164 u=rob n=ansible | ok: [branch]
2023-06-07 10:17:05,958 p=80164 u=rob n=ansible | TASK [eve-ng-lab-test : Wireguard: Reboot vyos] ***************************************************************************************************************
2023-06-07 10:17:05,989 p=80164 u=rob n=ansible | skipping: [eveng]
2023-06-07 10:17:05,990 p=80164 u=rob n=ansible | skipping: [vyos-oobm]
2023-06-07 10:17:07,614 p=80164 u=rob n=ansible | ok: [branch]
2023-06-07 10:17:07,640 p=80164 u=rob n=ansible | ok: [central]
2023-06-07 10:17:07,646 p=80164 u=rob n=ansible | TASK [eve-ng-lab-test : Wireguard: wait while shutdown] *******************************************************************************************************
2023-06-07 10:17:07,663 p=80164 u=rob n=ansible | skipping: [eveng]
2023-06-07 10:17:07,666 p=80164 u=rob n=ansible | TASK [eve-ng-lab-test : Wireguard: Wait for vyos nodes] *******************************************************************************************************
2023-06-07 10:17:07,690 p=80164 u=rob n=ansible | skipping: [eveng]
2023-06-07 10:17:07,691 p=80164 u=rob n=ansible | skipping: [vyos-oobm]
2023-06-07 10:17:08,793 p=80164 u=rob n=ansible | [DEPRECATION WARNING]: PlayContext.verbosity is deprecated, use ansible.utils.display.Display.verbosity instead. This feature will be removed in version 2.18.
 Deprecation warnings can be disabled by setting deprecation_warnings=False in ansible.cfg.
2023-06-07 10:17:08,793 p=80164 u=rob n=ansible | [DEPRECATION WARNING]: PlayContext.verbosity is deprecated, use ansible.utils.display.Display.verbosity instead. This feature will be removed in version 2.18.
 Deprecation warnings can be disabled by setting deprecation_warnings=False in ansible.cfg.
2023-06-07 10:17:09,530 p=81056 u=rob n=p=81056 u=rob | paramiko [central] | Connected (version 2.0, client OpenSSH_7.9p1)
2023-06-07 10:17:09,543 p=81057 u=rob n=p=81057 u=rob | paramiko [branch] | Connected (version 2.0, client OpenSSH_7.9p1)
2023-06-07 10:17:09,773 p=81056 u=rob n=p=81056 u=rob | paramiko [central] | Auth banner: b'System is going down. Unprivileged users are not permitted to log in anymore. For technical details, see pam_nologin(8).\n\n'
2023-06-07 10:17:09,775 p=81057 u=rob n=p=81057 u=rob | paramiko [branch] | Auth banner: b'System is going down. Unprivileged users are not permitted to log in anymore. For technical details, see pam_nologin(8).\n\n'
2023-06-07 10:19:08,164 p=80945 u=rob n=ansible | persistent connection idle timeout triggered, timeout value is 120 secs.
See the timeout setting options in the Network Debug and Troubleshooting Guide.
2023-06-07 10:19:08,164 p=80942 u=rob n=ansible | persistent connection idle timeout triggered, timeout value is 120 secs.
See the timeout setting options in the Network Debug and Troubleshooting Guide.
2023-06-07 10:19:08,268 p=80945 u=rob n=ansible | shutdown complete
2023-06-07 10:19:08,269 p=80942 u=rob n=ansible | shutdown complete
2023-06-07 10:19:40,839 p=81056 u=rob n=p=81056 u=rob | paramiko [central] | Exception (client): Error reading SSH protocol banner
2023-06-07 10:19:40,842 p=81056 u=rob n=p=81056 u=rob | paramiko [central] | Traceback (most recent call last):
2023-06-07 10:19:40,843 p=81056 u=rob n=p=81056 u=rob | paramiko [central] |   File "/Users/rob/.local/share/virtualenvs/vyos-eveng-b9X2mBdh/lib/python3.9/site-packages/paramiko/transport.py", line 2270, in _check_banner
2023-06-07 10:19:40,843 p=81056 u=rob n=p=81056 u=rob | paramiko [central] |     buf = self.packetizer.readline(timeout)
2023-06-07 10:19:40,843 p=81056 u=rob n=p=81056 u=rob | paramiko [central] |   File "/Users/rob/.local/share/virtualenvs/vyos-eveng-b9X2mBdh/lib/python3.9/site-packages/paramiko/packet.py", line 374, in readline
2023-06-07 10:19:40,843 p=81056 u=rob n=p=81056 u=rob | paramiko [central] |     buf += self._read_timeout(timeout)
2023-06-07 10:19:40,844 p=81056 u=rob n=p=81056 u=rob | paramiko [central] |   File "/Users/rob/.local/share/virtualenvs/vyos-eveng-b9X2mBdh/lib/python3.9/site-packages/paramiko/packet.py", line 611, in _read_timeout
2023-06-07 10:19:40,844 p=81056 u=rob n=p=81056 u=rob | paramiko [central] |     raise socket.timeout()
2023-06-07 10:19:40,844 p=81056 u=rob n=p=81056 u=rob | paramiko [central] | socket.timeout
2023-06-07 10:19:40,844 p=81056 u=rob n=p=81056 u=rob | paramiko [central] | 
2023-06-07 10:19:40,844 p=81056 u=rob n=p=81056 u=rob | paramiko [central] | During handling of the above exception, another exception occurred:
2023-06-07 10:19:40,844 p=81056 u=rob n=p=81056 u=rob | paramiko [central] | 
2023-06-07 10:19:40,845 p=81056 u=rob n=p=81056 u=rob | paramiko [central] | Traceback (most recent call last):
2023-06-07 10:19:40,845 p=81056 u=rob n=p=81056 u=rob | paramiko [central] |   File "/Users/rob/.local/share/virtualenvs/vyos-eveng-b9X2mBdh/lib/python3.9/site-packages/paramiko/transport.py", line 2093, in run
2023-06-07 10:19:40,845 p=81056 u=rob n=p=81056 u=rob | paramiko [central] |     self._check_banner()
2023-06-07 10:19:40,845 p=81056 u=rob n=p=81056 u=rob | paramiko [central] |   File "/Users/rob/.local/share/virtualenvs/vyos-eveng-b9X2mBdh/lib/python3.9/site-packages/paramiko/transport.py", line 2274, in _check_banner
2023-06-07 10:19:40,846 p=81056 u=rob n=p=81056 u=rob | paramiko [central] |     raise SSHException(
2023-06-07 10:19:40,846 p=81056 u=rob n=p=81056 u=rob | paramiko [central] | paramiko.ssh_exception.SSHException: Error reading SSH protocol banner
2023-06-07 10:19:40,846 p=81056 u=rob n=p=81056 u=rob | paramiko [central] | 
2023-06-07 10:19:40,850 p=81057 u=rob n=p=81057 u=rob | paramiko [branch] | Exception (client): Error reading SSH protocol banner
2023-06-07 10:19:40,853 p=81057 u=rob n=p=81057 u=rob | paramiko [branch] | Traceback (most recent call last):
2023-06-07 10:19:40,853 p=81057 u=rob n=p=81057 u=rob | paramiko [branch] |   File "/Users/rob/.local/share/virtualenvs/vyos-eveng-b9X2mBdh/lib/python3.9/site-packages/paramiko/transport.py", line 2270, in _check_banner
2023-06-07 10:19:40,853 p=81057 u=rob n=p=81057 u=rob | paramiko [branch] |     buf = self.packetizer.readline(timeout)
2023-06-07 10:19:40,854 p=81057 u=rob n=p=81057 u=rob | paramiko [branch] |   File "/Users/rob/.local/share/virtualenvs/vyos-eveng-b9X2mBdh/lib/python3.9/site-packages/paramiko/packet.py", line 374, in readline
2023-06-07 10:19:40,854 p=81057 u=rob n=p=81057 u=rob | paramiko [branch] |     buf += self._read_timeout(timeout)
2023-06-07 10:19:40,854 p=81057 u=rob n=p=81057 u=rob | paramiko [branch] |   File "/Users/rob/.local/share/virtualenvs/vyos-eveng-b9X2mBdh/lib/python3.9/site-packages/paramiko/packet.py", line 611, in _read_timeout
2023-06-07 10:19:40,854 p=81057 u=rob n=p=81057 u=rob | paramiko [branch] |     raise socket.timeout()
2023-06-07 10:19:40,854 p=81057 u=rob n=p=81057 u=rob | paramiko [branch] | socket.timeout
2023-06-07 10:19:40,854 p=81057 u=rob n=p=81057 u=rob | paramiko [branch] | 
2023-06-07 10:19:40,855 p=81057 u=rob n=p=81057 u=rob | paramiko [branch] | During handling of the above exception, another exception occurred:
2023-06-07 10:19:40,855 p=81057 u=rob n=p=81057 u=rob | paramiko [branch] | 
2023-06-07 10:19:40,855 p=81057 u=rob n=p=81057 u=rob | paramiko [branch] | Traceback (most recent call last):
2023-06-07 10:19:40,855 p=81057 u=rob n=p=81057 u=rob | paramiko [branch] |   File "/Users/rob/.local/share/virtualenvs/vyos-eveng-b9X2mBdh/lib/python3.9/site-packages/paramiko/transport.py", line 2093, in run
2023-06-07 10:19:40,855 p=81057 u=rob n=p=81057 u=rob | paramiko [branch] |     self._check_banner()
2023-06-07 10:19:40,855 p=81057 u=rob n=p=81057 u=rob | paramiko [branch] |   File "/Users/rob/.local/share/virtualenvs/vyos-eveng-b9X2mBdh/lib/python3.9/site-packages/paramiko/transport.py", line 2274, in _check_banner
2023-06-07 10:19:40,856 p=81057 u=rob n=p=81057 u=rob | paramiko [branch] |     raise SSHException(
2023-06-07 10:19:40,856 p=81057 u=rob n=p=81057 u=rob | paramiko [branch] | paramiko.ssh_exception.SSHException: Error reading SSH protocol banner
2023-06-07 10:19:40,856 p=81057 u=rob n=p=81057 u=rob | paramiko [branch] | 
2023-06-07 10:19:42,471 p=81057 u=rob n=p=81057 u=rob | paramiko [branch] | Connected (version 2.0, client OpenSSH_9.2p1)
2023-06-07 10:19:42,492 p=81056 u=rob n=p=81056 u=rob | paramiko [central] | Connected (version 2.0, client OpenSSH_9.2p1)
2023-06-07 10:19:42,719 p=81057 u=rob n=p=81057 u=rob | paramiko [branch] | Authentication (publickey) successful!
2023-06-07 10:19:42,742 p=81056 u=rob n=p=81056 u=rob | paramiko [central] | Authentication (publickey) successful!
2023-06-07 10:19:44,321 p=80164 u=rob n=ansible | ok: [central]
2023-06-07 10:19:44,321 p=80164 u=rob n=ansible | ok: [branch]
2023-06-07 10:19:44,325 p=80164 u=rob n=ansible | TASK [eve-ng-lab-test : Wireguard: clear tmp dir] *************************************************************************************************************
2023-06-07 10:19:44,337 p=80164 u=rob n=ansible | skipping: [eveng]
2023-06-07 10:19:44,341 p=80164 u=rob n=ansible | TASK [eve-ng-lab-test : Wireguard: Login to EVE-NG and get Cookie] ********************************************************************************************
2023-06-07 10:19:44,362 p=80164 u=rob n=ansible | skipping: [vyos-oobm]
2023-06-07 10:19:44,364 p=80164 u=rob n=ansible | skipping: [central]
2023-06-07 10:19:44,369 p=80164 u=rob n=ansible | skipping: [branch]
2023-06-07 10:19:45,354 p=80164 u=rob n=ansible | ok: [eveng]
2023-06-07 10:19:45,361 p=80164 u=rob n=ansible | TASK [eve-ng-lab-test : Wireguard: stop nodes id] *************************************************************************************************************
2023-06-07 10:19:45,390 p=80164 u=rob n=ansible | skipping: [eveng]
2023-06-07 10:19:45,396 p=80164 u=rob n=ansible | skipping: [vyos-oobm]
2023-06-07 10:19:45,401 p=80164 u=rob n=ansible | skipping: [central]
2023-06-07 10:19:45,407 p=80164 u=rob n=ansible | skipping: [branch]
2023-06-07 10:19:45,411 p=80164 u=rob n=ansible | TASK [eve-ng-lab-test : Wireguard: wait after stop] ***********************************************************************************************************
2023-06-07 10:19:45,426 p=80164 u=rob n=ansible | Pausing for 5 seconds
2023-06-07 10:19:45,426 p=80164 u=rob n=ansible | (ctrl+C then 'C' = continue early, ctrl+C then 'A' = abort)
2023-06-07 10:19:50,441 p=80164 u=rob n=ansible | ok: [eveng]
2023-06-07 10:19:50,451 p=80164 u=rob n=ansible | TASK [eve-ng-lab-test : Wireguard: start nodes id] ************************************************************************************************************
2023-06-07 10:19:50,481 p=80164 u=rob n=ansible | skipping: [eveng]
2023-06-07 10:19:50,483 p=80164 u=rob n=ansible | skipping: [vyos-oobm]
2023-06-07 10:19:50,489 p=80164 u=rob n=ansible | skipping: [central]
2023-06-07 10:19:50,496 p=80164 u=rob n=ansible | skipping: [branch]
2023-06-07 10:19:50,500 p=80164 u=rob n=ansible | TASK [eve-ng-lab-test : Wireguard: wait after start] **********************************************************************************************************
2023-06-07 10:19:50,515 p=80164 u=rob n=ansible | Pausing for 5 seconds
2023-06-07 10:19:50,516 p=80164 u=rob n=ansible | (ctrl+C then 'C' = continue early, ctrl+C then 'A' = abort)
2023-06-07 10:19:55,536 p=80164 u=rob n=ansible | ok: [eveng]
2023-06-07 10:19:55,550 p=80164 u=rob n=ansible | TASK [eve-ng-lab-test : Wireguard: wait, b/c the ping often failed without a short break] *********************************************************************
2023-06-07 10:19:55,572 p=80164 u=rob n=ansible | Pausing for 30 seconds
2023-06-07 10:19:55,573 p=80164 u=rob n=ansible | (ctrl+C then 'C' = continue early, ctrl+C then 'A' = abort)
2023-06-07 10:20:25,593 p=80164 u=rob n=ansible | ok: [eveng]
2023-06-07 10:20:25,610 p=80164 u=rob n=ansible | TASK [eve-ng-lab-test : Wireguard: do ping test] **************************************************************************************************************
2023-06-07 10:20:25,644 p=80164 u=rob n=ansible | skipping: [eveng]
2023-06-07 10:20:25,646 p=80164 u=rob n=ansible | skipping: [vyos-oobm]
2023-06-07 10:20:26,829 p=80164 u=rob n=ansible | network_os is set to vyos
2023-06-07 10:20:26,831 p=80164 u=rob n=ansible | [WARNING]: ansible-pylibssh not installed, falling back to paramiko

2023-06-07 10:20:26,831 p=80164 u=rob n=ansible | network_os is set to vyos
2023-06-07 10:20:26,831 p=80164 u=rob n=ansible | [WARNING]: ansible-pylibssh not installed, falling back to paramiko

2023-06-07 10:20:26,840 p=81188 u=rob n=ansible | [DEPRECATION WARNING]: PlayContext.verbosity is deprecated, use 
ansible.utils.display.Display.verbosity instead. This feature will be removed 
in version 2.18. Deprecation warnings can be disabled by setting 
deprecation_warnings=False in ansible.cfg.
2023-06-07 10:20:26,840 p=81189 u=rob n=ansible | [DEPRECATION WARNING]: PlayContext.verbosity is deprecated, use 
ansible.utils.display.Display.verbosity instead. This feature will be removed 
in version 2.18. Deprecation warnings can be disabled by setting 
deprecation_warnings=False in ansible.cfg.
2023-06-07 10:20:27,354 p=81189 u=rob n=p=81189 u=rob | paramiko [central] | Connected (version 2.0, client OpenSSH_9.2p1)
2023-06-07 10:20:27,363 p=81188 u=rob n=p=81188 u=rob | paramiko [branch] | Connected (version 2.0, client OpenSSH_9.2p1)
2023-06-07 10:20:27,595 p=81189 u=rob n=p=81189 u=rob | paramiko [central] | Authentication (publickey) successful!
2023-06-07 10:20:27,603 p=81188 u=rob n=p=81188 u=rob | paramiko [branch] | Authentication (publickey) successful!
2023-06-07 10:20:35,488 p=80164 u=rob n=ansible | ok: [branch] => (item=10.0.1.100)
2023-06-07 10:20:35,492 p=80164 u=rob n=ansible | ok: [central] => (item=10.0.2.100)
2023-06-07 10:20:35,497 p=80164 u=rob n=ansible | TASK [eve-ng-lab-test : Wireguard: execute test commands] *****************************************************************************************************
2023-06-07 10:20:35,523 p=80164 u=rob n=ansible | skipping: [eveng]
2023-06-07 10:20:35,526 p=80164 u=rob n=ansible | skipping: [vyos-oobm]
2023-06-07 10:20:36,829 p=80164 u=rob n=ansible | ok: [central] => (item={'desc': 'Test if IP is set to interface', 'command': "ip -4 addr show dev eth2 | grep inet | tr -s ' ' | cut -d' ' -f3 | head -n 1", 'wait_for': ['result[0] contains "10.0.1.254/24"']})
2023-06-07 10:20:37,047 p=80164 u=rob n=ansible | ok: [branch] => (item={'desc': 'show interfaces wireguard', 'command': 'show interfaces wireguard', 'wait_for': ['result[0] contains "S - State, L - Link, u - Up, D - Down, A - Admin Down"', 'result[0] contains "Interface        IP Address                        S/L  Description"', 'result[0] contains "---------        ----------                        ---  -----------"', 'result[0] contains "wg01             192.168.0.2/24                    u/u  VPN-to-central"']})
2023-06-07 10:20:38,295 p=80164 u=rob n=ansible | ok: [central] => (item={'desc': 'show interfaces wireguard', 'command': 'show interfaces wireguard', 'wait_for': ['result[0] contains "S - State, L - Link, u - Up, D - Down, A - Admin Down"', 'result[0] contains "Interface        IP Address                        S/L  Description"', 'result[0] contains "---------        ----------                        ---  -----------"', 'result[0] contains "wg01             192.168.0.1/24                    u/u  VPN-to-Branch"']})
2023-06-07 10:20:38,307 p=80164 u=rob n=ansible | TASK [eve-ng-lab-test : Wireguard: register stdout commands] **************************************************************************************************
2023-06-07 10:20:38,346 p=80164 u=rob n=ansible | skipping: [eveng]
2023-06-07 10:20:38,351 p=80164 u=rob n=ansible | skipping: [vyos-oobm]
2023-06-07 10:20:38,358 p=80164 u=rob n=ansible | skipping: [central] => (item={'name': 'show_interfaces_wireguard', 'command': 'show interfaces wireguard'}) 
2023-06-07 10:20:38,360 p=80164 u=rob n=ansible | skipping: [branch] => (item={'name': 'show_interfaces_wireguard', 'command': 'show interfaces wireguard'}) 
2023-06-07 10:20:38,361 p=80164 u=rob n=ansible | skipping: [branch]
2023-06-07 10:20:38,363 p=80164 u=rob n=ansible | skipping: [central] => (item={'name': 'ping_branch_pc', 'command': 'ping 10.0.2.100 count 4'}) 
2023-06-07 10:20:38,365 p=80164 u=rob n=ansible | skipping: [central]
2023-06-07 10:20:38,369 p=80164 u=rob n=ansible | TASK [eve-ng-lab-test : Wireguard: Set variables] *************************************************************************************************************
2023-06-07 10:20:38,390 p=80164 u=rob n=ansible | skipping: [eveng]
2023-06-07 10:20:38,393 p=80164 u=rob n=ansible | skipping: [vyos-oobm]
2023-06-07 10:20:38,398 p=80164 u=rob n=ansible | skipping: [central]
2023-06-07 10:20:38,403 p=80164 u=rob n=ansible | skipping: [branch]
2023-06-07 10:20:38,408 p=80164 u=rob n=ansible | TASK [eve-ng-lab-test : Wireguard: make sure output dir exist] ************************************************************************************************
2023-06-07 10:20:38,433 p=80164 u=rob n=ansible | skipping: [vyos-oobm]
2023-06-07 10:20:38,435 p=80164 u=rob n=ansible | skipping: [central]
2023-06-07 10:20:38,441 p=80164 u=rob n=ansible | skipping: [branch]
2023-06-07 10:20:38,672 p=80164 u=rob n=ansible | ok: [eveng -> localhost]
2023-06-07 10:20:38,677 p=80164 u=rob n=ansible | TASK [eve-ng-lab-test : Wireguard: make sure output include dir exist] ****************************************************************************************
2023-06-07 10:20:38,701 p=80164 u=rob n=ansible | skipping: [vyos-oobm]
2023-06-07 10:20:38,704 p=80164 u=rob n=ansible | skipping: [central]
2023-06-07 10:20:38,709 p=80164 u=rob n=ansible | skipping: [branch]
2023-06-07 10:20:38,943 p=80164 u=rob n=ansible | ok: [eveng -> localhost]
2023-06-07 10:20:38,945 p=80164 u=rob n=ansible | TASK [eve-ng-lab-test : Wireguard: Get timestamp from the system] *********************************************************************************************
2023-06-07 10:20:38,966 p=80164 u=rob n=ansible | skipping: [vyos-oobm]
2023-06-07 10:20:38,967 p=80164 u=rob n=ansible | skipping: [central]
2023-06-07 10:20:38,972 p=80164 u=rob n=ansible | skipping: [branch]
2023-06-07 10:20:39,149 p=80164 u=rob n=ansible | changed: [eveng]
2023-06-07 10:20:39,155 p=80164 u=rob n=ansible | TASK [eve-ng-lab-test : Wireguard: Set variables] *************************************************************************************************************
2023-06-07 10:20:39,180 p=80164 u=rob n=ansible | ok: [eveng]
2023-06-07 10:20:39,183 p=80164 u=rob n=ansible | skipping: [vyos-oobm]
2023-06-07 10:20:39,183 p=80164 u=rob n=ansible | skipping: [central]
2023-06-07 10:20:39,189 p=80164 u=rob n=ansible | skipping: [branch]
2023-06-07 10:20:39,193 p=80164 u=rob n=ansible | TASK [eve-ng-lab-test : Wireguard: generate lab rst file] *****************************************************************************************************
2023-06-07 10:20:39,218 p=80164 u=rob n=ansible | skipping: [vyos-oobm]
2023-06-07 10:20:39,221 p=80164 u=rob n=ansible | skipping: [central]
2023-06-07 10:20:39,226 p=80164 u=rob n=ansible | skipping: [branch]
2023-06-07 10:20:39,717 p=80164 u=rob n=ansible | changed: [eveng -> localhost]
2023-06-07 10:20:39,722 p=80164 u=rob n=ansible | TASK [eve-ng-lab-test : Wireguard: find all *.conf files in Lab] **********************************************************************************************
2023-06-07 10:20:39,748 p=80164 u=rob n=ansible | skipping: [vyos-oobm]
2023-06-07 10:20:39,748 p=80164 u=rob n=ansible | skipping: [central]
2023-06-07 10:20:39,756 p=80164 u=rob n=ansible | skipping: [branch]
2023-06-07 10:20:40,044 p=80164 u=rob n=ansible | ok: [eveng -> localhost]
2023-06-07 10:20:40,050 p=80164 u=rob n=ansible | TASK [eve-ng-lab-test : Wireguard: copy all *.conf files] *****************************************************************************************************
2023-06-07 10:20:40,075 p=80164 u=rob n=ansible | skipping: [vyos-oobm]
2023-06-07 10:20:40,077 p=80164 u=rob n=ansible | skipping: [central]
2023-06-07 10:20:40,084 p=80164 u=rob n=ansible | skipping: [branch]
2023-06-07 10:20:40,570 p=80164 u=rob n=ansible | changed: [eveng -> localhost] => (item={'path': 'labs/Wireguard/branch.conf', 'mode': '0644', 'isdir': False, 'ischr': False, 'isblk': False, 'isreg': True, 'isfifo': False, 'islnk': False, 'issock': False, 'uid': 501, 'gid': 20, 'size': 694, 'inode': 11035494, 'dev': 16777229, 'nlink': 1, 'atime': 1686123270.5077152, 'mtime': 1686123269.0257325, 'ctime': 1686123269.0257325, 'gr_name': 'staff', 'pw_name': 'rob', 'wusr': True, 'rusr': True, 'xusr': False, 'wgrp': False, 'rgrp': True, 'xgrp': False, 'woth': False, 'roth': True, 'xoth': False, 'isuid': False, 'isgid': False})
2023-06-07 10:20:41,056 p=80164 u=rob n=ansible | changed: [eveng -> localhost] => (item={'path': 'labs/Wireguard/central.conf', 'mode': '0644', 'isdir': False, 'ischr': False, 'isblk': False, 'isreg': True, 'isfifo': False, 'islnk': False, 'issock': False, 'uid': 501, 'gid': 20, 'size': 687, 'inode': 11035495, 'dev': 16777229, 'nlink': 1, 'atime': 1686123270.4820926, 'mtime': 1686123269.0258439, 'ctime': 1686123269.0258439, 'gr_name': 'staff', 'pw_name': 'rob', 'wusr': True, 'rusr': True, 'xusr': False, 'wgrp': False, 'rgrp': True, 'xgrp': False, 'woth': False, 'roth': True, 'xoth': False, 'isuid': False, 'isgid': False})
2023-06-07 10:20:41,062 p=80164 u=rob n=ansible | TASK [eve-ng-lab-test : Wireguard: find all *.config files in Lab] ********************************************************************************************
2023-06-07 10:20:41,085 p=80164 u=rob n=ansible | skipping: [vyos-oobm]
2023-06-07 10:20:41,087 p=80164 u=rob n=ansible | skipping: [central]
2023-06-07 10:20:41,093 p=80164 u=rob n=ansible | skipping: [branch]
2023-06-07 10:20:41,330 p=80164 u=rob n=ansible | ok: [eveng -> localhost]
2023-06-07 10:20:41,334 p=80164 u=rob n=ansible | TASK [eve-ng-lab-test : Wireguard: copy all *.config files] ***************************************************************************************************
2023-06-07 10:20:41,352 p=80164 u=rob n=ansible | skipping: [eveng]
2023-06-07 10:20:41,364 p=80164 u=rob n=ansible | skipping: [vyos-oobm]
2023-06-07 10:20:41,364 p=80164 u=rob n=ansible | skipping: [central]
2023-06-07 10:20:41,372 p=80164 u=rob n=ansible | skipping: [branch]
2023-06-07 10:20:41,377 p=80164 u=rob n=ansible | TASK [eve-ng-lab-test : Wireguard: find all *.png files in Lab] ***********************************************************************************************
2023-06-07 10:20:41,400 p=80164 u=rob n=ansible | skipping: [vyos-oobm]
2023-06-07 10:20:41,402 p=80164 u=rob n=ansible | skipping: [central]
2023-06-07 10:20:41,408 p=80164 u=rob n=ansible | skipping: [branch]
2023-06-07 10:20:41,643 p=80164 u=rob n=ansible | ok: [eveng -> localhost]
2023-06-07 10:20:41,649 p=80164 u=rob n=ansible | TASK [eve-ng-lab-test : Wireguard: copy all *.png files] ******************************************************************************************************
2023-06-07 10:20:41,674 p=80164 u=rob n=ansible | skipping: [vyos-oobm]
2023-06-07 10:20:41,676 p=80164 u=rob n=ansible | skipping: [central]
2023-06-07 10:20:41,681 p=80164 u=rob n=ansible | skipping: [branch]
2023-06-07 10:20:42,147 p=80164 u=rob n=ansible | ok: [eveng -> localhost] => (item={'path': 'labs/Wireguard/topology.png', 'mode': '0644', 'isdir': False, 'ischr': False, 'isblk': False, 'isreg': True, 'isfifo': False, 'islnk': False, 'issock': False, 'uid': 501, 'gid': 20, 'size': 158227, 'inode': 362576, 'dev': 16777229, 'nlink': 1, 'atime': 1676403697.132659, 'mtime': 1648155110.0, 'ctime': 1675368464.81138, 'gr_name': 'staff', 'pw_name': 'rob', 'wusr': True, 'rusr': True, 'xusr': False, 'wgrp': False, 'rgrp': True, 'xgrp': False, 'woth': False, 'roth': True, 'xoth': False, 'isuid': False, 'isgid': False})
2023-06-07 10:20:42,153 p=80164 u=rob n=ansible | TASK [eve-ng-lab-test : Wireguard: copy ansible log files] ****************************************************************************************************
2023-06-07 10:20:42,176 p=80164 u=rob n=ansible | skipping: [vyos-oobm]
2023-06-07 10:20:42,179 p=80164 u=rob n=ansible | skipping: [central]
2023-06-07 10:20:42,184 p=80164 u=rob n=ansible | skipping: [branch]
