2023-02-24 13:17:23,070 p=31720 u=rob n=ansible | PLAY [Automatic VyOS Lab test] **********************************************************************************************************************************
2023-02-24 13:17:23,112 p=31720 u=rob n=ansible | TASK [eve-ng-create-node : Wireguard: fail if node_template_iso is empty] ***************************************************************************************
2023-02-24 13:17:23,129 p=31720 u=rob n=ansible | skipping: [eveng]
2023-02-24 13:17:23,136 p=31720 u=rob n=ansible | skipping: [vyos-oobm]
2023-02-24 13:17:23,138 p=31720 u=rob n=ansible | skipping: [central]
2023-02-24 13:17:23,146 p=31720 u=rob n=ansible | skipping: [branch]
2023-02-24 13:17:23,149 p=31720 u=rob n=ansible | TASK [eve-ng-create-node : Wireguard: fail if node_template_version is empty] ***********************************************************************************
2023-02-24 13:17:23,163 p=31720 u=rob n=ansible | skipping: [eveng]
2023-02-24 13:17:23,170 p=31720 u=rob n=ansible | skipping: [vyos-oobm]
2023-02-24 13:17:23,172 p=31720 u=rob n=ansible | skipping: [central]
2023-02-24 13:17:23,178 p=31720 u=rob n=ansible | skipping: [branch]
2023-02-24 13:17:23,181 p=31720 u=rob n=ansible | TASK [eve-ng-create-node : Wireguard: install requirements] *****************************************************************************************************
2023-02-24 13:17:23,201 p=31720 u=rob n=ansible | skipping: [vyos-oobm]
2023-02-24 13:17:23,203 p=31720 u=rob n=ansible | skipping: [central]
2023-02-24 13:17:23,209 p=31720 u=rob n=ansible | skipping: [branch]
2023-02-24 13:17:24,616 p=31720 u=rob n=ansible | ok: [eveng]
2023-02-24 13:17:24,630 p=31720 u=rob n=ansible | TASK [eve-ng-create-node : Wireguard: Login to EVE-NG and get Cookie] *******************************************************************************************
2023-02-24 13:17:24,663 p=31720 u=rob n=ansible | skipping: [vyos-oobm]
2023-02-24 13:17:24,666 p=31720 u=rob n=ansible | skipping: [central]
2023-02-24 13:17:24,672 p=31720 u=rob n=ansible | skipping: [branch]
2023-02-24 13:17:25,312 p=31720 u=rob n=ansible | ok: [eveng]
2023-02-24 13:17:25,321 p=31720 u=rob n=ansible | TASK [eve-ng-create-node : Wireguard: get template facts] *******************************************************************************************************
2023-02-24 13:17:25,354 p=31720 u=rob n=ansible | skipping: [vyos-oobm]
2023-02-24 13:17:25,357 p=31720 u=rob n=ansible | skipping: [central]
2023-02-24 13:17:25,363 p=31720 u=rob n=ansible | skipping: [branch]
2023-02-24 13:17:25,774 p=31720 u=rob n=ansible | ok: [eveng]
2023-02-24 13:17:25,783 p=31720 u=rob n=ansible | TASK [eve-ng-create-node : Wireguard: Register path status] *****************************************************************************************************
2023-02-24 13:17:25,811 p=31720 u=rob n=ansible | skipping: [vyos-oobm]
2023-02-24 13:17:25,814 p=31720 u=rob n=ansible | skipping: [central]
2023-02-24 13:17:25,820 p=31720 u=rob n=ansible | skipping: [branch]
2023-02-24 13:17:26,012 p=31720 u=rob n=ansible | ok: [eveng]
2023-02-24 13:17:26,017 p=31720 u=rob n=ansible | TASK [eve-ng-create-node : Wireguard: create path] **************************************************************************************************************
2023-02-24 13:17:26,034 p=31720 u=rob n=ansible | skipping: [eveng]
2023-02-24 13:17:26,043 p=31720 u=rob n=ansible | skipping: [vyos-oobm]
2023-02-24 13:17:26,045 p=31720 u=rob n=ansible | skipping: [central]
2023-02-24 13:17:26,050 p=31720 u=rob n=ansible | skipping: [branch]
2023-02-24 13:17:26,053 p=31720 u=rob n=ansible | TASK [eve-ng-create-node : Wireguard: Upload iso to eve-ng] *****************************************************************************************************
2023-02-24 13:17:26,068 p=31720 u=rob n=ansible | skipping: [eveng]
2023-02-24 13:17:26,075 p=31720 u=rob n=ansible | skipping: [vyos-oobm]
2023-02-24 13:17:26,078 p=31720 u=rob n=ansible | skipping: [central]
2023-02-24 13:17:26,083 p=31720 u=rob n=ansible | skipping: [branch]
2023-02-24 13:17:26,086 p=31720 u=rob n=ansible | TASK [eve-ng-create-node : Wireguard: create virtioa.qcow2 file] ************************************************************************************************
2023-02-24 13:17:26,102 p=31720 u=rob n=ansible | skipping: [eveng]
2023-02-24 13:17:26,109 p=31720 u=rob n=ansible | skipping: [vyos-oobm]
2023-02-24 13:17:26,111 p=31720 u=rob n=ansible | skipping: [central]
2023-02-24 13:17:26,116 p=31720 u=rob n=ansible | skipping: [branch]
2023-02-24 13:17:26,119 p=31720 u=rob n=ansible | TASK [eve-ng-create-node : Wireguard: Login to EVE-NG and get Cookie] *******************************************************************************************
2023-02-24 13:17:26,135 p=31720 u=rob n=ansible | skipping: [eveng]
2023-02-24 13:17:26,143 p=31720 u=rob n=ansible | skipping: [vyos-oobm]
2023-02-24 13:17:26,145 p=31720 u=rob n=ansible | skipping: [central]
2023-02-24 13:17:26,150 p=31720 u=rob n=ansible | skipping: [branch]
2023-02-24 13:17:26,153 p=31720 u=rob n=ansible | TASK [eve-ng-create-node : Wireguard: create lab for node install] **********************************************************************************************
2023-02-24 13:17:26,169 p=31720 u=rob n=ansible | skipping: [eveng]
2023-02-24 13:17:26,176 p=31720 u=rob n=ansible | skipping: [vyos-oobm]
2023-02-24 13:17:26,179 p=31720 u=rob n=ansible | skipping: [central]
2023-02-24 13:17:26,184 p=31720 u=rob n=ansible | skipping: [branch]
2023-02-24 13:17:26,187 p=31720 u=rob n=ansible | TASK [eve-ng-create-node : Wireguard: open lab] *****************************************************************************************************************
2023-02-24 13:17:26,202 p=31720 u=rob n=ansible | skipping: [eveng]
2023-02-24 13:17:26,209 p=31720 u=rob n=ansible | skipping: [vyos-oobm]
2023-02-24 13:17:26,211 p=31720 u=rob n=ansible | skipping: [central]
2023-02-24 13:17:26,217 p=31720 u=rob n=ansible | skipping: [branch]
2023-02-24 13:17:26,220 p=31720 u=rob n=ansible | TASK [eve-ng-create-node : set_fact] ****************************************************************************************************************************
2023-02-24 13:17:26,236 p=31720 u=rob n=ansible | skipping: [eveng]
2023-02-24 13:17:26,243 p=31720 u=rob n=ansible | skipping: [vyos-oobm]
2023-02-24 13:17:26,245 p=31720 u=rob n=ansible | skipping: [central]
2023-02-24 13:17:26,250 p=31720 u=rob n=ansible | skipping: [branch]
2023-02-24 13:17:26,253 p=31720 u=rob n=ansible | TASK [eve-ng-create-node : Wireguard: add node to lab] **********************************************************************************************************
2023-02-24 13:17:26,268 p=31720 u=rob n=ansible | skipping: [eveng]
2023-02-24 13:17:26,275 p=31720 u=rob n=ansible | skipping: [vyos-oobm]
2023-02-24 13:17:26,278 p=31720 u=rob n=ansible | skipping: [central]
2023-02-24 13:17:26,282 p=31720 u=rob n=ansible | skipping: [branch]
2023-02-24 13:17:26,285 p=31720 u=rob n=ansible | TASK [eve-ng-create-node : Wireguard: start node] ***************************************************************************************************************
2023-02-24 13:17:26,306 p=31720 u=rob n=ansible | skipping: [eveng]
2023-02-24 13:17:26,307 p=31720 u=rob n=ansible | skipping: [vyos-oobm]
2023-02-24 13:17:26,309 p=31720 u=rob n=ansible | skipping: [central]
2023-02-24 13:17:26,313 p=31720 u=rob n=ansible | skipping: [branch]
2023-02-24 13:17:26,316 p=31720 u=rob n=ansible | TASK [eve-ng-create-node : debug] *******************************************************************************************************************************
2023-02-24 13:17:26,334 p=31720 u=rob n=ansible | skipping: [eveng]
2023-02-24 13:17:26,339 p=31720 u=rob n=ansible | skipping: [vyos-oobm]
2023-02-24 13:17:26,342 p=31720 u=rob n=ansible | skipping: [central]
2023-02-24 13:17:26,347 p=31720 u=rob n=ansible | skipping: [branch]
2023-02-24 13:17:26,350 p=31720 u=rob n=ansible | TASK [eve-ng-create-node : Wireguard: get node infos] ***********************************************************************************************************
2023-02-24 13:17:26,371 p=31720 u=rob n=ansible | skipping: [eveng]
2023-02-24 13:17:26,373 p=31720 u=rob n=ansible | skipping: [vyos-oobm]
2023-02-24 13:17:26,373 p=31720 u=rob n=ansible | skipping: [central]
2023-02-24 13:17:26,378 p=31720 u=rob n=ansible | skipping: [branch]
2023-02-24 13:17:26,381 p=31720 u=rob n=ansible | TASK [eve-ng-create-node : set_fact] ****************************************************************************************************************************
2023-02-24 13:17:26,402 p=31720 u=rob n=ansible | skipping: [eveng]
2023-02-24 13:17:26,402 p=31720 u=rob n=ansible | skipping: [vyos-oobm]
2023-02-24 13:17:26,404 p=31720 u=rob n=ansible | skipping: [central]
2023-02-24 13:17:26,408 p=31720 u=rob n=ansible | skipping: [branch]
2023-02-24 13:17:26,411 p=31720 u=rob n=ansible | TASK [eve-ng-create-node : Wireguard: copy file] ****************************************************************************************************************
2023-02-24 13:17:26,426 p=31720 u=rob n=ansible | skipping: [eveng]
2023-02-24 13:17:26,434 p=31720 u=rob n=ansible | skipping: [vyos-oobm]
2023-02-24 13:17:26,436 p=31720 u=rob n=ansible | skipping: [central]
2023-02-24 13:17:26,441 p=31720 u=rob n=ansible | skipping: [branch]
2023-02-24 13:17:26,444 p=31720 u=rob n=ansible | TASK [eve-ng-create-node : Wireguard: run expect script] ********************************************************************************************************
2023-02-24 13:17:26,459 p=31720 u=rob n=ansible | skipping: [eveng]
2023-02-24 13:17:26,466 p=31720 u=rob n=ansible | skipping: [vyos-oobm]
2023-02-24 13:17:26,468 p=31720 u=rob n=ansible | skipping: [central]
2023-02-24 13:17:26,473 p=31720 u=rob n=ansible | skipping: [branch]
2023-02-24 13:17:26,476 p=31720 u=rob n=ansible | TASK [eve-ng-create-node : Wireguard: Login to EVE-NG and get Cookie (due timeout)] *****************************************************************************
2023-02-24 13:17:26,497 p=31720 u=rob n=ansible | skipping: [eveng]
2023-02-24 13:17:26,497 p=31720 u=rob n=ansible | skipping: [vyos-oobm]
2023-02-24 13:17:26,499 p=31720 u=rob n=ansible | skipping: [central]
2023-02-24 13:17:26,503 p=31720 u=rob n=ansible | skipping: [branch]
2023-02-24 13:17:26,506 p=31720 u=rob n=ansible | TASK [eve-ng-create-node : Wireguard: stop node] ****************************************************************************************************************
2023-02-24 13:17:26,520 p=31720 u=rob n=ansible | skipping: [eveng]
2023-02-24 13:17:26,527 p=31720 u=rob n=ansible | skipping: [vyos-oobm]
2023-02-24 13:17:26,529 p=31720 u=rob n=ansible | skipping: [central]
2023-02-24 13:17:26,534 p=31720 u=rob n=ansible | skipping: [branch]
2023-02-24 13:17:26,538 p=31720 u=rob n=ansible | TASK [eve-ng-create-node : Wireguard: Pause to wait node is shutdown] *******************************************************************************************
2023-02-24 13:17:26,548 p=31720 u=rob n=ansible | skipping: [eveng]
2023-02-24 13:17:26,551 p=31720 u=rob n=ansible | TASK [eve-ng-create-node : Wireguard: delete iso] ***************************************************************************************************************
2023-02-24 13:17:26,566 p=31720 u=rob n=ansible | skipping: [eveng]
2023-02-24 13:17:26,574 p=31720 u=rob n=ansible | skipping: [vyos-oobm]
2023-02-24 13:17:26,576 p=31720 u=rob n=ansible | skipping: [central]
2023-02-24 13:17:26,580 p=31720 u=rob n=ansible | skipping: [branch]
2023-02-24 13:17:26,583 p=31720 u=rob n=ansible | TASK [eve-ng-create-node : Wireguard: commit virtioa.qcow2] *****************************************************************************************************
2023-02-24 13:17:26,606 p=31720 u=rob n=ansible | skipping: [eveng]
2023-02-24 13:17:26,607 p=31720 u=rob n=ansible | skipping: [vyos-oobm]
2023-02-24 13:17:26,607 p=31720 u=rob n=ansible | skipping: [central]
2023-02-24 13:17:26,613 p=31720 u=rob n=ansible | skipping: [branch]
2023-02-24 13:17:26,616 p=31720 u=rob n=ansible | TASK [eve-ng-create-node : Wireguard: delete lab for node install] **********************************************************************************************
2023-02-24 13:17:26,631 p=31720 u=rob n=ansible | skipping: [eveng]
2023-02-24 13:17:26,638 p=31720 u=rob n=ansible | skipping: [vyos-oobm]
2023-02-24 13:17:26,641 p=31720 u=rob n=ansible | skipping: [central]
2023-02-24 13:17:26,645 p=31720 u=rob n=ansible | skipping: [branch]
2023-02-24 13:17:26,654 p=31720 u=rob n=ansible | TASK [eve-ng-lab-test : Get env file content] *******************************************************************************************************************
2023-02-24 13:17:26,881 p=31720 u=rob n=ansible | ok: [vyos-oobm -> localhost]
2023-02-24 13:17:26,881 p=31720 u=rob n=ansible | ok: [central -> localhost]
2023-02-24 13:17:26,881 p=31720 u=rob n=ansible | ok: [eveng -> localhost]
2023-02-24 13:17:26,881 p=31720 u=rob n=ansible | ok: [branch -> localhost]
2023-02-24 13:17:26,884 p=31720 u=rob n=ansible | TASK [eve-ng-lab-test : Wireguard: Load facts] ******************************************************************************************************************
2023-02-24 13:17:26,906 p=31720 u=rob n=ansible | ok: [eveng]
2023-02-24 13:17:26,907 p=31720 u=rob n=ansible | ok: [vyos-oobm]
2023-02-24 13:17:27,875 p=31720 u=rob n=ansible | network_os is set to vyos
2023-02-24 13:17:27,876 p=31720 u=rob n=ansible | network_os is set to vyos
2023-02-24 13:17:27,877 p=31720 u=rob n=ansible | [WARNING]: ansible-pylibssh not installed, falling back to paramiko

2023-02-24 13:17:27,882 p=31720 u=rob n=ansible | [WARNING]: ansible-pylibssh not installed, falling back to paramiko

2023-02-24 13:17:27,887 p=31720 u=rob n=ansible | ok: [central]
2023-02-24 13:17:27,888 p=31720 u=rob n=ansible | ok: [branch]
2023-02-24 13:17:27,898 p=31720 u=rob n=ansible | TASK [eve-ng-lab-test : Wireguard: fail if node_template_version is empty] **************************************************************************************
2023-02-24 13:17:27,924 p=31720 u=rob n=ansible | skipping: [eveng]
2023-02-24 13:17:27,933 p=31720 u=rob n=ansible | skipping: [vyos-oobm]
2023-02-24 13:17:27,936 p=31720 u=rob n=ansible | skipping: [central]
2023-02-24 13:17:27,941 p=31720 u=rob n=ansible | skipping: [branch]
2023-02-24 13:17:27,946 p=31720 u=rob n=ansible | TASK [eve-ng-lab-test : Wireguard: Login to EVE-NG and get Cookie] **********************************************************************************************
2023-02-24 13:17:27,967 p=31720 u=rob n=ansible | skipping: [vyos-oobm]
2023-02-24 13:17:27,970 p=31720 u=rob n=ansible | skipping: [central]
2023-02-24 13:17:27,975 p=31720 u=rob n=ansible | skipping: [branch]
2023-02-24 13:17:28,536 p=31720 u=rob n=ansible | ok: [eveng]
2023-02-24 13:17:28,547 p=31720 u=rob n=ansible | TASK [eve-ng-lab-test : Wireguard: get running lab list] ********************************************************************************************************
2023-02-24 13:17:28,577 p=31720 u=rob n=ansible | skipping: [vyos-oobm]
2023-02-24 13:17:28,580 p=31720 u=rob n=ansible | skipping: [central]
2023-02-24 13:17:28,587 p=31720 u=rob n=ansible | skipping: [branch]
2023-02-24 13:17:28,987 p=31720 u=rob n=ansible | ok: [eveng]
2023-02-24 13:17:28,996 p=31720 u=rob n=ansible | TASK [eve-ng-lab-test : Wireguard: kill running lab] ************************************************************************************************************
2023-02-24 13:17:29,019 p=31720 u=rob n=ansible | [WARNING]: conditional statements should not include jinja2 templating delimiters such as {{ }} or {% %}. Found: item.labname == "{{ eve_ng_folder_name }}/{{
lab }}"

2023-02-24 13:17:29,027 p=31720 u=rob n=ansible | skipping: [vyos-oobm]
2023-02-24 13:17:29,030 p=31720 u=rob n=ansible | skipping: [eveng] => (item={'podid': '0', 'username': 'admin', 'online': '1', 'uuid': '588b9164-a3b7-4522-8058-0f6ff6286564', 'size': 0.218, 'sat': '0', 'sat_name': 'master', 'labid': 1001, 'labname': '/Common\n', 'cpu': 0, 'mem': 0}) 
2023-02-24 13:17:29,031 p=31720 u=rob n=ansible | skipping: [eveng] => (item={'podid': '1', 'username': 'ansible', 'online': '1', 'uuid': 'db483be8-f167-496c-ae7b-0e3bfb613b8c', 'size': 0.1289, 'sat': '0', 'sat_name': 'master', 'labid': 1002, 'labname': '/labtest/tunnelbroker\n', 'cpu': 0, 'mem': 0}) 
2023-02-24 13:17:29,034 p=31720 u=rob n=ansible | skipping: [eveng]
2023-02-24 13:17:29,034 p=31720 u=rob n=ansible | skipping: [central]
2023-02-24 13:17:29,036 p=31720 u=rob n=ansible | skipping: [branch]
2023-02-24 13:17:29,040 p=31720 u=rob n=ansible | TASK [eve-ng-lab-test : Wireguard: delete existing lab] *********************************************************************************************************
2023-02-24 13:17:29,060 p=31720 u=rob n=ansible | skipping: [vyos-oobm]
2023-02-24 13:17:29,062 p=31720 u=rob n=ansible | skipping: [central]
2023-02-24 13:17:29,069 p=31720 u=rob n=ansible | skipping: [branch]
2023-02-24 13:17:29,570 p=31720 u=rob n=ansible | ok: [eveng]
2023-02-24 13:17:29,580 p=31720 u=rob n=ansible | TASK [eve-ng-lab-test : Wireguard: Ensure labtest is present] ***************************************************************************************************
2023-02-24 13:17:29,612 p=31720 u=rob n=ansible | skipping: [vyos-oobm]
2023-02-24 13:17:29,615 p=31720 u=rob n=ansible | skipping: [central]
2023-02-24 13:17:29,621 p=31720 u=rob n=ansible | skipping: [branch]
2023-02-24 13:17:29,815 p=31720 u=rob n=ansible | ok: [eveng]
2023-02-24 13:17:29,820 p=31720 u=rob n=ansible | TASK [eve-ng-lab-test : Wireguard: Create Wireguard Lab] ********************************************************************************************************
2023-02-24 13:17:29,844 p=31720 u=rob n=ansible | skipping: [vyos-oobm]
2023-02-24 13:17:29,846 p=31720 u=rob n=ansible | skipping: [central]
2023-02-24 13:17:29,853 p=31720 u=rob n=ansible | skipping: [branch]
2023-02-24 13:17:30,334 p=31720 u=rob n=ansible | changed: [eveng]
2023-02-24 13:17:30,340 p=31720 u=rob n=ansible | TASK [eve-ng-lab-test : Wireguard: Login to EVE-NG and get Cookie] **********************************************************************************************
2023-02-24 13:17:30,364 p=31720 u=rob n=ansible | skipping: [vyos-oobm]
2023-02-24 13:17:30,365 p=31720 u=rob n=ansible | skipping: [central]
2023-02-24 13:17:30,369 p=31720 u=rob n=ansible | skipping: [branch]
2023-02-24 13:17:30,995 p=31720 u=rob n=ansible | ok: [eveng]
2023-02-24 13:17:31,005 p=31720 u=rob n=ansible | TASK [eve-ng-lab-test : Wireguard: start vyos-oobm] *************************************************************************************************************
2023-02-24 13:17:31,037 p=31720 u=rob n=ansible | skipping: [vyos-oobm]
2023-02-24 13:17:31,040 p=31720 u=rob n=ansible | skipping: [central]
2023-02-24 13:17:31,046 p=31720 u=rob n=ansible | skipping: [branch]
2023-02-24 13:17:31,914 p=31720 u=rob n=ansible | ok: [eveng]
2023-02-24 13:17:31,922 p=31720 u=rob n=ansible | TASK [eve-ng-lab-test : Wireguard: Wait for vyos-oobm] **********************************************************************************************************
2023-02-24 13:17:31,949 p=31720 u=rob n=ansible | skipping: [eveng]
2023-02-24 13:17:31,960 p=31720 u=rob n=ansible | skipping: [central]
2023-02-24 13:17:31,965 p=31720 u=rob n=ansible | skipping: [branch]
2023-02-24 13:18:35,773 p=31720 u=rob n=ansible | ok: [vyos-oobm]
2023-02-24 13:18:35,784 p=31720 u=rob n=ansible | TASK [eve-ng-lab-test : Wireguard: Login to EVE-NG and get Cookie] **********************************************************************************************
2023-02-24 13:18:35,817 p=31720 u=rob n=ansible | skipping: [vyos-oobm]
2023-02-24 13:18:35,822 p=31720 u=rob n=ansible | skipping: [central]
2023-02-24 13:18:35,829 p=31720 u=rob n=ansible | skipping: [branch]
2023-02-24 13:18:36,826 p=31720 u=rob n=ansible | ok: [eveng]
2023-02-24 13:18:36,833 p=31720 u=rob n=ansible | TASK [eve-ng-lab-test : Wireguard: get lab status] **************************************************************************************************************
2023-02-24 13:18:36,865 p=31720 u=rob n=ansible | skipping: [vyos-oobm]
2023-02-24 13:18:36,868 p=31720 u=rob n=ansible | skipping: [central]
2023-02-24 13:18:36,876 p=31720 u=rob n=ansible | skipping: [branch]
2023-02-24 13:18:37,354 p=31720 u=rob n=ansible | ok: [eveng]
2023-02-24 13:18:37,363 p=31720 u=rob n=ansible | TASK [eve-ng-lab-test : Wireguard: start all nodes] *************************************************************************************************************
2023-02-24 13:18:37,394 p=31720 u=rob n=ansible | skipping: [vyos-oobm]
2023-02-24 13:18:37,397 p=31720 u=rob n=ansible | skipping: [central]
2023-02-24 13:18:37,405 p=31720 u=rob n=ansible | skipping: [branch]
2023-02-24 13:18:37,780 p=31720 u=rob n=ansible | ok: [eveng] => (item=1)
2023-02-24 13:18:38,663 p=31720 u=rob n=ansible | ok: [eveng] => (item=4)
2023-02-24 13:18:39,714 p=31720 u=rob n=ansible | ok: [eveng] => (item=6)
2023-02-24 13:18:40,539 p=31720 u=rob n=ansible | ok: [eveng] => (item=2)
2023-02-24 13:18:41,439 p=31720 u=rob n=ansible | ok: [eveng] => (item=3)
2023-02-24 13:18:41,450 p=31720 u=rob n=ansible | TASK [eve-ng-lab-test : Wireguard: Wait for vyos nodes] *********************************************************************************************************
2023-02-24 13:18:41,475 p=31720 u=rob n=ansible | skipping: [eveng]
2023-02-24 13:18:41,484 p=31720 u=rob n=ansible | skipping: [vyos-oobm]
2023-02-24 13:18:42,451 p=31720 u=rob n=ansible | [DEPRECATION WARNING]: PlayContext.verbosity is deprecated, use ansible.utils.display.Display.verbosity instead. This feature will be removed in version 2.18. 
Deprecation warnings can be disabled by setting deprecation_warnings=False in ansible.cfg.
2023-02-24 13:18:42,452 p=31720 u=rob n=ansible | [DEPRECATION WARNING]: PlayContext.verbosity is deprecated, use ansible.utils.display.Display.verbosity instead. This feature will be removed in version 2.18. 
Deprecation warnings can be disabled by setting deprecation_warnings=False in ansible.cfg.
2023-02-24 13:19:12,471 p=32151 u=rob n=p=32151 u=rob | paramiko [central] | Exception (client): Error reading SSH protocol banner
2023-02-24 13:19:12,474 p=32151 u=rob n=p=32151 u=rob | paramiko [central] | Traceback (most recent call last):
2023-02-24 13:19:12,474 p=32151 u=rob n=p=32151 u=rob | paramiko [central] |   File "/Users/rob/.local/share/virtualenvs/vyos-eveng-b9X2mBdh/lib/python3.9/site-packages/paramiko/transport.py", line 2268, in _check_banner
2023-02-24 13:19:12,474 p=32151 u=rob n=p=32151 u=rob | paramiko [central] |     buf = self.packetizer.readline(timeout)
2023-02-24 13:19:12,474 p=32151 u=rob n=p=32151 u=rob | paramiko [central] |   File "/Users/rob/.local/share/virtualenvs/vyos-eveng-b9X2mBdh/lib/python3.9/site-packages/paramiko/packet.py", line 374, in readline
2023-02-24 13:19:12,475 p=32151 u=rob n=p=32151 u=rob | paramiko [central] |     buf += self._read_timeout(timeout)
2023-02-24 13:19:12,475 p=32151 u=rob n=p=32151 u=rob | paramiko [central] |   File "/Users/rob/.local/share/virtualenvs/vyos-eveng-b9X2mBdh/lib/python3.9/site-packages/paramiko/packet.py", line 611, in _read_timeout
2023-02-24 13:19:12,475 p=32151 u=rob n=p=32151 u=rob | paramiko [central] |     raise socket.timeout()
2023-02-24 13:19:12,475 p=32151 u=rob n=p=32151 u=rob | paramiko [central] | socket.timeout
2023-02-24 13:19:12,475 p=32151 u=rob n=p=32151 u=rob | paramiko [central] | 
2023-02-24 13:19:12,475 p=32151 u=rob n=p=32151 u=rob | paramiko [central] | During handling of the above exception, another exception occurred:
2023-02-24 13:19:12,476 p=32151 u=rob n=p=32151 u=rob | paramiko [central] | 
2023-02-24 13:19:12,476 p=32151 u=rob n=p=32151 u=rob | paramiko [central] | Traceback (most recent call last):
2023-02-24 13:19:12,476 p=32151 u=rob n=p=32151 u=rob | paramiko [central] |   File "/Users/rob/.local/share/virtualenvs/vyos-eveng-b9X2mBdh/lib/python3.9/site-packages/paramiko/transport.py", line 2091, in run
2023-02-24 13:19:12,476 p=32151 u=rob n=p=32151 u=rob | paramiko [central] |     self._check_banner()
2023-02-24 13:19:12,476 p=32151 u=rob n=p=32151 u=rob | paramiko [central] |   File "/Users/rob/.local/share/virtualenvs/vyos-eveng-b9X2mBdh/lib/python3.9/site-packages/paramiko/transport.py", line 2272, in _check_banner
2023-02-24 13:19:12,476 p=32151 u=rob n=p=32151 u=rob | paramiko [central] |     raise SSHException(
2023-02-24 13:19:12,476 p=32151 u=rob n=p=32151 u=rob | paramiko [central] | paramiko.ssh_exception.SSHException: Error reading SSH protocol banner
2023-02-24 13:19:12,477 p=32151 u=rob n=p=32151 u=rob | paramiko [central] | 
2023-02-24 13:19:12,486 p=32152 u=rob n=p=32152 u=rob | paramiko [branch] | Exception (client): Error reading SSH protocol banner
2023-02-24 13:19:12,489 p=32152 u=rob n=p=32152 u=rob | paramiko [branch] | Traceback (most recent call last):
2023-02-24 13:19:12,489 p=32152 u=rob n=p=32152 u=rob | paramiko [branch] |   File "/Users/rob/.local/share/virtualenvs/vyos-eveng-b9X2mBdh/lib/python3.9/site-packages/paramiko/transport.py", line 2268, in _check_banner
2023-02-24 13:19:12,489 p=32152 u=rob n=p=32152 u=rob | paramiko [branch] |     buf = self.packetizer.readline(timeout)
2023-02-24 13:19:12,489 p=32152 u=rob n=p=32152 u=rob | paramiko [branch] |   File "/Users/rob/.local/share/virtualenvs/vyos-eveng-b9X2mBdh/lib/python3.9/site-packages/paramiko/packet.py", line 374, in readline
2023-02-24 13:19:12,490 p=32152 u=rob n=p=32152 u=rob | paramiko [branch] |     buf += self._read_timeout(timeout)
2023-02-24 13:19:12,490 p=32152 u=rob n=p=32152 u=rob | paramiko [branch] |   File "/Users/rob/.local/share/virtualenvs/vyos-eveng-b9X2mBdh/lib/python3.9/site-packages/paramiko/packet.py", line 611, in _read_timeout
2023-02-24 13:19:12,490 p=32152 u=rob n=p=32152 u=rob | paramiko [branch] |     raise socket.timeout()
2023-02-24 13:19:12,490 p=32152 u=rob n=p=32152 u=rob | paramiko [branch] | socket.timeout
2023-02-24 13:19:12,490 p=32152 u=rob n=p=32152 u=rob | paramiko [branch] | 
2023-02-24 13:19:12,490 p=32152 u=rob n=p=32152 u=rob | paramiko [branch] | During handling of the above exception, another exception occurred:
2023-02-24 13:19:12,490 p=32152 u=rob n=p=32152 u=rob | paramiko [branch] | 
2023-02-24 13:19:12,491 p=32152 u=rob n=p=32152 u=rob | paramiko [branch] | Traceback (most recent call last):
2023-02-24 13:19:12,491 p=32152 u=rob n=p=32152 u=rob | paramiko [branch] |   File "/Users/rob/.local/share/virtualenvs/vyos-eveng-b9X2mBdh/lib/python3.9/site-packages/paramiko/transport.py", line 2091, in run
2023-02-24 13:19:12,491 p=32152 u=rob n=p=32152 u=rob | paramiko [branch] |     self._check_banner()
2023-02-24 13:19:12,491 p=32152 u=rob n=p=32152 u=rob | paramiko [branch] |   File "/Users/rob/.local/share/virtualenvs/vyos-eveng-b9X2mBdh/lib/python3.9/site-packages/paramiko/transport.py", line 2272, in _check_banner
2023-02-24 13:19:12,491 p=32152 u=rob n=p=32152 u=rob | paramiko [branch] |     raise SSHException(
2023-02-24 13:19:12,491 p=32152 u=rob n=p=32152 u=rob | paramiko [branch] | paramiko.ssh_exception.SSHException: Error reading SSH protocol banner
2023-02-24 13:19:12,491 p=32152 u=rob n=p=32152 u=rob | paramiko [branch] | 
2023-02-24 13:19:43,512 p=32151 u=rob n=p=32151 u=rob | paramiko [central] | Exception (client): Error reading SSH protocol banner
2023-02-24 13:19:43,514 p=32151 u=rob n=p=32151 u=rob | paramiko [central] | Traceback (most recent call last):
2023-02-24 13:19:43,514 p=32151 u=rob n=p=32151 u=rob | paramiko [central] |   File "/Users/rob/.local/share/virtualenvs/vyos-eveng-b9X2mBdh/lib/python3.9/site-packages/paramiko/transport.py", line 2268, in _check_banner
2023-02-24 13:19:43,514 p=32151 u=rob n=p=32151 u=rob | paramiko [central] |     buf = self.packetizer.readline(timeout)
2023-02-24 13:19:43,514 p=32151 u=rob n=p=32151 u=rob | paramiko [central] |   File "/Users/rob/.local/share/virtualenvs/vyos-eveng-b9X2mBdh/lib/python3.9/site-packages/paramiko/packet.py", line 374, in readline
2023-02-24 13:19:43,514 p=32151 u=rob n=p=32151 u=rob | paramiko [central] |     buf += self._read_timeout(timeout)
2023-02-24 13:19:43,515 p=32151 u=rob n=p=32151 u=rob | paramiko [central] |   File "/Users/rob/.local/share/virtualenvs/vyos-eveng-b9X2mBdh/lib/python3.9/site-packages/paramiko/packet.py", line 611, in _read_timeout
2023-02-24 13:19:43,515 p=32151 u=rob n=p=32151 u=rob | paramiko [central] |     raise socket.timeout()
2023-02-24 13:19:43,515 p=32151 u=rob n=p=32151 u=rob | paramiko [central] | socket.timeout
2023-02-24 13:19:43,515 p=32151 u=rob n=p=32151 u=rob | paramiko [central] | 
2023-02-24 13:19:43,515 p=32151 u=rob n=p=32151 u=rob | paramiko [central] | During handling of the above exception, another exception occurred:
2023-02-24 13:19:43,515 p=32151 u=rob n=p=32151 u=rob | paramiko [central] | 
2023-02-24 13:19:43,515 p=32151 u=rob n=p=32151 u=rob | paramiko [central] | Traceback (most recent call last):
2023-02-24 13:19:43,516 p=32151 u=rob n=p=32151 u=rob | paramiko [central] |   File "/Users/rob/.local/share/virtualenvs/vyos-eveng-b9X2mBdh/lib/python3.9/site-packages/paramiko/transport.py", line 2091, in run
2023-02-24 13:19:43,516 p=32151 u=rob n=p=32151 u=rob | paramiko [central] |     self._check_banner()
2023-02-24 13:19:43,516 p=32151 u=rob n=p=32151 u=rob | paramiko [central] |   File "/Users/rob/.local/share/virtualenvs/vyos-eveng-b9X2mBdh/lib/python3.9/site-packages/paramiko/transport.py", line 2272, in _check_banner
2023-02-24 13:19:43,516 p=32151 u=rob n=p=32151 u=rob | paramiko [central] |     raise SSHException(
2023-02-24 13:19:43,516 p=32151 u=rob n=p=32151 u=rob | paramiko [central] | paramiko.ssh_exception.SSHException: Error reading SSH protocol banner
2023-02-24 13:19:43,516 p=32151 u=rob n=p=32151 u=rob | paramiko [central] | 
2023-02-24 13:19:43,539 p=32152 u=rob n=p=32152 u=rob | paramiko [branch] | Exception (client): Error reading SSH protocol banner
2023-02-24 13:19:43,539 p=32152 u=rob n=p=32152 u=rob | paramiko [branch] | Traceback (most recent call last):
2023-02-24 13:19:43,540 p=32152 u=rob n=p=32152 u=rob | paramiko [branch] |   File "/Users/rob/.local/share/virtualenvs/vyos-eveng-b9X2mBdh/lib/python3.9/site-packages/paramiko/transport.py", line 2268, in _check_banner
2023-02-24 13:19:43,540 p=32152 u=rob n=p=32152 u=rob | paramiko [branch] |     buf = self.packetizer.readline(timeout)
2023-02-24 13:19:43,540 p=32152 u=rob n=p=32152 u=rob | paramiko [branch] |   File "/Users/rob/.local/share/virtualenvs/vyos-eveng-b9X2mBdh/lib/python3.9/site-packages/paramiko/packet.py", line 374, in readline
2023-02-24 13:19:43,540 p=32152 u=rob n=p=32152 u=rob | paramiko [branch] |     buf += self._read_timeout(timeout)
2023-02-24 13:19:43,540 p=32152 u=rob n=p=32152 u=rob | paramiko [branch] |   File "/Users/rob/.local/share/virtualenvs/vyos-eveng-b9X2mBdh/lib/python3.9/site-packages/paramiko/packet.py", line 611, in _read_timeout
2023-02-24 13:19:43,540 p=32152 u=rob n=p=32152 u=rob | paramiko [branch] |     raise socket.timeout()
2023-02-24 13:19:43,540 p=32152 u=rob n=p=32152 u=rob | paramiko [branch] | socket.timeout
2023-02-24 13:19:43,541 p=32152 u=rob n=p=32152 u=rob | paramiko [branch] | 
2023-02-24 13:19:43,541 p=32152 u=rob n=p=32152 u=rob | paramiko [branch] | During handling of the above exception, another exception occurred:
2023-02-24 13:19:43,541 p=32152 u=rob n=p=32152 u=rob | paramiko [branch] | 
2023-02-24 13:19:43,541 p=32152 u=rob n=p=32152 u=rob | paramiko [branch] | Traceback (most recent call last):
2023-02-24 13:19:43,541 p=32152 u=rob n=p=32152 u=rob | paramiko [branch] |   File "/Users/rob/.local/share/virtualenvs/vyos-eveng-b9X2mBdh/lib/python3.9/site-packages/paramiko/transport.py", line 2091, in run
2023-02-24 13:19:43,541 p=32152 u=rob n=p=32152 u=rob | paramiko [branch] |     self._check_banner()
2023-02-24 13:19:43,541 p=32152 u=rob n=p=32152 u=rob | paramiko [branch] |   File "/Users/rob/.local/share/virtualenvs/vyos-eveng-b9X2mBdh/lib/python3.9/site-packages/paramiko/transport.py", line 2272, in _check_banner
2023-02-24 13:19:43,542 p=32152 u=rob n=p=32152 u=rob | paramiko [branch] |     raise SSHException(
2023-02-24 13:19:43,542 p=32152 u=rob n=p=32152 u=rob | paramiko [branch] | paramiko.ssh_exception.SSHException: Error reading SSH protocol banner
2023-02-24 13:19:43,542 p=32152 u=rob n=p=32152 u=rob | paramiko [branch] | 
2023-02-24 13:19:45,217 p=32152 u=rob n=p=32152 u=rob | paramiko [branch] | Connected (version 2.0, client OpenSSH_8.4p1)
2023-02-24 13:19:45,225 p=32151 u=rob n=p=32151 u=rob | paramiko [central] | Connected (version 2.0, client OpenSSH_8.4p1)
2023-02-24 13:19:45,472 p=32152 u=rob n=p=32152 u=rob | paramiko [branch] | Authentication (publickey) successful!
2023-02-24 13:19:45,495 p=32151 u=rob n=p=32151 u=rob | paramiko [central] | Authentication (publickey) successful!
2023-02-24 13:19:46,610 p=31720 u=rob n=ansible | ok: [branch]
2023-02-24 13:19:46,660 p=31720 u=rob n=ansible | ok: [central]
2023-02-24 13:19:46,663 p=31720 u=rob n=ansible | TASK [eve-ng-lab-test : generate pki wireguard key-pair] ********************************************************************************************************
2023-02-24 13:19:46,677 p=31720 u=rob n=ansible | skipping: [eveng]
2023-02-24 13:19:46,685 p=31720 u=rob n=ansible | skipping: [vyos-oobm]
2023-02-24 13:19:47,642 p=31942 u=rob n=ansible | [DEPRECATION WARNING]: PlayContext.verbosity is deprecated, use 
ansible.utils.display.Display.verbosity instead. This feature will be removed 
in version 2.18. Deprecation warnings can be disabled by setting 
deprecation_warnings=False in ansible.cfg.
2023-02-24 13:19:47,642 p=31941 u=rob n=ansible | [DEPRECATION WARNING]: PlayContext.verbosity is deprecated, use 
ansible.utils.display.Display.verbosity instead. This feature will be removed 
in version 2.18. Deprecation warnings can be disabled by setting 
deprecation_warnings=False in ansible.cfg.
2023-02-24 13:19:48,264 p=31941 u=rob n=p=31941 u=rob | paramiko [branch] | Connected (version 2.0, client OpenSSH_8.4p1)
2023-02-24 13:19:48,270 p=31942 u=rob n=p=31942 u=rob | paramiko [central] | Connected (version 2.0, client OpenSSH_8.4p1)
2023-02-24 13:19:48,522 p=31941 u=rob n=p=31941 u=rob | paramiko [branch] | Authentication (publickey) successful!
2023-02-24 13:19:48,525 p=31942 u=rob n=p=31942 u=rob | paramiko [central] | Authentication (publickey) successful!
2023-02-24 13:19:50,548 p=31720 u=rob n=ansible | ok: [branch]
2023-02-24 13:19:50,568 p=31720 u=rob n=ansible | ok: [central]
2023-02-24 13:19:50,577 p=31720 u=rob n=ansible | TASK [eve-ng-lab-test : set pub and private key] ****************************************************************************************************************
2023-02-24 13:19:50,614 p=31720 u=rob n=ansible | skipping: [eveng]
2023-02-24 13:19:50,615 p=31720 u=rob n=ansible | skipping: [vyos-oobm]
2023-02-24 13:19:51,559 p=31720 u=rob n=ansible | ok: [central]
2023-02-24 13:19:51,560 p=31720 u=rob n=ansible | ok: [branch]
2023-02-24 13:19:51,568 p=31720 u=rob n=ansible | TASK [eve-ng-lab-test : setup nodes] ****************************************************************************************************************************
2023-02-24 13:19:51,595 p=31720 u=rob n=ansible | skipping: [eveng]
2023-02-24 13:19:51,604 p=31720 u=rob n=ansible | skipping: [vyos-oobm]
2023-02-24 13:20:01,024 p=31720 u=rob n=ansible | [WARNING]: To ensure idempotency and correct diff the input configuration lines should be similar to how they appear if present in the running configuration on
device including the indentation

2023-02-24 13:20:01,024 p=31720 u=rob n=ansible | changed: [branch]
2023-02-24 13:20:01,056 p=31720 u=rob n=ansible | changed: [central]
2023-02-24 13:20:01,065 p=31720 u=rob n=ansible | TASK [eve-ng-lab-test : Wireguard: Login to EVE-NG and get Cookie] **********************************************************************************************
2023-02-24 13:20:01,100 p=31720 u=rob n=ansible | skipping: [vyos-oobm]
2023-02-24 13:20:01,102 p=31720 u=rob n=ansible | skipping: [central]
2023-02-24 13:20:01,110 p=31720 u=rob n=ansible | skipping: [branch]
2023-02-24 13:20:02,347 p=31720 u=rob n=ansible | ok: [eveng]
2023-02-24 13:20:02,358 p=31720 u=rob n=ansible | TASK [eve-ng-lab-test : Wireguard: stop nodes id] ***************************************************************************************************************
2023-02-24 13:20:02,389 p=31720 u=rob n=ansible | skipping: [eveng]
2023-02-24 13:20:02,394 p=31720 u=rob n=ansible | skipping: [vyos-oobm]
2023-02-24 13:20:02,400 p=31720 u=rob n=ansible | skipping: [central]
2023-02-24 13:20:02,405 p=31720 u=rob n=ansible | skipping: [branch]
2023-02-24 13:20:02,409 p=31720 u=rob n=ansible | TASK [eve-ng-lab-test : Wireguard: wait after stop] *************************************************************************************************************
2023-02-24 13:20:02,422 p=31720 u=rob n=ansible | Pausing for 5 seconds
2023-02-24 13:20:02,422 p=31720 u=rob n=ansible | (ctrl+C then 'C' = continue early, ctrl+C then 'A' = abort)
2023-02-24 13:20:07,441 p=31720 u=rob n=ansible | ok: [eveng]
2023-02-24 13:20:07,450 p=31720 u=rob n=ansible | TASK [eve-ng-lab-test : Wireguard: start nodes id] **************************************************************************************************************
2023-02-24 13:20:07,490 p=31720 u=rob n=ansible | skipping: [eveng]
2023-02-24 13:20:07,494 p=31720 u=rob n=ansible | skipping: [vyos-oobm]
2023-02-24 13:20:07,501 p=31720 u=rob n=ansible | skipping: [central]
2023-02-24 13:20:07,507 p=31720 u=rob n=ansible | skipping: [branch]
2023-02-24 13:20:07,511 p=31720 u=rob n=ansible | TASK [eve-ng-lab-test : Wireguard: wait after start] ************************************************************************************************************
2023-02-24 13:20:07,524 p=31720 u=rob n=ansible | Pausing for 5 seconds
2023-02-24 13:20:07,525 p=31720 u=rob n=ansible | (ctrl+C then 'C' = continue early, ctrl+C then 'A' = abort)
2023-02-24 13:20:12,542 p=31720 u=rob n=ansible | ok: [eveng]
2023-02-24 13:20:12,555 p=31720 u=rob n=ansible | TASK [eve-ng-lab-test : Wireguard: wait, b/c the ping often failed without a short break] ***********************************************************************
2023-02-24 13:20:12,577 p=31720 u=rob n=ansible | Pausing for 30 seconds
2023-02-24 13:20:12,578 p=31720 u=rob n=ansible | (ctrl+C then 'C' = continue early, ctrl+C then 'A' = abort)
2023-02-24 13:20:42,595 p=31720 u=rob n=ansible | ok: [eveng]
2023-02-24 13:20:42,610 p=31720 u=rob n=ansible | TASK [eve-ng-lab-test : Wireguard: do ping test] ****************************************************************************************************************
2023-02-24 13:20:42,647 p=31720 u=rob n=ansible | skipping: [eveng]
2023-02-24 13:20:42,650 p=31720 u=rob n=ansible | skipping: [vyos-oobm]
2023-02-24 13:20:49,417 p=31720 u=rob n=ansible | ok: [central] => (item=10.0.2.100)
2023-02-24 13:20:49,428 p=31720 u=rob n=ansible | ok: [branch] => (item=10.0.1.100)
2023-02-24 13:20:49,437 p=31720 u=rob n=ansible | TASK [eve-ng-lab-test : Wireguard: execute test commands] *******************************************************************************************************
2023-02-24 13:20:49,467 p=31720 u=rob n=ansible | skipping: [eveng]
2023-02-24 13:20:49,468 p=31720 u=rob n=ansible | skipping: [vyos-oobm]
2023-02-24 13:20:50,573 p=31720 u=rob n=ansible | ok: [central] => (item={'desc': 'Test if IP is set to interface', 'command': "ip -4 addr show dev eth2 | grep inet | tr -s ' ' | cut -d' ' -f3 | head -n 1", 'wait_for': ['result[0] contains "10.0.1.254/24"']})
2023-02-24 13:20:50,802 p=31720 u=rob n=ansible | ok: [branch] => (item={'desc': 'show interfaces wireguard', 'command': 'show interfaces wireguard', 'wait_for': ['result[0] contains "S - State, L - Link, u - Up, D - Down, A - Admin Down"', 'result[0] contains "Interface        IP Address                        S/L  Description"', 'result[0] contains "---------        ----------                        ---  -----------"', 'result[0] contains "wg01             192.168.0.2/24                    u/u  VPN-to-central"']})
2023-02-24 13:20:51,897 p=31720 u=rob n=ansible | ok: [central] => (item={'desc': 'show interfaces wireguard', 'command': 'show interfaces wireguard', 'wait_for': ['result[0] contains "S - State, L - Link, u - Up, D - Down, A - Admin Down"', 'result[0] contains "Interface        IP Address                        S/L  Description"', 'result[0] contains "---------        ----------                        ---  -----------"', 'result[0] contains "wg01             192.168.0.1/24                    u/u  VPN-to-Branch"']})
2023-02-24 13:20:51,912 p=31720 u=rob n=ansible | TASK [eve-ng-lab-test : Wireguard: register stdout commands] ****************************************************************************************************
2023-02-24 13:20:51,945 p=31720 u=rob n=ansible | skipping: [eveng]
2023-02-24 13:20:51,948 p=31720 u=rob n=ansible | skipping: [vyos-oobm]
2023-02-24 13:20:53,349 p=31720 u=rob n=ansible | ok: [branch] => (item={'name': 'show_interfaces_wireguard', 'command': 'show interfaces wireguard'})
2023-02-24 13:20:53,355 p=31720 u=rob n=ansible | ok: [central] => (item={'name': 'show_interfaces_wireguard', 'command': 'show interfaces wireguard'})
2023-02-24 13:20:57,618 p=31720 u=rob n=ansible | ok: [central] => (item={'name': 'ping_branch_pc', 'command': 'ping 10.0.2.100 count 4'})
2023-02-24 13:20:57,627 p=31720 u=rob n=ansible | TASK [eve-ng-lab-test : Wireguard: Set variables] ***************************************************************************************************************
2023-02-24 13:20:57,660 p=31720 u=rob n=ansible | skipping: [eveng]
2023-02-24 13:20:57,662 p=31720 u=rob n=ansible | skipping: [vyos-oobm]
2023-02-24 13:20:58,631 p=31720 u=rob n=ansible | ok: [branch]
2023-02-24 13:20:58,631 p=31720 u=rob n=ansible | ok: [central]
2023-02-24 13:20:58,641 p=31720 u=rob n=ansible | TASK [eve-ng-lab-test : Wireguard: Reboot vyos] *****************************************************************************************************************
2023-02-24 13:20:58,673 p=31720 u=rob n=ansible | skipping: [eveng]
2023-02-24 13:20:58,673 p=31720 u=rob n=ansible | skipping: [vyos-oobm]
2023-02-24 13:20:59,936 p=31720 u=rob n=ansible | ok: [branch]
2023-02-24 13:20:59,937 p=31720 u=rob n=ansible | ok: [central]
2023-02-24 13:20:59,948 p=31720 u=rob n=ansible | TASK [eve-ng-lab-test : Wireguard: wait while shutdown] *********************************************************************************************************
2023-02-24 13:20:59,974 p=31720 u=rob n=ansible | skipping: [eveng]
2023-02-24 13:20:59,978 p=31720 u=rob n=ansible | TASK [eve-ng-lab-test : Wireguard: Wait for vyos nodes] *********************************************************************************************************
2023-02-24 13:21:00,003 p=31720 u=rob n=ansible | skipping: [eveng]
2023-02-24 13:21:00,003 p=31720 u=rob n=ansible | skipping: [vyos-oobm]
2023-02-24 13:21:00,964 p=31720 u=rob n=ansible | [DEPRECATION WARNING]: PlayContext.verbosity is deprecated, use ansible.utils.display.Display.verbosity instead. This feature will be removed in version 2.18. 
Deprecation warnings can be disabled by setting deprecation_warnings=False in ansible.cfg.
2023-02-24 13:21:00,965 p=31720 u=rob n=ansible | [DEPRECATION WARNING]: PlayContext.verbosity is deprecated, use ansible.utils.display.Display.verbosity instead. This feature will be removed in version 2.18. 
Deprecation warnings can be disabled by setting deprecation_warnings=False in ansible.cfg.
2023-02-24 13:21:01,693 p=32309 u=rob n=p=32309 u=rob | paramiko [central] | Connected (version 2.0, client OpenSSH_8.4p1)
2023-02-24 13:21:01,694 p=32310 u=rob n=p=32310 u=rob | paramiko [branch] | Connected (version 2.0, client OpenSSH_8.4p1)
2023-02-24 13:21:01,954 p=32309 u=rob n=p=32309 u=rob | paramiko [central] | Auth banner: b'System is going down. Unprivileged users are not permitted to log in anymore. For technical details, see pam_nologin(8).\n\n'
2023-02-24 13:21:01,959 p=32310 u=rob n=p=32310 u=rob | paramiko [branch] | Auth banner: b'System is going down. Unprivileged users are not permitted to log in anymore. For technical details, see pam_nologin(8).\n\n'
2023-02-24 13:23:00,319 p=31942 u=rob n=ansible | persistent connection idle timeout triggered, timeout value is 120 secs.
See the timeout setting options in the Network Debug and Troubleshooting Guide.
2023-02-24 13:23:00,324 p=31941 u=rob n=ansible | persistent connection idle timeout triggered, timeout value is 120 secs.
See the timeout setting options in the Network Debug and Troubleshooting Guide.
2023-02-24 13:23:00,422 p=31942 u=rob n=ansible | shutdown complete
2023-02-24 13:23:00,428 p=31941 u=rob n=ansible | shutdown complete
2023-02-24 13:23:32,976 p=32309 u=rob n=p=32309 u=rob | paramiko [central] | Exception (client): Error reading SSH protocol banner
2023-02-24 13:23:32,979 p=32309 u=rob n=p=32309 u=rob | paramiko [central] | Traceback (most recent call last):
2023-02-24 13:23:32,979 p=32309 u=rob n=p=32309 u=rob | paramiko [central] |   File "/Users/rob/.local/share/virtualenvs/vyos-eveng-b9X2mBdh/lib/python3.9/site-packages/paramiko/transport.py", line 2268, in _check_banner
2023-02-24 13:23:32,979 p=32309 u=rob n=p=32309 u=rob | paramiko [central] |     buf = self.packetizer.readline(timeout)
2023-02-24 13:23:32,979 p=32309 u=rob n=p=32309 u=rob | paramiko [central] |   File "/Users/rob/.local/share/virtualenvs/vyos-eveng-b9X2mBdh/lib/python3.9/site-packages/paramiko/packet.py", line 374, in readline
2023-02-24 13:23:32,980 p=32309 u=rob n=p=32309 u=rob | paramiko [central] |     buf += self._read_timeout(timeout)
2023-02-24 13:23:32,980 p=32309 u=rob n=p=32309 u=rob | paramiko [central] |   File "/Users/rob/.local/share/virtualenvs/vyos-eveng-b9X2mBdh/lib/python3.9/site-packages/paramiko/packet.py", line 611, in _read_timeout
2023-02-24 13:23:32,980 p=32309 u=rob n=p=32309 u=rob | paramiko [central] |     raise socket.timeout()
2023-02-24 13:23:32,980 p=32309 u=rob n=p=32309 u=rob | paramiko [central] | socket.timeout
2023-02-24 13:23:32,980 p=32309 u=rob n=p=32309 u=rob | paramiko [central] | 
2023-02-24 13:23:32,981 p=32309 u=rob n=p=32309 u=rob | paramiko [central] | During handling of the above exception, another exception occurred:
2023-02-24 13:23:32,981 p=32309 u=rob n=p=32309 u=rob | paramiko [central] | 
2023-02-24 13:23:32,981 p=32309 u=rob n=p=32309 u=rob | paramiko [central] | Traceback (most recent call last):
2023-02-24 13:23:32,981 p=32309 u=rob n=p=32309 u=rob | paramiko [central] |   File "/Users/rob/.local/share/virtualenvs/vyos-eveng-b9X2mBdh/lib/python3.9/site-packages/paramiko/transport.py", line 2091, in run
2023-02-24 13:23:32,981 p=32309 u=rob n=p=32309 u=rob | paramiko [central] |     self._check_banner()
2023-02-24 13:23:32,981 p=32309 u=rob n=p=32309 u=rob | paramiko [central] |   File "/Users/rob/.local/share/virtualenvs/vyos-eveng-b9X2mBdh/lib/python3.9/site-packages/paramiko/transport.py", line 2272, in _check_banner
2023-02-24 13:23:32,982 p=32309 u=rob n=p=32309 u=rob | paramiko [central] |     raise SSHException(
2023-02-24 13:23:32,982 p=32309 u=rob n=p=32309 u=rob | paramiko [central] | paramiko.ssh_exception.SSHException: Error reading SSH protocol banner
2023-02-24 13:23:32,982 p=32309 u=rob n=p=32309 u=rob | paramiko [central] | 
2023-02-24 13:23:32,989 p=32310 u=rob n=p=32310 u=rob | paramiko [branch] | Exception (client): Error reading SSH protocol banner
2023-02-24 13:23:32,992 p=32310 u=rob n=p=32310 u=rob | paramiko [branch] | Traceback (most recent call last):
2023-02-24 13:23:32,992 p=32310 u=rob n=p=32310 u=rob | paramiko [branch] |   File "/Users/rob/.local/share/virtualenvs/vyos-eveng-b9X2mBdh/lib/python3.9/site-packages/paramiko/transport.py", line 2268, in _check_banner
2023-02-24 13:23:32,992 p=32310 u=rob n=p=32310 u=rob | paramiko [branch] |     buf = self.packetizer.readline(timeout)
2023-02-24 13:23:32,992 p=32310 u=rob n=p=32310 u=rob | paramiko [branch] |   File "/Users/rob/.local/share/virtualenvs/vyos-eveng-b9X2mBdh/lib/python3.9/site-packages/paramiko/packet.py", line 374, in readline
2023-02-24 13:23:32,992 p=32310 u=rob n=p=32310 u=rob | paramiko [branch] |     buf += self._read_timeout(timeout)
2023-02-24 13:23:32,992 p=32310 u=rob n=p=32310 u=rob | paramiko [branch] |   File "/Users/rob/.local/share/virtualenvs/vyos-eveng-b9X2mBdh/lib/python3.9/site-packages/paramiko/packet.py", line 611, in _read_timeout
2023-02-24 13:23:32,993 p=32310 u=rob n=p=32310 u=rob | paramiko [branch] |     raise socket.timeout()
2023-02-24 13:23:32,993 p=32310 u=rob n=p=32310 u=rob | paramiko [branch] | socket.timeout
2023-02-24 13:23:32,993 p=32310 u=rob n=p=32310 u=rob | paramiko [branch] | 
2023-02-24 13:23:32,993 p=32310 u=rob n=p=32310 u=rob | paramiko [branch] | During handling of the above exception, another exception occurred:
2023-02-24 13:23:32,993 p=32310 u=rob n=p=32310 u=rob | paramiko [branch] | 
2023-02-24 13:23:32,993 p=32310 u=rob n=p=32310 u=rob | paramiko [branch] | Traceback (most recent call last):
2023-02-24 13:23:32,994 p=32310 u=rob n=p=32310 u=rob | paramiko [branch] |   File "/Users/rob/.local/share/virtualenvs/vyos-eveng-b9X2mBdh/lib/python3.9/site-packages/paramiko/transport.py", line 2091, in run
2023-02-24 13:23:32,994 p=32310 u=rob n=p=32310 u=rob | paramiko [branch] |     self._check_banner()
2023-02-24 13:23:32,994 p=32310 u=rob n=p=32310 u=rob | paramiko [branch] |   File "/Users/rob/.local/share/virtualenvs/vyos-eveng-b9X2mBdh/lib/python3.9/site-packages/paramiko/transport.py", line 2272, in _check_banner
2023-02-24 13:23:32,994 p=32310 u=rob n=p=32310 u=rob | paramiko [branch] |     raise SSHException(
2023-02-24 13:23:32,994 p=32310 u=rob n=p=32310 u=rob | paramiko [branch] | paramiko.ssh_exception.SSHException: Error reading SSH protocol banner
2023-02-24 13:23:32,994 p=32310 u=rob n=p=32310 u=rob | paramiko [branch] | 
2023-02-24 13:24:03,993 p=32309 u=rob n=p=32309 u=rob | paramiko [central] | Exception (client): Error reading SSH protocol banner
2023-02-24 13:24:03,994 p=32309 u=rob n=p=32309 u=rob | paramiko [central] | Traceback (most recent call last):
2023-02-24 13:24:03,994 p=32309 u=rob n=p=32309 u=rob | paramiko [central] |   File "/Users/rob/.local/share/virtualenvs/vyos-eveng-b9X2mBdh/lib/python3.9/site-packages/paramiko/transport.py", line 2268, in _check_banner
2023-02-24 13:24:03,995 p=32309 u=rob n=p=32309 u=rob | paramiko [central] |     buf = self.packetizer.readline(timeout)
2023-02-24 13:24:03,995 p=32309 u=rob n=p=32309 u=rob | paramiko [central] |   File "/Users/rob/.local/share/virtualenvs/vyos-eveng-b9X2mBdh/lib/python3.9/site-packages/paramiko/packet.py", line 374, in readline
2023-02-24 13:24:03,995 p=32309 u=rob n=p=32309 u=rob | paramiko [central] |     buf += self._read_timeout(timeout)
2023-02-24 13:24:03,995 p=32309 u=rob n=p=32309 u=rob | paramiko [central] |   File "/Users/rob/.local/share/virtualenvs/vyos-eveng-b9X2mBdh/lib/python3.9/site-packages/paramiko/packet.py", line 611, in _read_timeout
2023-02-24 13:24:03,995 p=32309 u=rob n=p=32309 u=rob | paramiko [central] |     raise socket.timeout()
2023-02-24 13:24:03,995 p=32309 u=rob n=p=32309 u=rob | paramiko [central] | socket.timeout
2023-02-24 13:24:03,996 p=32309 u=rob n=p=32309 u=rob | paramiko [central] | 
2023-02-24 13:24:03,996 p=32309 u=rob n=p=32309 u=rob | paramiko [central] | During handling of the above exception, another exception occurred:
2023-02-24 13:24:03,996 p=32309 u=rob n=p=32309 u=rob | paramiko [central] | 
2023-02-24 13:24:03,996 p=32309 u=rob n=p=32309 u=rob | paramiko [central] | Traceback (most recent call last):
2023-02-24 13:24:03,996 p=32309 u=rob n=p=32309 u=rob | paramiko [central] |   File "/Users/rob/.local/share/virtualenvs/vyos-eveng-b9X2mBdh/lib/python3.9/site-packages/paramiko/transport.py", line 2091, in run
2023-02-24 13:24:03,996 p=32309 u=rob n=p=32309 u=rob | paramiko [central] |     self._check_banner()
2023-02-24 13:24:03,997 p=32309 u=rob n=p=32309 u=rob | paramiko [central] |   File "/Users/rob/.local/share/virtualenvs/vyos-eveng-b9X2mBdh/lib/python3.9/site-packages/paramiko/transport.py", line 2272, in _check_banner
2023-02-24 13:24:03,997 p=32309 u=rob n=p=32309 u=rob | paramiko [central] |     raise SSHException(
2023-02-24 13:24:03,997 p=32309 u=rob n=p=32309 u=rob | paramiko [central] | paramiko.ssh_exception.SSHException: Error reading SSH protocol banner
2023-02-24 13:24:03,997 p=32309 u=rob n=p=32309 u=rob | paramiko [central] | 
2023-02-24 13:24:04,007 p=32310 u=rob n=p=32310 u=rob | paramiko [branch] | Exception (client): Error reading SSH protocol banner
2023-02-24 13:24:04,007 p=32310 u=rob n=p=32310 u=rob | paramiko [branch] | Traceback (most recent call last):
2023-02-24 13:24:04,008 p=32310 u=rob n=p=32310 u=rob | paramiko [branch] |   File "/Users/rob/.local/share/virtualenvs/vyos-eveng-b9X2mBdh/lib/python3.9/site-packages/paramiko/transport.py", line 2268, in _check_banner
2023-02-24 13:24:04,008 p=32310 u=rob n=p=32310 u=rob | paramiko [branch] |     buf = self.packetizer.readline(timeout)
2023-02-24 13:24:04,008 p=32310 u=rob n=p=32310 u=rob | paramiko [branch] |   File "/Users/rob/.local/share/virtualenvs/vyos-eveng-b9X2mBdh/lib/python3.9/site-packages/paramiko/packet.py", line 374, in readline
2023-02-24 13:24:04,008 p=32310 u=rob n=p=32310 u=rob | paramiko [branch] |     buf += self._read_timeout(timeout)
2023-02-24 13:24:04,008 p=32310 u=rob n=p=32310 u=rob | paramiko [branch] |   File "/Users/rob/.local/share/virtualenvs/vyos-eveng-b9X2mBdh/lib/python3.9/site-packages/paramiko/packet.py", line 611, in _read_timeout
2023-02-24 13:24:04,008 p=32310 u=rob n=p=32310 u=rob | paramiko [branch] |     raise socket.timeout()
2023-02-24 13:24:04,008 p=32310 u=rob n=p=32310 u=rob | paramiko [branch] | socket.timeout
2023-02-24 13:24:04,009 p=32310 u=rob n=p=32310 u=rob | paramiko [branch] | 
2023-02-24 13:24:04,009 p=32310 u=rob n=p=32310 u=rob | paramiko [branch] | During handling of the above exception, another exception occurred:
2023-02-24 13:24:04,009 p=32310 u=rob n=p=32310 u=rob | paramiko [branch] | 
2023-02-24 13:24:04,009 p=32310 u=rob n=p=32310 u=rob | paramiko [branch] | Traceback (most recent call last):
2023-02-24 13:24:04,009 p=32310 u=rob n=p=32310 u=rob | paramiko [branch] |   File "/Users/rob/.local/share/virtualenvs/vyos-eveng-b9X2mBdh/lib/python3.9/site-packages/paramiko/transport.py", line 2091, in run
2023-02-24 13:24:04,009 p=32310 u=rob n=p=32310 u=rob | paramiko [branch] |     self._check_banner()
2023-02-24 13:24:04,010 p=32310 u=rob n=p=32310 u=rob | paramiko [branch] |   File "/Users/rob/.local/share/virtualenvs/vyos-eveng-b9X2mBdh/lib/python3.9/site-packages/paramiko/transport.py", line 2272, in _check_banner
2023-02-24 13:24:04,010 p=32310 u=rob n=p=32310 u=rob | paramiko [branch] |     raise SSHException(
2023-02-24 13:24:04,010 p=32310 u=rob n=p=32310 u=rob | paramiko [branch] | paramiko.ssh_exception.SSHException: Error reading SSH protocol banner
2023-02-24 13:24:04,010 p=32310 u=rob n=p=32310 u=rob | paramiko [branch] | 
2023-02-24 13:24:35,009 p=32309 u=rob n=p=32309 u=rob | paramiko [central] | Exception (client): Error reading SSH protocol banner
2023-02-24 13:24:35,010 p=32309 u=rob n=p=32309 u=rob | paramiko [central] | Traceback (most recent call last):
2023-02-24 13:24:35,010 p=32309 u=rob n=p=32309 u=rob | paramiko [central] |   File "/Users/rob/.local/share/virtualenvs/vyos-eveng-b9X2mBdh/lib/python3.9/site-packages/paramiko/transport.py", line 2268, in _check_banner
2023-02-24 13:24:35,010 p=32309 u=rob n=p=32309 u=rob | paramiko [central] |     buf = self.packetizer.readline(timeout)
2023-02-24 13:24:35,010 p=32309 u=rob n=p=32309 u=rob | paramiko [central] |   File "/Users/rob/.local/share/virtualenvs/vyos-eveng-b9X2mBdh/lib/python3.9/site-packages/paramiko/packet.py", line 374, in readline
2023-02-24 13:24:35,011 p=32309 u=rob n=p=32309 u=rob | paramiko [central] |     buf += self._read_timeout(timeout)
2023-02-24 13:24:35,011 p=32309 u=rob n=p=32309 u=rob | paramiko [central] |   File "/Users/rob/.local/share/virtualenvs/vyos-eveng-b9X2mBdh/lib/python3.9/site-packages/paramiko/packet.py", line 611, in _read_timeout
2023-02-24 13:24:35,011 p=32309 u=rob n=p=32309 u=rob | paramiko [central] |     raise socket.timeout()
2023-02-24 13:24:35,011 p=32309 u=rob n=p=32309 u=rob | paramiko [central] | socket.timeout
2023-02-24 13:24:35,011 p=32309 u=rob n=p=32309 u=rob | paramiko [central] | 
2023-02-24 13:24:35,011 p=32309 u=rob n=p=32309 u=rob | paramiko [central] | During handling of the above exception, another exception occurred:
2023-02-24 13:24:35,012 p=32309 u=rob n=p=32309 u=rob | paramiko [central] | 
2023-02-24 13:24:35,012 p=32309 u=rob n=p=32309 u=rob | paramiko [central] | Traceback (most recent call last):
2023-02-24 13:24:35,012 p=32309 u=rob n=p=32309 u=rob | paramiko [central] |   File "/Users/rob/.local/share/virtualenvs/vyos-eveng-b9X2mBdh/lib/python3.9/site-packages/paramiko/transport.py", line 2091, in run
2023-02-24 13:24:35,012 p=32309 u=rob n=p=32309 u=rob | paramiko [central] |     self._check_banner()
2023-02-24 13:24:35,012 p=32309 u=rob n=p=32309 u=rob | paramiko [central] |   File "/Users/rob/.local/share/virtualenvs/vyos-eveng-b9X2mBdh/lib/python3.9/site-packages/paramiko/transport.py", line 2272, in _check_banner
2023-02-24 13:24:35,012 p=32309 u=rob n=p=32309 u=rob | paramiko [central] |     raise SSHException(
2023-02-24 13:24:35,013 p=32309 u=rob n=p=32309 u=rob | paramiko [central] | paramiko.ssh_exception.SSHException: Error reading SSH protocol banner
2023-02-24 13:24:35,013 p=32309 u=rob n=p=32309 u=rob | paramiko [central] | 
2023-02-24 13:24:35,022 p=32310 u=rob n=p=32310 u=rob | paramiko [branch] | Exception (client): Error reading SSH protocol banner
2023-02-24 13:24:35,023 p=32310 u=rob n=p=32310 u=rob | paramiko [branch] | Traceback (most recent call last):
2023-02-24 13:24:35,023 p=32310 u=rob n=p=32310 u=rob | paramiko [branch] |   File "/Users/rob/.local/share/virtualenvs/vyos-eveng-b9X2mBdh/lib/python3.9/site-packages/paramiko/transport.py", line 2268, in _check_banner
2023-02-24 13:24:35,023 p=32310 u=rob n=p=32310 u=rob | paramiko [branch] |     buf = self.packetizer.readline(timeout)
2023-02-24 13:24:35,023 p=32310 u=rob n=p=32310 u=rob | paramiko [branch] |   File "/Users/rob/.local/share/virtualenvs/vyos-eveng-b9X2mBdh/lib/python3.9/site-packages/paramiko/packet.py", line 374, in readline
2023-02-24 13:24:35,024 p=32310 u=rob n=p=32310 u=rob | paramiko [branch] |     buf += self._read_timeout(timeout)
2023-02-24 13:24:35,024 p=32310 u=rob n=p=32310 u=rob | paramiko [branch] |   File "/Users/rob/.local/share/virtualenvs/vyos-eveng-b9X2mBdh/lib/python3.9/site-packages/paramiko/packet.py", line 611, in _read_timeout
2023-02-24 13:24:35,024 p=32310 u=rob n=p=32310 u=rob | paramiko [branch] |     raise socket.timeout()
2023-02-24 13:24:35,024 p=32310 u=rob n=p=32310 u=rob | paramiko [branch] | socket.timeout
2023-02-24 13:24:35,024 p=32310 u=rob n=p=32310 u=rob | paramiko [branch] | 
2023-02-24 13:24:35,024 p=32310 u=rob n=p=32310 u=rob | paramiko [branch] | During handling of the above exception, another exception occurred:
2023-02-24 13:24:35,024 p=32310 u=rob n=p=32310 u=rob | paramiko [branch] | 
2023-02-24 13:24:35,025 p=32310 u=rob n=p=32310 u=rob | paramiko [branch] | Traceback (most recent call last):
2023-02-24 13:24:35,025 p=32310 u=rob n=p=32310 u=rob | paramiko [branch] |   File "/Users/rob/.local/share/virtualenvs/vyos-eveng-b9X2mBdh/lib/python3.9/site-packages/paramiko/transport.py", line 2091, in run
2023-02-24 13:24:35,025 p=32310 u=rob n=p=32310 u=rob | paramiko [branch] |     self._check_banner()
2023-02-24 13:24:35,025 p=32310 u=rob n=p=32310 u=rob | paramiko [branch] |   File "/Users/rob/.local/share/virtualenvs/vyos-eveng-b9X2mBdh/lib/python3.9/site-packages/paramiko/transport.py", line 2272, in _check_banner
2023-02-24 13:24:35,026 p=32310 u=rob n=p=32310 u=rob | paramiko [branch] |     raise SSHException(
2023-02-24 13:24:35,026 p=32310 u=rob n=p=32310 u=rob | paramiko [branch] | paramiko.ssh_exception.SSHException: Error reading SSH protocol banner
2023-02-24 13:24:35,026 p=32310 u=rob n=p=32310 u=rob | paramiko [branch] | 
2023-02-24 13:25:06,031 p=32309 u=rob n=p=32309 u=rob | paramiko [central] | Exception (client): Error reading SSH protocol banner
2023-02-24 13:25:06,032 p=32309 u=rob n=p=32309 u=rob | paramiko [central] | Traceback (most recent call last):
2023-02-24 13:25:06,032 p=32309 u=rob n=p=32309 u=rob | paramiko [central] |   File "/Users/rob/.local/share/virtualenvs/vyos-eveng-b9X2mBdh/lib/python3.9/site-packages/paramiko/transport.py", line 2268, in _check_banner
2023-02-24 13:25:06,032 p=32309 u=rob n=p=32309 u=rob | paramiko [central] |     buf = self.packetizer.readline(timeout)
2023-02-24 13:25:06,033 p=32309 u=rob n=p=32309 u=rob | paramiko [central] |   File "/Users/rob/.local/share/virtualenvs/vyos-eveng-b9X2mBdh/lib/python3.9/site-packages/paramiko/packet.py", line 374, in readline
2023-02-24 13:25:06,033 p=32309 u=rob n=p=32309 u=rob | paramiko [central] |     buf += self._read_timeout(timeout)
2023-02-24 13:25:06,033 p=32309 u=rob n=p=32309 u=rob | paramiko [central] |   File "/Users/rob/.local/share/virtualenvs/vyos-eveng-b9X2mBdh/lib/python3.9/site-packages/paramiko/packet.py", line 611, in _read_timeout
2023-02-24 13:25:06,033 p=32309 u=rob n=p=32309 u=rob | paramiko [central] |     raise socket.timeout()
2023-02-24 13:25:06,033 p=32309 u=rob n=p=32309 u=rob | paramiko [central] | socket.timeout
2023-02-24 13:25:06,033 p=32309 u=rob n=p=32309 u=rob | paramiko [central] | 
2023-02-24 13:25:06,034 p=32309 u=rob n=p=32309 u=rob | paramiko [central] | During handling of the above exception, another exception occurred:
2023-02-24 13:25:06,034 p=32309 u=rob n=p=32309 u=rob | paramiko [central] | 
2023-02-24 13:25:06,034 p=32309 u=rob n=p=32309 u=rob | paramiko [central] | Traceback (most recent call last):
2023-02-24 13:25:06,034 p=32309 u=rob n=p=32309 u=rob | paramiko [central] |   File "/Users/rob/.local/share/virtualenvs/vyos-eveng-b9X2mBdh/lib/python3.9/site-packages/paramiko/transport.py", line 2091, in run
2023-02-24 13:25:06,034 p=32309 u=rob n=p=32309 u=rob | paramiko [central] |     self._check_banner()
2023-02-24 13:25:06,035 p=32309 u=rob n=p=32309 u=rob | paramiko [central] |   File "/Users/rob/.local/share/virtualenvs/vyos-eveng-b9X2mBdh/lib/python3.9/site-packages/paramiko/transport.py", line 2272, in _check_banner
2023-02-24 13:25:06,035 p=32309 u=rob n=p=32309 u=rob | paramiko [central] |     raise SSHException(
2023-02-24 13:25:06,035 p=32309 u=rob n=p=32309 u=rob | paramiko [central] | paramiko.ssh_exception.SSHException: Error reading SSH protocol banner
2023-02-24 13:25:06,035 p=32309 u=rob n=p=32309 u=rob | paramiko [central] | 
2023-02-24 13:25:06,039 p=32310 u=rob n=p=32310 u=rob | paramiko [branch] | Exception (client): Error reading SSH protocol banner
2023-02-24 13:25:06,040 p=32310 u=rob n=p=32310 u=rob | paramiko [branch] | Traceback (most recent call last):
2023-02-24 13:25:06,040 p=32310 u=rob n=p=32310 u=rob | paramiko [branch] |   File "/Users/rob/.local/share/virtualenvs/vyos-eveng-b9X2mBdh/lib/python3.9/site-packages/paramiko/transport.py", line 2268, in _check_banner
2023-02-24 13:25:06,040 p=32310 u=rob n=p=32310 u=rob | paramiko [branch] |     buf = self.packetizer.readline(timeout)
2023-02-24 13:25:06,040 p=32310 u=rob n=p=32310 u=rob | paramiko [branch] |   File "/Users/rob/.local/share/virtualenvs/vyos-eveng-b9X2mBdh/lib/python3.9/site-packages/paramiko/packet.py", line 374, in readline
2023-02-24 13:25:06,040 p=32310 u=rob n=p=32310 u=rob | paramiko [branch] |     buf += self._read_timeout(timeout)
2023-02-24 13:25:06,041 p=32310 u=rob n=p=32310 u=rob | paramiko [branch] |   File "/Users/rob/.local/share/virtualenvs/vyos-eveng-b9X2mBdh/lib/python3.9/site-packages/paramiko/packet.py", line 611, in _read_timeout
2023-02-24 13:25:06,041 p=32310 u=rob n=p=32310 u=rob | paramiko [branch] |     raise socket.timeout()
2023-02-24 13:25:06,041 p=32310 u=rob n=p=32310 u=rob | paramiko [branch] | socket.timeout
2023-02-24 13:25:06,041 p=32310 u=rob n=p=32310 u=rob | paramiko [branch] | 
2023-02-24 13:25:06,041 p=32310 u=rob n=p=32310 u=rob | paramiko [branch] | During handling of the above exception, another exception occurred:
2023-02-24 13:25:06,042 p=32310 u=rob n=p=32310 u=rob | paramiko [branch] | 
2023-02-24 13:25:06,042 p=32310 u=rob n=p=32310 u=rob | paramiko [branch] | Traceback (most recent call last):
2023-02-24 13:25:06,042 p=32310 u=rob n=p=32310 u=rob | paramiko [branch] |   File "/Users/rob/.local/share/virtualenvs/vyos-eveng-b9X2mBdh/lib/python3.9/site-packages/paramiko/transport.py", line 2091, in run
2023-02-24 13:25:06,042 p=32310 u=rob n=p=32310 u=rob | paramiko [branch] |     self._check_banner()
2023-02-24 13:25:06,042 p=32310 u=rob n=p=32310 u=rob | paramiko [branch] |   File "/Users/rob/.local/share/virtualenvs/vyos-eveng-b9X2mBdh/lib/python3.9/site-packages/paramiko/transport.py", line 2272, in _check_banner
2023-02-24 13:25:06,043 p=32310 u=rob n=p=32310 u=rob | paramiko [branch] |     raise SSHException(
2023-02-24 13:25:06,043 p=32310 u=rob n=p=32310 u=rob | paramiko [branch] | paramiko.ssh_exception.SSHException: Error reading SSH protocol banner
2023-02-24 13:25:06,043 p=32310 u=rob n=p=32310 u=rob | paramiko [branch] | 
2023-02-24 13:25:37,047 p=32309 u=rob n=p=32309 u=rob | paramiko [central] | Exception (client): Error reading SSH protocol banner
2023-02-24 13:25:37,048 p=32309 u=rob n=p=32309 u=rob | paramiko [central] | Traceback (most recent call last):
2023-02-24 13:25:37,048 p=32309 u=rob n=p=32309 u=rob | paramiko [central] |   File "/Users/rob/.local/share/virtualenvs/vyos-eveng-b9X2mBdh/lib/python3.9/site-packages/paramiko/transport.py", line 2268, in _check_banner
2023-02-24 13:25:37,048 p=32309 u=rob n=p=32309 u=rob | paramiko [central] |     buf = self.packetizer.readline(timeout)
2023-02-24 13:25:37,048 p=32309 u=rob n=p=32309 u=rob | paramiko [central] |   File "/Users/rob/.local/share/virtualenvs/vyos-eveng-b9X2mBdh/lib/python3.9/site-packages/paramiko/packet.py", line 374, in readline
2023-02-24 13:25:37,048 p=32309 u=rob n=p=32309 u=rob | paramiko [central] |     buf += self._read_timeout(timeout)
2023-02-24 13:25:37,049 p=32309 u=rob n=p=32309 u=rob | paramiko [central] |   File "/Users/rob/.local/share/virtualenvs/vyos-eveng-b9X2mBdh/lib/python3.9/site-packages/paramiko/packet.py", line 611, in _read_timeout
2023-02-24 13:25:37,049 p=32309 u=rob n=p=32309 u=rob | paramiko [central] |     raise socket.timeout()
2023-02-24 13:25:37,049 p=32309 u=rob n=p=32309 u=rob | paramiko [central] | socket.timeout
2023-02-24 13:25:37,049 p=32309 u=rob n=p=32309 u=rob | paramiko [central] | 
2023-02-24 13:25:37,049 p=32309 u=rob n=p=32309 u=rob | paramiko [central] | During handling of the above exception, another exception occurred:
2023-02-24 13:25:37,050 p=32309 u=rob n=p=32309 u=rob | paramiko [central] | 
2023-02-24 13:25:37,050 p=32309 u=rob n=p=32309 u=rob | paramiko [central] | Traceback (most recent call last):
2023-02-24 13:25:37,050 p=32309 u=rob n=p=32309 u=rob | paramiko [central] |   File "/Users/rob/.local/share/virtualenvs/vyos-eveng-b9X2mBdh/lib/python3.9/site-packages/paramiko/transport.py", line 2091, in run
2023-02-24 13:25:37,050 p=32309 u=rob n=p=32309 u=rob | paramiko [central] |     self._check_banner()
2023-02-24 13:25:37,050 p=32309 u=rob n=p=32309 u=rob | paramiko [central] |   File "/Users/rob/.local/share/virtualenvs/vyos-eveng-b9X2mBdh/lib/python3.9/site-packages/paramiko/transport.py", line 2272, in _check_banner
2023-02-24 13:25:37,050 p=32309 u=rob n=p=32309 u=rob | paramiko [central] |     raise SSHException(
2023-02-24 13:25:37,050 p=32309 u=rob n=p=32309 u=rob | paramiko [central] | paramiko.ssh_exception.SSHException: Error reading SSH protocol banner
2023-02-24 13:25:37,051 p=32309 u=rob n=p=32309 u=rob | paramiko [central] | 
2023-02-24 13:25:37,054 p=32310 u=rob n=p=32310 u=rob | paramiko [branch] | Exception (client): Error reading SSH protocol banner
2023-02-24 13:25:37,054 p=32310 u=rob n=p=32310 u=rob | paramiko [branch] | Traceback (most recent call last):
2023-02-24 13:25:37,054 p=32310 u=rob n=p=32310 u=rob | paramiko [branch] |   File "/Users/rob/.local/share/virtualenvs/vyos-eveng-b9X2mBdh/lib/python3.9/site-packages/paramiko/transport.py", line 2268, in _check_banner
2023-02-24 13:25:37,055 p=32310 u=rob n=p=32310 u=rob | paramiko [branch] |     buf = self.packetizer.readline(timeout)
2023-02-24 13:25:37,055 p=32310 u=rob n=p=32310 u=rob | paramiko [branch] |   File "/Users/rob/.local/share/virtualenvs/vyos-eveng-b9X2mBdh/lib/python3.9/site-packages/paramiko/packet.py", line 374, in readline
2023-02-24 13:25:37,055 p=32310 u=rob n=p=32310 u=rob | paramiko [branch] |     buf += self._read_timeout(timeout)
2023-02-24 13:25:37,055 p=32310 u=rob n=p=32310 u=rob | paramiko [branch] |   File "/Users/rob/.local/share/virtualenvs/vyos-eveng-b9X2mBdh/lib/python3.9/site-packages/paramiko/packet.py", line 611, in _read_timeout
2023-02-24 13:25:37,055 p=32310 u=rob n=p=32310 u=rob | paramiko [branch] |     raise socket.timeout()
2023-02-24 13:25:37,055 p=32310 u=rob n=p=32310 u=rob | paramiko [branch] | socket.timeout
2023-02-24 13:25:37,056 p=32310 u=rob n=p=32310 u=rob | paramiko [branch] | 
2023-02-24 13:25:37,056 p=32310 u=rob n=p=32310 u=rob | paramiko [branch] | During handling of the above exception, another exception occurred:
2023-02-24 13:25:37,056 p=32310 u=rob n=p=32310 u=rob | paramiko [branch] | 
2023-02-24 13:25:37,056 p=32310 u=rob n=p=32310 u=rob | paramiko [branch] | Traceback (most recent call last):
2023-02-24 13:25:37,056 p=32310 u=rob n=p=32310 u=rob | paramiko [branch] |   File "/Users/rob/.local/share/virtualenvs/vyos-eveng-b9X2mBdh/lib/python3.9/site-packages/paramiko/transport.py", line 2091, in run
2023-02-24 13:25:37,056 p=32310 u=rob n=p=32310 u=rob | paramiko [branch] |     self._check_banner()
2023-02-24 13:25:37,057 p=32310 u=rob n=p=32310 u=rob | paramiko [branch] |   File "/Users/rob/.local/share/virtualenvs/vyos-eveng-b9X2mBdh/lib/python3.9/site-packages/paramiko/transport.py", line 2272, in _check_banner
2023-02-24 13:25:37,057 p=32310 u=rob n=p=32310 u=rob | paramiko [branch] |     raise SSHException(
2023-02-24 13:25:37,057 p=32310 u=rob n=p=32310 u=rob | paramiko [branch] | paramiko.ssh_exception.SSHException: Error reading SSH protocol banner
2023-02-24 13:25:37,057 p=32310 u=rob n=p=32310 u=rob | paramiko [branch] | 
2023-02-24 13:26:08,063 p=32309 u=rob n=p=32309 u=rob | paramiko [central] | Exception (client): Error reading SSH protocol banner
2023-02-24 13:26:08,064 p=32309 u=rob n=p=32309 u=rob | paramiko [central] | Traceback (most recent call last):
2023-02-24 13:26:08,064 p=32309 u=rob n=p=32309 u=rob | paramiko [central] |   File "/Users/rob/.local/share/virtualenvs/vyos-eveng-b9X2mBdh/lib/python3.9/site-packages/paramiko/transport.py", line 2268, in _check_banner
2023-02-24 13:26:08,064 p=32309 u=rob n=p=32309 u=rob | paramiko [central] |     buf = self.packetizer.readline(timeout)
2023-02-24 13:26:08,064 p=32309 u=rob n=p=32309 u=rob | paramiko [central] |   File "/Users/rob/.local/share/virtualenvs/vyos-eveng-b9X2mBdh/lib/python3.9/site-packages/paramiko/packet.py", line 374, in readline
2023-02-24 13:26:08,064 p=32309 u=rob n=p=32309 u=rob | paramiko [central] |     buf += self._read_timeout(timeout)
2023-02-24 13:26:08,065 p=32309 u=rob n=p=32309 u=rob | paramiko [central] |   File "/Users/rob/.local/share/virtualenvs/vyos-eveng-b9X2mBdh/lib/python3.9/site-packages/paramiko/packet.py", line 611, in _read_timeout
2023-02-24 13:26:08,065 p=32309 u=rob n=p=32309 u=rob | paramiko [central] |     raise socket.timeout()
2023-02-24 13:26:08,065 p=32309 u=rob n=p=32309 u=rob | paramiko [central] | socket.timeout
2023-02-24 13:26:08,065 p=32309 u=rob n=p=32309 u=rob | paramiko [central] | 
2023-02-24 13:26:08,065 p=32309 u=rob n=p=32309 u=rob | paramiko [central] | During handling of the above exception, another exception occurred:
2023-02-24 13:26:08,065 p=32309 u=rob n=p=32309 u=rob | paramiko [central] | 
2023-02-24 13:26:08,066 p=32309 u=rob n=p=32309 u=rob | paramiko [central] | Traceback (most recent call last):
2023-02-24 13:26:08,066 p=32309 u=rob n=p=32309 u=rob | paramiko [central] |   File "/Users/rob/.local/share/virtualenvs/vyos-eveng-b9X2mBdh/lib/python3.9/site-packages/paramiko/transport.py", line 2091, in run
2023-02-24 13:26:08,066 p=32309 u=rob n=p=32309 u=rob | paramiko [central] |     self._check_banner()
2023-02-24 13:26:08,066 p=32309 u=rob n=p=32309 u=rob | paramiko [central] |   File "/Users/rob/.local/share/virtualenvs/vyos-eveng-b9X2mBdh/lib/python3.9/site-packages/paramiko/transport.py", line 2272, in _check_banner
2023-02-24 13:26:08,066 p=32309 u=rob n=p=32309 u=rob | paramiko [central] |     raise SSHException(
2023-02-24 13:26:08,066 p=32309 u=rob n=p=32309 u=rob | paramiko [central] | paramiko.ssh_exception.SSHException: Error reading SSH protocol banner
2023-02-24 13:26:08,067 p=32309 u=rob n=p=32309 u=rob | paramiko [central] | 
2023-02-24 13:26:08,073 p=32310 u=rob n=p=32310 u=rob | paramiko [branch] | Exception (client): Error reading SSH protocol banner
2023-02-24 13:26:08,074 p=32310 u=rob n=p=32310 u=rob | paramiko [branch] | Traceback (most recent call last):
2023-02-24 13:26:08,074 p=32310 u=rob n=p=32310 u=rob | paramiko [branch] |   File "/Users/rob/.local/share/virtualenvs/vyos-eveng-b9X2mBdh/lib/python3.9/site-packages/paramiko/transport.py", line 2268, in _check_banner
2023-02-24 13:26:08,074 p=32310 u=rob n=p=32310 u=rob | paramiko [branch] |     buf = self.packetizer.readline(timeout)
2023-02-24 13:26:08,074 p=32310 u=rob n=p=32310 u=rob | paramiko [branch] |   File "/Users/rob/.local/share/virtualenvs/vyos-eveng-b9X2mBdh/lib/python3.9/site-packages/paramiko/packet.py", line 374, in readline
2023-02-24 13:26:08,074 p=32310 u=rob n=p=32310 u=rob | paramiko [branch] |     buf += self._read_timeout(timeout)
2023-02-24 13:26:08,075 p=32310 u=rob n=p=32310 u=rob | paramiko [branch] |   File "/Users/rob/.local/share/virtualenvs/vyos-eveng-b9X2mBdh/lib/python3.9/site-packages/paramiko/packet.py", line 611, in _read_timeout
2023-02-24 13:26:08,075 p=32310 u=rob n=p=32310 u=rob | paramiko [branch] |     raise socket.timeout()
2023-02-24 13:26:08,075 p=32310 u=rob n=p=32310 u=rob | paramiko [branch] | socket.timeout
2023-02-24 13:26:08,075 p=32310 u=rob n=p=32310 u=rob | paramiko [branch] | 
2023-02-24 13:26:08,075 p=32310 u=rob n=p=32310 u=rob | paramiko [branch] | During handling of the above exception, another exception occurred:
2023-02-24 13:26:08,075 p=32310 u=rob n=p=32310 u=rob | paramiko [branch] | 
2023-02-24 13:26:08,075 p=32310 u=rob n=p=32310 u=rob | paramiko [branch] | Traceback (most recent call last):
2023-02-24 13:26:08,076 p=32310 u=rob n=p=32310 u=rob | paramiko [branch] |   File "/Users/rob/.local/share/virtualenvs/vyos-eveng-b9X2mBdh/lib/python3.9/site-packages/paramiko/transport.py", line 2091, in run
2023-02-24 13:26:08,076 p=32310 u=rob n=p=32310 u=rob | paramiko [branch] |     self._check_banner()
2023-02-24 13:26:08,076 p=32310 u=rob n=p=32310 u=rob | paramiko [branch] |   File "/Users/rob/.local/share/virtualenvs/vyos-eveng-b9X2mBdh/lib/python3.9/site-packages/paramiko/transport.py", line 2272, in _check_banner
2023-02-24 13:26:08,076 p=32310 u=rob n=p=32310 u=rob | paramiko [branch] |     raise SSHException(
2023-02-24 13:26:08,076 p=32310 u=rob n=p=32310 u=rob | paramiko [branch] | paramiko.ssh_exception.SSHException: Error reading SSH protocol banner
2023-02-24 13:26:08,076 p=32310 u=rob n=p=32310 u=rob | paramiko [branch] | 
2023-02-24 13:26:39,083 p=32309 u=rob n=p=32309 u=rob | paramiko [central] | Exception (client): Error reading SSH protocol banner
2023-02-24 13:26:39,084 p=32309 u=rob n=p=32309 u=rob | paramiko [central] | Traceback (most recent call last):
2023-02-24 13:26:39,084 p=32309 u=rob n=p=32309 u=rob | paramiko [central] |   File "/Users/rob/.local/share/virtualenvs/vyos-eveng-b9X2mBdh/lib/python3.9/site-packages/paramiko/transport.py", line 2268, in _check_banner
2023-02-24 13:26:39,084 p=32309 u=rob n=p=32309 u=rob | paramiko [central] |     buf = self.packetizer.readline(timeout)
2023-02-24 13:26:39,084 p=32309 u=rob n=p=32309 u=rob | paramiko [central] |   File "/Users/rob/.local/share/virtualenvs/vyos-eveng-b9X2mBdh/lib/python3.9/site-packages/paramiko/packet.py", line 374, in readline
2023-02-24 13:26:39,085 p=32309 u=rob n=p=32309 u=rob | paramiko [central] |     buf += self._read_timeout(timeout)
2023-02-24 13:26:39,085 p=32309 u=rob n=p=32309 u=rob | paramiko [central] |   File "/Users/rob/.local/share/virtualenvs/vyos-eveng-b9X2mBdh/lib/python3.9/site-packages/paramiko/packet.py", line 611, in _read_timeout
2023-02-24 13:26:39,085 p=32309 u=rob n=p=32309 u=rob | paramiko [central] |     raise socket.timeout()
2023-02-24 13:26:39,085 p=32309 u=rob n=p=32309 u=rob | paramiko [central] | socket.timeout
2023-02-24 13:26:39,085 p=32309 u=rob n=p=32309 u=rob | paramiko [central] | 
2023-02-24 13:26:39,085 p=32309 u=rob n=p=32309 u=rob | paramiko [central] | During handling of the above exception, another exception occurred:
2023-02-24 13:26:39,086 p=32309 u=rob n=p=32309 u=rob | paramiko [central] | 
2023-02-24 13:26:39,086 p=32309 u=rob n=p=32309 u=rob | paramiko [central] | Traceback (most recent call last):
2023-02-24 13:26:39,086 p=32309 u=rob n=p=32309 u=rob | paramiko [central] |   File "/Users/rob/.local/share/virtualenvs/vyos-eveng-b9X2mBdh/lib/python3.9/site-packages/paramiko/transport.py", line 2091, in run
2023-02-24 13:26:39,086 p=32309 u=rob n=p=32309 u=rob | paramiko [central] |     self._check_banner()
2023-02-24 13:26:39,086 p=32309 u=rob n=p=32309 u=rob | paramiko [central] |   File "/Users/rob/.local/share/virtualenvs/vyos-eveng-b9X2mBdh/lib/python3.9/site-packages/paramiko/transport.py", line 2272, in _check_banner
2023-02-24 13:26:39,086 p=32309 u=rob n=p=32309 u=rob | paramiko [central] |     raise SSHException(
2023-02-24 13:26:39,087 p=32309 u=rob n=p=32309 u=rob | paramiko [central] | paramiko.ssh_exception.SSHException: Error reading SSH protocol banner
2023-02-24 13:26:39,087 p=32309 u=rob n=p=32309 u=rob | paramiko [central] | 
2023-02-24 13:26:39,091 p=32310 u=rob n=p=32310 u=rob | paramiko [branch] | Exception (client): Error reading SSH protocol banner
2023-02-24 13:26:39,092 p=32310 u=rob n=p=32310 u=rob | paramiko [branch] | Traceback (most recent call last):
2023-02-24 13:26:39,092 p=32310 u=rob n=p=32310 u=rob | paramiko [branch] |   File "/Users/rob/.local/share/virtualenvs/vyos-eveng-b9X2mBdh/lib/python3.9/site-packages/paramiko/transport.py", line 2268, in _check_banner
2023-02-24 13:26:39,092 p=32310 u=rob n=p=32310 u=rob | paramiko [branch] |     buf = self.packetizer.readline(timeout)
2023-02-24 13:26:39,092 p=32310 u=rob n=p=32310 u=rob | paramiko [branch] |   File "/Users/rob/.local/share/virtualenvs/vyos-eveng-b9X2mBdh/lib/python3.9/site-packages/paramiko/packet.py", line 374, in readline
2023-02-24 13:26:39,092 p=32310 u=rob n=p=32310 u=rob | paramiko [branch] |     buf += self._read_timeout(timeout)
2023-02-24 13:26:39,093 p=32310 u=rob n=p=32310 u=rob | paramiko [branch] |   File "/Users/rob/.local/share/virtualenvs/vyos-eveng-b9X2mBdh/lib/python3.9/site-packages/paramiko/packet.py", line 611, in _read_timeout
2023-02-24 13:26:39,093 p=32310 u=rob n=p=32310 u=rob | paramiko [branch] |     raise socket.timeout()
2023-02-24 13:26:39,093 p=32310 u=rob n=p=32310 u=rob | paramiko [branch] | socket.timeout
2023-02-24 13:26:39,093 p=32310 u=rob n=p=32310 u=rob | paramiko [branch] | 
2023-02-24 13:26:39,093 p=32310 u=rob n=p=32310 u=rob | paramiko [branch] | During handling of the above exception, another exception occurred:
2023-02-24 13:26:39,093 p=32310 u=rob n=p=32310 u=rob | paramiko [branch] | 
2023-02-24 13:26:39,093 p=32310 u=rob n=p=32310 u=rob | paramiko [branch] | Traceback (most recent call last):
2023-02-24 13:26:39,094 p=32310 u=rob n=p=32310 u=rob | paramiko [branch] |   File "/Users/rob/.local/share/virtualenvs/vyos-eveng-b9X2mBdh/lib/python3.9/site-packages/paramiko/transport.py", line 2091, in run
2023-02-24 13:26:39,094 p=32310 u=rob n=p=32310 u=rob | paramiko [branch] |     self._check_banner()
2023-02-24 13:26:39,094 p=32310 u=rob n=p=32310 u=rob | paramiko [branch] |   File "/Users/rob/.local/share/virtualenvs/vyos-eveng-b9X2mBdh/lib/python3.9/site-packages/paramiko/transport.py", line 2272, in _check_banner
2023-02-24 13:26:39,094 p=32310 u=rob n=p=32310 u=rob | paramiko [branch] |     raise SSHException(
2023-02-24 13:26:39,094 p=32310 u=rob n=p=32310 u=rob | paramiko [branch] | paramiko.ssh_exception.SSHException: Error reading SSH protocol banner
2023-02-24 13:26:39,094 p=32310 u=rob n=p=32310 u=rob | paramiko [branch] | 
2023-02-24 13:27:10,100 p=32309 u=rob n=p=32309 u=rob | paramiko [central] | Exception (client): Error reading SSH protocol banner
2023-02-24 13:27:10,101 p=32309 u=rob n=p=32309 u=rob | paramiko [central] | Traceback (most recent call last):
2023-02-24 13:27:10,101 p=32309 u=rob n=p=32309 u=rob | paramiko [central] |   File "/Users/rob/.local/share/virtualenvs/vyos-eveng-b9X2mBdh/lib/python3.9/site-packages/paramiko/transport.py", line 2268, in _check_banner
2023-02-24 13:27:10,102 p=32309 u=rob n=p=32309 u=rob | paramiko [central] |     buf = self.packetizer.readline(timeout)
2023-02-24 13:27:10,102 p=32309 u=rob n=p=32309 u=rob | paramiko [central] |   File "/Users/rob/.local/share/virtualenvs/vyos-eveng-b9X2mBdh/lib/python3.9/site-packages/paramiko/packet.py", line 374, in readline
2023-02-24 13:27:10,102 p=32309 u=rob n=p=32309 u=rob | paramiko [central] |     buf += self._read_timeout(timeout)
2023-02-24 13:27:10,102 p=32309 u=rob n=p=32309 u=rob | paramiko [central] |   File "/Users/rob/.local/share/virtualenvs/vyos-eveng-b9X2mBdh/lib/python3.9/site-packages/paramiko/packet.py", line 611, in _read_timeout
2023-02-24 13:27:10,102 p=32309 u=rob n=p=32309 u=rob | paramiko [central] |     raise socket.timeout()
2023-02-24 13:27:10,102 p=32309 u=rob n=p=32309 u=rob | paramiko [central] | socket.timeout
2023-02-24 13:27:10,103 p=32309 u=rob n=p=32309 u=rob | paramiko [central] | 
2023-02-24 13:27:10,103 p=32309 u=rob n=p=32309 u=rob | paramiko [central] | During handling of the above exception, another exception occurred:
2023-02-24 13:27:10,103 p=32309 u=rob n=p=32309 u=rob | paramiko [central] | 
2023-02-24 13:27:10,103 p=32309 u=rob n=p=32309 u=rob | paramiko [central] | Traceback (most recent call last):
2023-02-24 13:27:10,103 p=32309 u=rob n=p=32309 u=rob | paramiko [central] |   File "/Users/rob/.local/share/virtualenvs/vyos-eveng-b9X2mBdh/lib/python3.9/site-packages/paramiko/transport.py", line 2091, in run
2023-02-24 13:27:10,103 p=32309 u=rob n=p=32309 u=rob | paramiko [central] |     self._check_banner()
2023-02-24 13:27:10,103 p=32309 u=rob n=p=32309 u=rob | paramiko [central] |   File "/Users/rob/.local/share/virtualenvs/vyos-eveng-b9X2mBdh/lib/python3.9/site-packages/paramiko/transport.py", line 2272, in _check_banner
2023-02-24 13:27:10,104 p=32309 u=rob n=p=32309 u=rob | paramiko [central] |     raise SSHException(
2023-02-24 13:27:10,104 p=32309 u=rob n=p=32309 u=rob | paramiko [central] | paramiko.ssh_exception.SSHException: Error reading SSH protocol banner
2023-02-24 13:27:10,104 p=32309 u=rob n=p=32309 u=rob | paramiko [central] | 
2023-02-24 13:27:10,111 p=32310 u=rob n=p=32310 u=rob | paramiko [branch] | Exception (client): Error reading SSH protocol banner
2023-02-24 13:27:10,112 p=32310 u=rob n=p=32310 u=rob | paramiko [branch] | Traceback (most recent call last):
2023-02-24 13:27:10,112 p=32310 u=rob n=p=32310 u=rob | paramiko [branch] |   File "/Users/rob/.local/share/virtualenvs/vyos-eveng-b9X2mBdh/lib/python3.9/site-packages/paramiko/transport.py", line 2268, in _check_banner
2023-02-24 13:27:10,112 p=32310 u=rob n=p=32310 u=rob | paramiko [branch] |     buf = self.packetizer.readline(timeout)
2023-02-24 13:27:10,112 p=32310 u=rob n=p=32310 u=rob | paramiko [branch] |   File "/Users/rob/.local/share/virtualenvs/vyos-eveng-b9X2mBdh/lib/python3.9/site-packages/paramiko/packet.py", line 374, in readline
2023-02-24 13:27:10,113 p=32310 u=rob n=p=32310 u=rob | paramiko [branch] |     buf += self._read_timeout(timeout)
2023-02-24 13:27:10,113 p=32310 u=rob n=p=32310 u=rob | paramiko [branch] |   File "/Users/rob/.local/share/virtualenvs/vyos-eveng-b9X2mBdh/lib/python3.9/site-packages/paramiko/packet.py", line 611, in _read_timeout
2023-02-24 13:27:10,113 p=32310 u=rob n=p=32310 u=rob | paramiko [branch] |     raise socket.timeout()
2023-02-24 13:27:10,113 p=32310 u=rob n=p=32310 u=rob | paramiko [branch] | socket.timeout
2023-02-24 13:27:10,113 p=32310 u=rob n=p=32310 u=rob | paramiko [branch] | 
2023-02-24 13:27:10,114 p=32310 u=rob n=p=32310 u=rob | paramiko [branch] | During handling of the above exception, another exception occurred:
2023-02-24 13:27:10,114 p=32310 u=rob n=p=32310 u=rob | paramiko [branch] | 
2023-02-24 13:27:10,114 p=32310 u=rob n=p=32310 u=rob | paramiko [branch] | Traceback (most recent call last):
2023-02-24 13:27:10,114 p=32310 u=rob n=p=32310 u=rob | paramiko [branch] |   File "/Users/rob/.local/share/virtualenvs/vyos-eveng-b9X2mBdh/lib/python3.9/site-packages/paramiko/transport.py", line 2091, in run
2023-02-24 13:27:10,114 p=32310 u=rob n=p=32310 u=rob | paramiko [branch] |     self._check_banner()
2023-02-24 13:27:10,114 p=32310 u=rob n=p=32310 u=rob | paramiko [branch] |   File "/Users/rob/.local/share/virtualenvs/vyos-eveng-b9X2mBdh/lib/python3.9/site-packages/paramiko/transport.py", line 2272, in _check_banner
2023-02-24 13:27:10,114 p=32310 u=rob n=p=32310 u=rob | paramiko [branch] |     raise SSHException(
2023-02-24 13:27:10,115 p=32310 u=rob n=p=32310 u=rob | paramiko [branch] | paramiko.ssh_exception.SSHException: Error reading SSH protocol banner
2023-02-24 13:27:10,115 p=32310 u=rob n=p=32310 u=rob | paramiko [branch] | 
2023-02-24 13:27:41,118 p=32309 u=rob n=p=32309 u=rob | paramiko [central] | Exception (client): Error reading SSH protocol banner
2023-02-24 13:27:41,118 p=32309 u=rob n=p=32309 u=rob | paramiko [central] | Traceback (most recent call last):
2023-02-24 13:27:41,119 p=32309 u=rob n=p=32309 u=rob | paramiko [central] |   File "/Users/rob/.local/share/virtualenvs/vyos-eveng-b9X2mBdh/lib/python3.9/site-packages/paramiko/transport.py", line 2268, in _check_banner
2023-02-24 13:27:41,119 p=32309 u=rob n=p=32309 u=rob | paramiko [central] |     buf = self.packetizer.readline(timeout)
2023-02-24 13:27:41,119 p=32309 u=rob n=p=32309 u=rob | paramiko [central] |   File "/Users/rob/.local/share/virtualenvs/vyos-eveng-b9X2mBdh/lib/python3.9/site-packages/paramiko/packet.py", line 374, in readline
2023-02-24 13:27:41,119 p=32309 u=rob n=p=32309 u=rob | paramiko [central] |     buf += self._read_timeout(timeout)
2023-02-24 13:27:41,119 p=32309 u=rob n=p=32309 u=rob | paramiko [central] |   File "/Users/rob/.local/share/virtualenvs/vyos-eveng-b9X2mBdh/lib/python3.9/site-packages/paramiko/packet.py", line 611, in _read_timeout
2023-02-24 13:27:41,120 p=32309 u=rob n=p=32309 u=rob | paramiko [central] |     raise socket.timeout()
2023-02-24 13:27:41,120 p=32309 u=rob n=p=32309 u=rob | paramiko [central] | socket.timeout
2023-02-24 13:27:41,120 p=32309 u=rob n=p=32309 u=rob | paramiko [central] | 
2023-02-24 13:27:41,120 p=32309 u=rob n=p=32309 u=rob | paramiko [central] | During handling of the above exception, another exception occurred:
2023-02-24 13:27:41,120 p=32309 u=rob n=p=32309 u=rob | paramiko [central] | 
2023-02-24 13:27:41,121 p=32309 u=rob n=p=32309 u=rob | paramiko [central] | Traceback (most recent call last):
2023-02-24 13:27:41,121 p=32309 u=rob n=p=32309 u=rob | paramiko [central] |   File "/Users/rob/.local/share/virtualenvs/vyos-eveng-b9X2mBdh/lib/python3.9/site-packages/paramiko/transport.py", line 2091, in run
2023-02-24 13:27:41,121 p=32309 u=rob n=p=32309 u=rob | paramiko [central] |     self._check_banner()
2023-02-24 13:27:41,121 p=32309 u=rob n=p=32309 u=rob | paramiko [central] |   File "/Users/rob/.local/share/virtualenvs/vyos-eveng-b9X2mBdh/lib/python3.9/site-packages/paramiko/transport.py", line 2272, in _check_banner
2023-02-24 13:27:41,121 p=32309 u=rob n=p=32309 u=rob | paramiko [central] |     raise SSHException(
2023-02-24 13:27:41,121 p=32309 u=rob n=p=32309 u=rob | paramiko [central] | paramiko.ssh_exception.SSHException: Error reading SSH protocol banner
2023-02-24 13:27:41,121 p=32309 u=rob n=p=32309 u=rob | paramiko [central] | 
2023-02-24 13:27:41,126 p=32310 u=rob n=p=32310 u=rob | paramiko [branch] | Exception (client): Error reading SSH protocol banner
2023-02-24 13:27:41,126 p=32310 u=rob n=p=32310 u=rob | paramiko [branch] | Traceback (most recent call last):
2023-02-24 13:27:41,127 p=32310 u=rob n=p=32310 u=rob | paramiko [branch] |   File "/Users/rob/.local/share/virtualenvs/vyos-eveng-b9X2mBdh/lib/python3.9/site-packages/paramiko/transport.py", line 2268, in _check_banner
2023-02-24 13:27:41,127 p=32310 u=rob n=p=32310 u=rob | paramiko [branch] |     buf = self.packetizer.readline(timeout)
2023-02-24 13:27:41,127 p=32310 u=rob n=p=32310 u=rob | paramiko [branch] |   File "/Users/rob/.local/share/virtualenvs/vyos-eveng-b9X2mBdh/lib/python3.9/site-packages/paramiko/packet.py", line 374, in readline
2023-02-24 13:27:41,127 p=32310 u=rob n=p=32310 u=rob | paramiko [branch] |     buf += self._read_timeout(timeout)
2023-02-24 13:27:41,127 p=32310 u=rob n=p=32310 u=rob | paramiko [branch] |   File "/Users/rob/.local/share/virtualenvs/vyos-eveng-b9X2mBdh/lib/python3.9/site-packages/paramiko/packet.py", line 611, in _read_timeout
2023-02-24 13:27:41,128 p=32310 u=rob n=p=32310 u=rob | paramiko [branch] |     raise socket.timeout()
2023-02-24 13:27:41,128 p=32310 u=rob n=p=32310 u=rob | paramiko [branch] | socket.timeout
2023-02-24 13:27:41,128 p=32310 u=rob n=p=32310 u=rob | paramiko [branch] | 
2023-02-24 13:27:41,128 p=32310 u=rob n=p=32310 u=rob | paramiko [branch] | During handling of the above exception, another exception occurred:
2023-02-24 13:27:41,128 p=32310 u=rob n=p=32310 u=rob | paramiko [branch] | 
2023-02-24 13:27:41,128 p=32310 u=rob n=p=32310 u=rob | paramiko [branch] | Traceback (most recent call last):
2023-02-24 13:27:41,128 p=32310 u=rob n=p=32310 u=rob | paramiko [branch] |   File "/Users/rob/.local/share/virtualenvs/vyos-eveng-b9X2mBdh/lib/python3.9/site-packages/paramiko/transport.py", line 2091, in run
2023-02-24 13:27:41,129 p=32310 u=rob n=p=32310 u=rob | paramiko [branch] |     self._check_banner()
2023-02-24 13:27:41,129 p=32310 u=rob n=p=32310 u=rob | paramiko [branch] |   File "/Users/rob/.local/share/virtualenvs/vyos-eveng-b9X2mBdh/lib/python3.9/site-packages/paramiko/transport.py", line 2272, in _check_banner
2023-02-24 13:27:41,129 p=32310 u=rob n=p=32310 u=rob | paramiko [branch] |     raise SSHException(
2023-02-24 13:27:41,129 p=32310 u=rob n=p=32310 u=rob | paramiko [branch] | paramiko.ssh_exception.SSHException: Error reading SSH protocol banner
2023-02-24 13:27:41,129 p=32310 u=rob n=p=32310 u=rob | paramiko [branch] | 
2023-02-24 13:28:12,138 p=32309 u=rob n=p=32309 u=rob | paramiko [central] | Exception (client): Error reading SSH protocol banner
2023-02-24 13:28:12,138 p=32309 u=rob n=p=32309 u=rob | paramiko [central] | Traceback (most recent call last):
2023-02-24 13:28:12,139 p=32309 u=rob n=p=32309 u=rob | paramiko [central] |   File "/Users/rob/.local/share/virtualenvs/vyos-eveng-b9X2mBdh/lib/python3.9/site-packages/paramiko/transport.py", line 2268, in _check_banner
2023-02-24 13:28:12,139 p=32309 u=rob n=p=32309 u=rob | paramiko [central] |     buf = self.packetizer.readline(timeout)
2023-02-24 13:28:12,139 p=32309 u=rob n=p=32309 u=rob | paramiko [central] |   File "/Users/rob/.local/share/virtualenvs/vyos-eveng-b9X2mBdh/lib/python3.9/site-packages/paramiko/packet.py", line 374, in readline
2023-02-24 13:28:12,139 p=32309 u=rob n=p=32309 u=rob | paramiko [central] |     buf += self._read_timeout(timeout)
2023-02-24 13:28:12,139 p=32309 u=rob n=p=32309 u=rob | paramiko [central] |   File "/Users/rob/.local/share/virtualenvs/vyos-eveng-b9X2mBdh/lib/python3.9/site-packages/paramiko/packet.py", line 611, in _read_timeout
2023-02-24 13:28:12,140 p=32309 u=rob n=p=32309 u=rob | paramiko [central] |     raise socket.timeout()
2023-02-24 13:28:12,140 p=32309 u=rob n=p=32309 u=rob | paramiko [central] | socket.timeout
2023-02-24 13:28:12,140 p=32309 u=rob n=p=32309 u=rob | paramiko [central] | 
2023-02-24 13:28:12,140 p=32309 u=rob n=p=32309 u=rob | paramiko [central] | During handling of the above exception, another exception occurred:
2023-02-24 13:28:12,140 p=32309 u=rob n=p=32309 u=rob | paramiko [central] | 
2023-02-24 13:28:12,140 p=32310 u=rob n=p=32310 u=rob | paramiko [branch] | Exception (client): Error reading SSH protocol banner
2023-02-24 13:28:12,141 p=32309 u=rob n=p=32309 u=rob | paramiko [central] | Traceback (most recent call last):
2023-02-24 13:28:12,141 p=32309 u=rob n=p=32309 u=rob | paramiko [central] |   File "/Users/rob/.local/share/virtualenvs/vyos-eveng-b9X2mBdh/lib/python3.9/site-packages/paramiko/transport.py", line 2091, in run
2023-02-24 13:28:12,141 p=32310 u=rob n=p=32310 u=rob | paramiko [branch] | Traceback (most recent call last):
2023-02-24 13:28:12,141 p=32309 u=rob n=p=32309 u=rob | paramiko [central] |     self._check_banner()
2023-02-24 13:28:12,141 p=32310 u=rob n=p=32310 u=rob | paramiko [branch] |   File "/Users/rob/.local/share/virtualenvs/vyos-eveng-b9X2mBdh/lib/python3.9/site-packages/paramiko/transport.py", line 2268, in _check_banner
2023-02-24 13:28:12,141 p=32309 u=rob n=p=32309 u=rob | paramiko [central] |   File "/Users/rob/.local/share/virtualenvs/vyos-eveng-b9X2mBdh/lib/python3.9/site-packages/paramiko/transport.py", line 2272, in _check_banner
2023-02-24 13:28:12,141 p=32310 u=rob n=p=32310 u=rob | paramiko [branch] |     buf = self.packetizer.readline(timeout)
2023-02-24 13:28:12,141 p=32309 u=rob n=p=32309 u=rob | paramiko [central] |     raise SSHException(
2023-02-24 13:28:12,141 p=32310 u=rob n=p=32310 u=rob | paramiko [branch] |   File "/Users/rob/.local/share/virtualenvs/vyos-eveng-b9X2mBdh/lib/python3.9/site-packages/paramiko/packet.py", line 374, in readline
2023-02-24 13:28:12,141 p=32309 u=rob n=p=32309 u=rob | paramiko [central] | paramiko.ssh_exception.SSHException: Error reading SSH protocol banner
2023-02-24 13:28:12,141 p=32310 u=rob n=p=32310 u=rob | paramiko [branch] |     buf += self._read_timeout(timeout)
2023-02-24 13:28:12,141 p=32309 u=rob n=p=32309 u=rob | paramiko [central] | 
2023-02-24 13:28:12,142 p=32310 u=rob n=p=32310 u=rob | paramiko [branch] |   File "/Users/rob/.local/share/virtualenvs/vyos-eveng-b9X2mBdh/lib/python3.9/site-packages/paramiko/packet.py", line 611, in _read_timeout
2023-02-24 13:28:12,142 p=32310 u=rob n=p=32310 u=rob | paramiko [branch] |     raise socket.timeout()
2023-02-24 13:28:12,142 p=32310 u=rob n=p=32310 u=rob | paramiko [branch] | socket.timeout
2023-02-24 13:28:12,142 p=32310 u=rob n=p=32310 u=rob | paramiko [branch] | 
2023-02-24 13:28:12,142 p=32310 u=rob n=p=32310 u=rob | paramiko [branch] | During handling of the above exception, another exception occurred:
2023-02-24 13:28:12,142 p=32310 u=rob n=p=32310 u=rob | paramiko [branch] | 
2023-02-24 13:28:12,143 p=32310 u=rob n=p=32310 u=rob | paramiko [branch] | Traceback (most recent call last):
2023-02-24 13:28:12,143 p=32310 u=rob n=p=32310 u=rob | paramiko [branch] |   File "/Users/rob/.local/share/virtualenvs/vyos-eveng-b9X2mBdh/lib/python3.9/site-packages/paramiko/transport.py", line 2091, in run
2023-02-24 13:28:12,143 p=32310 u=rob n=p=32310 u=rob | paramiko [branch] |     self._check_banner()
2023-02-24 13:28:12,143 p=32310 u=rob n=p=32310 u=rob | paramiko [branch] |   File "/Users/rob/.local/share/virtualenvs/vyos-eveng-b9X2mBdh/lib/python3.9/site-packages/paramiko/transport.py", line 2272, in _check_banner
2023-02-24 13:28:12,143 p=32310 u=rob n=p=32310 u=rob | paramiko [branch] |     raise SSHException(
2023-02-24 13:28:12,143 p=32310 u=rob n=p=32310 u=rob | paramiko [branch] | paramiko.ssh_exception.SSHException: Error reading SSH protocol banner
2023-02-24 13:28:12,143 p=32310 u=rob n=p=32310 u=rob | paramiko [branch] | 
2023-02-24 13:28:43,152 p=32309 u=rob n=p=32309 u=rob | paramiko [central] | Exception (client): Error reading SSH protocol banner
2023-02-24 13:28:43,153 p=32309 u=rob n=p=32309 u=rob | paramiko [central] | Traceback (most recent call last):
2023-02-24 13:28:43,153 p=32309 u=rob n=p=32309 u=rob | paramiko [central] |   File "/Users/rob/.local/share/virtualenvs/vyos-eveng-b9X2mBdh/lib/python3.9/site-packages/paramiko/transport.py", line 2268, in _check_banner
2023-02-24 13:28:43,153 p=32309 u=rob n=p=32309 u=rob | paramiko [central] |     buf = self.packetizer.readline(timeout)
2023-02-24 13:28:43,154 p=32309 u=rob n=p=32309 u=rob | paramiko [central] |   File "/Users/rob/.local/share/virtualenvs/vyos-eveng-b9X2mBdh/lib/python3.9/site-packages/paramiko/packet.py", line 374, in readline
2023-02-24 13:28:43,154 p=32309 u=rob n=p=32309 u=rob | paramiko [central] |     buf += self._read_timeout(timeout)
2023-02-24 13:28:43,154 p=32309 u=rob n=p=32309 u=rob | paramiko [central] |   File "/Users/rob/.local/share/virtualenvs/vyos-eveng-b9X2mBdh/lib/python3.9/site-packages/paramiko/packet.py", line 611, in _read_timeout
2023-02-24 13:28:43,154 p=32309 u=rob n=p=32309 u=rob | paramiko [central] |     raise socket.timeout()
2023-02-24 13:28:43,154 p=32309 u=rob n=p=32309 u=rob | paramiko [central] | socket.timeout
2023-02-24 13:28:43,154 p=32309 u=rob n=p=32309 u=rob | paramiko [central] | 
2023-02-24 13:28:43,155 p=32309 u=rob n=p=32309 u=rob | paramiko [central] | During handling of the above exception, another exception occurred:
2023-02-24 13:28:43,155 p=32309 u=rob n=p=32309 u=rob | paramiko [central] | 
2023-02-24 13:28:43,155 p=32310 u=rob n=p=32310 u=rob | paramiko [branch] | Exception (client): Error reading SSH protocol banner
2023-02-24 13:28:43,155 p=32309 u=rob n=p=32309 u=rob | paramiko [central] | Traceback (most recent call last):
2023-02-24 13:28:43,155 p=32309 u=rob n=p=32309 u=rob | paramiko [central] |   File "/Users/rob/.local/share/virtualenvs/vyos-eveng-b9X2mBdh/lib/python3.9/site-packages/paramiko/transport.py", line 2091, in run
2023-02-24 13:28:43,155 p=32310 u=rob n=p=32310 u=rob | paramiko [branch] | Traceback (most recent call last):
2023-02-24 13:28:43,155 p=32309 u=rob n=p=32309 u=rob | paramiko [central] |     self._check_banner()
2023-02-24 13:28:43,155 p=32310 u=rob n=p=32310 u=rob | paramiko [branch] |   File "/Users/rob/.local/share/virtualenvs/vyos-eveng-b9X2mBdh/lib/python3.9/site-packages/paramiko/transport.py", line 2268, in _check_banner
2023-02-24 13:28:43,155 p=32309 u=rob n=p=32309 u=rob | paramiko [central] |   File "/Users/rob/.local/share/virtualenvs/vyos-eveng-b9X2mBdh/lib/python3.9/site-packages/paramiko/transport.py", line 2272, in _check_banner
2023-02-24 13:28:43,156 p=32310 u=rob n=p=32310 u=rob | paramiko [branch] |     buf = self.packetizer.readline(timeout)
2023-02-24 13:28:43,156 p=32309 u=rob n=p=32309 u=rob | paramiko [central] |     raise SSHException(
2023-02-24 13:28:43,156 p=32310 u=rob n=p=32310 u=rob | paramiko [branch] |   File "/Users/rob/.local/share/virtualenvs/vyos-eveng-b9X2mBdh/lib/python3.9/site-packages/paramiko/packet.py", line 374, in readline
2023-02-24 13:28:43,156 p=32309 u=rob n=p=32309 u=rob | paramiko [central] | paramiko.ssh_exception.SSHException: Error reading SSH protocol banner
2023-02-24 13:28:43,156 p=32310 u=rob n=p=32310 u=rob | paramiko [branch] |     buf += self._read_timeout(timeout)
2023-02-24 13:28:43,156 p=32309 u=rob n=p=32309 u=rob | paramiko [central] | 
2023-02-24 13:28:43,156 p=32310 u=rob n=p=32310 u=rob | paramiko [branch] |   File "/Users/rob/.local/share/virtualenvs/vyos-eveng-b9X2mBdh/lib/python3.9/site-packages/paramiko/packet.py", line 611, in _read_timeout
2023-02-24 13:28:43,156 p=32310 u=rob n=p=32310 u=rob | paramiko [branch] |     raise socket.timeout()
2023-02-24 13:28:43,156 p=32310 u=rob n=p=32310 u=rob | paramiko [branch] | socket.timeout
2023-02-24 13:28:43,157 p=32310 u=rob n=p=32310 u=rob | paramiko [branch] | 
2023-02-24 13:28:43,157 p=32310 u=rob n=p=32310 u=rob | paramiko [branch] | During handling of the above exception, another exception occurred:
2023-02-24 13:28:43,157 p=32310 u=rob n=p=32310 u=rob | paramiko [branch] | 
2023-02-24 13:28:43,157 p=32310 u=rob n=p=32310 u=rob | paramiko [branch] | Traceback (most recent call last):
2023-02-24 13:28:43,157 p=32310 u=rob n=p=32310 u=rob | paramiko [branch] |   File "/Users/rob/.local/share/virtualenvs/vyos-eveng-b9X2mBdh/lib/python3.9/site-packages/paramiko/transport.py", line 2091, in run
2023-02-24 13:28:43,157 p=32310 u=rob n=p=32310 u=rob | paramiko [branch] |     self._check_banner()
2023-02-24 13:28:43,157 p=32310 u=rob n=p=32310 u=rob | paramiko [branch] |   File "/Users/rob/.local/share/virtualenvs/vyos-eveng-b9X2mBdh/lib/python3.9/site-packages/paramiko/transport.py", line 2272, in _check_banner
2023-02-24 13:28:43,158 p=32310 u=rob n=p=32310 u=rob | paramiko [branch] |     raise SSHException(
2023-02-24 13:28:43,158 p=32310 u=rob n=p=32310 u=rob | paramiko [branch] | paramiko.ssh_exception.SSHException: Error reading SSH protocol banner
2023-02-24 13:28:43,158 p=32310 u=rob n=p=32310 u=rob | paramiko [branch] | 
2023-02-24 13:29:14,168 p=32309 u=rob n=p=32309 u=rob | paramiko [central] | Exception (client): Error reading SSH protocol banner
2023-02-24 13:29:14,168 p=32309 u=rob n=p=32309 u=rob | paramiko [central] | Traceback (most recent call last):
2023-02-24 13:29:14,169 p=32309 u=rob n=p=32309 u=rob | paramiko [central] |   File "/Users/rob/.local/share/virtualenvs/vyos-eveng-b9X2mBdh/lib/python3.9/site-packages/paramiko/transport.py", line 2268, in _check_banner
2023-02-24 13:29:14,169 p=32309 u=rob n=p=32309 u=rob | paramiko [central] |     buf = self.packetizer.readline(timeout)
2023-02-24 13:29:14,169 p=32309 u=rob n=p=32309 u=rob | paramiko [central] |   File "/Users/rob/.local/share/virtualenvs/vyos-eveng-b9X2mBdh/lib/python3.9/site-packages/paramiko/packet.py", line 374, in readline
2023-02-24 13:29:14,169 p=32309 u=rob n=p=32309 u=rob | paramiko [central] |     buf += self._read_timeout(timeout)
2023-02-24 13:29:14,169 p=32309 u=rob n=p=32309 u=rob | paramiko [central] |   File "/Users/rob/.local/share/virtualenvs/vyos-eveng-b9X2mBdh/lib/python3.9/site-packages/paramiko/packet.py", line 611, in _read_timeout
2023-02-24 13:29:14,169 p=32310 u=rob n=p=32310 u=rob | paramiko [branch] | Exception (client): Error reading SSH protocol banner
2023-02-24 13:29:14,169 p=32309 u=rob n=p=32309 u=rob | paramiko [central] |     raise socket.timeout()
2023-02-24 13:29:14,170 p=32309 u=rob n=p=32309 u=rob | paramiko [central] | socket.timeout
2023-02-24 13:29:14,170 p=32310 u=rob n=p=32310 u=rob | paramiko [branch] | Traceback (most recent call last):
2023-02-24 13:29:14,170 p=32309 u=rob n=p=32309 u=rob | paramiko [central] | 
2023-02-24 13:29:14,170 p=32310 u=rob n=p=32310 u=rob | paramiko [branch] |   File "/Users/rob/.local/share/virtualenvs/vyos-eveng-b9X2mBdh/lib/python3.9/site-packages/paramiko/transport.py", line 2268, in _check_banner
2023-02-24 13:29:14,170 p=32309 u=rob n=p=32309 u=rob | paramiko [central] | During handling of the above exception, another exception occurred:
2023-02-24 13:29:14,170 p=32310 u=rob n=p=32310 u=rob | paramiko [branch] |     buf = self.packetizer.readline(timeout)
2023-02-24 13:29:14,170 p=32309 u=rob n=p=32309 u=rob | paramiko [central] | 
2023-02-24 13:29:14,170 p=32310 u=rob n=p=32310 u=rob | paramiko [branch] |   File "/Users/rob/.local/share/virtualenvs/vyos-eveng-b9X2mBdh/lib/python3.9/site-packages/paramiko/packet.py", line 374, in readline
2023-02-24 13:29:14,170 p=32309 u=rob n=p=32309 u=rob | paramiko [central] | Traceback (most recent call last):
2023-02-24 13:29:14,170 p=32310 u=rob n=p=32310 u=rob | paramiko [branch] |     buf += self._read_timeout(timeout)
2023-02-24 13:29:14,171 p=32309 u=rob n=p=32309 u=rob | paramiko [central] |   File "/Users/rob/.local/share/virtualenvs/vyos-eveng-b9X2mBdh/lib/python3.9/site-packages/paramiko/transport.py", line 2091, in run
2023-02-24 13:29:14,171 p=32310 u=rob n=p=32310 u=rob | paramiko [branch] |   File "/Users/rob/.local/share/virtualenvs/vyos-eveng-b9X2mBdh/lib/python3.9/site-packages/paramiko/packet.py", line 611, in _read_timeout
2023-02-24 13:29:14,171 p=32309 u=rob n=p=32309 u=rob | paramiko [central] |     self._check_banner()
2023-02-24 13:29:14,171 p=32310 u=rob n=p=32310 u=rob | paramiko [branch] |     raise socket.timeout()
2023-02-24 13:29:14,171 p=32309 u=rob n=p=32309 u=rob | paramiko [central] |   File "/Users/rob/.local/share/virtualenvs/vyos-eveng-b9X2mBdh/lib/python3.9/site-packages/paramiko/transport.py", line 2272, in _check_banner
2023-02-24 13:29:14,171 p=32310 u=rob n=p=32310 u=rob | paramiko [branch] | socket.timeout
2023-02-24 13:29:14,171 p=32309 u=rob n=p=32309 u=rob | paramiko [central] |     raise SSHException(
2023-02-24 13:29:14,171 p=32310 u=rob n=p=32310 u=rob | paramiko [branch] | 
2023-02-24 13:29:14,171 p=32309 u=rob n=p=32309 u=rob | paramiko [central] | paramiko.ssh_exception.SSHException: Error reading SSH protocol banner
2023-02-24 13:29:14,171 p=32310 u=rob n=p=32310 u=rob | paramiko [branch] | During handling of the above exception, another exception occurred:
2023-02-24 13:29:14,171 p=32309 u=rob n=p=32309 u=rob | paramiko [central] | 
2023-02-24 13:29:14,171 p=32310 u=rob n=p=32310 u=rob | paramiko [branch] | 
2023-02-24 13:29:14,172 p=32310 u=rob n=p=32310 u=rob | paramiko [branch] | Traceback (most recent call last):
2023-02-24 13:29:14,172 p=32310 u=rob n=p=32310 u=rob | paramiko [branch] |   File "/Users/rob/.local/share/virtualenvs/vyos-eveng-b9X2mBdh/lib/python3.9/site-packages/paramiko/transport.py", line 2091, in run
2023-02-24 13:29:14,172 p=32310 u=rob n=p=32310 u=rob | paramiko [branch] |     self._check_banner()
2023-02-24 13:29:14,172 p=32310 u=rob n=p=32310 u=rob | paramiko [branch] |   File "/Users/rob/.local/share/virtualenvs/vyos-eveng-b9X2mBdh/lib/python3.9/site-packages/paramiko/transport.py", line 2272, in _check_banner
2023-02-24 13:29:14,172 p=32310 u=rob n=p=32310 u=rob | paramiko [branch] |     raise SSHException(
2023-02-24 13:29:14,172 p=32310 u=rob n=p=32310 u=rob | paramiko [branch] | paramiko.ssh_exception.SSHException: Error reading SSH protocol banner
2023-02-24 13:29:14,173 p=32310 u=rob n=p=32310 u=rob | paramiko [branch] | 
2023-02-24 13:29:45,208 p=32310 u=rob n=p=32310 u=rob | paramiko [branch] | Exception (client): Error reading SSH protocol banner
2023-02-24 13:29:45,209 p=32310 u=rob n=p=32310 u=rob | paramiko [branch] | Traceback (most recent call last):
2023-02-24 13:29:45,210 p=32310 u=rob n=p=32310 u=rob | paramiko [branch] |   File "/Users/rob/.local/share/virtualenvs/vyos-eveng-b9X2mBdh/lib/python3.9/site-packages/paramiko/transport.py", line 2268, in _check_banner
2023-02-24 13:29:45,210 p=32310 u=rob n=p=32310 u=rob | paramiko [branch] |     buf = self.packetizer.readline(timeout)
2023-02-24 13:29:45,210 p=32310 u=rob n=p=32310 u=rob | paramiko [branch] |   File "/Users/rob/.local/share/virtualenvs/vyos-eveng-b9X2mBdh/lib/python3.9/site-packages/paramiko/packet.py", line 374, in readline
2023-02-24 13:29:45,210 p=32310 u=rob n=p=32310 u=rob | paramiko [branch] |     buf += self._read_timeout(timeout)
2023-02-24 13:29:45,210 p=32310 u=rob n=p=32310 u=rob | paramiko [branch] |   File "/Users/rob/.local/share/virtualenvs/vyos-eveng-b9X2mBdh/lib/python3.9/site-packages/paramiko/packet.py", line 611, in _read_timeout
2023-02-24 13:29:45,211 p=32310 u=rob n=p=32310 u=rob | paramiko [branch] |     raise socket.timeout()
2023-02-24 13:29:45,211 p=32310 u=rob n=p=32310 u=rob | paramiko [branch] | socket.timeout
2023-02-24 13:29:45,211 p=32310 u=rob n=p=32310 u=rob | paramiko [branch] | 
2023-02-24 13:29:45,211 p=32310 u=rob n=p=32310 u=rob | paramiko [branch] | During handling of the above exception, another exception occurred:
2023-02-24 13:29:45,211 p=32310 u=rob n=p=32310 u=rob | paramiko [branch] | 
2023-02-24 13:29:45,212 p=32310 u=rob n=p=32310 u=rob | paramiko [branch] | Traceback (most recent call last):
2023-02-24 13:29:45,212 p=32310 u=rob n=p=32310 u=rob | paramiko [branch] |   File "/Users/rob/.local/share/virtualenvs/vyos-eveng-b9X2mBdh/lib/python3.9/site-packages/paramiko/transport.py", line 2091, in run
2023-02-24 13:29:45,212 p=32310 u=rob n=p=32310 u=rob | paramiko [branch] |     self._check_banner()
2023-02-24 13:29:45,212 p=32310 u=rob n=p=32310 u=rob | paramiko [branch] |   File "/Users/rob/.local/share/virtualenvs/vyos-eveng-b9X2mBdh/lib/python3.9/site-packages/paramiko/transport.py", line 2272, in _check_banner
2023-02-24 13:29:45,212 p=32310 u=rob n=p=32310 u=rob | paramiko [branch] |     raise SSHException(
2023-02-24 13:29:45,212 p=32310 u=rob n=p=32310 u=rob | paramiko [branch] | paramiko.ssh_exception.SSHException: Error reading SSH protocol banner
2023-02-24 13:29:45,212 p=32310 u=rob n=p=32310 u=rob | paramiko [branch] | 
2023-02-24 13:29:45,243 p=32309 u=rob n=p=32309 u=rob | paramiko [central] | Exception (client): Error reading SSH protocol banner
2023-02-24 13:29:45,243 p=32309 u=rob n=p=32309 u=rob | paramiko [central] | Traceback (most recent call last):
2023-02-24 13:29:45,243 p=32309 u=rob n=p=32309 u=rob | paramiko [central] |   File "/Users/rob/.local/share/virtualenvs/vyos-eveng-b9X2mBdh/lib/python3.9/site-packages/paramiko/transport.py", line 2268, in _check_banner
2023-02-24 13:29:45,244 p=32309 u=rob n=p=32309 u=rob | paramiko [central] |     buf = self.packetizer.readline(timeout)
2023-02-24 13:29:45,244 p=32309 u=rob n=p=32309 u=rob | paramiko [central] |   File "/Users/rob/.local/share/virtualenvs/vyos-eveng-b9X2mBdh/lib/python3.9/site-packages/paramiko/packet.py", line 374, in readline
2023-02-24 13:29:45,244 p=32309 u=rob n=p=32309 u=rob | paramiko [central] |     buf += self._read_timeout(timeout)
2023-02-24 13:29:45,244 p=32309 u=rob n=p=32309 u=rob | paramiko [central] |   File "/Users/rob/.local/share/virtualenvs/vyos-eveng-b9X2mBdh/lib/python3.9/site-packages/paramiko/packet.py", line 611, in _read_timeout
2023-02-24 13:29:45,244 p=32309 u=rob n=p=32309 u=rob | paramiko [central] |     raise socket.timeout()
2023-02-24 13:29:45,244 p=32309 u=rob n=p=32309 u=rob | paramiko [central] | socket.timeout
2023-02-24 13:29:45,245 p=32309 u=rob n=p=32309 u=rob | paramiko [central] | 
2023-02-24 13:29:45,245 p=32309 u=rob n=p=32309 u=rob | paramiko [central] | During handling of the above exception, another exception occurred:
2023-02-24 13:29:45,245 p=32309 u=rob n=p=32309 u=rob | paramiko [central] | 
2023-02-24 13:29:45,245 p=32309 u=rob n=p=32309 u=rob | paramiko [central] | Traceback (most recent call last):
2023-02-24 13:29:45,245 p=32309 u=rob n=p=32309 u=rob | paramiko [central] |   File "/Users/rob/.local/share/virtualenvs/vyos-eveng-b9X2mBdh/lib/python3.9/site-packages/paramiko/transport.py", line 2091, in run
2023-02-24 13:29:45,245 p=32309 u=rob n=p=32309 u=rob | paramiko [central] |     self._check_banner()
2023-02-24 13:29:45,246 p=32309 u=rob n=p=32309 u=rob | paramiko [central] |   File "/Users/rob/.local/share/virtualenvs/vyos-eveng-b9X2mBdh/lib/python3.9/site-packages/paramiko/transport.py", line 2272, in _check_banner
2023-02-24 13:29:45,246 p=32309 u=rob n=p=32309 u=rob | paramiko [central] |     raise SSHException(
2023-02-24 13:29:45,246 p=32309 u=rob n=p=32309 u=rob | paramiko [central] | paramiko.ssh_exception.SSHException: Error reading SSH protocol banner
2023-02-24 13:29:45,246 p=32309 u=rob n=p=32309 u=rob | paramiko [central] | 
2023-02-24 13:30:16,299 p=32310 u=rob n=p=32310 u=rob | paramiko [branch] | Exception (client): Error reading SSH protocol banner
2023-02-24 13:30:16,300 p=32310 u=rob n=p=32310 u=rob | paramiko [branch] | Traceback (most recent call last):
2023-02-24 13:30:16,300 p=32310 u=rob n=p=32310 u=rob | paramiko [branch] |   File "/Users/rob/.local/share/virtualenvs/vyos-eveng-b9X2mBdh/lib/python3.9/site-packages/paramiko/transport.py", line 2268, in _check_banner
2023-02-24 13:30:16,300 p=32310 u=rob n=p=32310 u=rob | paramiko [branch] |     buf = self.packetizer.readline(timeout)
2023-02-24 13:30:16,300 p=32310 u=rob n=p=32310 u=rob | paramiko [branch] |   File "/Users/rob/.local/share/virtualenvs/vyos-eveng-b9X2mBdh/lib/python3.9/site-packages/paramiko/packet.py", line 374, in readline
2023-02-24 13:30:16,301 p=32310 u=rob n=p=32310 u=rob | paramiko [branch] |     buf += self._read_timeout(timeout)
2023-02-24 13:30:16,301 p=32310 u=rob n=p=32310 u=rob | paramiko [branch] |   File "/Users/rob/.local/share/virtualenvs/vyos-eveng-b9X2mBdh/lib/python3.9/site-packages/paramiko/packet.py", line 611, in _read_timeout
2023-02-24 13:30:16,301 p=32310 u=rob n=p=32310 u=rob | paramiko [branch] |     raise socket.timeout()
2023-02-24 13:30:16,301 p=32310 u=rob n=p=32310 u=rob | paramiko [branch] | socket.timeout
2023-02-24 13:30:16,301 p=32310 u=rob n=p=32310 u=rob | paramiko [branch] | 
2023-02-24 13:30:16,302 p=32310 u=rob n=p=32310 u=rob | paramiko [branch] | During handling of the above exception, another exception occurred:
2023-02-24 13:30:16,302 p=32310 u=rob n=p=32310 u=rob | paramiko [branch] | 
2023-02-24 13:30:16,302 p=32310 u=rob n=p=32310 u=rob | paramiko [branch] | Traceback (most recent call last):
2023-02-24 13:30:16,302 p=32310 u=rob n=p=32310 u=rob | paramiko [branch] |   File "/Users/rob/.local/share/virtualenvs/vyos-eveng-b9X2mBdh/lib/python3.9/site-packages/paramiko/transport.py", line 2091, in run
2023-02-24 13:30:16,302 p=32310 u=rob n=p=32310 u=rob | paramiko [branch] |     self._check_banner()
2023-02-24 13:30:16,302 p=32310 u=rob n=p=32310 u=rob | paramiko [branch] |   File "/Users/rob/.local/share/virtualenvs/vyos-eveng-b9X2mBdh/lib/python3.9/site-packages/paramiko/transport.py", line 2272, in _check_banner
2023-02-24 13:30:16,303 p=32310 u=rob n=p=32310 u=rob | paramiko [branch] |     raise SSHException(
2023-02-24 13:30:16,303 p=32310 u=rob n=p=32310 u=rob | paramiko [branch] | paramiko.ssh_exception.SSHException: Error reading SSH protocol banner
2023-02-24 13:30:16,303 p=32310 u=rob n=p=32310 u=rob | paramiko [branch] | 
2023-02-24 13:30:16,338 p=32309 u=rob n=p=32309 u=rob | paramiko [central] | Exception (client): Error reading SSH protocol banner
2023-02-24 13:30:16,339 p=32309 u=rob n=p=32309 u=rob | paramiko [central] | Traceback (most recent call last):
2023-02-24 13:30:16,339 p=32309 u=rob n=p=32309 u=rob | paramiko [central] |   File "/Users/rob/.local/share/virtualenvs/vyos-eveng-b9X2mBdh/lib/python3.9/site-packages/paramiko/transport.py", line 2268, in _check_banner
2023-02-24 13:30:16,339 p=32309 u=rob n=p=32309 u=rob | paramiko [central] |     buf = self.packetizer.readline(timeout)
2023-02-24 13:30:16,339 p=32309 u=rob n=p=32309 u=rob | paramiko [central] |   File "/Users/rob/.local/share/virtualenvs/vyos-eveng-b9X2mBdh/lib/python3.9/site-packages/paramiko/packet.py", line 374, in readline
2023-02-24 13:30:16,339 p=32309 u=rob n=p=32309 u=rob | paramiko [central] |     buf += self._read_timeout(timeout)
2023-02-24 13:30:16,340 p=32309 u=rob n=p=32309 u=rob | paramiko [central] |   File "/Users/rob/.local/share/virtualenvs/vyos-eveng-b9X2mBdh/lib/python3.9/site-packages/paramiko/packet.py", line 611, in _read_timeout
2023-02-24 13:30:16,340 p=32309 u=rob n=p=32309 u=rob | paramiko [central] |     raise socket.timeout()
2023-02-24 13:30:16,340 p=32309 u=rob n=p=32309 u=rob | paramiko [central] | socket.timeout
2023-02-24 13:30:16,340 p=32309 u=rob n=p=32309 u=rob | paramiko [central] | 
2023-02-24 13:30:16,340 p=32309 u=rob n=p=32309 u=rob | paramiko [central] | During handling of the above exception, another exception occurred:
2023-02-24 13:30:16,340 p=32309 u=rob n=p=32309 u=rob | paramiko [central] | 
2023-02-24 13:30:16,341 p=32309 u=rob n=p=32309 u=rob | paramiko [central] | Traceback (most recent call last):
2023-02-24 13:30:16,341 p=32309 u=rob n=p=32309 u=rob | paramiko [central] |   File "/Users/rob/.local/share/virtualenvs/vyos-eveng-b9X2mBdh/lib/python3.9/site-packages/paramiko/transport.py", line 2091, in run
2023-02-24 13:30:16,341 p=32309 u=rob n=p=32309 u=rob | paramiko [central] |     self._check_banner()
2023-02-24 13:30:16,341 p=32309 u=rob n=p=32309 u=rob | paramiko [central] |   File "/Users/rob/.local/share/virtualenvs/vyos-eveng-b9X2mBdh/lib/python3.9/site-packages/paramiko/transport.py", line 2272, in _check_banner
2023-02-24 13:30:16,341 p=32309 u=rob n=p=32309 u=rob | paramiko [central] |     raise SSHException(
2023-02-24 13:30:16,341 p=32309 u=rob n=p=32309 u=rob | paramiko [central] | paramiko.ssh_exception.SSHException: Error reading SSH protocol banner
2023-02-24 13:30:16,341 p=32309 u=rob n=p=32309 u=rob | paramiko [central] | 
2023-02-24 13:30:47,333 p=32310 u=rob n=p=32310 u=rob | paramiko [branch] | Exception (client): Error reading SSH protocol banner
2023-02-24 13:30:47,334 p=32310 u=rob n=p=32310 u=rob | paramiko [branch] | Traceback (most recent call last):
2023-02-24 13:30:47,334 p=32310 u=rob n=p=32310 u=rob | paramiko [branch] |   File "/Users/rob/.local/share/virtualenvs/vyos-eveng-b9X2mBdh/lib/python3.9/site-packages/paramiko/transport.py", line 2268, in _check_banner
2023-02-24 13:30:47,334 p=32310 u=rob n=p=32310 u=rob | paramiko [branch] |     buf = self.packetizer.readline(timeout)
2023-02-24 13:30:47,334 p=32310 u=rob n=p=32310 u=rob | paramiko [branch] |   File "/Users/rob/.local/share/virtualenvs/vyos-eveng-b9X2mBdh/lib/python3.9/site-packages/paramiko/packet.py", line 374, in readline
2023-02-24 13:30:47,334 p=32310 u=rob n=p=32310 u=rob | paramiko [branch] |     buf += self._read_timeout(timeout)
2023-02-24 13:30:47,335 p=32310 u=rob n=p=32310 u=rob | paramiko [branch] |   File "/Users/rob/.local/share/virtualenvs/vyos-eveng-b9X2mBdh/lib/python3.9/site-packages/paramiko/packet.py", line 611, in _read_timeout
2023-02-24 13:30:47,335 p=32310 u=rob n=p=32310 u=rob | paramiko [branch] |     raise socket.timeout()
2023-02-24 13:30:47,335 p=32310 u=rob n=p=32310 u=rob | paramiko [branch] | socket.timeout
2023-02-24 13:30:47,335 p=32310 u=rob n=p=32310 u=rob | paramiko [branch] | 
2023-02-24 13:30:47,335 p=32310 u=rob n=p=32310 u=rob | paramiko [branch] | During handling of the above exception, another exception occurred:
2023-02-24 13:30:47,335 p=32310 u=rob n=p=32310 u=rob | paramiko [branch] | 
2023-02-24 13:30:47,336 p=32310 u=rob n=p=32310 u=rob | paramiko [branch] | Traceback (most recent call last):
2023-02-24 13:30:47,336 p=32310 u=rob n=p=32310 u=rob | paramiko [branch] |   File "/Users/rob/.local/share/virtualenvs/vyos-eveng-b9X2mBdh/lib/python3.9/site-packages/paramiko/transport.py", line 2091, in run
2023-02-24 13:30:47,336 p=32310 u=rob n=p=32310 u=rob | paramiko [branch] |     self._check_banner()
2023-02-24 13:30:47,336 p=32310 u=rob n=p=32310 u=rob | paramiko [branch] |   File "/Users/rob/.local/share/virtualenvs/vyos-eveng-b9X2mBdh/lib/python3.9/site-packages/paramiko/transport.py", line 2272, in _check_banner
2023-02-24 13:30:47,336 p=32310 u=rob n=p=32310 u=rob | paramiko [branch] |     raise SSHException(
2023-02-24 13:30:47,337 p=32310 u=rob n=p=32310 u=rob | paramiko [branch] | paramiko.ssh_exception.SSHException: Error reading SSH protocol banner
2023-02-24 13:30:47,337 p=32310 u=rob n=p=32310 u=rob | paramiko [branch] | 
2023-02-24 13:30:47,368 p=32309 u=rob n=p=32309 u=rob | paramiko [central] | Exception (client): Error reading SSH protocol banner
2023-02-24 13:30:47,368 p=32309 u=rob n=p=32309 u=rob | paramiko [central] | Traceback (most recent call last):
2023-02-24 13:30:47,368 p=32309 u=rob n=p=32309 u=rob | paramiko [central] |   File "/Users/rob/.local/share/virtualenvs/vyos-eveng-b9X2mBdh/lib/python3.9/site-packages/paramiko/transport.py", line 2268, in _check_banner
2023-02-24 13:30:47,368 p=32309 u=rob n=p=32309 u=rob | paramiko [central] |     buf = self.packetizer.readline(timeout)
2023-02-24 13:30:47,369 p=32309 u=rob n=p=32309 u=rob | paramiko [central] |   File "/Users/rob/.local/share/virtualenvs/vyos-eveng-b9X2mBdh/lib/python3.9/site-packages/paramiko/packet.py", line 374, in readline
2023-02-24 13:30:47,369 p=32309 u=rob n=p=32309 u=rob | paramiko [central] |     buf += self._read_timeout(timeout)
2023-02-24 13:30:47,369 p=32309 u=rob n=p=32309 u=rob | paramiko [central] |   File "/Users/rob/.local/share/virtualenvs/vyos-eveng-b9X2mBdh/lib/python3.9/site-packages/paramiko/packet.py", line 611, in _read_timeout
2023-02-24 13:30:47,369 p=32309 u=rob n=p=32309 u=rob | paramiko [central] |     raise socket.timeout()
2023-02-24 13:30:47,369 p=32309 u=rob n=p=32309 u=rob | paramiko [central] | socket.timeout
2023-02-24 13:30:47,369 p=32309 u=rob n=p=32309 u=rob | paramiko [central] | 
2023-02-24 13:30:47,369 p=32309 u=rob n=p=32309 u=rob | paramiko [central] | During handling of the above exception, another exception occurred:
2023-02-24 13:30:47,370 p=32309 u=rob n=p=32309 u=rob | paramiko [central] | 
2023-02-24 13:30:47,370 p=32309 u=rob n=p=32309 u=rob | paramiko [central] | Traceback (most recent call last):
2023-02-24 13:30:47,370 p=32309 u=rob n=p=32309 u=rob | paramiko [central] |   File "/Users/rob/.local/share/virtualenvs/vyos-eveng-b9X2mBdh/lib/python3.9/site-packages/paramiko/transport.py", line 2091, in run
2023-02-24 13:30:47,370 p=32309 u=rob n=p=32309 u=rob | paramiko [central] |     self._check_banner()
2023-02-24 13:30:47,370 p=32309 u=rob n=p=32309 u=rob | paramiko [central] |   File "/Users/rob/.local/share/virtualenvs/vyos-eveng-b9X2mBdh/lib/python3.9/site-packages/paramiko/transport.py", line 2272, in _check_banner
2023-02-24 13:30:47,371 p=32309 u=rob n=p=32309 u=rob | paramiko [central] |     raise SSHException(
2023-02-24 13:30:47,371 p=32309 u=rob n=p=32309 u=rob | paramiko [central] | paramiko.ssh_exception.SSHException: Error reading SSH protocol banner
2023-02-24 13:30:47,371 p=32309 u=rob n=p=32309 u=rob | paramiko [central] | 
2023-02-24 13:30:48,995 p=32309 u=rob n=p=32309 u=rob | paramiko [central] | Connected (version 2.0, client OpenSSH_8.4p1)
2023-02-24 13:30:49,002 p=32310 u=rob n=p=32310 u=rob | paramiko [branch] | Connected (version 2.0, client OpenSSH_8.4p1)
2023-02-24 13:30:49,227 p=32310 u=rob n=p=32310 u=rob | paramiko [branch] | Authentication (publickey) successful!
2023-02-24 13:30:49,230 p=32309 u=rob n=p=32309 u=rob | paramiko [central] | Authentication (publickey) successful!
2023-02-24 13:30:50,406 p=31720 u=rob n=ansible | ok: [branch]
2023-02-24 13:30:50,410 p=31720 u=rob n=ansible | ok: [central]
2023-02-24 13:30:50,413 p=31720 u=rob n=ansible | TASK [eve-ng-lab-test : Wireguard: Login to EVE-NG and get Cookie] **********************************************************************************************
2023-02-24 13:30:50,435 p=31720 u=rob n=ansible | skipping: [vyos-oobm]
2023-02-24 13:30:50,437 p=31720 u=rob n=ansible | skipping: [central]
2023-02-24 13:30:50,443 p=31720 u=rob n=ansible | skipping: [branch]
2023-02-24 13:30:51,555 p=31720 u=rob n=ansible | ok: [eveng]
2023-02-24 13:30:51,560 p=31720 u=rob n=ansible | TASK [eve-ng-lab-test : Wireguard: stop nodes id] ***************************************************************************************************************
2023-02-24 13:30:51,585 p=31720 u=rob n=ansible | skipping: [eveng]
2023-02-24 13:30:51,588 p=31720 u=rob n=ansible | skipping: [vyos-oobm]
2023-02-24 13:30:51,594 p=31720 u=rob n=ansible | skipping: [central]
2023-02-24 13:30:51,600 p=31720 u=rob n=ansible | skipping: [branch]
2023-02-24 13:30:51,604 p=31720 u=rob n=ansible | TASK [eve-ng-lab-test : Wireguard: wait after stop] *************************************************************************************************************
2023-02-24 13:30:51,618 p=31720 u=rob n=ansible | Pausing for 5 seconds
2023-02-24 13:30:51,619 p=31720 u=rob n=ansible | (ctrl+C then 'C' = continue early, ctrl+C then 'A' = abort)
2023-02-24 13:30:56,626 p=31720 u=rob n=ansible | ok: [eveng]
2023-02-24 13:30:56,631 p=31720 u=rob n=ansible | TASK [eve-ng-lab-test : Wireguard: start nodes id] **************************************************************************************************************
2023-02-24 13:30:56,656 p=31720 u=rob n=ansible | skipping: [eveng]
2023-02-24 13:30:56,661 p=31720 u=rob n=ansible | skipping: [vyos-oobm]
2023-02-24 13:30:56,665 p=31720 u=rob n=ansible | skipping: [central]
2023-02-24 13:30:56,672 p=31720 u=rob n=ansible | skipping: [branch]
2023-02-24 13:30:56,676 p=31720 u=rob n=ansible | TASK [eve-ng-lab-test : Wireguard: wait after start] ************************************************************************************************************
2023-02-24 13:30:56,690 p=31720 u=rob n=ansible | Pausing for 5 seconds
2023-02-24 13:30:56,690 p=31720 u=rob n=ansible | (ctrl+C then 'C' = continue early, ctrl+C then 'A' = abort)
2023-02-24 13:31:01,703 p=31720 u=rob n=ansible | ok: [eveng]
2023-02-24 13:31:01,708 p=31720 u=rob n=ansible | TASK [eve-ng-lab-test : Wireguard: wait, b/c the ping often failed without a short break] ***********************************************************************
2023-02-24 13:31:01,732 p=31720 u=rob n=ansible | Pausing for 30 seconds
2023-02-24 13:31:01,732 p=31720 u=rob n=ansible | (ctrl+C then 'C' = continue early, ctrl+C then 'A' = abort)
2023-02-24 13:31:31,744 p=31720 u=rob n=ansible | ok: [eveng]
2023-02-24 13:31:31,750 p=31720 u=rob n=ansible | TASK [eve-ng-lab-test : Wireguard: do ping test] ****************************************************************************************************************
2023-02-24 13:31:31,776 p=31720 u=rob n=ansible | skipping: [eveng]
2023-02-24 13:31:31,779 p=31720 u=rob n=ansible | skipping: [vyos-oobm]
2023-02-24 13:31:32,777 p=31720 u=rob n=ansible | network_os is set to vyos
2023-02-24 13:31:32,778 p=31720 u=rob n=ansible | network_os is set to vyos
2023-02-24 13:31:32,778 p=31720 u=rob n=ansible | [WARNING]: ansible-pylibssh not installed, falling back to paramiko

2023-02-24 13:31:32,778 p=31720 u=rob n=ansible | [WARNING]: ansible-pylibssh not installed, falling back to paramiko

2023-02-24 13:31:32,787 p=32652 u=rob n=ansible | [DEPRECATION WARNING]: PlayContext.verbosity is deprecated, use 
ansible.utils.display.Display.verbosity instead. This feature will be removed 
in version 2.18. Deprecation warnings can be disabled by setting 
deprecation_warnings=False in ansible.cfg.
2023-02-24 13:31:32,788 p=32653 u=rob n=ansible | [DEPRECATION WARNING]: PlayContext.verbosity is deprecated, use 
ansible.utils.display.Display.verbosity instead. This feature will be removed 
in version 2.18. Deprecation warnings can be disabled by setting 
deprecation_warnings=False in ansible.cfg.
2023-02-24 13:31:33,425 p=32653 u=rob n=p=32653 u=rob | paramiko [central] | Connected (version 2.0, client OpenSSH_8.4p1)
2023-02-24 13:31:33,432 p=32652 u=rob n=p=32652 u=rob | paramiko [branch] | Connected (version 2.0, client OpenSSH_8.4p1)
2023-02-24 13:31:33,660 p=32653 u=rob n=p=32653 u=rob | paramiko [central] | Authentication (publickey) successful!
2023-02-24 13:31:33,671 p=32652 u=rob n=p=32652 u=rob | paramiko [branch] | Authentication (publickey) successful!
2023-02-24 13:31:39,870 p=31720 u=rob n=ansible | ok: [central] => (item=10.0.2.100)
2023-02-24 13:31:39,887 p=31720 u=rob n=ansible | ok: [branch] => (item=10.0.1.100)
2023-02-24 13:31:39,892 p=31720 u=rob n=ansible | TASK [eve-ng-lab-test : Wireguard: execute test commands] *******************************************************************************************************
2023-02-24 13:31:39,920 p=31720 u=rob n=ansible | skipping: [eveng]
2023-02-24 13:31:39,920 p=31720 u=rob n=ansible | skipping: [vyos-oobm]
2023-02-24 13:31:41,022 p=31720 u=rob n=ansible | ok: [central] => (item={'desc': 'Test if IP is set to interface', 'command': "ip -4 addr show dev eth2 | grep inet | tr -s ' ' | cut -d' ' -f3 | head -n 1", 'wait_for': ['result[0] contains "10.0.1.254/24"']})
2023-02-24 13:31:41,332 p=31720 u=rob n=ansible | ok: [branch] => (item={'desc': 'show interfaces wireguard', 'command': 'show interfaces wireguard', 'wait_for': ['result[0] contains "S - State, L - Link, u - Up, D - Down, A - Admin Down"', 'result[0] contains "Interface        IP Address                        S/L  Description"', 'result[0] contains "---------        ----------                        ---  -----------"', 'result[0] contains "wg01             192.168.0.2/24                    u/u  VPN-to-central"']})
2023-02-24 13:31:42,400 p=31720 u=rob n=ansible | ok: [central] => (item={'desc': 'show interfaces wireguard', 'command': 'show interfaces wireguard', 'wait_for': ['result[0] contains "S - State, L - Link, u - Up, D - Down, A - Admin Down"', 'result[0] contains "Interface        IP Address                        S/L  Description"', 'result[0] contains "---------        ----------                        ---  -----------"', 'result[0] contains "wg01             192.168.0.1/24                    u/u  VPN-to-Branch"']})
2023-02-24 13:31:42,407 p=31720 u=rob n=ansible | TASK [eve-ng-lab-test : Wireguard: register stdout commands] ****************************************************************************************************
2023-02-24 13:31:42,434 p=31720 u=rob n=ansible | skipping: [eveng]
2023-02-24 13:31:42,438 p=31720 u=rob n=ansible | skipping: [vyos-oobm]
2023-02-24 13:31:42,447 p=31720 u=rob n=ansible | skipping: [central] => (item={'name': 'show_interfaces_wireguard', 'command': 'show interfaces wireguard'}) 
2023-02-24 13:31:42,451 p=31720 u=rob n=ansible | skipping: [branch] => (item={'name': 'show_interfaces_wireguard', 'command': 'show interfaces wireguard'}) 
2023-02-24 13:31:42,454 p=31720 u=rob n=ansible | skipping: [central] => (item={'name': 'ping_branch_pc', 'command': 'ping 10.0.2.100 count 4'}) 
2023-02-24 13:31:42,456 p=31720 u=rob n=ansible | skipping: [branch]
2023-02-24 13:31:42,456 p=31720 u=rob n=ansible | skipping: [central]
2023-02-24 13:31:42,460 p=31720 u=rob n=ansible | TASK [eve-ng-lab-test : Wireguard: Set variables] ***************************************************************************************************************
2023-02-24 13:31:42,481 p=31720 u=rob n=ansible | skipping: [eveng]
2023-02-24 13:31:42,484 p=31720 u=rob n=ansible | skipping: [vyos-oobm]
2023-02-24 13:31:42,488 p=31720 u=rob n=ansible | skipping: [central]
2023-02-24 13:31:42,495 p=31720 u=rob n=ansible | skipping: [branch]
2023-02-24 13:31:42,500 p=31720 u=rob n=ansible | TASK [eve-ng-lab-test : Wireguard: ake sure tmp dir exist] ******************************************************************************************************
2023-02-24 13:31:42,519 p=31720 u=rob n=ansible | skipping: [eveng]
2023-02-24 13:31:42,528 p=31720 u=rob n=ansible | skipping: [vyos-oobm]
2023-02-24 13:31:42,530 p=31720 u=rob n=ansible | skipping: [central]
2023-02-24 13:31:42,535 p=31720 u=rob n=ansible | skipping: [branch]
2023-02-24 13:31:42,539 p=31720 u=rob n=ansible | TASK [eve-ng-lab-test : Wireguard: register status of tmp/] *****************************************************************************************************
2023-02-24 13:31:42,555 p=31720 u=rob n=ansible | skipping: [eveng]
2023-02-24 13:31:42,563 p=31720 u=rob n=ansible | skipping: [vyos-oobm]
2023-02-24 13:31:42,565 p=31720 u=rob n=ansible | skipping: [central]
2023-02-24 13:31:42,570 p=31720 u=rob n=ansible | skipping: [branch]
2023-02-24 13:31:42,574 p=31720 u=rob n=ansible | TASK [eve-ng-lab-test : Wireguard: ownload upgrade_iso] *********************************************************************************************************
2023-02-24 13:31:42,593 p=31720 u=rob n=ansible | skipping: [eveng]
2023-02-24 13:31:42,601 p=31720 u=rob n=ansible | skipping: [vyos-oobm]
2023-02-24 13:31:42,603 p=31720 u=rob n=ansible | skipping: [central]
2023-02-24 13:31:42,609 p=31720 u=rob n=ansible | skipping: [branch]
2023-02-24 13:31:42,614 p=31720 u=rob n=ansible | TASK [eve-ng-lab-test : Wireguard: Copy iso to host] ************************************************************************************************************
2023-02-24 13:31:42,630 p=31720 u=rob n=ansible | skipping: [eveng]
2023-02-24 13:31:42,638 p=31720 u=rob n=ansible | skipping: [vyos-oobm]
2023-02-24 13:31:42,640 p=31720 u=rob n=ansible | skipping: [central]
2023-02-24 13:31:42,646 p=31720 u=rob n=ansible | skipping: [branch]
2023-02-24 13:31:42,649 p=31720 u=rob n=ansible | TASK [eve-ng-lab-test : Wireguard: upgrade vyos] ****************************************************************************************************************
2023-02-24 13:31:42,666 p=31720 u=rob n=ansible | skipping: [eveng]
2023-02-24 13:31:42,674 p=31720 u=rob n=ansible | skipping: [vyos-oobm]
2023-02-24 13:31:42,676 p=31720 u=rob n=ansible | skipping: [central]
2023-02-24 13:31:42,682 p=31720 u=rob n=ansible | skipping: [branch]
2023-02-24 13:31:42,685 p=31720 u=rob n=ansible | TASK [eve-ng-lab-test : Wireguard: Reboot vyos] *****************************************************************************************************************
2023-02-24 13:31:42,702 p=31720 u=rob n=ansible | skipping: [eveng]
2023-02-24 13:31:42,710 p=31720 u=rob n=ansible | skipping: [vyos-oobm]
2023-02-24 13:31:42,712 p=31720 u=rob n=ansible | skipping: [central]
2023-02-24 13:31:42,717 p=31720 u=rob n=ansible | skipping: [branch]
2023-02-24 13:31:42,721 p=31720 u=rob n=ansible | TASK [eve-ng-lab-test : Wireguard: wait while shutdown] *********************************************************************************************************
2023-02-24 13:31:42,732 p=31720 u=rob n=ansible | skipping: [eveng]
2023-02-24 13:31:42,735 p=31720 u=rob n=ansible | TASK [eve-ng-lab-test : Wireguard: Wait for vyos nodes] *********************************************************************************************************
2023-02-24 13:31:42,750 p=31720 u=rob n=ansible | skipping: [eveng]
2023-02-24 13:31:42,757 p=31720 u=rob n=ansible | skipping: [vyos-oobm]
2023-02-24 13:31:42,760 p=31720 u=rob n=ansible | skipping: [central]
2023-02-24 13:31:42,765 p=31720 u=rob n=ansible | skipping: [branch]
2023-02-24 13:31:42,770 p=31720 u=rob n=ansible | TASK [eve-ng-lab-test : Wireguard: clear tmp dir] ***************************************************************************************************************
2023-02-24 13:31:42,781 p=31720 u=rob n=ansible | skipping: [eveng]
2023-02-24 13:31:42,784 p=31720 u=rob n=ansible | TASK [eve-ng-lab-test : Wireguard: Login to EVE-NG and get Cookie] **********************************************************************************************
2023-02-24 13:31:42,799 p=31720 u=rob n=ansible | skipping: [eveng]
2023-02-24 13:31:42,809 p=31720 u=rob n=ansible | skipping: [vyos-oobm]
2023-02-24 13:31:42,809 p=31720 u=rob n=ansible | skipping: [central]
2023-02-24 13:31:42,815 p=31720 u=rob n=ansible | skipping: [branch]
2023-02-24 13:31:42,818 p=31720 u=rob n=ansible | TASK [eve-ng-lab-test : Wireguard: stop nodes id] ***************************************************************************************************************
2023-02-24 13:31:42,840 p=31720 u=rob n=ansible | skipping: [eveng]
2023-02-24 13:31:42,843 p=31720 u=rob n=ansible | skipping: [vyos-oobm]
2023-02-24 13:31:42,848 p=31720 u=rob n=ansible | skipping: [central]
2023-02-24 13:31:42,853 p=31720 u=rob n=ansible | skipping: [branch]
2023-02-24 13:31:42,856 p=31720 u=rob n=ansible | TASK [eve-ng-lab-test : Wireguard: wait after stop] *************************************************************************************************************
2023-02-24 13:31:42,867 p=31720 u=rob n=ansible | skipping: [eveng]
2023-02-24 13:31:42,870 p=31720 u=rob n=ansible | TASK [eve-ng-lab-test : Wireguard: start nodes id] **************************************************************************************************************
2023-02-24 13:31:42,892 p=31720 u=rob n=ansible | skipping: [eveng]
2023-02-24 13:31:42,894 p=31720 u=rob n=ansible | skipping: [vyos-oobm]
2023-02-24 13:31:42,900 p=31720 u=rob n=ansible | skipping: [central]
2023-02-24 13:31:42,906 p=31720 u=rob n=ansible | skipping: [branch]
2023-02-24 13:31:42,910 p=31720 u=rob n=ansible | TASK [eve-ng-lab-test : Wireguard: wait after start] ************************************************************************************************************
2023-02-24 13:31:42,921 p=31720 u=rob n=ansible | skipping: [eveng]
2023-02-24 13:31:42,924 p=31720 u=rob n=ansible | TASK [eve-ng-lab-test : Wireguard: wait, b/c the ping often failed without a short break] ***********************************************************************
2023-02-24 13:31:42,934 p=31720 u=rob n=ansible | skipping: [eveng]
2023-02-24 13:31:42,937 p=31720 u=rob n=ansible | TASK [eve-ng-lab-test : Wireguard: do ping test] ****************************************************************************************************************
2023-02-24 13:31:42,952 p=31720 u=rob n=ansible | skipping: [eveng]
2023-02-24 13:31:42,960 p=31720 u=rob n=ansible | skipping: [vyos-oobm]
2023-02-24 13:31:42,965 p=31720 u=rob n=ansible | skipping: [central] => (item=10.0.2.100) 
2023-02-24 13:31:42,966 p=31720 u=rob n=ansible | skipping: [central]
2023-02-24 13:31:42,972 p=31720 u=rob n=ansible | skipping: [branch] => (item=10.0.1.100) 
2023-02-24 13:31:42,973 p=31720 u=rob n=ansible | skipping: [branch]
2023-02-24 13:31:42,976 p=31720 u=rob n=ansible | TASK [eve-ng-lab-test : Wireguard: execute test commands] *******************************************************************************************************
2023-02-24 13:31:42,993 p=31720 u=rob n=ansible | skipping: [eveng]
2023-02-24 13:31:43,001 p=31720 u=rob n=ansible | skipping: [vyos-oobm]
2023-02-24 13:31:43,008 p=31720 u=rob n=ansible | skipping: [central] => (item={'desc': 'Test if IP is set to interface', 'command': "ip -4 addr show dev eth2 | grep inet | tr -s ' ' | cut -d' ' -f3 | head -n 1", 'wait_for': ['result[0] contains "10.0.1.254/24"']}) 
2023-02-24 13:31:43,009 p=31720 u=rob n=ansible | skipping: [central] => (item={'desc': 'show interfaces wireguard', 'command': 'show interfaces wireguard', 'wait_for': ['result[0] contains "S - State, L - Link, u - Up, D - Down, A - Admin Down"', 'result[0] contains "Interface        IP Address                        S/L  Description"', 'result[0] contains "---------        ----------                        ---  -----------"', 'result[0] contains "wg01             192.168.0.1/24                    u/u  VPN-to-Branch"']}) 
2023-02-24 13:31:43,011 p=31720 u=rob n=ansible | skipping: [central]
2023-02-24 13:31:43,012 p=31720 u=rob n=ansible | skipping: [branch] => (item={'desc': 'show interfaces wireguard', 'command': 'show interfaces wireguard', 'wait_for': ['result[0] contains "S - State, L - Link, u - Up, D - Down, A - Admin Down"', 'result[0] contains "Interface        IP Address                        S/L  Description"', 'result[0] contains "---------        ----------                        ---  -----------"', 'result[0] contains "wg01             192.168.0.2/24                    u/u  VPN-to-central"']}) 
2023-02-24 13:31:43,014 p=31720 u=rob n=ansible | skipping: [branch]
2023-02-24 13:31:43,017 p=31720 u=rob n=ansible | TASK [eve-ng-lab-test : Wireguard: register stdout commands] ****************************************************************************************************
2023-02-24 13:31:43,040 p=31720 u=rob n=ansible | skipping: [eveng]
2023-02-24 13:31:43,040 p=31720 u=rob n=ansible | skipping: [vyos-oobm]
2023-02-24 13:31:43,046 p=31720 u=rob n=ansible | skipping: [central] => (item={'name': 'show_interfaces_wireguard', 'command': 'show interfaces wireguard'}) 
2023-02-24 13:31:43,047 p=31720 u=rob n=ansible | skipping: [central] => (item={'name': 'ping_branch_pc', 'command': 'ping 10.0.2.100 count 4'}) 
2023-02-24 13:31:43,049 p=31720 u=rob n=ansible | skipping: [central]
2023-02-24 13:31:43,051 p=31720 u=rob n=ansible | skipping: [branch] => (item={'name': 'show_interfaces_wireguard', 'command': 'show interfaces wireguard'}) 
2023-02-24 13:31:43,052 p=31720 u=rob n=ansible | skipping: [branch]
2023-02-24 13:31:43,056 p=31720 u=rob n=ansible | TASK [eve-ng-lab-test : Wireguard: Set variables] ***************************************************************************************************************
2023-02-24 13:31:43,071 p=31720 u=rob n=ansible | skipping: [eveng]
2023-02-24 13:31:43,078 p=31720 u=rob n=ansible | skipping: [vyos-oobm]
2023-02-24 13:31:43,080 p=31720 u=rob n=ansible | skipping: [central]
2023-02-24 13:31:43,086 p=31720 u=rob n=ansible | skipping: [branch]
2023-02-24 13:31:43,091 p=31720 u=rob n=ansible | TASK [eve-ng-lab-test : Wireguard: make sure output dir exist] **************************************************************************************************
2023-02-24 13:31:43,118 p=31720 u=rob n=ansible | skipping: [vyos-oobm]
2023-02-24 13:31:43,119 p=31720 u=rob n=ansible | skipping: [central]
2023-02-24 13:31:43,127 p=31720 u=rob n=ansible | skipping: [branch]
2023-02-24 13:31:43,250 p=31720 u=rob n=ansible | ok: [eveng -> localhost]
2023-02-24 13:31:43,255 p=31720 u=rob n=ansible | TASK [eve-ng-lab-test : Wireguard: make sure output include dir exist] ******************************************************************************************
2023-02-24 13:31:43,280 p=31720 u=rob n=ansible | skipping: [vyos-oobm]
2023-02-24 13:31:43,283 p=31720 u=rob n=ansible | skipping: [central]
2023-02-24 13:31:43,288 p=31720 u=rob n=ansible | skipping: [branch]
2023-02-24 13:31:43,409 p=31720 u=rob n=ansible | ok: [eveng -> localhost]
2023-02-24 13:31:43,413 p=31720 u=rob n=ansible | TASK [eve-ng-lab-test : Wireguard: Get timestamp from the system] ***********************************************************************************************
2023-02-24 13:31:43,434 p=31720 u=rob n=ansible | skipping: [vyos-oobm]
2023-02-24 13:31:43,436 p=31720 u=rob n=ansible | skipping: [central]
2023-02-24 13:31:43,443 p=31720 u=rob n=ansible | skipping: [branch]
2023-02-24 13:31:43,626 p=31720 u=rob n=ansible | changed: [eveng]
2023-02-24 13:31:43,631 p=31720 u=rob n=ansible | TASK [eve-ng-lab-test : Wireguard: Set variables] ***************************************************************************************************************
2023-02-24 13:31:43,657 p=31720 u=rob n=ansible | ok: [eveng]
2023-02-24 13:31:43,657 p=31720 u=rob n=ansible | skipping: [vyos-oobm]
2023-02-24 13:31:43,659 p=31720 u=rob n=ansible | skipping: [central]
2023-02-24 13:31:43,664 p=31720 u=rob n=ansible | skipping: [branch]
2023-02-24 13:31:43,669 p=31720 u=rob n=ansible | TASK [eve-ng-lab-test : Wireguard: generate lab rst file] *******************************************************************************************************
2023-02-24 13:31:43,694 p=31720 u=rob n=ansible | skipping: [vyos-oobm]
2023-02-24 13:31:43,696 p=31720 u=rob n=ansible | skipping: [central]
2023-02-24 13:31:43,702 p=31720 u=rob n=ansible | skipping: [branch]
2023-02-24 13:31:43,960 p=31720 u=rob n=ansible | changed: [eveng -> localhost]
2023-02-24 13:31:43,964 p=31720 u=rob n=ansible | TASK [eve-ng-lab-test : Wireguard: find all *.conf files in Lab] ************************************************************************************************
2023-02-24 13:31:43,989 p=31720 u=rob n=ansible | skipping: [vyos-oobm]
2023-02-24 13:31:43,991 p=31720 u=rob n=ansible | skipping: [central]
2023-02-24 13:31:43,997 p=31720 u=rob n=ansible | skipping: [branch]
2023-02-24 13:31:44,179 p=31720 u=rob n=ansible | ok: [eveng -> localhost]
2023-02-24 13:31:44,185 p=31720 u=rob n=ansible | TASK [eve-ng-lab-test : Wireguard: copy all *.conf files] *******************************************************************************************************
2023-02-24 13:31:44,214 p=31720 u=rob n=ansible | skipping: [vyos-oobm]
2023-02-24 13:31:44,216 p=31720 u=rob n=ansible | skipping: [central]
2023-02-24 13:31:44,222 p=31720 u=rob n=ansible | skipping: [branch]
2023-02-24 13:31:44,491 p=31720 u=rob n=ansible | changed: [eveng -> localhost] => (item={'path': 'labs/Wireguard/branch.conf', 'mode': '0644', 'isdir': False, 'ischr': False, 'isblk': False, 'isreg': True, 'isfifo': False, 'islnk': False, 'issock': False, 'uid': 501, 'gid': 20, 'size': 736, 'inode': 2787119, 'dev': 16777233, 'nlink': 1, 'atime': 1676578675.4242957, 'mtime': 1676578673.5863633, 'ctime': 1676578673.5863633, 'gr_name': 'staff', 'pw_name': 'rob', 'wusr': True, 'rusr': True, 'xusr': False, 'wgrp': False, 'rgrp': True, 'xgrp': False, 'woth': False, 'roth': True, 'xoth': False, 'isuid': False, 'isgid': False})
2023-02-24 13:31:44,751 p=31720 u=rob n=ansible | changed: [eveng -> localhost] => (item={'path': 'labs/Wireguard/central.conf', 'mode': '0644', 'isdir': False, 'ischr': False, 'isblk': False, 'isreg': True, 'isfifo': False, 'islnk': False, 'issock': False, 'uid': 501, 'gid': 20, 'size': 730, 'inode': 2787120, 'dev': 16777233, 'nlink': 1, 'atime': 1676578675.403089, 'mtime': 1676578673.58662, 'ctime': 1676578673.58662, 'gr_name': 'staff', 'pw_name': 'rob', 'wusr': True, 'rusr': True, 'xusr': False, 'wgrp': False, 'rgrp': True, 'xgrp': False, 'woth': False, 'roth': True, 'xoth': False, 'isuid': False, 'isgid': False})
2023-02-24 13:31:44,757 p=31720 u=rob n=ansible | TASK [eve-ng-lab-test : Wireguard: find all *.png files in Lab] *************************************************************************************************
2023-02-24 13:31:44,782 p=31720 u=rob n=ansible | skipping: [vyos-oobm]
2023-02-24 13:31:44,784 p=31720 u=rob n=ansible | skipping: [central]
2023-02-24 13:31:44,790 p=31720 u=rob n=ansible | skipping: [branch]
2023-02-24 13:31:44,910 p=31720 u=rob n=ansible | ok: [eveng -> localhost]
2023-02-24 13:31:44,916 p=31720 u=rob n=ansible | TASK [eve-ng-lab-test : Wireguard: copy all *.png files] ********************************************************************************************************
2023-02-24 13:31:44,945 p=31720 u=rob n=ansible | skipping: [vyos-oobm]
2023-02-24 13:31:44,945 p=31720 u=rob n=ansible | skipping: [central]
2023-02-24 13:31:44,955 p=31720 u=rob n=ansible | skipping: [branch]
2023-02-24 13:31:45,183 p=31720 u=rob n=ansible | ok: [eveng -> localhost] => (item={'path': 'labs/Wireguard/topology.png', 'mode': '0644', 'isdir': False, 'ischr': False, 'isblk': False, 'isreg': True, 'isfifo': False, 'islnk': False, 'issock': False, 'uid': 501, 'gid': 20, 'size': 158227, 'inode': 362576, 'dev': 16777233, 'nlink': 1, 'atime': 1676403697.132659, 'mtime': 1648155110.0, 'ctime': 1675368464.81138, 'gr_name': 'staff', 'pw_name': 'rob', 'wusr': True, 'rusr': True, 'xusr': False, 'wgrp': False, 'rgrp': True, 'xgrp': False, 'woth': False, 'roth': True, 'xoth': False, 'isuid': False, 'isgid': False})
2023-02-24 13:31:45,188 p=31720 u=rob n=ansible | TASK [eve-ng-lab-test : Wireguard: copy ansible log files] ******************************************************************************************************
2023-02-24 13:31:45,213 p=31720 u=rob n=ansible | skipping: [vyos-oobm]
2023-02-24 13:31:45,216 p=31720 u=rob n=ansible | skipping: [central]
2023-02-24 13:31:45,222 p=31720 u=rob n=ansible | skipping: [branch]
