2022-03-28 16:02:54,842 p=58769 u=rob n=ansible | [WARNING]: While constructing a mapping from /Users/rob/git/_vyos/vyos-eveng/roles/eve-ng-lab-test/defaults/main.yml, line 4, column 1, found a duplicate dict
key (upgrade_iso). Using last defined value only.

2022-03-28 16:02:54,842 p=58769 u=rob n=ansible | [WARNING]: While constructing a mapping from /Users/rob/git/_vyos/vyos-eveng/roles/eve-ng-lab-test/defaults/main.yml, line 4, column 1, found a duplicate dict
key (upgrade_iso_version). Using last defined value only.

2022-03-28 16:02:54,876 p=58769 u=rob n=ansible | PLAY [prepare node and Lab] ***********************************************************************************************************************************
2022-03-28 16:02:54,894 p=58769 u=rob n=ansible | TASK [eve-ng-create-node : fail] ******************************************************************************************************************************
2022-03-28 16:02:54,908 p=58769 u=rob n=ansible | skipping: [eveng]
2022-03-28 16:02:54,914 p=58769 u=rob n=ansible | skipping: [vyos-oobm]
2022-03-28 16:02:54,916 p=58769 u=rob n=ansible | skipping: [central]
2022-03-28 16:02:54,919 p=58769 u=rob n=ansible | skipping: [branch]
2022-03-28 16:02:54,921 p=58769 u=rob n=ansible | TASK [eve-ng-create-node : fail] ******************************************************************************************************************************
2022-03-28 16:02:54,933 p=58769 u=rob n=ansible | skipping: [eveng]
2022-03-28 16:02:54,938 p=58769 u=rob n=ansible | skipping: [vyos-oobm]
2022-03-28 16:02:54,940 p=58769 u=rob n=ansible | skipping: [central]
2022-03-28 16:02:54,944 p=58769 u=rob n=ansible | skipping: [branch]
2022-03-28 16:02:54,947 p=58769 u=rob n=ansible | TASK [eve-ng-create-node : Login to EVE-NG and get Cookie] ****************************************************************************************************
2022-03-28 16:02:54,967 p=58769 u=rob n=ansible | skipping: [vyos-oobm]
2022-03-28 16:02:54,968 p=58769 u=rob n=ansible | skipping: [central]
2022-03-28 16:02:54,972 p=58769 u=rob n=ansible | skipping: [branch]
2022-03-28 16:02:55,945 p=58769 u=rob n=ansible | ok: [eveng]
2022-03-28 16:02:55,950 p=58769 u=rob n=ansible | TASK [eve-ng-create-node : get template facts] ****************************************************************************************************************
2022-03-28 16:02:55,975 p=58769 u=rob n=ansible | skipping: [vyos-oobm]
2022-03-28 16:02:55,977 p=58769 u=rob n=ansible | skipping: [central]
2022-03-28 16:02:55,983 p=58769 u=rob n=ansible | skipping: [branch]
2022-03-28 16:02:56,520 p=58769 u=rob n=ansible | ok: [eveng]
2022-03-28 16:02:56,523 p=58769 u=rob n=ansible | TASK [eve-ng-create-node : Register path status] **************************************************************************************************************
2022-03-28 16:02:56,545 p=58769 u=rob n=ansible | skipping: [vyos-oobm]
2022-03-28 16:02:56,547 p=58769 u=rob n=ansible | skipping: [central]
2022-03-28 16:02:56,551 p=58769 u=rob n=ansible | skipping: [branch]
2022-03-28 16:02:56,920 p=58769 u=rob n=ansible | ok: [eveng]
2022-03-28 16:02:56,925 p=58769 u=rob n=ansible | TASK [eve-ng-create-node : create path] ***********************************************************************************************************************
2022-03-28 16:02:56,942 p=58769 u=rob n=ansible | skipping: [eveng]
2022-03-28 16:02:56,949 p=58769 u=rob n=ansible | skipping: [vyos-oobm]
2022-03-28 16:02:56,951 p=58769 u=rob n=ansible | skipping: [central]
2022-03-28 16:02:56,955 p=58769 u=rob n=ansible | skipping: [branch]
2022-03-28 16:02:56,958 p=58769 u=rob n=ansible | TASK [eve-ng-create-node : Download iso] **********************************************************************************************************************
2022-03-28 16:02:56,971 p=58769 u=rob n=ansible | skipping: [eveng]
2022-03-28 16:02:56,977 p=58769 u=rob n=ansible | skipping: [vyos-oobm]
2022-03-28 16:02:56,979 p=58769 u=rob n=ansible | skipping: [central]
2022-03-28 16:02:56,983 p=58769 u=rob n=ansible | skipping: [branch]
2022-03-28 16:02:56,986 p=58769 u=rob n=ansible | TASK [eve-ng-create-node : create virtioa.qcow2 file] *********************************************************************************************************
2022-03-28 16:02:56,999 p=58769 u=rob n=ansible | skipping: [eveng]
2022-03-28 16:02:57,005 p=58769 u=rob n=ansible | skipping: [vyos-oobm]
2022-03-28 16:02:57,006 p=58769 u=rob n=ansible | skipping: [central]
2022-03-28 16:02:57,009 p=58769 u=rob n=ansible | skipping: [branch]
2022-03-28 16:02:57,011 p=58769 u=rob n=ansible | TASK [eve-ng-create-node : Login to EVE-NG and get Cookie] ****************************************************************************************************
2022-03-28 16:02:57,023 p=58769 u=rob n=ansible | skipping: [eveng]
2022-03-28 16:02:57,030 p=58769 u=rob n=ansible | skipping: [vyos-oobm]
2022-03-28 16:02:57,031 p=58769 u=rob n=ansible | skipping: [central]
2022-03-28 16:02:57,034 p=58769 u=rob n=ansible | skipping: [branch]
2022-03-28 16:02:57,036 p=58769 u=rob n=ansible | TASK [eve-ng-create-node : create lab for node install] *******************************************************************************************************
2022-03-28 16:02:57,048 p=58769 u=rob n=ansible | skipping: [eveng]
2022-03-28 16:02:57,054 p=58769 u=rob n=ansible | skipping: [vyos-oobm]
2022-03-28 16:02:57,056 p=58769 u=rob n=ansible | skipping: [central]
2022-03-28 16:02:57,059 p=58769 u=rob n=ansible | skipping: [branch]
2022-03-28 16:02:57,061 p=58769 u=rob n=ansible | TASK [eve-ng-create-node : open lab] **************************************************************************************************************************
2022-03-28 16:02:57,073 p=58769 u=rob n=ansible | skipping: [eveng]
2022-03-28 16:02:57,078 p=58769 u=rob n=ansible | skipping: [vyos-oobm]
2022-03-28 16:02:57,080 p=58769 u=rob n=ansible | skipping: [central]
2022-03-28 16:02:57,084 p=58769 u=rob n=ansible | skipping: [branch]
2022-03-28 16:02:57,086 p=58769 u=rob n=ansible | TASK [eve-ng-create-node : set_fact] **************************************************************************************************************************
2022-03-28 16:02:57,098 p=58769 u=rob n=ansible | skipping: [eveng]
2022-03-28 16:02:57,103 p=58769 u=rob n=ansible | skipping: [vyos-oobm]
2022-03-28 16:02:57,105 p=58769 u=rob n=ansible | skipping: [central]
2022-03-28 16:02:57,108 p=58769 u=rob n=ansible | skipping: [branch]
2022-03-28 16:02:57,110 p=58769 u=rob n=ansible | TASK [eve-ng-create-node : add node to lab] *******************************************************************************************************************
2022-03-28 16:02:57,122 p=58769 u=rob n=ansible | skipping: [eveng]
2022-03-28 16:02:57,127 p=58769 u=rob n=ansible | skipping: [vyos-oobm]
2022-03-28 16:02:57,129 p=58769 u=rob n=ansible | skipping: [central]
2022-03-28 16:02:57,132 p=58769 u=rob n=ansible | skipping: [branch]
2022-03-28 16:02:57,134 p=58769 u=rob n=ansible | TASK [eve-ng-create-node : start node] ************************************************************************************************************************
2022-03-28 16:02:57,146 p=58769 u=rob n=ansible | skipping: [eveng]
2022-03-28 16:02:57,152 p=58769 u=rob n=ansible | skipping: [vyos-oobm]
2022-03-28 16:02:57,154 p=58769 u=rob n=ansible | skipping: [central]
2022-03-28 16:02:57,156 p=58769 u=rob n=ansible | skipping: [branch]
2022-03-28 16:02:57,159 p=58769 u=rob n=ansible | TASK [eve-ng-create-node : get node infos] ********************************************************************************************************************
2022-03-28 16:02:57,171 p=58769 u=rob n=ansible | skipping: [eveng]
2022-03-28 16:02:57,176 p=58769 u=rob n=ansible | skipping: [vyos-oobm]
2022-03-28 16:02:57,179 p=58769 u=rob n=ansible | skipping: [central]
2022-03-28 16:02:57,182 p=58769 u=rob n=ansible | skipping: [branch]
2022-03-28 16:02:57,184 p=58769 u=rob n=ansible | TASK [eve-ng-create-node : set_fact] **************************************************************************************************************************
2022-03-28 16:02:57,195 p=58769 u=rob n=ansible | skipping: [eveng]
2022-03-28 16:02:57,200 p=58769 u=rob n=ansible | skipping: [vyos-oobm]
2022-03-28 16:02:57,202 p=58769 u=rob n=ansible | skipping: [central]
2022-03-28 16:02:57,206 p=58769 u=rob n=ansible | skipping: [branch]
2022-03-28 16:02:57,209 p=58769 u=rob n=ansible | TASK [eve-ng-create-node : copy file] *************************************************************************************************************************
2022-03-28 16:02:57,221 p=58769 u=rob n=ansible | skipping: [eveng]
2022-03-28 16:02:57,226 p=58769 u=rob n=ansible | skipping: [vyos-oobm]
2022-03-28 16:02:57,229 p=58769 u=rob n=ansible | skipping: [central]
2022-03-28 16:02:57,231 p=58769 u=rob n=ansible | skipping: [branch]
2022-03-28 16:02:57,234 p=58769 u=rob n=ansible | TASK [eve-ng-create-node : run expect script] *****************************************************************************************************************
2022-03-28 16:02:57,246 p=58769 u=rob n=ansible | skipping: [eveng]
2022-03-28 16:02:57,251 p=58769 u=rob n=ansible | skipping: [vyos-oobm]
2022-03-28 16:02:57,253 p=58769 u=rob n=ansible | skipping: [central]
2022-03-28 16:02:57,256 p=58769 u=rob n=ansible | skipping: [branch]
2022-03-28 16:02:57,258 p=58769 u=rob n=ansible | TASK [eve-ng-create-node : Login to EVE-NG and get Cookie (due timeout)] **************************************************************************************
2022-03-28 16:02:57,270 p=58769 u=rob n=ansible | skipping: [eveng]
2022-03-28 16:02:57,275 p=58769 u=rob n=ansible | skipping: [vyos-oobm]
2022-03-28 16:02:57,277 p=58769 u=rob n=ansible | skipping: [central]
2022-03-28 16:02:57,281 p=58769 u=rob n=ansible | skipping: [branch]
2022-03-28 16:02:57,283 p=58769 u=rob n=ansible | TASK [eve-ng-create-node : stop node] *************************************************************************************************************************
2022-03-28 16:02:57,294 p=58769 u=rob n=ansible | skipping: [eveng]
2022-03-28 16:02:57,300 p=58769 u=rob n=ansible | skipping: [vyos-oobm]
2022-03-28 16:02:57,301 p=58769 u=rob n=ansible | skipping: [central]
2022-03-28 16:02:57,306 p=58769 u=rob n=ansible | skipping: [branch]
2022-03-28 16:02:57,308 p=58769 u=rob n=ansible | TASK [eve-ng-create-node : Pause to wait node is shutdown] ****************************************************************************************************
2022-03-28 16:02:57,316 p=58769 u=rob n=ansible | skipping: [eveng]
2022-03-28 16:02:57,318 p=58769 u=rob n=ansible | TASK [eve-ng-create-node : delete iso] ************************************************************************************************************************
2022-03-28 16:02:57,334 p=58769 u=rob n=ansible | skipping: [eveng]
2022-03-28 16:02:57,336 p=58769 u=rob n=ansible | skipping: [vyos-oobm]
2022-03-28 16:02:57,336 p=58769 u=rob n=ansible | skipping: [central]
2022-03-28 16:02:57,340 p=58769 u=rob n=ansible | skipping: [branch]
2022-03-28 16:02:57,342 p=58769 u=rob n=ansible | TASK [eve-ng-create-node : commit virtioa.qcow2] **************************************************************************************************************
2022-03-28 16:02:57,354 p=58769 u=rob n=ansible | skipping: [eveng]
2022-03-28 16:02:57,361 p=58769 u=rob n=ansible | skipping: [vyos-oobm]
2022-03-28 16:02:57,363 p=58769 u=rob n=ansible | skipping: [central]
2022-03-28 16:02:57,365 p=58769 u=rob n=ansible | skipping: [branch]
2022-03-28 16:02:57,367 p=58769 u=rob n=ansible | TASK [eve-ng-create-node : delete lab for node install] *******************************************************************************************************
2022-03-28 16:02:57,379 p=58769 u=rob n=ansible | skipping: [eveng]
2022-03-28 16:02:57,385 p=58769 u=rob n=ansible | skipping: [vyos-oobm]
2022-03-28 16:02:57,387 p=58769 u=rob n=ansible | skipping: [central]
2022-03-28 16:02:57,389 p=58769 u=rob n=ansible | skipping: [branch]
2022-03-28 16:02:57,396 p=58769 u=rob n=ansible | TASK [eve-ng-lab-test : Get env file content] *****************************************************************************************************************
2022-03-28 16:02:57,595 p=58769 u=rob n=ansible | ok: [vyos-oobm -> localhost]
2022-03-28 16:02:57,595 p=58769 u=rob n=ansible | ok: [eveng -> localhost]
2022-03-28 16:02:57,595 p=58769 u=rob n=ansible | ok: [central -> localhost]
2022-03-28 16:02:57,595 p=58769 u=rob n=ansible | ok: [branch -> localhost]
2022-03-28 16:02:57,597 p=58769 u=rob n=ansible | TASK [eve-ng-lab-test : Load facts] ***************************************************************************************************************************
2022-03-28 16:02:57,616 p=58769 u=rob n=ansible | ok: [eveng]
2022-03-28 16:02:57,618 p=58769 u=rob n=ansible | ok: [vyos-oobm]
2022-03-28 16:02:58,489 p=58998 u=rob n=ansible | network_os is set to vyos
2022-03-28 16:02:58,489 p=58997 u=rob n=ansible | network_os is set to vyos
2022-03-28 16:02:58,496 p=58769 u=rob n=ansible | ok: [central]
2022-03-28 16:02:58,496 p=58769 u=rob n=ansible | ok: [branch]
2022-03-28 16:02:58,502 p=58769 u=rob n=ansible | TASK [eve-ng-lab-test : fail] *********************************************************************************************************************************
2022-03-28 16:02:58,522 p=58769 u=rob n=ansible | skipping: [eveng]
2022-03-28 16:02:58,530 p=58769 u=rob n=ansible | skipping: [vyos-oobm]
2022-03-28 16:02:58,532 p=58769 u=rob n=ansible | skipping: [central]
2022-03-28 16:02:58,537 p=58769 u=rob n=ansible | skipping: [branch]
2022-03-28 16:02:58,540 p=58769 u=rob n=ansible | TASK [eve-ng-lab-test : Login to EVE-NG and get Cookie] *******************************************************************************************************
2022-03-28 16:02:58,561 p=58769 u=rob n=ansible | skipping: [vyos-oobm]
2022-03-28 16:02:58,563 p=58769 u=rob n=ansible | skipping: [central]
2022-03-28 16:02:58,567 p=58769 u=rob n=ansible | skipping: [branch]
2022-03-28 16:02:59,248 p=58769 u=rob n=ansible | ok: [eveng]
2022-03-28 16:02:59,253 p=58769 u=rob n=ansible | TASK [eve-ng-lab-test : get running lab list] *****************************************************************************************************************
2022-03-28 16:02:59,280 p=58769 u=rob n=ansible | skipping: [vyos-oobm]
2022-03-28 16:02:59,282 p=58769 u=rob n=ansible | skipping: [central]
2022-03-28 16:02:59,288 p=58769 u=rob n=ansible | skipping: [branch]
2022-03-28 16:02:59,836 p=58769 u=rob n=ansible | ok: [eveng]
2022-03-28 16:02:59,842 p=58769 u=rob n=ansible | TASK [eve-ng-lab-test : delete existing lab] ******************************************************************************************************************
2022-03-28 16:02:59,870 p=58769 u=rob n=ansible | skipping: [vyos-oobm]
2022-03-28 16:02:59,873 p=58769 u=rob n=ansible | skipping: [central]
2022-03-28 16:02:59,878 p=58769 u=rob n=ansible | skipping: [branch]
2022-03-28 16:03:00,525 p=58769 u=rob n=ansible | ok: [eveng]
2022-03-28 16:03:00,531 p=58769 u=rob n=ansible | TASK [eve-ng-lab-test : Ensure labtest is present] ************************************************************************************************************
2022-03-28 16:03:00,557 p=58769 u=rob n=ansible | skipping: [vyos-oobm]
2022-03-28 16:03:00,559 p=58769 u=rob n=ansible | skipping: [central]
2022-03-28 16:03:00,565 p=58769 u=rob n=ansible | skipping: [branch]
2022-03-28 16:03:00,973 p=58769 u=rob n=ansible | ok: [eveng]
2022-03-28 16:03:00,979 p=58769 u=rob n=ansible | TASK [eve-ng-lab-test : Create Wireguard Lab] *****************************************************************************************************************
2022-03-28 16:03:01,004 p=58769 u=rob n=ansible | skipping: [vyos-oobm]
2022-03-28 16:03:01,006 p=58769 u=rob n=ansible | skipping: [central]
2022-03-28 16:03:01,012 p=58769 u=rob n=ansible | skipping: [branch]
2022-03-28 16:03:01,941 p=58769 u=rob n=ansible | changed: [eveng]
2022-03-28 16:03:01,946 p=58769 u=rob n=ansible | TASK [eve-ng-lab-test : Login to EVE-NG and get Cookie] *******************************************************************************************************
2022-03-28 16:03:01,972 p=58769 u=rob n=ansible | skipping: [vyos-oobm]
2022-03-28 16:03:01,974 p=58769 u=rob n=ansible | skipping: [central]
2022-03-28 16:03:01,979 p=58769 u=rob n=ansible | skipping: [branch]
2022-03-28 16:03:02,680 p=58769 u=rob n=ansible | ok: [eveng]
2022-03-28 16:03:02,685 p=58769 u=rob n=ansible | TASK [eve-ng-lab-test : start vyos-oobm] **********************************************************************************************************************
2022-03-28 16:03:02,712 p=58769 u=rob n=ansible | skipping: [vyos-oobm]
2022-03-28 16:03:02,714 p=58769 u=rob n=ansible | skipping: [central]
2022-03-28 16:03:02,720 p=58769 u=rob n=ansible | skipping: [branch]
2022-03-28 16:03:03,737 p=58769 u=rob n=ansible | ok: [eveng]
2022-03-28 16:03:03,744 p=58769 u=rob n=ansible | TASK [eve-ng-lab-test : Wait for vyos-oobm] *******************************************************************************************************************
2022-03-28 16:03:03,764 p=58769 u=rob n=ansible | skipping: [eveng]
2022-03-28 16:03:03,773 p=58769 u=rob n=ansible | skipping: [central]
2022-03-28 16:03:03,779 p=58769 u=rob n=ansible | skipping: [branch]
2022-03-28 16:03:44,633 p=58769 u=rob n=ansible | ok: [vyos-oobm]
2022-03-28 16:03:44,639 p=58769 u=rob n=ansible | TASK [eve-ng-lab-test : Login to EVE-NG and get Cookie] *******************************************************************************************************
2022-03-28 16:03:44,669 p=58769 u=rob n=ansible | skipping: [vyos-oobm]
2022-03-28 16:03:44,670 p=58769 u=rob n=ansible | skipping: [central]
2022-03-28 16:03:44,677 p=58769 u=rob n=ansible | skipping: [branch]
2022-03-28 16:03:45,416 p=58769 u=rob n=ansible | ok: [eveng]
2022-03-28 16:03:45,420 p=58769 u=rob n=ansible | TASK [eve-ng-lab-test : get lab status] ***********************************************************************************************************************
2022-03-28 16:03:45,445 p=58769 u=rob n=ansible | skipping: [vyos-oobm]
2022-03-28 16:03:45,447 p=58769 u=rob n=ansible | skipping: [central]
2022-03-28 16:03:45,452 p=58769 u=rob n=ansible | skipping: [branch]
2022-03-28 16:03:45,995 p=58769 u=rob n=ansible | ok: [eveng]
2022-03-28 16:03:46,000 p=58769 u=rob n=ansible | TASK [eve-ng-lab-test : start all nodes] **********************************************************************************************************************
2022-03-28 16:03:46,028 p=58769 u=rob n=ansible | skipping: [vyos-oobm]
2022-03-28 16:03:46,030 p=58769 u=rob n=ansible | skipping: [central]
2022-03-28 16:03:46,037 p=58769 u=rob n=ansible | skipping: [branch]
2022-03-28 16:03:46,576 p=58769 u=rob n=ansible | ok: [eveng] => (item=1)
2022-03-28 16:03:47,594 p=58769 u=rob n=ansible | ok: [eveng] => (item=4)
2022-03-28 16:03:48,707 p=58769 u=rob n=ansible | ok: [eveng] => (item=6)
2022-03-28 16:03:49,730 p=58769 u=rob n=ansible | ok: [eveng] => (item=2)
2022-03-28 16:03:50,763 p=58769 u=rob n=ansible | ok: [eveng] => (item=3)
2022-03-28 16:03:50,771 p=58769 u=rob n=ansible | TASK [eve-ng-lab-test : Wait for vyos nodes] ******************************************************************************************************************
2022-03-28 16:03:50,790 p=58769 u=rob n=ansible | skipping: [eveng]
2022-03-28 16:03:50,798 p=58769 u=rob n=ansible | skipping: [vyos-oobm]
2022-03-28 16:04:06,672 p=59290 u=rob n=p=59290 u=rob | paramiko [central] | Exception: Error reading SSH protocol banner
2022-03-28 16:04:06,675 p=59290 u=rob n=p=59290 u=rob | paramiko [central] | Traceback (most recent call last):
2022-03-28 16:04:06,675 p=59290 u=rob n=p=59290 u=rob | paramiko [central] |   File "/Users/rob/.local/share/virtualenvs/vyos-eveng-b9X2mBdh/lib/python3.9/site-packages/paramiko/transport.py", line 2211, in _check_banner
2022-03-28 16:04:06,675 p=59290 u=rob n=p=59290 u=rob | paramiko [central] |     buf = self.packetizer.readline(timeout)
2022-03-28 16:04:06,675 p=59290 u=rob n=p=59290 u=rob | paramiko [central] |   File "/Users/rob/.local/share/virtualenvs/vyos-eveng-b9X2mBdh/lib/python3.9/site-packages/paramiko/packet.py", line 380, in readline
2022-03-28 16:04:06,676 p=59290 u=rob n=p=59290 u=rob | paramiko [central] |     buf += self._read_timeout(timeout)
2022-03-28 16:04:06,676 p=59290 u=rob n=p=59290 u=rob | paramiko [central] |   File "/Users/rob/.local/share/virtualenvs/vyos-eveng-b9X2mBdh/lib/python3.9/site-packages/paramiko/packet.py", line 622, in _read_timeout
2022-03-28 16:04:06,676 p=59290 u=rob n=p=59290 u=rob | paramiko [central] |     raise socket.timeout()
2022-03-28 16:04:06,676 p=59290 u=rob n=p=59290 u=rob | paramiko [central] | socket.timeout
2022-03-28 16:04:06,676 p=59290 u=rob n=p=59290 u=rob | paramiko [central] | 
2022-03-28 16:04:06,676 p=59290 u=rob n=p=59290 u=rob | paramiko [central] | During handling of the above exception, another exception occurred:
2022-03-28 16:04:06,676 p=59290 u=rob n=p=59290 u=rob | paramiko [central] | 
2022-03-28 16:04:06,676 p=59290 u=rob n=p=59290 u=rob | paramiko [central] | Traceback (most recent call last):
2022-03-28 16:04:06,676 p=59290 u=rob n=p=59290 u=rob | paramiko [central] |   File "/Users/rob/.local/share/virtualenvs/vyos-eveng-b9X2mBdh/lib/python3.9/site-packages/paramiko/transport.py", line 2039, in run
2022-03-28 16:04:06,677 p=59290 u=rob n=p=59290 u=rob | paramiko [central] |     self._check_banner()
2022-03-28 16:04:06,677 p=59290 u=rob n=p=59290 u=rob | paramiko [central] |   File "/Users/rob/.local/share/virtualenvs/vyos-eveng-b9X2mBdh/lib/python3.9/site-packages/paramiko/transport.py", line 2215, in _check_banner
2022-03-28 16:04:06,677 p=59290 u=rob n=p=59290 u=rob | paramiko [central] |     raise SSHException(
2022-03-28 16:04:06,677 p=59290 u=rob n=p=59290 u=rob | paramiko [central] | paramiko.ssh_exception.SSHException: Error reading SSH protocol banner
2022-03-28 16:04:06,677 p=59290 u=rob n=p=59290 u=rob | paramiko [central] | 
2022-03-28 16:04:06,679 p=59291 u=rob n=p=59291 u=rob | paramiko [branch] | Exception: Error reading SSH protocol banner
2022-03-28 16:04:06,680 p=59291 u=rob n=p=59291 u=rob | paramiko [branch] | Traceback (most recent call last):
2022-03-28 16:04:06,680 p=59291 u=rob n=p=59291 u=rob | paramiko [branch] |   File "/Users/rob/.local/share/virtualenvs/vyos-eveng-b9X2mBdh/lib/python3.9/site-packages/paramiko/transport.py", line 2211, in _check_banner
2022-03-28 16:04:06,680 p=59291 u=rob n=p=59291 u=rob | paramiko [branch] |     buf = self.packetizer.readline(timeout)
2022-03-28 16:04:06,680 p=59291 u=rob n=p=59291 u=rob | paramiko [branch] |   File "/Users/rob/.local/share/virtualenvs/vyos-eveng-b9X2mBdh/lib/python3.9/site-packages/paramiko/packet.py", line 380, in readline
2022-03-28 16:04:06,680 p=59291 u=rob n=p=59291 u=rob | paramiko [branch] |     buf += self._read_timeout(timeout)
2022-03-28 16:04:06,680 p=59291 u=rob n=p=59291 u=rob | paramiko [branch] |   File "/Users/rob/.local/share/virtualenvs/vyos-eveng-b9X2mBdh/lib/python3.9/site-packages/paramiko/packet.py", line 622, in _read_timeout
2022-03-28 16:04:06,681 p=59291 u=rob n=p=59291 u=rob | paramiko [branch] |     raise socket.timeout()
2022-03-28 16:04:06,681 p=59291 u=rob n=p=59291 u=rob | paramiko [branch] | socket.timeout
2022-03-28 16:04:06,681 p=59291 u=rob n=p=59291 u=rob | paramiko [branch] | 
2022-03-28 16:04:06,681 p=59291 u=rob n=p=59291 u=rob | paramiko [branch] | During handling of the above exception, another exception occurred:
2022-03-28 16:04:06,681 p=59291 u=rob n=p=59291 u=rob | paramiko [branch] | 
2022-03-28 16:04:06,681 p=59291 u=rob n=p=59291 u=rob | paramiko [branch] | Traceback (most recent call last):
2022-03-28 16:04:06,681 p=59291 u=rob n=p=59291 u=rob | paramiko [branch] |   File "/Users/rob/.local/share/virtualenvs/vyos-eveng-b9X2mBdh/lib/python3.9/site-packages/paramiko/transport.py", line 2039, in run
2022-03-28 16:04:06,681 p=59291 u=rob n=p=59291 u=rob | paramiko [branch] |     self._check_banner()
2022-03-28 16:04:06,682 p=59291 u=rob n=p=59291 u=rob | paramiko [branch] |   File "/Users/rob/.local/share/virtualenvs/vyos-eveng-b9X2mBdh/lib/python3.9/site-packages/paramiko/transport.py", line 2215, in _check_banner
2022-03-28 16:04:06,682 p=59291 u=rob n=p=59291 u=rob | paramiko [branch] |     raise SSHException(
2022-03-28 16:04:06,682 p=59291 u=rob n=p=59291 u=rob | paramiko [branch] | paramiko.ssh_exception.SSHException: Error reading SSH protocol banner
2022-03-28 16:04:06,682 p=59291 u=rob n=p=59291 u=rob | paramiko [branch] | 
2022-03-28 16:04:22,708 p=59291 u=rob n=p=59291 u=rob | paramiko [branch] | Exception: Error reading SSH protocol banner
2022-03-28 16:04:22,709 p=59291 u=rob n=p=59291 u=rob | paramiko [branch] | Traceback (most recent call last):
2022-03-28 16:04:22,709 p=59291 u=rob n=p=59291 u=rob | paramiko [branch] |   File "/Users/rob/.local/share/virtualenvs/vyos-eveng-b9X2mBdh/lib/python3.9/site-packages/paramiko/transport.py", line 2211, in _check_banner
2022-03-28 16:04:22,709 p=59291 u=rob n=p=59291 u=rob | paramiko [branch] |     buf = self.packetizer.readline(timeout)
2022-03-28 16:04:22,709 p=59291 u=rob n=p=59291 u=rob | paramiko [branch] |   File "/Users/rob/.local/share/virtualenvs/vyos-eveng-b9X2mBdh/lib/python3.9/site-packages/paramiko/packet.py", line 380, in readline
2022-03-28 16:04:22,710 p=59291 u=rob n=p=59291 u=rob | paramiko [branch] |     buf += self._read_timeout(timeout)
2022-03-28 16:04:22,710 p=59291 u=rob n=p=59291 u=rob | paramiko [branch] |   File "/Users/rob/.local/share/virtualenvs/vyos-eveng-b9X2mBdh/lib/python3.9/site-packages/paramiko/packet.py", line 622, in _read_timeout
2022-03-28 16:04:22,710 p=59291 u=rob n=p=59291 u=rob | paramiko [branch] |     raise socket.timeout()
2022-03-28 16:04:22,710 p=59291 u=rob n=p=59291 u=rob | paramiko [branch] | socket.timeout
2022-03-28 16:04:22,710 p=59291 u=rob n=p=59291 u=rob | paramiko [branch] | 
2022-03-28 16:04:22,710 p=59291 u=rob n=p=59291 u=rob | paramiko [branch] | During handling of the above exception, another exception occurred:
2022-03-28 16:04:22,710 p=59291 u=rob n=p=59291 u=rob | paramiko [branch] | 
2022-03-28 16:04:22,710 p=59291 u=rob n=p=59291 u=rob | paramiko [branch] | Traceback (most recent call last):
2022-03-28 16:04:22,711 p=59291 u=rob n=p=59291 u=rob | paramiko [branch] |   File "/Users/rob/.local/share/virtualenvs/vyos-eveng-b9X2mBdh/lib/python3.9/site-packages/paramiko/transport.py", line 2039, in run
2022-03-28 16:04:22,711 p=59291 u=rob n=p=59291 u=rob | paramiko [branch] |     self._check_banner()
2022-03-28 16:04:22,711 p=59291 u=rob n=p=59291 u=rob | paramiko [branch] |   File "/Users/rob/.local/share/virtualenvs/vyos-eveng-b9X2mBdh/lib/python3.9/site-packages/paramiko/transport.py", line 2215, in _check_banner
2022-03-28 16:04:22,711 p=59291 u=rob n=p=59291 u=rob | paramiko [branch] |     raise SSHException(
2022-03-28 16:04:22,711 p=59291 u=rob n=p=59291 u=rob | paramiko [branch] | paramiko.ssh_exception.SSHException: Error reading SSH protocol banner
2022-03-28 16:04:22,711 p=59291 u=rob n=p=59291 u=rob | paramiko [branch] | 
2022-03-28 16:04:22,717 p=59290 u=rob n=p=59290 u=rob | paramiko [central] | Exception: Error reading SSH protocol banner
2022-03-28 16:04:22,717 p=59290 u=rob n=p=59290 u=rob | paramiko [central] | Traceback (most recent call last):
2022-03-28 16:04:22,717 p=59290 u=rob n=p=59290 u=rob | paramiko [central] |   File "/Users/rob/.local/share/virtualenvs/vyos-eveng-b9X2mBdh/lib/python3.9/site-packages/paramiko/transport.py", line 2211, in _check_banner
2022-03-28 16:04:22,718 p=59290 u=rob n=p=59290 u=rob | paramiko [central] |     buf = self.packetizer.readline(timeout)
2022-03-28 16:04:22,718 p=59290 u=rob n=p=59290 u=rob | paramiko [central] |   File "/Users/rob/.local/share/virtualenvs/vyos-eveng-b9X2mBdh/lib/python3.9/site-packages/paramiko/packet.py", line 380, in readline
2022-03-28 16:04:22,718 p=59290 u=rob n=p=59290 u=rob | paramiko [central] |     buf += self._read_timeout(timeout)
2022-03-28 16:04:22,718 p=59290 u=rob n=p=59290 u=rob | paramiko [central] |   File "/Users/rob/.local/share/virtualenvs/vyos-eveng-b9X2mBdh/lib/python3.9/site-packages/paramiko/packet.py", line 622, in _read_timeout
2022-03-28 16:04:22,718 p=59290 u=rob n=p=59290 u=rob | paramiko [central] |     raise socket.timeout()
2022-03-28 16:04:22,718 p=59290 u=rob n=p=59290 u=rob | paramiko [central] | socket.timeout
2022-03-28 16:04:22,718 p=59290 u=rob n=p=59290 u=rob | paramiko [central] | 
2022-03-28 16:04:22,718 p=59290 u=rob n=p=59290 u=rob | paramiko [central] | During handling of the above exception, another exception occurred:
2022-03-28 16:04:22,719 p=59290 u=rob n=p=59290 u=rob | paramiko [central] | 
2022-03-28 16:04:22,719 p=59290 u=rob n=p=59290 u=rob | paramiko [central] | Traceback (most recent call last):
2022-03-28 16:04:22,719 p=59290 u=rob n=p=59290 u=rob | paramiko [central] |   File "/Users/rob/.local/share/virtualenvs/vyos-eveng-b9X2mBdh/lib/python3.9/site-packages/paramiko/transport.py", line 2039, in run
2022-03-28 16:04:22,719 p=59290 u=rob n=p=59290 u=rob | paramiko [central] |     self._check_banner()
2022-03-28 16:04:22,719 p=59290 u=rob n=p=59290 u=rob | paramiko [central] |   File "/Users/rob/.local/share/virtualenvs/vyos-eveng-b9X2mBdh/lib/python3.9/site-packages/paramiko/transport.py", line 2215, in _check_banner
2022-03-28 16:04:22,719 p=59290 u=rob n=p=59290 u=rob | paramiko [central] |     raise SSHException(
2022-03-28 16:04:22,719 p=59290 u=rob n=p=59290 u=rob | paramiko [central] | paramiko.ssh_exception.SSHException: Error reading SSH protocol banner
2022-03-28 16:04:22,719 p=59290 u=rob n=p=59290 u=rob | paramiko [central] | 
2022-03-28 16:04:38,739 p=59290 u=rob n=p=59290 u=rob | paramiko [central] | Exception: Error reading SSH protocol banner
2022-03-28 16:04:38,739 p=59290 u=rob n=p=59290 u=rob | paramiko [central] | Traceback (most recent call last):
2022-03-28 16:04:38,740 p=59290 u=rob n=p=59290 u=rob | paramiko [central] |   File "/Users/rob/.local/share/virtualenvs/vyos-eveng-b9X2mBdh/lib/python3.9/site-packages/paramiko/transport.py", line 2211, in _check_banner
2022-03-28 16:04:38,740 p=59290 u=rob n=p=59290 u=rob | paramiko [central] |     buf = self.packetizer.readline(timeout)
2022-03-28 16:04:38,740 p=59290 u=rob n=p=59290 u=rob | paramiko [central] |   File "/Users/rob/.local/share/virtualenvs/vyos-eveng-b9X2mBdh/lib/python3.9/site-packages/paramiko/packet.py", line 380, in readline
2022-03-28 16:04:38,740 p=59290 u=rob n=p=59290 u=rob | paramiko [central] |     buf += self._read_timeout(timeout)
2022-03-28 16:04:38,740 p=59290 u=rob n=p=59290 u=rob | paramiko [central] |   File "/Users/rob/.local/share/virtualenvs/vyos-eveng-b9X2mBdh/lib/python3.9/site-packages/paramiko/packet.py", line 622, in _read_timeout
2022-03-28 16:04:38,740 p=59290 u=rob n=p=59290 u=rob | paramiko [central] |     raise socket.timeout()
2022-03-28 16:04:38,740 p=59290 u=rob n=p=59290 u=rob | paramiko [central] | socket.timeout
2022-03-28 16:04:38,740 p=59290 u=rob n=p=59290 u=rob | paramiko [central] | 
2022-03-28 16:04:38,741 p=59290 u=rob n=p=59290 u=rob | paramiko [central] | During handling of the above exception, another exception occurred:
2022-03-28 16:04:38,741 p=59290 u=rob n=p=59290 u=rob | paramiko [central] | 
2022-03-28 16:04:38,741 p=59290 u=rob n=p=59290 u=rob | paramiko [central] | Traceback (most recent call last):
2022-03-28 16:04:38,741 p=59290 u=rob n=p=59290 u=rob | paramiko [central] |   File "/Users/rob/.local/share/virtualenvs/vyos-eveng-b9X2mBdh/lib/python3.9/site-packages/paramiko/transport.py", line 2039, in run
2022-03-28 16:04:38,741 p=59290 u=rob n=p=59290 u=rob | paramiko [central] |     self._check_banner()
2022-03-28 16:04:38,741 p=59290 u=rob n=p=59290 u=rob | paramiko [central] |   File "/Users/rob/.local/share/virtualenvs/vyos-eveng-b9X2mBdh/lib/python3.9/site-packages/paramiko/transport.py", line 2215, in _check_banner
2022-03-28 16:04:38,741 p=59290 u=rob n=p=59290 u=rob | paramiko [central] |     raise SSHException(
2022-03-28 16:04:38,741 p=59290 u=rob n=p=59290 u=rob | paramiko [central] | paramiko.ssh_exception.SSHException: Error reading SSH protocol banner
2022-03-28 16:04:38,741 p=59290 u=rob n=p=59290 u=rob | paramiko [central] | 
2022-03-28 16:04:38,743 p=59291 u=rob n=p=59291 u=rob | paramiko [branch] | Exception: Error reading SSH protocol banner
2022-03-28 16:04:38,744 p=59291 u=rob n=p=59291 u=rob | paramiko [branch] | Traceback (most recent call last):
2022-03-28 16:04:38,744 p=59291 u=rob n=p=59291 u=rob | paramiko [branch] |   File "/Users/rob/.local/share/virtualenvs/vyos-eveng-b9X2mBdh/lib/python3.9/site-packages/paramiko/transport.py", line 2211, in _check_banner
2022-03-28 16:04:38,744 p=59291 u=rob n=p=59291 u=rob | paramiko [branch] |     buf = self.packetizer.readline(timeout)
2022-03-28 16:04:38,744 p=59291 u=rob n=p=59291 u=rob | paramiko [branch] |   File "/Users/rob/.local/share/virtualenvs/vyos-eveng-b9X2mBdh/lib/python3.9/site-packages/paramiko/packet.py", line 380, in readline
2022-03-28 16:04:38,744 p=59291 u=rob n=p=59291 u=rob | paramiko [branch] |     buf += self._read_timeout(timeout)
2022-03-28 16:04:38,744 p=59291 u=rob n=p=59291 u=rob | paramiko [branch] |   File "/Users/rob/.local/share/virtualenvs/vyos-eveng-b9X2mBdh/lib/python3.9/site-packages/paramiko/packet.py", line 622, in _read_timeout
2022-03-28 16:04:38,744 p=59291 u=rob n=p=59291 u=rob | paramiko [branch] |     raise socket.timeout()
2022-03-28 16:04:38,744 p=59291 u=rob n=p=59291 u=rob | paramiko [branch] | socket.timeout
2022-03-28 16:04:38,745 p=59291 u=rob n=p=59291 u=rob | paramiko [branch] | 
2022-03-28 16:04:38,745 p=59291 u=rob n=p=59291 u=rob | paramiko [branch] | During handling of the above exception, another exception occurred:
2022-03-28 16:04:38,745 p=59291 u=rob n=p=59291 u=rob | paramiko [branch] | 
2022-03-28 16:04:38,745 p=59291 u=rob n=p=59291 u=rob | paramiko [branch] | Traceback (most recent call last):
2022-03-28 16:04:38,745 p=59291 u=rob n=p=59291 u=rob | paramiko [branch] |   File "/Users/rob/.local/share/virtualenvs/vyos-eveng-b9X2mBdh/lib/python3.9/site-packages/paramiko/transport.py", line 2039, in run
2022-03-28 16:04:38,745 p=59291 u=rob n=p=59291 u=rob | paramiko [branch] |     self._check_banner()
2022-03-28 16:04:38,745 p=59291 u=rob n=p=59291 u=rob | paramiko [branch] |   File "/Users/rob/.local/share/virtualenvs/vyos-eveng-b9X2mBdh/lib/python3.9/site-packages/paramiko/transport.py", line 2215, in _check_banner
2022-03-28 16:04:38,745 p=59291 u=rob n=p=59291 u=rob | paramiko [branch] |     raise SSHException(
2022-03-28 16:04:38,746 p=59291 u=rob n=p=59291 u=rob | paramiko [branch] | paramiko.ssh_exception.SSHException: Error reading SSH protocol banner
2022-03-28 16:04:38,746 p=59291 u=rob n=p=59291 u=rob | paramiko [branch] | 
2022-03-28 16:04:40,534 p=59290 u=rob n=p=59290 u=rob | paramiko [central] | Connected (version 2.0, client OpenSSH_8.4p1)
2022-03-28 16:04:40,538 p=59291 u=rob n=p=59291 u=rob | paramiko [branch] | Connected (version 2.0, client OpenSSH_8.4p1)
2022-03-28 16:04:40,651 p=59290 u=rob n=p=59290 u=rob | paramiko [central] | Authentication (publickey) successful!
2022-03-28 16:04:40,658 p=59291 u=rob n=p=59291 u=rob | paramiko [branch] | Authentication (publickey) successful!
2022-03-28 16:04:41,539 p=58769 u=rob n=ansible | ok: [central]
2022-03-28 16:04:41,566 p=58769 u=rob n=ansible | ok: [branch]
2022-03-28 16:04:41,568 p=58769 u=rob n=ansible | TASK [eve-ng-lab-test : include Wireguard lab_config.yml] *****************************************************************************************************
2022-03-28 16:04:41,581 p=58769 u=rob n=ansible | skipping: [eveng]
2022-03-28 16:04:41,588 p=58769 u=rob n=ansible | skipping: [vyos-oobm]
2022-03-28 16:04:41,599 p=58769 u=rob n=ansible | included: /Users/rob/git/_vyos/vyos-eveng/labs/Wireguard/lab_config.yml for central, branch
2022-03-28 16:04:41,621 p=58769 u=rob n=ansible | TASK [eve-ng-lab-test : generate pki wireguard key-pair] ******************************************************************************************************
2022-03-28 16:04:43,364 p=59005 u=rob n=p=59005 u=rob | paramiko [central] | Connected (version 2.0, client OpenSSH_8.4p1)
2022-03-28 16:04:43,368 p=59006 u=rob n=p=59006 u=rob | paramiko [branch] | Connected (version 2.0, client OpenSSH_8.4p1)
2022-03-28 16:04:43,457 p=59006 u=rob n=p=59006 u=rob | paramiko [branch] | Authentication (publickey) successful!
2022-03-28 16:04:43,457 p=59005 u=rob n=p=59005 u=rob | paramiko [central] | Authentication (publickey) successful!
2022-03-28 16:04:45,078 p=58769 u=rob n=ansible | ok: [central]
2022-03-28 16:04:45,124 p=58769 u=rob n=ansible | ok: [branch]
2022-03-28 16:04:45,129 p=58769 u=rob n=ansible | TASK [eve-ng-lab-test : set pub and private key] **************************************************************************************************************
2022-03-28 16:04:45,985 p=58769 u=rob n=ansible | ok: [branch]
2022-03-28 16:04:45,985 p=58769 u=rob n=ansible | ok: [central]
2022-03-28 16:04:46,008 p=58769 u=rob n=ansible | TASK [eve-ng-lab-test : setup nodes] **************************************************************************************************************************
2022-03-28 16:04:53,892 p=58769 u=rob n=ansible | [WARNING]: To ensure idempotency and correct diff the input configuration lines should be similar to how they appear if present in the running configuration
on device including the indentation

2022-03-28 16:04:53,892 p=58769 u=rob n=ansible | changed: [central]
2022-03-28 16:04:54,063 p=58769 u=rob n=ansible | changed: [branch]
2022-03-28 16:04:54,067 p=58769 u=rob n=ansible | TASK [eve-ng-lab-test : Login to EVE-NG and get Cookie] *******************************************************************************************************
2022-03-28 16:04:54,090 p=58769 u=rob n=ansible | skipping: [vyos-oobm]
2022-03-28 16:04:54,091 p=58769 u=rob n=ansible | skipping: [central]
2022-03-28 16:04:54,095 p=58769 u=rob n=ansible | skipping: [branch]
2022-03-28 16:04:55,312 p=58769 u=rob n=ansible | ok: [eveng]
2022-03-28 16:04:55,317 p=58769 u=rob n=ansible | TASK [eve-ng-lab-test : stop nodes id] ************************************************************************************************************************
2022-03-28 16:04:55,360 p=58769 u=rob n=ansible | TASK [eve-ng-lab-test : wait after stop] **********************************************************************************************************************
2022-03-28 16:04:55,369 p=59455 u=rob n=ansible | Pausing for 5 seconds
2022-03-28 16:04:55,369 p=59455 u=rob n=ansible | (ctrl+C then 'C' = continue early, ctrl+C then 'A' = abort)
2022-03-28 16:05:00,378 p=58769 u=rob n=ansible | ok: [eveng]
2022-03-28 16:05:00,384 p=58769 u=rob n=ansible | TASK [eve-ng-lab-test : start nodes id] ***********************************************************************************************************************
2022-03-28 16:05:00,433 p=58769 u=rob n=ansible | TASK [eve-ng-lab-test : wait after start] *********************************************************************************************************************
2022-03-28 16:05:00,442 p=59461 u=rob n=ansible | Pausing for 5 seconds
2022-03-28 16:05:00,442 p=59461 u=rob n=ansible | (ctrl+C then 'C' = continue early, ctrl+C then 'A' = abort)
2022-03-28 16:05:05,449 p=58769 u=rob n=ansible | ok: [eveng]
2022-03-28 16:05:05,470 p=58769 u=rob n=ansible | TASK [eve-ng-lab-test : wait, b/c the ping often failed without a short break] ********************************************************************************
2022-03-28 16:05:05,485 p=59481 u=rob n=ansible | Pausing for 30 seconds
2022-03-28 16:05:05,485 p=59481 u=rob n=ansible | (ctrl+C then 'C' = continue early, ctrl+C then 'A' = abort)
2022-03-28 16:05:35,492 p=58769 u=rob n=ansible | ok: [eveng]
2022-03-28 16:05:35,500 p=58769 u=rob n=ansible | TASK [eve-ng-lab-test : do ping test] *************************************************************************************************************************
2022-03-28 16:05:35,533 p=58769 u=rob n=ansible | skipping: [eveng]
2022-03-28 16:05:35,543 p=58769 u=rob n=ansible | skipping: [vyos-oobm]
2022-03-28 16:05:40,906 p=58769 u=rob n=ansible | ok: [branch] => (item=10.0.1.100)
2022-03-28 16:05:40,983 p=58769 u=rob n=ansible | ok: [central] => (item=10.0.2.100)
2022-03-28 16:05:40,987 p=58769 u=rob n=ansible | TASK [eve-ng-lab-test : execute test commands] ****************************************************************************************************************
2022-03-28 16:05:41,008 p=58769 u=rob n=ansible | skipping: [eveng]
2022-03-28 16:05:41,008 p=58769 u=rob n=ansible | skipping: [vyos-oobm]
2022-03-28 16:05:42,252 p=58769 u=rob n=ansible | ok: [central] => (item={'desc': 'Test if IP is set to interface', 'command': "ip -4 addr show dev eth2 | grep inet | tr -s ' ' | cut -d' ' -f3 | head -n 1", 'wait_for': ['result[0] contains "10.0.1.254/24"']})
2022-03-28 16:05:42,488 p=58769 u=rob n=ansible | ok: [branch] => (item={'desc': 'show interfaces wireguard', 'command': 'show interfaces wireguard', 'wait_for': ['result[0] contains "S - State, L - Link, u - Up, D - Down, A - Admin Down"', 'result[0] contains "Interface        IP Address                        S/L  Description"', 'result[0] contains "---------        ----------                        ---  -----------"', 'result[0] contains "wg01             192.168.0.2/24                    u/u  VPN-to-central"']})
2022-03-28 16:05:42,780 p=58769 u=rob n=ansible | ok: [central] => (item={'desc': 'show interfaces wireguard', 'command': 'show interfaces wireguard', 'wait_for': ['result[0] contains "S - State, L - Link, u - Up, D - Down, A - Admin Down"', 'result[0] contains "Interface        IP Address                        S/L  Description"', 'result[0] contains "---------        ----------                        ---  -----------"', 'result[0] contains "wg01             192.168.0.1/24                    u/u  VPN-to-Branch"']})
2022-03-28 16:05:42,786 p=58769 u=rob n=ansible | TASK [eve-ng-lab-test : register stdout commands] *************************************************************************************************************
2022-03-28 16:05:42,811 p=58769 u=rob n=ansible | skipping: [eveng]
2022-03-28 16:05:42,811 p=58769 u=rob n=ansible | skipping: [vyos-oobm]
2022-03-28 16:05:44,167 p=58769 u=rob n=ansible | ok: [branch] => (item={'name': 'show_interfaces_wireguard', 'command': 'show interfaces wireguard'})
2022-03-28 16:05:44,169 p=58769 u=rob n=ansible | ok: [central] => (item={'name': 'show_interfaces_wireguard', 'command': 'show interfaces wireguard'})
2022-03-28 16:05:47,614 p=58769 u=rob n=ansible | ok: [central] => (item={'name': 'ping_branch_pc', 'command': 'ping 10.0.2.100 count 4'})
2022-03-28 16:05:47,620 p=58769 u=rob n=ansible | TASK [eve-ng-lab-test : Set variables] ************************************************************************************************************************
2022-03-28 16:05:47,642 p=58769 u=rob n=ansible | skipping: [eveng]
2022-03-28 16:05:47,644 p=58769 u=rob n=ansible | skipping: [vyos-oobm]
2022-03-28 16:05:48,496 p=58769 u=rob n=ansible | ok: [central]
2022-03-28 16:05:48,497 p=58769 u=rob n=ansible | ok: [branch]
2022-03-28 16:05:48,508 p=58769 u=rob n=ansible | TASK [eve-ng-lab-test : Reboot vyos] **************************************************************************************************************************
2022-03-28 16:05:48,533 p=58769 u=rob n=ansible | skipping: [eveng]
2022-03-28 16:05:48,540 p=58769 u=rob n=ansible | skipping: [vyos-oobm]
2022-03-28 16:05:49,806 p=58769 u=rob n=ansible | ok: [central]
2022-03-28 16:05:49,806 p=58769 u=rob n=ansible | ok: [branch]
2022-03-28 16:05:49,809 p=58769 u=rob n=ansible | TASK [eve-ng-lab-test : wait while shutdown] ******************************************************************************************************************
2022-03-28 16:05:49,819 p=58769 u=rob n=ansible | skipping: [eveng]
2022-03-28 16:05:49,822 p=58769 u=rob n=ansible | TASK [eve-ng-lab-test : Wait for vyos nodes] ******************************************************************************************************************
2022-03-28 16:05:49,835 p=58769 u=rob n=ansible | skipping: [eveng]
2022-03-28 16:05:49,842 p=58769 u=rob n=ansible | skipping: [vyos-oobm]
2022-03-28 16:05:51,249 p=59714 u=rob n=p=59714 u=rob | paramiko [central] | Connected (version 2.0, client OpenSSH_8.4p1)
2022-03-28 16:05:51,249 p=59715 u=rob n=p=59715 u=rob | paramiko [branch] | Connected (version 2.0, client OpenSSH_8.4p1)
2022-03-28 16:05:51,385 p=59714 u=rob n=p=59714 u=rob | paramiko [central] | Auth banner: b'System is going down. Unprivileged users are not permitted to log in anymore. For technical details, see pam_nologin(8).\n\n'
2022-03-28 16:05:51,387 p=59715 u=rob n=p=59715 u=rob | paramiko [branch] | Auth banner: b'System is going down. Unprivileged users are not permitted to log in anymore. For technical details, see pam_nologin(8).\n\n'
2022-03-28 16:07:50,046 p=59005 u=rob n=ansible | persistent connection idle timeout triggered, timeout value is 120 secs.
See the timeout setting options in the Network Debug and Troubleshooting Guide.
2022-03-28 16:07:50,047 p=59006 u=rob n=ansible | persistent connection idle timeout triggered, timeout value is 120 secs.
See the timeout setting options in the Network Debug and Troubleshooting Guide.
2022-03-28 16:07:50,150 p=59006 u=rob n=ansible | shutdown complete
2022-03-28 16:07:50,150 p=59005 u=rob n=ansible | shutdown complete
2022-03-28 16:07:53,317 p=59715 u=rob n=p=59715 u=rob | paramiko [branch] | Connected (version 2.0, client OpenSSH_8.4p1)
2022-03-28 16:07:53,320 p=59714 u=rob n=p=59714 u=rob | paramiko [central] | Connected (version 2.0, client OpenSSH_8.4p1)
2022-03-28 16:07:53,394 p=59714 u=rob n=p=59714 u=rob | paramiko [central] | Authentication (publickey) successful!
2022-03-28 16:07:53,403 p=59715 u=rob n=p=59715 u=rob | paramiko [branch] | Authentication (publickey) successful!
2022-03-28 16:07:54,548 p=58769 u=rob n=ansible | ok: [branch]
2022-03-28 16:07:54,555 p=58769 u=rob n=ansible | ok: [central]
2022-03-28 16:07:54,557 p=58769 u=rob n=ansible | TASK [eve-ng-lab-test : Login to EVE-NG and get Cookie] *******************************************************************************************************
2022-03-28 16:07:54,575 p=58769 u=rob n=ansible | skipping: [vyos-oobm]
2022-03-28 16:07:54,577 p=58769 u=rob n=ansible | skipping: [central]
2022-03-28 16:07:54,581 p=58769 u=rob n=ansible | skipping: [branch]
2022-03-28 16:07:55,831 p=58769 u=rob n=ansible | ok: [eveng]
2022-03-28 16:07:55,836 p=58769 u=rob n=ansible | TASK [eve-ng-lab-test : stop nodes id] ************************************************************************************************************************
2022-03-28 16:07:55,882 p=58769 u=rob n=ansible | TASK [eve-ng-lab-test : wait after stop] **********************************************************************************************************************
2022-03-28 16:07:55,892 p=59800 u=rob n=ansible | Pausing for 5 seconds
2022-03-28 16:07:55,892 p=59800 u=rob n=ansible | (ctrl+C then 'C' = continue early, ctrl+C then 'A' = abort)
2022-03-28 16:08:00,900 p=58769 u=rob n=ansible | ok: [eveng]
2022-03-28 16:08:00,906 p=58769 u=rob n=ansible | TASK [eve-ng-lab-test : start nodes id] ***********************************************************************************************************************
2022-03-28 16:08:00,956 p=58769 u=rob n=ansible | TASK [eve-ng-lab-test : wait after start] *********************************************************************************************************************
2022-03-28 16:08:00,965 p=59806 u=rob n=ansible | Pausing for 5 seconds
2022-03-28 16:08:00,966 p=59806 u=rob n=ansible | (ctrl+C then 'C' = continue early, ctrl+C then 'A' = abort)
2022-03-28 16:08:05,971 p=58769 u=rob n=ansible | ok: [eveng]
2022-03-28 16:08:05,977 p=58769 u=rob n=ansible | TASK [eve-ng-lab-test : wait, b/c the ping often failed without a short break] ********************************************************************************
2022-03-28 16:08:05,991 p=59807 u=rob n=ansible | Pausing for 30 seconds
2022-03-28 16:08:05,991 p=59807 u=rob n=ansible | (ctrl+C then 'C' = continue early, ctrl+C then 'A' = abort)
2022-03-28 16:08:36,001 p=58769 u=rob n=ansible | ok: [eveng]
2022-03-28 16:08:36,007 p=58769 u=rob n=ansible | TASK [eve-ng-lab-test : do ping test] *************************************************************************************************************************
2022-03-28 16:08:36,038 p=58769 u=rob n=ansible | skipping: [eveng]
2022-03-28 16:08:36,038 p=58769 u=rob n=ansible | skipping: [vyos-oobm]
2022-03-28 16:08:36,916 p=59814 u=rob n=ansible | network_os is set to vyos
2022-03-28 16:08:36,916 p=59813 u=rob n=ansible | network_os is set to vyos
2022-03-28 16:08:37,840 p=59821 u=rob n=p=59821 u=rob | paramiko [central] | Connected (version 2.0, client OpenSSH_8.4p1)
2022-03-28 16:08:37,840 p=59822 u=rob n=p=59822 u=rob | paramiko [branch] | Connected (version 2.0, client OpenSSH_8.4p1)
2022-03-28 16:08:37,918 p=59822 u=rob n=p=59822 u=rob | paramiko [branch] | Authentication (publickey) successful!
2022-03-28 16:08:37,919 p=59821 u=rob n=p=59821 u=rob | paramiko [central] | Authentication (publickey) successful!
2022-03-28 16:08:43,633 p=58769 u=rob n=ansible | ok: [branch] => (item=10.0.1.100)
2022-03-28 16:08:43,666 p=58769 u=rob n=ansible | ok: [central] => (item=10.0.2.100)
2022-03-28 16:08:43,669 p=58769 u=rob n=ansible | TASK [eve-ng-lab-test : execute test commands] ****************************************************************************************************************
2022-03-28 16:08:43,688 p=58769 u=rob n=ansible | skipping: [eveng]
2022-03-28 16:08:43,688 p=58769 u=rob n=ansible | skipping: [vyos-oobm]
2022-03-28 16:08:44,864 p=58769 u=rob n=ansible | ok: [central] => (item={'desc': 'Test if IP is set to interface', 'command': "ip -4 addr show dev eth2 | grep inet | tr -s ' ' | cut -d' ' -f3 | head -n 1", 'wait_for': ['result[0] contains "10.0.1.254/24"']})
2022-03-28 16:08:45,060 p=58769 u=rob n=ansible | ok: [branch] => (item={'desc': 'show interfaces wireguard', 'command': 'show interfaces wireguard', 'wait_for': ['result[0] contains "S - State, L - Link, u - Up, D - Down, A - Admin Down"', 'result[0] contains "Interface        IP Address                        S/L  Description"', 'result[0] contains "---------        ----------                        ---  -----------"', 'result[0] contains "wg01             192.168.0.2/24                    u/u  VPN-to-central"']})
2022-03-28 16:08:45,371 p=58769 u=rob n=ansible | ok: [central] => (item={'desc': 'show interfaces wireguard', 'command': 'show interfaces wireguard', 'wait_for': ['result[0] contains "S - State, L - Link, u - Up, D - Down, A - Admin Down"', 'result[0] contains "Interface        IP Address                        S/L  Description"', 'result[0] contains "---------        ----------                        ---  -----------"', 'result[0] contains "wg01             192.168.0.1/24                    u/u  VPN-to-Branch"']})
2022-03-28 16:08:45,376 p=58769 u=rob n=ansible | TASK [eve-ng-lab-test : register stdout commands] *************************************************************************************************************
2022-03-28 16:08:45,400 p=58769 u=rob n=ansible | skipping: [eveng]
2022-03-28 16:08:45,400 p=58769 u=rob n=ansible | skipping: [vyos-oobm]
2022-03-28 16:08:45,408 p=58769 u=rob n=ansible | skipping: [central] => (item={'name': 'show_interfaces_wireguard', 'command': 'show interfaces wireguard'}) 
2022-03-28 16:08:45,408 p=58769 u=rob n=ansible | skipping: [central] => (item={'name': 'ping_branch_pc', 'command': 'ping 10.0.2.100 count 4'}) 
2022-03-28 16:08:45,412 p=58769 u=rob n=ansible | skipping: [branch] => (item={'name': 'show_interfaces_wireguard', 'command': 'show interfaces wireguard'}) 
2022-03-28 16:08:45,415 p=58769 u=rob n=ansible | TASK [eve-ng-lab-test : Set variables] ************************************************************************************************************************
2022-03-28 16:08:45,433 p=58769 u=rob n=ansible | skipping: [eveng]
2022-03-28 16:08:45,433 p=58769 u=rob n=ansible | skipping: [vyos-oobm]
2022-03-28 16:08:45,435 p=58769 u=rob n=ansible | skipping: [central]
2022-03-28 16:08:45,440 p=58769 u=rob n=ansible | skipping: [branch]
2022-03-28 16:08:45,443 p=58769 u=rob n=ansible | TASK [eve-ng-lab-test : make sure tmp dir exist] **************************************************************************************************************
2022-03-28 16:08:45,458 p=58769 u=rob n=ansible | skipping: [eveng]
2022-03-28 16:08:45,465 p=58769 u=rob n=ansible | skipping: [vyos-oobm]
2022-03-28 16:08:45,467 p=58769 u=rob n=ansible | skipping: [central]
2022-03-28 16:08:45,469 p=58769 u=rob n=ansible | skipping: [branch]
2022-03-28 16:08:45,472 p=58769 u=rob n=ansible | TASK [eve-ng-lab-test : register status of tmp/] **************************************************************************************************************
2022-03-28 16:08:45,485 p=58769 u=rob n=ansible | skipping: [eveng]
2022-03-28 16:08:45,491 p=58769 u=rob n=ansible | skipping: [vyos-oobm]
2022-03-28 16:08:45,493 p=58769 u=rob n=ansible | skipping: [central]
2022-03-28 16:08:45,496 p=58769 u=rob n=ansible | skipping: [branch]
2022-03-28 16:08:45,499 p=58769 u=rob n=ansible | TASK [eve-ng-lab-test : Download upgrade_iso] *****************************************************************************************************************
2022-03-28 16:08:45,513 p=58769 u=rob n=ansible | skipping: [eveng]
2022-03-28 16:08:45,520 p=58769 u=rob n=ansible | skipping: [vyos-oobm]
2022-03-28 16:08:45,522 p=58769 u=rob n=ansible | skipping: [central]
2022-03-28 16:08:45,525 p=58769 u=rob n=ansible | skipping: [branch]
2022-03-28 16:08:45,528 p=58769 u=rob n=ansible | TASK [eve-ng-lab-test : Copy iso to host] *********************************************************************************************************************
2022-03-28 16:08:45,542 p=58769 u=rob n=ansible | skipping: [eveng]
2022-03-28 16:08:45,548 p=58769 u=rob n=ansible | skipping: [vyos-oobm]
2022-03-28 16:08:45,549 p=58769 u=rob n=ansible | skipping: [central]
2022-03-28 16:08:45,553 p=58769 u=rob n=ansible | skipping: [branch]
2022-03-28 16:08:45,555 p=58769 u=rob n=ansible | TASK [eve-ng-lab-test : upgrade vyos] *************************************************************************************************************************
2022-03-28 16:08:45,567 p=58769 u=rob n=ansible | skipping: [eveng]
2022-03-28 16:08:45,574 p=58769 u=rob n=ansible | skipping: [vyos-oobm]
2022-03-28 16:08:45,576 p=58769 u=rob n=ansible | skipping: [central]
2022-03-28 16:08:45,578 p=58769 u=rob n=ansible | skipping: [branch]
2022-03-28 16:08:45,580 p=58769 u=rob n=ansible | TASK [eve-ng-lab-test : Reboot vyos] **************************************************************************************************************************
2022-03-28 16:08:45,593 p=58769 u=rob n=ansible | skipping: [eveng]
2022-03-28 16:08:45,598 p=58769 u=rob n=ansible | skipping: [vyos-oobm]
2022-03-28 16:08:45,601 p=58769 u=rob n=ansible | skipping: [central]
2022-03-28 16:08:45,603 p=58769 u=rob n=ansible | skipping: [branch]
2022-03-28 16:08:45,606 p=58769 u=rob n=ansible | TASK [eve-ng-lab-test : wait while shutdown] ******************************************************************************************************************
2022-03-28 16:08:45,613 p=58769 u=rob n=ansible | skipping: [eveng]
2022-03-28 16:08:45,615 p=58769 u=rob n=ansible | TASK [eve-ng-lab-test : Wait for vyos nodes] ******************************************************************************************************************
2022-03-28 16:08:45,626 p=58769 u=rob n=ansible | skipping: [eveng]
2022-03-28 16:08:45,633 p=58769 u=rob n=ansible | skipping: [vyos-oobm]
2022-03-28 16:08:45,634 p=58769 u=rob n=ansible | skipping: [central]
2022-03-28 16:08:45,638 p=58769 u=rob n=ansible | skipping: [branch]
2022-03-28 16:08:45,641 p=58769 u=rob n=ansible | TASK [eve-ng-lab-test : clear tmp dir] ************************************************************************************************************************
2022-03-28 16:08:45,649 p=58769 u=rob n=ansible | skipping: [eveng]
2022-03-28 16:08:45,651 p=58769 u=rob n=ansible | TASK [eve-ng-lab-test : Login to EVE-NG and get Cookie] *******************************************************************************************************
2022-03-28 16:08:45,664 p=58769 u=rob n=ansible | skipping: [eveng]
2022-03-28 16:08:45,670 p=58769 u=rob n=ansible | skipping: [vyos-oobm]
2022-03-28 16:08:45,672 p=58769 u=rob n=ansible | skipping: [central]
2022-03-28 16:08:45,675 p=58769 u=rob n=ansible | skipping: [branch]
2022-03-28 16:08:45,677 p=58769 u=rob n=ansible | TASK [eve-ng-lab-test : stop nodes id] ************************************************************************************************************************
2022-03-28 16:08:45,709 p=58769 u=rob n=ansible | TASK [eve-ng-lab-test : wait after stop] **********************************************************************************************************************
2022-03-28 16:08:45,716 p=58769 u=rob n=ansible | skipping: [eveng]
2022-03-28 16:08:45,718 p=58769 u=rob n=ansible | TASK [eve-ng-lab-test : start nodes id] ***********************************************************************************************************************
2022-03-28 16:08:45,748 p=58769 u=rob n=ansible | TASK [eve-ng-lab-test : wait after start] *********************************************************************************************************************
2022-03-28 16:08:45,755 p=58769 u=rob n=ansible | skipping: [eveng]
2022-03-28 16:08:45,757 p=58769 u=rob n=ansible | TASK [eve-ng-lab-test : wait, b/c the ping often failed without a short break] ********************************************************************************
2022-03-28 16:08:45,764 p=58769 u=rob n=ansible | skipping: [eveng]
2022-03-28 16:08:45,766 p=58769 u=rob n=ansible | TASK [eve-ng-lab-test : do ping test] *************************************************************************************************************************
2022-03-28 16:08:45,779 p=58769 u=rob n=ansible | skipping: [eveng]
2022-03-28 16:08:45,784 p=58769 u=rob n=ansible | skipping: [vyos-oobm]
2022-03-28 16:08:45,791 p=58769 u=rob n=ansible | skipping: [central] => (item=10.0.2.100) 
2022-03-28 16:08:45,795 p=58769 u=rob n=ansible | skipping: [branch] => (item=10.0.1.100) 
2022-03-28 16:08:45,799 p=58769 u=rob n=ansible | TASK [eve-ng-lab-test : execute test commands] ****************************************************************************************************************
2022-03-28 16:08:45,812 p=58769 u=rob n=ansible | skipping: [eveng]
2022-03-28 16:08:45,818 p=58769 u=rob n=ansible | skipping: [vyos-oobm]
2022-03-28 16:08:45,826 p=58769 u=rob n=ansible | skipping: [central] => (item={'desc': 'Test if IP is set to interface', 'command': "ip -4 addr show dev eth2 | grep inet | tr -s ' ' | cut -d' ' -f3 | head -n 1", 'wait_for': ['result[0] contains "10.0.1.254/24"']}) 
2022-03-28 16:08:45,826 p=58769 u=rob n=ansible | skipping: [central] => (item={'desc': 'show interfaces wireguard', 'command': 'show interfaces wireguard', 'wait_for': ['result[0] contains "S - State, L - Link, u - Up, D - Down, A - Admin Down"', 'result[0] contains "Interface        IP Address                        S/L  Description"', 'result[0] contains "---------        ----------                        ---  -----------"', 'result[0] contains "wg01             192.168.0.1/24                    u/u  VPN-to-Branch"']}) 
2022-03-28 16:08:45,829 p=58769 u=rob n=ansible | skipping: [branch] => (item={'desc': 'show interfaces wireguard', 'command': 'show interfaces wireguard', 'wait_for': ['result[0] contains "S - State, L - Link, u - Up, D - Down, A - Admin Down"', 'result[0] contains "Interface        IP Address                        S/L  Description"', 'result[0] contains "---------        ----------                        ---  -----------"', 'result[0] contains "wg01             192.168.0.2/24                    u/u  VPN-to-central"']}) 
2022-03-28 16:08:45,832 p=58769 u=rob n=ansible | TASK [eve-ng-lab-test : register stdout commands] *************************************************************************************************************
2022-03-28 16:08:45,844 p=58769 u=rob n=ansible | skipping: [eveng]
2022-03-28 16:08:45,849 p=58769 u=rob n=ansible | skipping: [vyos-oobm]
2022-03-28 16:08:45,857 p=58769 u=rob n=ansible | skipping: [central] => (item={'name': 'show_interfaces_wireguard', 'command': 'show interfaces wireguard'}) 
2022-03-28 16:08:45,858 p=58769 u=rob n=ansible | skipping: [central] => (item={'name': 'ping_branch_pc', 'command': 'ping 10.0.2.100 count 4'}) 
2022-03-28 16:08:45,861 p=58769 u=rob n=ansible | skipping: [branch] => (item={'name': 'show_interfaces_wireguard', 'command': 'show interfaces wireguard'}) 
2022-03-28 16:08:45,864 p=58769 u=rob n=ansible | TASK [eve-ng-lab-test : Set variables] ************************************************************************************************************************
2022-03-28 16:08:45,876 p=58769 u=rob n=ansible | skipping: [eveng]
2022-03-28 16:08:45,882 p=58769 u=rob n=ansible | skipping: [vyos-oobm]
2022-03-28 16:08:45,884 p=58769 u=rob n=ansible | skipping: [central]
2022-03-28 16:08:45,887 p=58769 u=rob n=ansible | skipping: [branch]
2022-03-28 16:08:45,890 p=58769 u=rob n=ansible | TASK [eve-ng-lab-test : make sure output dir exist] ***********************************************************************************************************
2022-03-28 16:08:45,911 p=58769 u=rob n=ansible | skipping: [vyos-oobm]
2022-03-28 16:08:45,912 p=58769 u=rob n=ansible | skipping: [central]
2022-03-28 16:08:45,916 p=58769 u=rob n=ansible | skipping: [branch]
2022-03-28 16:08:46,079 p=58769 u=rob n=ansible | ok: [eveng -> localhost]
2022-03-28 16:08:46,082 p=58769 u=rob n=ansible | TASK [eve-ng-lab-test : make sure output include dir exist] ***************************************************************************************************
2022-03-28 16:08:46,105 p=58769 u=rob n=ansible | skipping: [vyos-oobm]
2022-03-28 16:08:46,106 p=58769 u=rob n=ansible | skipping: [central]
2022-03-28 16:08:46,110 p=58769 u=rob n=ansible | skipping: [branch]
2022-03-28 16:08:46,211 p=58769 u=rob n=ansible | ok: [eveng -> localhost]
2022-03-28 16:08:46,213 p=58769 u=rob n=ansible | TASK [eve-ng-lab-test : Get timestamp from the system] ********************************************************************************************************
2022-03-28 16:08:46,231 p=58769 u=rob n=ansible | skipping: [vyos-oobm]
2022-03-28 16:08:46,232 p=58769 u=rob n=ansible | skipping: [central]
2022-03-28 16:08:46,237 p=58769 u=rob n=ansible | skipping: [branch]
2022-03-28 16:08:46,640 p=58769 u=rob n=ansible | changed: [eveng]
2022-03-28 16:08:46,645 p=58769 u=rob n=ansible | TASK [eve-ng-lab-test : Set variables] ************************************************************************************************************************
2022-03-28 16:08:46,672 p=58769 u=rob n=ansible | ok: [eveng]
2022-03-28 16:08:46,674 p=58769 u=rob n=ansible | skipping: [vyos-oobm]
2022-03-28 16:08:46,674 p=58769 u=rob n=ansible | skipping: [central]
2022-03-28 16:08:46,679 p=58769 u=rob n=ansible | skipping: [branch]
2022-03-28 16:08:46,683 p=58769 u=rob n=ansible | TASK [eve-ng-lab-test : generate lab rst file] ****************************************************************************************************************
2022-03-28 16:08:46,707 p=58769 u=rob n=ansible | skipping: [vyos-oobm]
2022-03-28 16:08:46,708 p=58769 u=rob n=ansible | skipping: [central]
2022-03-28 16:08:46,712 p=58769 u=rob n=ansible | skipping: [branch]
2022-03-28 16:08:46,924 p=58769 u=rob n=ansible | changed: [eveng -> localhost]
2022-03-28 16:08:46,927 p=58769 u=rob n=ansible | TASK [eve-ng-lab-test : find all *.conf files in Lab] *********************************************************************************************************
2022-03-28 16:08:46,948 p=58769 u=rob n=ansible | skipping: [vyos-oobm]
2022-03-28 16:08:46,949 p=58769 u=rob n=ansible | skipping: [central]
2022-03-28 16:08:46,953 p=58769 u=rob n=ansible | skipping: [branch]
2022-03-28 16:08:47,112 p=58769 u=rob n=ansible | ok: [eveng -> localhost]
2022-03-28 16:08:47,120 p=58769 u=rob n=ansible | TASK [eve-ng-lab-test : copy all *.conf files] ****************************************************************************************************************
2022-03-28 16:08:47,144 p=58769 u=rob n=ansible | skipping: [vyos-oobm]
2022-03-28 16:08:47,145 p=58769 u=rob n=ansible | skipping: [central]
2022-03-28 16:08:47,150 p=58769 u=rob n=ansible | skipping: [branch]
2022-03-28 16:08:47,359 p=58769 u=rob n=ansible | changed: [eveng -> localhost] => (item={'path': 'labs/Wireguard/branch.conf', 'mode': '0644', 'isdir': False, 'ischr': False, 'isblk': False, 'isreg': True, 'isfifo': False, 'islnk': False, 'issock': False, 'uid': 501, 'gid': 20, 'size': 736, 'inode': 43810360, 'dev': 16777234, 'nlink': 1, 'atime': 1648476161.0878496, 'mtime': 1648476158.9426005, 'ctime': 1648476158.9426005, 'gr_name': 'staff', 'pw_name': 'rob', 'wusr': True, 'rusr': True, 'xusr': False, 'wgrp': False, 'rgrp': True, 'xgrp': False, 'woth': False, 'roth': True, 'xoth': False, 'isuid': False, 'isgid': False})
2022-03-28 16:08:47,574 p=58769 u=rob n=ansible | changed: [eveng -> localhost] => (item={'path': 'labs/Wireguard/central.conf', 'mode': '0644', 'isdir': False, 'ischr': False, 'isblk': False, 'isreg': True, 'isfifo': False, 'islnk': False, 'issock': False, 'uid': 501, 'gid': 20, 'size': 730, 'inode': 43810361, 'dev': 16777234, 'nlink': 1, 'atime': 1648476011.390948, 'mtime': 1648476009.029482, 'ctime': 1648476009.029482, 'gr_name': 'staff', 'pw_name': 'rob', 'wusr': True, 'rusr': True, 'xusr': False, 'wgrp': False, 'rgrp': True, 'xgrp': False, 'woth': False, 'roth': True, 'xoth': False, 'isuid': False, 'isgid': False})
2022-03-28 16:08:47,578 p=58769 u=rob n=ansible | TASK [eve-ng-lab-test : find all *.png files in Lab] **********************************************************************************************************
2022-03-28 16:08:47,605 p=58769 u=rob n=ansible | skipping: [vyos-oobm]
2022-03-28 16:08:47,606 p=58769 u=rob n=ansible | skipping: [central]
2022-03-28 16:08:47,611 p=58769 u=rob n=ansible | skipping: [branch]
2022-03-28 16:08:47,708 p=58769 u=rob n=ansible | ok: [eveng -> localhost]
2022-03-28 16:08:47,713 p=58769 u=rob n=ansible | TASK [eve-ng-lab-test : copy all *.png files] *****************************************************************************************************************
2022-03-28 16:08:47,737 p=58769 u=rob n=ansible | skipping: [vyos-oobm]
2022-03-28 16:08:47,738 p=58769 u=rob n=ansible | skipping: [central]
2022-03-28 16:08:47,743 p=58769 u=rob n=ansible | skipping: [branch]
2022-03-28 16:08:47,994 p=58769 u=rob n=ansible | ok: [eveng -> localhost] => (item={'path': 'labs/Wireguard/topology.png', 'mode': '0644', 'isdir': False, 'ischr': False, 'isblk': False, 'isreg': True, 'isfifo': False, 'islnk': False, 'issock': False, 'uid': 501, 'gid': 20, 'size': 158227, 'inode': 43214258, 'dev': 16777234, 'nlink': 1, 'atime': 1648155124.1537304, 'mtime': 1648155110.802489, 'ctime': 1648155110.802489, 'gr_name': 'staff', 'pw_name': 'rob', 'wusr': True, 'rusr': True, 'xusr': False, 'wgrp': False, 'rgrp': True, 'xgrp': False, 'woth': False, 'roth': True, 'xoth': False, 'isuid': False, 'isgid': False})
2022-03-28 16:08:47,997 p=58769 u=rob n=ansible | TASK [eve-ng-lab-test : copy ansible log files] ***************************************************************************************************************
2022-03-28 16:08:48,020 p=58769 u=rob n=ansible | skipping: [vyos-oobm]
2022-03-28 16:08:48,020 p=58769 u=rob n=ansible | skipping: [central]
2022-03-28 16:08:48,024 p=58769 u=rob n=ansible | skipping: [branch]
