2022-03-22 21:20:55,453 p=84842 u=rob n=ansible | PLAY [prepare node and Lab] ********************************************************************************************************************************************************************************
2022-03-22 21:20:55,471 p=84842 u=rob n=ansible | TASK [eve-ng-create-node : fail] ***************************************************************************************************************************************************************************
2022-03-22 21:20:55,485 p=84842 u=rob n=ansible | skipping: [eveng]
2022-03-22 21:20:55,490 p=84842 u=rob n=ansible | skipping: [vyos-oobm]
2022-03-22 21:20:55,497 p=84842 u=rob n=ansible | skipping: [dhcp-relay]
2022-03-22 21:20:55,498 p=84842 u=rob n=ansible | skipping: [dhcp-server]
2022-03-22 21:20:55,501 p=84842 u=rob n=ansible | skipping: [transport]
2022-03-22 21:20:55,503 p=84842 u=rob n=ansible | TASK [eve-ng-create-node : fail] ***************************************************************************************************************************************************************************
2022-03-22 21:20:55,515 p=84842 u=rob n=ansible | skipping: [eveng]
2022-03-22 21:20:55,521 p=84842 u=rob n=ansible | skipping: [vyos-oobm]
2022-03-22 21:20:55,526 p=84842 u=rob n=ansible | skipping: [dhcp-relay]
2022-03-22 21:20:55,528 p=84842 u=rob n=ansible | skipping: [dhcp-server]
2022-03-22 21:20:55,531 p=84842 u=rob n=ansible | skipping: [transport]
2022-03-22 21:20:55,535 p=84842 u=rob n=ansible | TASK [eve-ng-create-node : Login to EVE-NG and get Cookie] *************************************************************************************************************************************************
2022-03-22 21:20:55,560 p=84842 u=rob n=ansible | skipping: [vyos-oobm]
2022-03-22 21:20:55,567 p=84842 u=rob n=ansible | skipping: [dhcp-relay]
2022-03-22 21:20:55,567 p=84842 u=rob n=ansible | skipping: [dhcp-server]
2022-03-22 21:20:55,571 p=84842 u=rob n=ansible | skipping: [transport]
2022-03-22 21:20:56,450 p=84842 u=rob n=ansible | ok: [eveng]
2022-03-22 21:20:56,455 p=84842 u=rob n=ansible | TASK [eve-ng-create-node : get template facts] *************************************************************************************************************************************************************
2022-03-22 21:20:56,483 p=84842 u=rob n=ansible | skipping: [vyos-oobm]
2022-03-22 21:20:56,491 p=84842 u=rob n=ansible | skipping: [dhcp-relay]
2022-03-22 21:20:56,492 p=84842 u=rob n=ansible | skipping: [dhcp-server]
2022-03-22 21:20:56,496 p=84842 u=rob n=ansible | skipping: [transport]
2022-03-22 21:20:56,933 p=84842 u=rob n=ansible | ok: [eveng]
2022-03-22 21:20:56,938 p=84842 u=rob n=ansible | TASK [eve-ng-create-node : Register path status] ***********************************************************************************************************************************************************
2022-03-22 21:20:56,964 p=84842 u=rob n=ansible | skipping: [vyos-oobm]
2022-03-22 21:20:56,973 p=84842 u=rob n=ansible | skipping: [dhcp-relay]
2022-03-22 21:20:56,975 p=84842 u=rob n=ansible | skipping: [dhcp-server]
2022-03-22 21:20:56,979 p=84842 u=rob n=ansible | skipping: [transport]
2022-03-22 21:20:57,305 p=84842 u=rob n=ansible | ok: [eveng]
2022-03-22 21:20:57,307 p=84842 u=rob n=ansible | TASK [eve-ng-create-node : create path] ********************************************************************************************************************************************************************
2022-03-22 21:20:57,321 p=84842 u=rob n=ansible | skipping: [eveng]
2022-03-22 21:20:57,328 p=84842 u=rob n=ansible | skipping: [vyos-oobm]
2022-03-22 21:20:57,335 p=84842 u=rob n=ansible | skipping: [dhcp-relay]
2022-03-22 21:20:57,337 p=84842 u=rob n=ansible | skipping: [dhcp-server]
2022-03-22 21:20:57,341 p=84842 u=rob n=ansible | skipping: [transport]
2022-03-22 21:20:57,344 p=84842 u=rob n=ansible | TASK [eve-ng-create-node : Download iso] *******************************************************************************************************************************************************************
2022-03-22 21:20:57,358 p=84842 u=rob n=ansible | skipping: [eveng]
2022-03-22 21:20:57,363 p=84842 u=rob n=ansible | skipping: [vyos-oobm]
2022-03-22 21:20:57,370 p=84842 u=rob n=ansible | skipping: [dhcp-relay]
2022-03-22 21:20:57,372 p=84842 u=rob n=ansible | skipping: [dhcp-server]
2022-03-22 21:20:57,376 p=84842 u=rob n=ansible | skipping: [transport]
2022-03-22 21:20:57,378 p=84842 u=rob n=ansible | TASK [eve-ng-create-node : create virtioa.qcow2 file] ******************************************************************************************************************************************************
2022-03-22 21:20:57,393 p=84842 u=rob n=ansible | skipping: [eveng]
2022-03-22 21:20:57,399 p=84842 u=rob n=ansible | skipping: [vyos-oobm]
2022-03-22 21:20:57,405 p=84842 u=rob n=ansible | skipping: [dhcp-relay]
2022-03-22 21:20:57,406 p=84842 u=rob n=ansible | skipping: [dhcp-server]
2022-03-22 21:20:57,410 p=84842 u=rob n=ansible | skipping: [transport]
2022-03-22 21:20:57,412 p=84842 u=rob n=ansible | TASK [eve-ng-create-node : Login to EVE-NG and get Cookie] *************************************************************************************************************************************************
2022-03-22 21:20:57,424 p=84842 u=rob n=ansible | skipping: [eveng]
2022-03-22 21:20:57,430 p=84842 u=rob n=ansible | skipping: [vyos-oobm]
2022-03-22 21:20:57,436 p=84842 u=rob n=ansible | skipping: [dhcp-relay]
2022-03-22 21:20:57,438 p=84842 u=rob n=ansible | skipping: [dhcp-server]
2022-03-22 21:20:57,441 p=84842 u=rob n=ansible | skipping: [transport]
2022-03-22 21:20:57,443 p=84842 u=rob n=ansible | TASK [eve-ng-create-node : create lab for node install] ****************************************************************************************************************************************************
2022-03-22 21:20:57,454 p=84842 u=rob n=ansible | skipping: [eveng]
2022-03-22 21:20:57,461 p=84842 u=rob n=ansible | skipping: [vyos-oobm]
2022-03-22 21:20:57,466 p=84842 u=rob n=ansible | skipping: [dhcp-relay]
2022-03-22 21:20:57,468 p=84842 u=rob n=ansible | skipping: [dhcp-server]
2022-03-22 21:20:57,471 p=84842 u=rob n=ansible | skipping: [transport]
2022-03-22 21:20:57,473 p=84842 u=rob n=ansible | TASK [eve-ng-create-node : open lab] ***********************************************************************************************************************************************************************
2022-03-22 21:20:57,484 p=84842 u=rob n=ansible | skipping: [eveng]
2022-03-22 21:20:57,489 p=84842 u=rob n=ansible | skipping: [vyos-oobm]
2022-03-22 21:20:57,496 p=84842 u=rob n=ansible | skipping: [dhcp-relay]
2022-03-22 21:20:57,498 p=84842 u=rob n=ansible | skipping: [dhcp-server]
2022-03-22 21:20:57,501 p=84842 u=rob n=ansible | skipping: [transport]
2022-03-22 21:20:57,504 p=84842 u=rob n=ansible | TASK [eve-ng-create-node : set_fact] ***********************************************************************************************************************************************************************
2022-03-22 21:20:57,516 p=84842 u=rob n=ansible | skipping: [eveng]
2022-03-22 21:20:57,521 p=84842 u=rob n=ansible | skipping: [vyos-oobm]
2022-03-22 21:20:57,527 p=84842 u=rob n=ansible | skipping: [dhcp-relay]
2022-03-22 21:20:57,529 p=84842 u=rob n=ansible | skipping: [dhcp-server]
2022-03-22 21:20:57,531 p=84842 u=rob n=ansible | skipping: [transport]
2022-03-22 21:20:57,533 p=84842 u=rob n=ansible | TASK [eve-ng-create-node : add node to lab] ****************************************************************************************************************************************************************
2022-03-22 21:20:57,547 p=84842 u=rob n=ansible | skipping: [eveng]
2022-03-22 21:20:57,553 p=84842 u=rob n=ansible | skipping: [vyos-oobm]
2022-03-22 21:20:57,559 p=84842 u=rob n=ansible | skipping: [dhcp-relay]
2022-03-22 21:20:57,561 p=84842 u=rob n=ansible | skipping: [dhcp-server]
2022-03-22 21:20:57,563 p=84842 u=rob n=ansible | skipping: [transport]
2022-03-22 21:20:57,565 p=84842 u=rob n=ansible | TASK [eve-ng-create-node : start node] *********************************************************************************************************************************************************************
2022-03-22 21:20:57,578 p=84842 u=rob n=ansible | skipping: [eveng]
2022-03-22 21:20:57,584 p=84842 u=rob n=ansible | skipping: [vyos-oobm]
2022-03-22 21:20:57,590 p=84842 u=rob n=ansible | skipping: [dhcp-relay]
2022-03-22 21:20:57,592 p=84842 u=rob n=ansible | skipping: [dhcp-server]
2022-03-22 21:20:57,594 p=84842 u=rob n=ansible | skipping: [transport]
2022-03-22 21:20:57,597 p=84842 u=rob n=ansible | TASK [eve-ng-create-node : get node infos] *****************************************************************************************************************************************************************
2022-03-22 21:20:57,613 p=84842 u=rob n=ansible | skipping: [eveng]
2022-03-22 21:20:57,619 p=84842 u=rob n=ansible | skipping: [vyos-oobm]
2022-03-22 21:20:57,625 p=84842 u=rob n=ansible | skipping: [dhcp-relay]
2022-03-22 21:20:57,627 p=84842 u=rob n=ansible | skipping: [dhcp-server]
2022-03-22 21:20:57,630 p=84842 u=rob n=ansible | skipping: [transport]
2022-03-22 21:20:57,632 p=84842 u=rob n=ansible | TASK [eve-ng-create-node : set_fact] ***********************************************************************************************************************************************************************
2022-03-22 21:20:57,646 p=84842 u=rob n=ansible | skipping: [eveng]
2022-03-22 21:20:57,653 p=84842 u=rob n=ansible | skipping: [vyos-oobm]
2022-03-22 21:20:57,660 p=84842 u=rob n=ansible | skipping: [dhcp-relay]
2022-03-22 21:20:57,662 p=84842 u=rob n=ansible | skipping: [dhcp-server]
2022-03-22 21:20:57,665 p=84842 u=rob n=ansible | skipping: [transport]
2022-03-22 21:20:57,668 p=84842 u=rob n=ansible | TASK [eve-ng-create-node : copy file] **********************************************************************************************************************************************************************
2022-03-22 21:20:57,681 p=84842 u=rob n=ansible | skipping: [eveng]
2022-03-22 21:20:57,687 p=84842 u=rob n=ansible | skipping: [vyos-oobm]
2022-03-22 21:20:57,694 p=84842 u=rob n=ansible | skipping: [dhcp-relay]
2022-03-22 21:20:57,696 p=84842 u=rob n=ansible | skipping: [dhcp-server]
2022-03-22 21:20:57,699 p=84842 u=rob n=ansible | skipping: [transport]
2022-03-22 21:20:57,701 p=84842 u=rob n=ansible | TASK [eve-ng-create-node : run expect script] **************************************************************************************************************************************************************
2022-03-22 21:20:57,714 p=84842 u=rob n=ansible | skipping: [eveng]
2022-03-22 21:20:57,721 p=84842 u=rob n=ansible | skipping: [vyos-oobm]
2022-03-22 21:20:57,727 p=84842 u=rob n=ansible | skipping: [dhcp-relay]
2022-03-22 21:20:57,729 p=84842 u=rob n=ansible | skipping: [dhcp-server]
2022-03-22 21:20:57,733 p=84842 u=rob n=ansible | skipping: [transport]
2022-03-22 21:20:57,735 p=84842 u=rob n=ansible | TASK [eve-ng-create-node : Login to EVE-NG and get Cookie (due timeout)] ***********************************************************************************************************************************
2022-03-22 21:20:57,749 p=84842 u=rob n=ansible | skipping: [eveng]
2022-03-22 21:20:57,757 p=84842 u=rob n=ansible | skipping: [vyos-oobm]
2022-03-22 21:20:57,763 p=84842 u=rob n=ansible | skipping: [dhcp-relay]
2022-03-22 21:20:57,765 p=84842 u=rob n=ansible | skipping: [dhcp-server]
2022-03-22 21:20:57,770 p=84842 u=rob n=ansible | skipping: [transport]
2022-03-22 21:20:57,773 p=84842 u=rob n=ansible | TASK [eve-ng-create-node : stop node] **********************************************************************************************************************************************************************
2022-03-22 21:20:57,792 p=84842 u=rob n=ansible | skipping: [eveng]
2022-03-22 21:20:57,801 p=84842 u=rob n=ansible | skipping: [vyos-oobm]
2022-03-22 21:20:57,809 p=84842 u=rob n=ansible | skipping: [dhcp-relay]
2022-03-22 21:20:57,810 p=84842 u=rob n=ansible | skipping: [dhcp-server]
2022-03-22 21:20:57,815 p=84842 u=rob n=ansible | skipping: [transport]
2022-03-22 21:20:57,819 p=84842 u=rob n=ansible | TASK [eve-ng-create-node : Pause to wait node is shutdown] *************************************************************************************************************************************************
2022-03-22 21:20:57,830 p=84842 u=rob n=ansible | skipping: [eveng]
2022-03-22 21:20:57,833 p=84842 u=rob n=ansible | TASK [eve-ng-create-node : delete iso] *********************************************************************************************************************************************************************
2022-03-22 21:20:57,849 p=84842 u=rob n=ansible | skipping: [eveng]
2022-03-22 21:20:57,857 p=84842 u=rob n=ansible | skipping: [vyos-oobm]
2022-03-22 21:20:57,866 p=84842 u=rob n=ansible | skipping: [dhcp-relay]
2022-03-22 21:20:57,867 p=84842 u=rob n=ansible | skipping: [dhcp-server]
2022-03-22 21:20:57,871 p=84842 u=rob n=ansible | skipping: [transport]
2022-03-22 21:20:57,874 p=84842 u=rob n=ansible | TASK [eve-ng-create-node : commit virtioa.qcow2] ***********************************************************************************************************************************************************
2022-03-22 21:20:57,889 p=84842 u=rob n=ansible | skipping: [eveng]
2022-03-22 21:20:57,896 p=84842 u=rob n=ansible | skipping: [vyos-oobm]
2022-03-22 21:20:57,901 p=84842 u=rob n=ansible | skipping: [dhcp-relay]
2022-03-22 21:20:57,903 p=84842 u=rob n=ansible | skipping: [dhcp-server]
2022-03-22 21:20:57,906 p=84842 u=rob n=ansible | skipping: [transport]
2022-03-22 21:20:57,908 p=84842 u=rob n=ansible | TASK [eve-ng-create-node : delete lab for node install] ****************************************************************************************************************************************************
2022-03-22 21:20:57,922 p=84842 u=rob n=ansible | skipping: [eveng]
2022-03-22 21:20:57,927 p=84842 u=rob n=ansible | skipping: [vyos-oobm]
2022-03-22 21:20:57,933 p=84842 u=rob n=ansible | skipping: [dhcp-relay]
2022-03-22 21:20:57,935 p=84842 u=rob n=ansible | skipping: [dhcp-server]
2022-03-22 21:20:57,938 p=84842 u=rob n=ansible | skipping: [transport]
2022-03-22 21:20:57,946 p=84842 u=rob n=ansible | TASK [eve-ng-lab-test : Get env file content] **************************************************************************************************************************************************************
2022-03-22 21:20:58,233 p=84842 u=rob n=ansible | ok: [transport -> localhost]
2022-03-22 21:20:58,235 p=84842 u=rob n=ansible | ok: [vyos-oobm -> localhost]
2022-03-22 21:20:58,238 p=84842 u=rob n=ansible | ok: [dhcp-server -> localhost]
2022-03-22 21:20:58,239 p=84842 u=rob n=ansible | ok: [dhcp-relay -> localhost]
2022-03-22 21:20:58,243 p=84842 u=rob n=ansible | ok: [eveng -> localhost]
2022-03-22 21:20:58,245 p=84842 u=rob n=ansible | TASK [eve-ng-lab-test : Load facts] ************************************************************************************************************************************************************************
2022-03-22 21:20:58,272 p=84842 u=rob n=ansible | ok: [eveng]
2022-03-22 21:20:58,273 p=84842 u=rob n=ansible | ok: [vyos-oobm]
2022-03-22 21:20:59,175 p=85144 u=rob n=ansible | network_os is set to vyos
2022-03-22 21:20:59,178 p=85143 u=rob n=ansible | network_os is set to vyos
2022-03-22 21:20:59,180 p=85145 u=rob n=ansible | network_os is set to vyos
2022-03-22 21:20:59,185 p=84842 u=rob n=ansible | ok: [dhcp-server]
2022-03-22 21:20:59,187 p=84842 u=rob n=ansible | ok: [dhcp-relay]
2022-03-22 21:20:59,189 p=84842 u=rob n=ansible | ok: [transport]
2022-03-22 21:20:59,197 p=84842 u=rob n=ansible | TASK [eve-ng-lab-test : fail] ******************************************************************************************************************************************************************************
2022-03-22 21:20:59,221 p=84842 u=rob n=ansible | skipping: [eveng]
2022-03-22 21:20:59,229 p=84842 u=rob n=ansible | skipping: [vyos-oobm]
2022-03-22 21:20:59,239 p=84842 u=rob n=ansible | skipping: [dhcp-relay]
2022-03-22 21:20:59,241 p=84842 u=rob n=ansible | skipping: [dhcp-server]
2022-03-22 21:20:59,246 p=84842 u=rob n=ansible | skipping: [transport]
2022-03-22 21:20:59,249 p=84842 u=rob n=ansible | TASK [eve-ng-lab-test : Login to EVE-NG and get Cookie] ****************************************************************************************************************************************************
2022-03-22 21:20:59,270 p=84842 u=rob n=ansible | skipping: [vyos-oobm]
2022-03-22 21:20:59,276 p=84842 u=rob n=ansible | skipping: [dhcp-relay]
2022-03-22 21:20:59,278 p=84842 u=rob n=ansible | skipping: [dhcp-server]
2022-03-22 21:20:59,281 p=84842 u=rob n=ansible | skipping: [transport]
2022-03-22 21:20:59,912 p=84842 u=rob n=ansible | ok: [eveng]
2022-03-22 21:20:59,917 p=84842 u=rob n=ansible | TASK [eve-ng-lab-test : get running lab list] **************************************************************************************************************************************************************
2022-03-22 21:20:59,944 p=84842 u=rob n=ansible | skipping: [vyos-oobm]
2022-03-22 21:20:59,953 p=84842 u=rob n=ansible | skipping: [dhcp-relay]
2022-03-22 21:20:59,954 p=84842 u=rob n=ansible | skipping: [dhcp-server]
2022-03-22 21:20:59,958 p=84842 u=rob n=ansible | skipping: [transport]
2022-03-22 21:21:00,406 p=84842 u=rob n=ansible | ok: [eveng]
2022-03-22 21:21:00,411 p=84842 u=rob n=ansible | TASK [eve-ng-lab-test : delete existing lab] ***************************************************************************************************************************************************************
2022-03-22 21:21:00,434 p=84842 u=rob n=ansible | skipping: [vyos-oobm]
2022-03-22 21:21:00,442 p=84842 u=rob n=ansible | skipping: [dhcp-relay]
2022-03-22 21:21:00,443 p=84842 u=rob n=ansible | skipping: [dhcp-server]
2022-03-22 21:21:00,448 p=84842 u=rob n=ansible | skipping: [transport]
2022-03-22 21:21:01,022 p=84842 u=rob n=ansible | ok: [eveng]
2022-03-22 21:21:01,028 p=84842 u=rob n=ansible | TASK [eve-ng-lab-test : Ensure labtest is present] *********************************************************************************************************************************************************
2022-03-22 21:21:01,054 p=84842 u=rob n=ansible | skipping: [vyos-oobm]
2022-03-22 21:21:01,061 p=84842 u=rob n=ansible | skipping: [dhcp-relay]
2022-03-22 21:21:01,063 p=84842 u=rob n=ansible | skipping: [dhcp-server]
2022-03-22 21:21:01,068 p=84842 u=rob n=ansible | skipping: [transport]
2022-03-22 21:21:01,379 p=84842 u=rob n=ansible | ok: [eveng]
2022-03-22 21:21:01,384 p=84842 u=rob n=ansible | TASK [eve-ng-lab-test : Create DHCPRelay_through_GRE Lab] **************************************************************************************************************************************************
2022-03-22 21:21:01,404 p=84842 u=rob n=ansible | skipping: [vyos-oobm]
2022-03-22 21:21:01,410 p=84842 u=rob n=ansible | skipping: [dhcp-relay]
2022-03-22 21:21:01,412 p=84842 u=rob n=ansible | skipping: [dhcp-server]
2022-03-22 21:21:01,415 p=84842 u=rob n=ansible | skipping: [transport]
2022-03-22 21:21:02,058 p=84842 u=rob n=ansible | changed: [eveng]
2022-03-22 21:21:02,062 p=84842 u=rob n=ansible | TASK [eve-ng-lab-test : Login to EVE-NG and get Cookie] ****************************************************************************************************************************************************
2022-03-22 21:21:02,084 p=84842 u=rob n=ansible | skipping: [vyos-oobm]
2022-03-22 21:21:02,091 p=84842 u=rob n=ansible | skipping: [dhcp-relay]
2022-03-22 21:21:02,093 p=84842 u=rob n=ansible | skipping: [dhcp-server]
2022-03-22 21:21:02,097 p=84842 u=rob n=ansible | skipping: [transport]
2022-03-22 21:21:02,704 p=84842 u=rob n=ansible | ok: [eveng]
2022-03-22 21:21:02,708 p=84842 u=rob n=ansible | TASK [eve-ng-lab-test : start vyos-oobm] *******************************************************************************************************************************************************************
2022-03-22 21:21:02,731 p=84842 u=rob n=ansible | skipping: [vyos-oobm]
2022-03-22 21:21:02,737 p=84842 u=rob n=ansible | skipping: [dhcp-relay]
2022-03-22 21:21:02,739 p=84842 u=rob n=ansible | skipping: [dhcp-server]
2022-03-22 21:21:02,743 p=84842 u=rob n=ansible | skipping: [transport]
2022-03-22 21:21:03,697 p=84842 u=rob n=ansible | ok: [eveng]
2022-03-22 21:21:03,704 p=84842 u=rob n=ansible | TASK [eve-ng-lab-test : Wait for vyos-oobm] ****************************************************************************************************************************************************************
2022-03-22 21:21:03,724 p=84842 u=rob n=ansible | skipping: [eveng]
2022-03-22 21:21:03,738 p=84842 u=rob n=ansible | skipping: [dhcp-relay]
2022-03-22 21:21:03,740 p=84842 u=rob n=ansible | skipping: [dhcp-server]
2022-03-22 21:21:03,744 p=84842 u=rob n=ansible | skipping: [transport]
2022-03-22 21:21:55,097 p=84842 u=rob n=ansible | ok: [vyos-oobm]
2022-03-22 21:21:55,103 p=84842 u=rob n=ansible | TASK [eve-ng-lab-test : Login to EVE-NG and get Cookie] ****************************************************************************************************************************************************
2022-03-22 21:21:55,130 p=84842 u=rob n=ansible | skipping: [vyos-oobm]
2022-03-22 21:21:55,138 p=84842 u=rob n=ansible | skipping: [dhcp-relay]
2022-03-22 21:21:55,140 p=84842 u=rob n=ansible | skipping: [dhcp-server]
2022-03-22 21:21:55,144 p=84842 u=rob n=ansible | skipping: [transport]
2022-03-22 21:21:55,865 p=84842 u=rob n=ansible | ok: [eveng]
2022-03-22 21:21:55,870 p=84842 u=rob n=ansible | TASK [eve-ng-lab-test : get lab status] ********************************************************************************************************************************************************************
2022-03-22 21:21:55,897 p=84842 u=rob n=ansible | skipping: [vyos-oobm]
2022-03-22 21:21:55,905 p=84842 u=rob n=ansible | skipping: [dhcp-relay]
2022-03-22 21:21:55,907 p=84842 u=rob n=ansible | skipping: [dhcp-server]
2022-03-22 21:21:55,911 p=84842 u=rob n=ansible | skipping: [transport]
2022-03-22 21:21:56,367 p=84842 u=rob n=ansible | ok: [eveng]
2022-03-22 21:21:56,372 p=84842 u=rob n=ansible | TASK [eve-ng-lab-test : start all nodes] *******************************************************************************************************************************************************************
2022-03-22 21:21:56,400 p=84842 u=rob n=ansible | skipping: [vyos-oobm]
2022-03-22 21:21:56,407 p=84842 u=rob n=ansible | skipping: [dhcp-relay]
2022-03-22 21:21:56,410 p=84842 u=rob n=ansible | skipping: [dhcp-server]
2022-03-22 21:21:56,415 p=84842 u=rob n=ansible | skipping: [transport]
2022-03-22 21:21:57,320 p=84842 u=rob n=ansible | ok: [eveng] => (item=2)
2022-03-22 21:21:58,357 p=84842 u=rob n=ansible | ok: [eveng] => (item=3)
2022-03-22 21:21:59,421 p=84842 u=rob n=ansible | ok: [eveng] => (item=4)
2022-03-22 21:22:00,131 p=84842 u=rob n=ansible | ok: [eveng] => (item=1)
2022-03-22 21:22:01,065 p=84842 u=rob n=ansible | ok: [eveng] => (item=5)
2022-03-22 21:22:01,071 p=84842 u=rob n=ansible | TASK [eve-ng-lab-test : Wait for vyos nodes] ***************************************************************************************************************************************************************
2022-03-22 21:22:01,091 p=84842 u=rob n=ansible | skipping: [eveng]
2022-03-22 21:22:01,099 p=84842 u=rob n=ansible | skipping: [vyos-oobm]
2022-03-22 21:22:16,994 p=85493 u=rob n=p=85493 u=rob | paramiko [dhcp-relay] | Exception: Error reading SSH protocol banner
2022-03-22 21:22:16,997 p=85494 u=rob n=p=85494 u=rob | paramiko [dhcp-server] | Exception: Error reading SSH protocol banner
2022-03-22 21:22:16,997 p=85495 u=rob n=p=85495 u=rob | paramiko [transport] | Exception: Error reading SSH protocol banner
2022-03-22 21:22:16,997 p=85493 u=rob n=p=85493 u=rob | paramiko [dhcp-relay] | Traceback (most recent call last):
2022-03-22 21:22:16,997 p=85493 u=rob n=p=85493 u=rob | paramiko [dhcp-relay] |   File "/Users/rob/.local/share/virtualenvs/vyos-eveng-b9X2mBdh/lib/python3.9/site-packages/paramiko/transport.py", line 2211, in _check_banner
2022-03-22 21:22:16,998 p=85493 u=rob n=p=85493 u=rob | paramiko [dhcp-relay] |     buf = self.packetizer.readline(timeout)
2022-03-22 21:22:16,998 p=85493 u=rob n=p=85493 u=rob | paramiko [dhcp-relay] |   File "/Users/rob/.local/share/virtualenvs/vyos-eveng-b9X2mBdh/lib/python3.9/site-packages/paramiko/packet.py", line 380, in readline
2022-03-22 21:22:16,998 p=85493 u=rob n=p=85493 u=rob | paramiko [dhcp-relay] |     buf += self._read_timeout(timeout)
2022-03-22 21:22:16,998 p=85494 u=rob n=p=85494 u=rob | paramiko [dhcp-server] | Traceback (most recent call last):
2022-03-22 21:22:16,998 p=85493 u=rob n=p=85493 u=rob | paramiko [dhcp-relay] |   File "/Users/rob/.local/share/virtualenvs/vyos-eveng-b9X2mBdh/lib/python3.9/site-packages/paramiko/packet.py", line 622, in _read_timeout
2022-03-22 21:22:16,998 p=85495 u=rob n=p=85495 u=rob | paramiko [transport] | Traceback (most recent call last):
2022-03-22 21:22:16,998 p=85494 u=rob n=p=85494 u=rob | paramiko [dhcp-server] |   File "/Users/rob/.local/share/virtualenvs/vyos-eveng-b9X2mBdh/lib/python3.9/site-packages/paramiko/transport.py", line 2211, in _check_banner
2022-03-22 21:22:16,998 p=85493 u=rob n=p=85493 u=rob | paramiko [dhcp-relay] |     raise socket.timeout()
2022-03-22 21:22:16,998 p=85495 u=rob n=p=85495 u=rob | paramiko [transport] |   File "/Users/rob/.local/share/virtualenvs/vyos-eveng-b9X2mBdh/lib/python3.9/site-packages/paramiko/transport.py", line 2211, in _check_banner
2022-03-22 21:22:16,998 p=85494 u=rob n=p=85494 u=rob | paramiko [dhcp-server] |     buf = self.packetizer.readline(timeout)
2022-03-22 21:22:16,998 p=85493 u=rob n=p=85493 u=rob | paramiko [dhcp-relay] | socket.timeout
2022-03-22 21:22:16,998 p=85495 u=rob n=p=85495 u=rob | paramiko [transport] |     buf = self.packetizer.readline(timeout)
2022-03-22 21:22:16,998 p=85494 u=rob n=p=85494 u=rob | paramiko [dhcp-server] |   File "/Users/rob/.local/share/virtualenvs/vyos-eveng-b9X2mBdh/lib/python3.9/site-packages/paramiko/packet.py", line 380, in readline
2022-03-22 21:22:16,998 p=85493 u=rob n=p=85493 u=rob | paramiko [dhcp-relay] | 
2022-03-22 21:22:16,998 p=85495 u=rob n=p=85495 u=rob | paramiko [transport] |   File "/Users/rob/.local/share/virtualenvs/vyos-eveng-b9X2mBdh/lib/python3.9/site-packages/paramiko/packet.py", line 380, in readline
2022-03-22 21:22:16,998 p=85494 u=rob n=p=85494 u=rob | paramiko [dhcp-server] |     buf += self._read_timeout(timeout)
2022-03-22 21:22:16,998 p=85493 u=rob n=p=85493 u=rob | paramiko [dhcp-relay] | During handling of the above exception, another exception occurred:
2022-03-22 21:22:16,999 p=85495 u=rob n=p=85495 u=rob | paramiko [transport] |     buf += self._read_timeout(timeout)
2022-03-22 21:22:16,999 p=85494 u=rob n=p=85494 u=rob | paramiko [dhcp-server] |   File "/Users/rob/.local/share/virtualenvs/vyos-eveng-b9X2mBdh/lib/python3.9/site-packages/paramiko/packet.py", line 622, in _read_timeout
2022-03-22 21:22:16,999 p=85493 u=rob n=p=85493 u=rob | paramiko [dhcp-relay] | 
2022-03-22 21:22:16,999 p=85495 u=rob n=p=85495 u=rob | paramiko [transport] |   File "/Users/rob/.local/share/virtualenvs/vyos-eveng-b9X2mBdh/lib/python3.9/site-packages/paramiko/packet.py", line 622, in _read_timeout
2022-03-22 21:22:16,999 p=85494 u=rob n=p=85494 u=rob | paramiko [dhcp-server] |     raise socket.timeout()
2022-03-22 21:22:16,999 p=85493 u=rob n=p=85493 u=rob | paramiko [dhcp-relay] | Traceback (most recent call last):
2022-03-22 21:22:16,999 p=85495 u=rob n=p=85495 u=rob | paramiko [transport] |     raise socket.timeout()
2022-03-22 21:22:16,999 p=85494 u=rob n=p=85494 u=rob | paramiko [dhcp-server] | socket.timeout
2022-03-22 21:22:16,999 p=85493 u=rob n=p=85493 u=rob | paramiko [dhcp-relay] |   File "/Users/rob/.local/share/virtualenvs/vyos-eveng-b9X2mBdh/lib/python3.9/site-packages/paramiko/transport.py", line 2039, in run
2022-03-22 21:22:16,999 p=85495 u=rob n=p=85495 u=rob | paramiko [transport] | socket.timeout
2022-03-22 21:22:16,999 p=85494 u=rob n=p=85494 u=rob | paramiko [dhcp-server] | 
2022-03-22 21:22:16,999 p=85493 u=rob n=p=85493 u=rob | paramiko [dhcp-relay] |     self._check_banner()
2022-03-22 21:22:16,999 p=85495 u=rob n=p=85495 u=rob | paramiko [transport] | 
2022-03-22 21:22:16,999 p=85494 u=rob n=p=85494 u=rob | paramiko [dhcp-server] | During handling of the above exception, another exception occurred:
2022-03-22 21:22:16,999 p=85493 u=rob n=p=85493 u=rob | paramiko [dhcp-relay] |   File "/Users/rob/.local/share/virtualenvs/vyos-eveng-b9X2mBdh/lib/python3.9/site-packages/paramiko/transport.py", line 2215, in _check_banner
2022-03-22 21:22:16,999 p=85495 u=rob n=p=85495 u=rob | paramiko [transport] | During handling of the above exception, another exception occurred:
2022-03-22 21:22:16,999 p=85494 u=rob n=p=85494 u=rob | paramiko [dhcp-server] | 
2022-03-22 21:22:16,999 p=85493 u=rob n=p=85493 u=rob | paramiko [dhcp-relay] |     raise SSHException(
2022-03-22 21:22:16,999 p=85495 u=rob n=p=85495 u=rob | paramiko [transport] | 
2022-03-22 21:22:16,999 p=85494 u=rob n=p=85494 u=rob | paramiko [dhcp-server] | Traceback (most recent call last):
2022-03-22 21:22:16,999 p=85493 u=rob n=p=85493 u=rob | paramiko [dhcp-relay] | paramiko.ssh_exception.SSHException: Error reading SSH protocol banner
2022-03-22 21:22:16,999 p=85495 u=rob n=p=85495 u=rob | paramiko [transport] | Traceback (most recent call last):
2022-03-22 21:22:16,999 p=85494 u=rob n=p=85494 u=rob | paramiko [dhcp-server] |   File "/Users/rob/.local/share/virtualenvs/vyos-eveng-b9X2mBdh/lib/python3.9/site-packages/paramiko/transport.py", line 2039, in run
2022-03-22 21:22:17,000 p=85493 u=rob n=p=85493 u=rob | paramiko [dhcp-relay] | 
2022-03-22 21:22:17,000 p=85495 u=rob n=p=85495 u=rob | paramiko [transport] |   File "/Users/rob/.local/share/virtualenvs/vyos-eveng-b9X2mBdh/lib/python3.9/site-packages/paramiko/transport.py", line 2039, in run
2022-03-22 21:22:17,000 p=85494 u=rob n=p=85494 u=rob | paramiko [dhcp-server] |     self._check_banner()
2022-03-22 21:22:17,000 p=85495 u=rob n=p=85495 u=rob | paramiko [transport] |     self._check_banner()
2022-03-22 21:22:17,000 p=85494 u=rob n=p=85494 u=rob | paramiko [dhcp-server] |   File "/Users/rob/.local/share/virtualenvs/vyos-eveng-b9X2mBdh/lib/python3.9/site-packages/paramiko/transport.py", line 2215, in _check_banner
2022-03-22 21:22:17,000 p=85495 u=rob n=p=85495 u=rob | paramiko [transport] |   File "/Users/rob/.local/share/virtualenvs/vyos-eveng-b9X2mBdh/lib/python3.9/site-packages/paramiko/transport.py", line 2215, in _check_banner
2022-03-22 21:22:17,000 p=85494 u=rob n=p=85494 u=rob | paramiko [dhcp-server] |     raise SSHException(
2022-03-22 21:22:17,000 p=85495 u=rob n=p=85495 u=rob | paramiko [transport] |     raise SSHException(
2022-03-22 21:22:17,000 p=85494 u=rob n=p=85494 u=rob | paramiko [dhcp-server] | paramiko.ssh_exception.SSHException: Error reading SSH protocol banner
2022-03-22 21:22:17,000 p=85495 u=rob n=p=85495 u=rob | paramiko [transport] | paramiko.ssh_exception.SSHException: Error reading SSH protocol banner
2022-03-22 21:22:17,000 p=85494 u=rob n=p=85494 u=rob | paramiko [dhcp-server] | 
2022-03-22 21:22:17,000 p=85495 u=rob n=p=85495 u=rob | paramiko [transport] | 
2022-03-22 21:22:33,031 p=85495 u=rob n=p=85495 u=rob | paramiko [transport] | Exception: Error reading SSH protocol banner
2022-03-22 21:22:33,032 p=85495 u=rob n=p=85495 u=rob | paramiko [transport] | Traceback (most recent call last):
2022-03-22 21:22:33,032 p=85495 u=rob n=p=85495 u=rob | paramiko [transport] |   File "/Users/rob/.local/share/virtualenvs/vyos-eveng-b9X2mBdh/lib/python3.9/site-packages/paramiko/transport.py", line 2211, in _check_banner
2022-03-22 21:22:33,032 p=85495 u=rob n=p=85495 u=rob | paramiko [transport] |     buf = self.packetizer.readline(timeout)
2022-03-22 21:22:33,032 p=85495 u=rob n=p=85495 u=rob | paramiko [transport] |   File "/Users/rob/.local/share/virtualenvs/vyos-eveng-b9X2mBdh/lib/python3.9/site-packages/paramiko/packet.py", line 380, in readline
2022-03-22 21:22:33,033 p=85495 u=rob n=p=85495 u=rob | paramiko [transport] |     buf += self._read_timeout(timeout)
2022-03-22 21:22:33,033 p=85495 u=rob n=p=85495 u=rob | paramiko [transport] |   File "/Users/rob/.local/share/virtualenvs/vyos-eveng-b9X2mBdh/lib/python3.9/site-packages/paramiko/packet.py", line 622, in _read_timeout
2022-03-22 21:22:33,033 p=85495 u=rob n=p=85495 u=rob | paramiko [transport] |     raise socket.timeout()
2022-03-22 21:22:33,033 p=85495 u=rob n=p=85495 u=rob | paramiko [transport] | socket.timeout
2022-03-22 21:22:33,033 p=85495 u=rob n=p=85495 u=rob | paramiko [transport] | 
2022-03-22 21:22:33,033 p=85495 u=rob n=p=85495 u=rob | paramiko [transport] | During handling of the above exception, another exception occurred:
2022-03-22 21:22:33,033 p=85495 u=rob n=p=85495 u=rob | paramiko [transport] | 
2022-03-22 21:22:33,033 p=85495 u=rob n=p=85495 u=rob | paramiko [transport] | Traceback (most recent call last):
2022-03-22 21:22:33,034 p=85495 u=rob n=p=85495 u=rob | paramiko [transport] |   File "/Users/rob/.local/share/virtualenvs/vyos-eveng-b9X2mBdh/lib/python3.9/site-packages/paramiko/transport.py", line 2039, in run
2022-03-22 21:22:33,034 p=85495 u=rob n=p=85495 u=rob | paramiko [transport] |     self._check_banner()
2022-03-22 21:22:33,034 p=85495 u=rob n=p=85495 u=rob | paramiko [transport] |   File "/Users/rob/.local/share/virtualenvs/vyos-eveng-b9X2mBdh/lib/python3.9/site-packages/paramiko/transport.py", line 2215, in _check_banner
2022-03-22 21:22:33,034 p=85495 u=rob n=p=85495 u=rob | paramiko [transport] |     raise SSHException(
2022-03-22 21:22:33,034 p=85495 u=rob n=p=85495 u=rob | paramiko [transport] | paramiko.ssh_exception.SSHException: Error reading SSH protocol banner
2022-03-22 21:22:33,034 p=85495 u=rob n=p=85495 u=rob | paramiko [transport] | 
2022-03-22 21:22:33,034 p=85493 u=rob n=p=85493 u=rob | paramiko [dhcp-relay] | Exception: Error reading SSH protocol banner
2022-03-22 21:22:33,035 p=85493 u=rob n=p=85493 u=rob | paramiko [dhcp-relay] | Traceback (most recent call last):
2022-03-22 21:22:33,035 p=85493 u=rob n=p=85493 u=rob | paramiko [dhcp-relay] |   File "/Users/rob/.local/share/virtualenvs/vyos-eveng-b9X2mBdh/lib/python3.9/site-packages/paramiko/transport.py", line 2211, in _check_banner
2022-03-22 21:22:33,035 p=85493 u=rob n=p=85493 u=rob | paramiko [dhcp-relay] |     buf = self.packetizer.readline(timeout)
2022-03-22 21:22:33,035 p=85493 u=rob n=p=85493 u=rob | paramiko [dhcp-relay] |   File "/Users/rob/.local/share/virtualenvs/vyos-eveng-b9X2mBdh/lib/python3.9/site-packages/paramiko/packet.py", line 380, in readline
2022-03-22 21:22:33,035 p=85493 u=rob n=p=85493 u=rob | paramiko [dhcp-relay] |     buf += self._read_timeout(timeout)
2022-03-22 21:22:33,035 p=85493 u=rob n=p=85493 u=rob | paramiko [dhcp-relay] |   File "/Users/rob/.local/share/virtualenvs/vyos-eveng-b9X2mBdh/lib/python3.9/site-packages/paramiko/packet.py", line 622, in _read_timeout
2022-03-22 21:22:33,035 p=85493 u=rob n=p=85493 u=rob | paramiko [dhcp-relay] |     raise socket.timeout()
2022-03-22 21:22:33,035 p=85493 u=rob n=p=85493 u=rob | paramiko [dhcp-relay] | socket.timeout
2022-03-22 21:22:33,036 p=85493 u=rob n=p=85493 u=rob | paramiko [dhcp-relay] | 
2022-03-22 21:22:33,036 p=85493 u=rob n=p=85493 u=rob | paramiko [dhcp-relay] | During handling of the above exception, another exception occurred:
2022-03-22 21:22:33,036 p=85493 u=rob n=p=85493 u=rob | paramiko [dhcp-relay] | 
2022-03-22 21:22:33,036 p=85493 u=rob n=p=85493 u=rob | paramiko [dhcp-relay] | Traceback (most recent call last):
2022-03-22 21:22:33,036 p=85493 u=rob n=p=85493 u=rob | paramiko [dhcp-relay] |   File "/Users/rob/.local/share/virtualenvs/vyos-eveng-b9X2mBdh/lib/python3.9/site-packages/paramiko/transport.py", line 2039, in run
2022-03-22 21:22:33,036 p=85493 u=rob n=p=85493 u=rob | paramiko [dhcp-relay] |     self._check_banner()
2022-03-22 21:22:33,036 p=85493 u=rob n=p=85493 u=rob | paramiko [dhcp-relay] |   File "/Users/rob/.local/share/virtualenvs/vyos-eveng-b9X2mBdh/lib/python3.9/site-packages/paramiko/transport.py", line 2215, in _check_banner
2022-03-22 21:22:33,036 p=85493 u=rob n=p=85493 u=rob | paramiko [dhcp-relay] |     raise SSHException(
2022-03-22 21:22:33,036 p=85493 u=rob n=p=85493 u=rob | paramiko [dhcp-relay] | paramiko.ssh_exception.SSHException: Error reading SSH protocol banner
2022-03-22 21:22:33,037 p=85493 u=rob n=p=85493 u=rob | paramiko [dhcp-relay] | 
2022-03-22 21:22:33,041 p=85494 u=rob n=p=85494 u=rob | paramiko [dhcp-server] | Exception: Error reading SSH protocol banner
2022-03-22 21:22:33,042 p=85494 u=rob n=p=85494 u=rob | paramiko [dhcp-server] | Traceback (most recent call last):
2022-03-22 21:22:33,042 p=85494 u=rob n=p=85494 u=rob | paramiko [dhcp-server] |   File "/Users/rob/.local/share/virtualenvs/vyos-eveng-b9X2mBdh/lib/python3.9/site-packages/paramiko/transport.py", line 2211, in _check_banner
2022-03-22 21:22:33,042 p=85494 u=rob n=p=85494 u=rob | paramiko [dhcp-server] |     buf = self.packetizer.readline(timeout)
2022-03-22 21:22:33,042 p=85494 u=rob n=p=85494 u=rob | paramiko [dhcp-server] |   File "/Users/rob/.local/share/virtualenvs/vyos-eveng-b9X2mBdh/lib/python3.9/site-packages/paramiko/packet.py", line 380, in readline
2022-03-22 21:22:33,042 p=85494 u=rob n=p=85494 u=rob | paramiko [dhcp-server] |     buf += self._read_timeout(timeout)
2022-03-22 21:22:33,042 p=85494 u=rob n=p=85494 u=rob | paramiko [dhcp-server] |   File "/Users/rob/.local/share/virtualenvs/vyos-eveng-b9X2mBdh/lib/python3.9/site-packages/paramiko/packet.py", line 622, in _read_timeout
2022-03-22 21:22:33,042 p=85494 u=rob n=p=85494 u=rob | paramiko [dhcp-server] |     raise socket.timeout()
2022-03-22 21:22:33,043 p=85494 u=rob n=p=85494 u=rob | paramiko [dhcp-server] | socket.timeout
2022-03-22 21:22:33,043 p=85494 u=rob n=p=85494 u=rob | paramiko [dhcp-server] | 
2022-03-22 21:22:33,043 p=85494 u=rob n=p=85494 u=rob | paramiko [dhcp-server] | During handling of the above exception, another exception occurred:
2022-03-22 21:22:33,043 p=85494 u=rob n=p=85494 u=rob | paramiko [dhcp-server] | 
2022-03-22 21:22:33,043 p=85494 u=rob n=p=85494 u=rob | paramiko [dhcp-server] | Traceback (most recent call last):
2022-03-22 21:22:33,043 p=85494 u=rob n=p=85494 u=rob | paramiko [dhcp-server] |   File "/Users/rob/.local/share/virtualenvs/vyos-eveng-b9X2mBdh/lib/python3.9/site-packages/paramiko/transport.py", line 2039, in run
2022-03-22 21:22:33,043 p=85494 u=rob n=p=85494 u=rob | paramiko [dhcp-server] |     self._check_banner()
2022-03-22 21:22:33,043 p=85494 u=rob n=p=85494 u=rob | paramiko [dhcp-server] |   File "/Users/rob/.local/share/virtualenvs/vyos-eveng-b9X2mBdh/lib/python3.9/site-packages/paramiko/transport.py", line 2215, in _check_banner
2022-03-22 21:22:33,043 p=85494 u=rob n=p=85494 u=rob | paramiko [dhcp-server] |     raise SSHException(
2022-03-22 21:22:33,044 p=85494 u=rob n=p=85494 u=rob | paramiko [dhcp-server] | paramiko.ssh_exception.SSHException: Error reading SSH protocol banner
2022-03-22 21:22:33,044 p=85494 u=rob n=p=85494 u=rob | paramiko [dhcp-server] | 
2022-03-22 21:22:49,065 p=85493 u=rob n=p=85493 u=rob | paramiko [dhcp-relay] | Exception: Error reading SSH protocol banner
2022-03-22 21:22:49,065 p=85493 u=rob n=p=85493 u=rob | paramiko [dhcp-relay] | Traceback (most recent call last):
2022-03-22 21:22:49,065 p=85493 u=rob n=p=85493 u=rob | paramiko [dhcp-relay] |   File "/Users/rob/.local/share/virtualenvs/vyos-eveng-b9X2mBdh/lib/python3.9/site-packages/paramiko/transport.py", line 2211, in _check_banner
2022-03-22 21:22:49,066 p=85493 u=rob n=p=85493 u=rob | paramiko [dhcp-relay] |     buf = self.packetizer.readline(timeout)
2022-03-22 21:22:49,066 p=85493 u=rob n=p=85493 u=rob | paramiko [dhcp-relay] |   File "/Users/rob/.local/share/virtualenvs/vyos-eveng-b9X2mBdh/lib/python3.9/site-packages/paramiko/packet.py", line 380, in readline
2022-03-22 21:22:49,066 p=85493 u=rob n=p=85493 u=rob | paramiko [dhcp-relay] |     buf += self._read_timeout(timeout)
2022-03-22 21:22:49,066 p=85493 u=rob n=p=85493 u=rob | paramiko [dhcp-relay] |   File "/Users/rob/.local/share/virtualenvs/vyos-eveng-b9X2mBdh/lib/python3.9/site-packages/paramiko/packet.py", line 622, in _read_timeout
2022-03-22 21:22:49,066 p=85493 u=rob n=p=85493 u=rob | paramiko [dhcp-relay] |     raise socket.timeout()
2022-03-22 21:22:49,066 p=85493 u=rob n=p=85493 u=rob | paramiko [dhcp-relay] | socket.timeout
2022-03-22 21:22:49,066 p=85493 u=rob n=p=85493 u=rob | paramiko [dhcp-relay] | 
2022-03-22 21:22:49,066 p=85493 u=rob n=p=85493 u=rob | paramiko [dhcp-relay] | During handling of the above exception, another exception occurred:
2022-03-22 21:22:49,067 p=85493 u=rob n=p=85493 u=rob | paramiko [dhcp-relay] | 
2022-03-22 21:22:49,067 p=85493 u=rob n=p=85493 u=rob | paramiko [dhcp-relay] | Traceback (most recent call last):
2022-03-22 21:22:49,067 p=85493 u=rob n=p=85493 u=rob | paramiko [dhcp-relay] |   File "/Users/rob/.local/share/virtualenvs/vyos-eveng-b9X2mBdh/lib/python3.9/site-packages/paramiko/transport.py", line 2039, in run
2022-03-22 21:22:49,067 p=85493 u=rob n=p=85493 u=rob | paramiko [dhcp-relay] |     self._check_banner()
2022-03-22 21:22:49,067 p=85493 u=rob n=p=85493 u=rob | paramiko [dhcp-relay] |   File "/Users/rob/.local/share/virtualenvs/vyos-eveng-b9X2mBdh/lib/python3.9/site-packages/paramiko/transport.py", line 2215, in _check_banner
2022-03-22 21:22:49,067 p=85493 u=rob n=p=85493 u=rob | paramiko [dhcp-relay] |     raise SSHException(
2022-03-22 21:22:49,067 p=85493 u=rob n=p=85493 u=rob | paramiko [dhcp-relay] | paramiko.ssh_exception.SSHException: Error reading SSH protocol banner
2022-03-22 21:22:49,067 p=85493 u=rob n=p=85493 u=rob | paramiko [dhcp-relay] | 
2022-03-22 21:22:49,071 p=85495 u=rob n=p=85495 u=rob | paramiko [transport] | Exception: Error reading SSH protocol banner
2022-03-22 21:22:49,072 p=85495 u=rob n=p=85495 u=rob | paramiko [transport] | Traceback (most recent call last):
2022-03-22 21:22:49,072 p=85495 u=rob n=p=85495 u=rob | paramiko [transport] |   File "/Users/rob/.local/share/virtualenvs/vyos-eveng-b9X2mBdh/lib/python3.9/site-packages/paramiko/transport.py", line 2211, in _check_banner
2022-03-22 21:22:49,072 p=85495 u=rob n=p=85495 u=rob | paramiko [transport] |     buf = self.packetizer.readline(timeout)
2022-03-22 21:22:49,072 p=85495 u=rob n=p=85495 u=rob | paramiko [transport] |   File "/Users/rob/.local/share/virtualenvs/vyos-eveng-b9X2mBdh/lib/python3.9/site-packages/paramiko/packet.py", line 380, in readline
2022-03-22 21:22:49,072 p=85495 u=rob n=p=85495 u=rob | paramiko [transport] |     buf += self._read_timeout(timeout)
2022-03-22 21:22:49,072 p=85495 u=rob n=p=85495 u=rob | paramiko [transport] |   File "/Users/rob/.local/share/virtualenvs/vyos-eveng-b9X2mBdh/lib/python3.9/site-packages/paramiko/packet.py", line 622, in _read_timeout
2022-03-22 21:22:49,072 p=85495 u=rob n=p=85495 u=rob | paramiko [transport] |     raise socket.timeout()
2022-03-22 21:22:49,072 p=85495 u=rob n=p=85495 u=rob | paramiko [transport] | socket.timeout
2022-03-22 21:22:49,073 p=85495 u=rob n=p=85495 u=rob | paramiko [transport] | 
2022-03-22 21:22:49,073 p=85495 u=rob n=p=85495 u=rob | paramiko [transport] | During handling of the above exception, another exception occurred:
2022-03-22 21:22:49,073 p=85495 u=rob n=p=85495 u=rob | paramiko [transport] | 
2022-03-22 21:22:49,073 p=85495 u=rob n=p=85495 u=rob | paramiko [transport] | Traceback (most recent call last):
2022-03-22 21:22:49,073 p=85495 u=rob n=p=85495 u=rob | paramiko [transport] |   File "/Users/rob/.local/share/virtualenvs/vyos-eveng-b9X2mBdh/lib/python3.9/site-packages/paramiko/transport.py", line 2039, in run
2022-03-22 21:22:49,073 p=85495 u=rob n=p=85495 u=rob | paramiko [transport] |     self._check_banner()
2022-03-22 21:22:49,073 p=85495 u=rob n=p=85495 u=rob | paramiko [transport] |   File "/Users/rob/.local/share/virtualenvs/vyos-eveng-b9X2mBdh/lib/python3.9/site-packages/paramiko/transport.py", line 2215, in _check_banner
2022-03-22 21:22:49,073 p=85495 u=rob n=p=85495 u=rob | paramiko [transport] |     raise SSHException(
2022-03-22 21:22:49,074 p=85495 u=rob n=p=85495 u=rob | paramiko [transport] | paramiko.ssh_exception.SSHException: Error reading SSH protocol banner
2022-03-22 21:22:49,074 p=85495 u=rob n=p=85495 u=rob | paramiko [transport] | 
2022-03-22 21:22:49,083 p=85494 u=rob n=p=85494 u=rob | paramiko [dhcp-server] | Exception: Error reading SSH protocol banner
2022-03-22 21:22:49,084 p=85494 u=rob n=p=85494 u=rob | paramiko [dhcp-server] | Traceback (most recent call last):
2022-03-22 21:22:49,084 p=85494 u=rob n=p=85494 u=rob | paramiko [dhcp-server] |   File "/Users/rob/.local/share/virtualenvs/vyos-eveng-b9X2mBdh/lib/python3.9/site-packages/paramiko/transport.py", line 2211, in _check_banner
2022-03-22 21:22:49,084 p=85494 u=rob n=p=85494 u=rob | paramiko [dhcp-server] |     buf = self.packetizer.readline(timeout)
2022-03-22 21:22:49,084 p=85494 u=rob n=p=85494 u=rob | paramiko [dhcp-server] |   File "/Users/rob/.local/share/virtualenvs/vyos-eveng-b9X2mBdh/lib/python3.9/site-packages/paramiko/packet.py", line 380, in readline
2022-03-22 21:22:49,084 p=85494 u=rob n=p=85494 u=rob | paramiko [dhcp-server] |     buf += self._read_timeout(timeout)
2022-03-22 21:22:49,084 p=85494 u=rob n=p=85494 u=rob | paramiko [dhcp-server] |   File "/Users/rob/.local/share/virtualenvs/vyos-eveng-b9X2mBdh/lib/python3.9/site-packages/paramiko/packet.py", line 622, in _read_timeout
2022-03-22 21:22:49,084 p=85494 u=rob n=p=85494 u=rob | paramiko [dhcp-server] |     raise socket.timeout()
2022-03-22 21:22:49,084 p=85494 u=rob n=p=85494 u=rob | paramiko [dhcp-server] | socket.timeout
2022-03-22 21:22:49,085 p=85494 u=rob n=p=85494 u=rob | paramiko [dhcp-server] | 
2022-03-22 21:22:49,085 p=85494 u=rob n=p=85494 u=rob | paramiko [dhcp-server] | During handling of the above exception, another exception occurred:
2022-03-22 21:22:49,085 p=85494 u=rob n=p=85494 u=rob | paramiko [dhcp-server] | 
2022-03-22 21:22:49,085 p=85494 u=rob n=p=85494 u=rob | paramiko [dhcp-server] | Traceback (most recent call last):
2022-03-22 21:22:49,085 p=85494 u=rob n=p=85494 u=rob | paramiko [dhcp-server] |   File "/Users/rob/.local/share/virtualenvs/vyos-eveng-b9X2mBdh/lib/python3.9/site-packages/paramiko/transport.py", line 2039, in run
2022-03-22 21:22:49,085 p=85494 u=rob n=p=85494 u=rob | paramiko [dhcp-server] |     self._check_banner()
2022-03-22 21:22:49,085 p=85494 u=rob n=p=85494 u=rob | paramiko [dhcp-server] |   File "/Users/rob/.local/share/virtualenvs/vyos-eveng-b9X2mBdh/lib/python3.9/site-packages/paramiko/transport.py", line 2215, in _check_banner
2022-03-22 21:22:49,085 p=85494 u=rob n=p=85494 u=rob | paramiko [dhcp-server] |     raise SSHException(
2022-03-22 21:22:49,085 p=85494 u=rob n=p=85494 u=rob | paramiko [dhcp-server] | paramiko.ssh_exception.SSHException: Error reading SSH protocol banner
2022-03-22 21:22:49,086 p=85494 u=rob n=p=85494 u=rob | paramiko [dhcp-server] | 
2022-03-22 21:22:50,708 p=85493 u=rob n=p=85493 u=rob | paramiko [dhcp-relay] | Connected (version 2.0, client OpenSSH_7.9p1)
2022-03-22 21:22:50,728 p=85495 u=rob n=p=85495 u=rob | paramiko [transport] | Connected (version 2.0, client OpenSSH_7.9p1)
2022-03-22 21:22:50,728 p=85494 u=rob n=p=85494 u=rob | paramiko [dhcp-server] | Connected (version 2.0, client OpenSSH_7.9p1)
2022-03-22 21:22:50,794 p=85493 u=rob n=p=85493 u=rob | paramiko [dhcp-relay] | Authentication (publickey) successful!
2022-03-22 21:22:50,796 p=85494 u=rob n=p=85494 u=rob | paramiko [dhcp-server] | Authentication (publickey) successful!
2022-03-22 21:22:50,802 p=85495 u=rob n=p=85495 u=rob | paramiko [transport] | Authentication (publickey) successful!
2022-03-22 21:22:51,760 p=84842 u=rob n=ansible | ok: [transport]
2022-03-22 21:22:51,760 p=84842 u=rob n=ansible | ok: [dhcp-server]
2022-03-22 21:22:51,760 p=84842 u=rob n=ansible | ok: [dhcp-relay]
2022-03-22 21:22:51,763 p=84842 u=rob n=ansible | TASK [eve-ng-lab-test : include DHCPRelay_through_GRE lab_config.yml] **************************************************************************************************************************************
2022-03-22 21:22:51,776 p=84842 u=rob n=ansible | skipping: [eveng]
2022-03-22 21:22:51,781 p=84842 u=rob n=ansible | skipping: [vyos-oobm]
2022-03-22 21:22:51,799 p=84842 u=rob n=ansible | included: /Users/rob/git/_vyos/vyos-eveng/labs/DHCPRelay_through_GRE/lab_config.yml for dhcp-relay, dhcp-server, transport
2022-03-22 21:22:51,830 p=84842 u=rob n=ansible | TASK [eve-ng-lab-test : setup nodes] ***********************************************************************************************************************************************************************
2022-03-22 21:22:53,477 p=85155 u=rob n=p=85155 u=rob | paramiko [transport] | Connected (version 2.0, client OpenSSH_7.9p1)
2022-03-22 21:22:53,510 p=85157 u=rob n=p=85157 u=rob | paramiko [dhcp-server] | Connected (version 2.0, client OpenSSH_7.9p1)
2022-03-22 21:22:53,514 p=85156 u=rob n=p=85156 u=rob | paramiko [dhcp-relay] | Connected (version 2.0, client OpenSSH_7.9p1)
2022-03-22 21:22:53,557 p=85155 u=rob n=p=85155 u=rob | paramiko [transport] | Authentication (publickey) successful!
2022-03-22 21:22:53,578 p=85157 u=rob n=p=85157 u=rob | paramiko [dhcp-server] | Authentication (publickey) successful!
2022-03-22 21:22:53,579 p=85156 u=rob n=p=85156 u=rob | paramiko [dhcp-relay] | Authentication (publickey) successful!
2022-03-22 21:22:57,928 p=84842 u=rob n=ansible | [WARNING]: To ensure idempotency and correct diff the input configuration lines should be similar to how they appear if present in the running configuration on device including the indentation

2022-03-22 21:22:57,928 p=84842 u=rob n=ansible | changed: [transport]
2022-03-22 21:23:00,514 p=84842 u=rob n=ansible | changed: [dhcp-relay]
2022-03-22 21:23:01,097 p=84842 u=rob n=ansible | changed: [dhcp-server]
2022-03-22 21:23:01,101 p=84842 u=rob n=ansible | TASK [eve-ng-lab-test : Login to EVE-NG and get Cookie] ****************************************************************************************************************************************************
2022-03-22 21:23:01,125 p=84842 u=rob n=ansible | skipping: [vyos-oobm]
2022-03-22 21:23:01,132 p=84842 u=rob n=ansible | skipping: [dhcp-relay]
2022-03-22 21:23:01,133 p=84842 u=rob n=ansible | skipping: [dhcp-server]
2022-03-22 21:23:01,138 p=84842 u=rob n=ansible | skipping: [transport]
2022-03-22 21:23:01,944 p=84842 u=rob n=ansible | ok: [eveng]
2022-03-22 21:23:01,950 p=84842 u=rob n=ansible | TASK [eve-ng-lab-test : stop nodes id] *********************************************************************************************************************************************************************
2022-03-22 21:23:02,939 p=84842 u=rob n=ansible | ok: [eveng] => (item=5)
2022-03-22 21:23:02,945 p=84842 u=rob n=ansible | TASK [eve-ng-lab-test : wait after stop] *******************************************************************************************************************************************************************
2022-03-22 21:23:02,959 p=85674 u=rob n=ansible | Pausing for 5 seconds
2022-03-22 21:23:02,960 p=85674 u=rob n=ansible | (ctrl+C then 'C' = continue early, ctrl+C then 'A' = abort)
2022-03-22 21:23:07,966 p=84842 u=rob n=ansible | ok: [eveng]
2022-03-22 21:23:07,973 p=84842 u=rob n=ansible | TASK [eve-ng-lab-test : start nodes id] ********************************************************************************************************************************************************************
2022-03-22 21:23:08,771 p=84842 u=rob n=ansible | ok: [eveng] => (item=5)
2022-03-22 21:23:08,778 p=84842 u=rob n=ansible | TASK [eve-ng-lab-test : wait after start] ******************************************************************************************************************************************************************
2022-03-22 21:23:08,793 p=85694 u=rob n=ansible | Pausing for 5 seconds
2022-03-22 21:23:08,793 p=85694 u=rob n=ansible | (ctrl+C then 'C' = continue early, ctrl+C then 'A' = abort)
2022-03-22 21:23:13,803 p=84842 u=rob n=ansible | ok: [eveng]
2022-03-22 21:23:13,810 p=84842 u=rob n=ansible | TASK [eve-ng-lab-test : wait, b/c the ping often failed without a short break] *****************************************************************************************************************************
2022-03-22 21:23:13,824 p=85696 u=rob n=ansible | Pausing for 30 seconds
2022-03-22 21:23:13,825 p=85696 u=rob n=ansible | (ctrl+C then 'C' = continue early, ctrl+C then 'A' = abort)
2022-03-22 21:23:43,836 p=84842 u=rob n=ansible | ok: [eveng]
2022-03-22 21:23:43,847 p=84842 u=rob n=ansible | TASK [eve-ng-lab-test : do ping test] **********************************************************************************************************************************************************************
2022-03-22 21:23:43,884 p=84842 u=rob n=ansible | skipping: [eveng]
2022-03-22 21:23:43,892 p=84842 u=rob n=ansible | skipping: [vyos-oobm]
2022-03-22 21:23:43,902 p=84842 u=rob n=ansible | skipping: [transport]
2022-03-22 21:23:49,241 p=84842 u=rob n=ansible | ok: [dhcp-relay] => (item=172.16.0.1)
2022-03-22 21:23:49,243 p=84842 u=rob n=ansible | ok: [dhcp-server] => (item=172.16.0.2)
2022-03-22 21:23:53,584 p=84842 u=rob n=ansible | ok: [dhcp-server] => (item=192.168.0.30)
2022-03-22 21:23:53,588 p=84842 u=rob n=ansible | TASK [eve-ng-lab-test : execute test commands] *************************************************************************************************************************************************************
2022-03-22 21:23:53,611 p=84842 u=rob n=ansible | skipping: [eveng]
2022-03-22 21:23:53,618 p=84842 u=rob n=ansible | skipping: [vyos-oobm]
2022-03-22 21:23:53,618 p=84842 u=rob n=ansible | skipping: [dhcp-relay]
2022-03-22 21:23:53,620 p=84842 u=rob n=ansible | skipping: [dhcp-server]
2022-03-22 21:23:53,626 p=84842 u=rob n=ansible | skipping: [transport]
2022-03-22 21:23:53,628 p=84842 u=rob n=ansible | TASK [eve-ng-lab-test : register stdout commands] **********************************************************************************************************************************************************
2022-03-22 21:23:53,646 p=84842 u=rob n=ansible | skipping: [eveng]
2022-03-22 21:23:53,652 p=84842 u=rob n=ansible | skipping: [vyos-oobm]
2022-03-22 21:23:53,653 p=84842 u=rob n=ansible | skipping: [dhcp-relay]
2022-03-22 21:23:53,660 p=84842 u=rob n=ansible | skipping: [transport]
2022-03-22 21:23:55,086 p=84842 u=rob n=ansible | ok: [dhcp-server] => (item={'name': 'show_dhcp_server_leases', 'command': 'show dhcp server leases'})
2022-03-22 21:23:58,434 p=84842 u=rob n=ansible | ok: [dhcp-server] => (item={'name': 'ping_client', 'command': 'ping 192.168.0.30 count 4'})
2022-03-22 21:23:58,439 p=84842 u=rob n=ansible | TASK [eve-ng-lab-test : Set variables] *********************************************************************************************************************************************************************
2022-03-22 21:23:58,461 p=84842 u=rob n=ansible | skipping: [eveng]
2022-03-22 21:23:58,467 p=84842 u=rob n=ansible | skipping: [vyos-oobm]
2022-03-22 21:23:58,468 p=84842 u=rob n=ansible | skipping: [dhcp-relay]
2022-03-22 21:23:58,475 p=84842 u=rob n=ansible | skipping: [transport]
2022-03-22 21:23:59,310 p=84842 u=rob n=ansible | ok: [dhcp-server]
2022-03-22 21:23:59,320 p=84842 u=rob n=ansible | TASK [eve-ng-lab-test : Reboot vyos] ***********************************************************************************************************************************************************************
2022-03-22 21:23:59,347 p=84842 u=rob n=ansible | skipping: [eveng]
2022-03-22 21:23:59,356 p=84842 u=rob n=ansible | skipping: [vyos-oobm]
2022-03-22 21:24:00,621 p=84842 u=rob n=ansible | ok: [dhcp-server]
2022-03-22 21:24:00,655 p=84842 u=rob n=ansible | ok: [transport]
2022-03-22 21:24:00,656 p=84842 u=rob n=ansible | ok: [dhcp-relay]
2022-03-22 21:24:00,658 p=84842 u=rob n=ansible | TASK [eve-ng-lab-test : wait while shutdown] ***************************************************************************************************************************************************************
2022-03-22 21:24:00,666 p=84842 u=rob n=ansible | skipping: [eveng]
2022-03-22 21:24:00,668 p=84842 u=rob n=ansible | TASK [eve-ng-lab-test : Wait for vyos nodes] ***************************************************************************************************************************************************************
2022-03-22 21:24:00,680 p=84842 u=rob n=ansible | skipping: [eveng]
2022-03-22 21:24:00,686 p=84842 u=rob n=ansible | skipping: [vyos-oobm]
2022-03-22 21:24:02,297 p=85882 u=rob n=p=85882 u=rob | paramiko [dhcp-relay] | Connected (version 2.0, client OpenSSH_7.9p1)
2022-03-22 21:24:02,303 p=85883 u=rob n=p=85883 u=rob | paramiko [dhcp-server] | Connected (version 2.0, client OpenSSH_7.9p1)
2022-03-22 21:24:02,306 p=85884 u=rob n=p=85884 u=rob | paramiko [transport] | Connected (version 2.0, client OpenSSH_7.9p1)
2022-03-22 21:24:02,377 p=85882 u=rob n=p=85882 u=rob | paramiko [dhcp-relay] | Auth banner: b'System is going down. Unprivileged users are not permitted to log in anymore. For technical details, see pam_nologin(8).\n\n'
2022-03-22 21:24:02,377 p=85884 u=rob n=p=85884 u=rob | paramiko [transport] | Auth banner: b'System is going down. Unprivileged users are not permitted to log in anymore. For technical details, see pam_nologin(8).\n\n'
2022-03-22 21:24:02,378 p=85883 u=rob n=p=85883 u=rob | paramiko [dhcp-server] | Auth banner: b'System is going down. Unprivileged users are not permitted to log in anymore. For technical details, see pam_nologin(8).\n\n'
2022-03-22 21:26:00,903 p=85156 u=rob n=ansible | persistent connection idle timeout triggered, timeout value is 120 secs.
See the timeout setting options in the Network Debug and Troubleshooting Guide.
2022-03-22 21:26:00,908 p=85157 u=rob n=ansible | persistent connection idle timeout triggered, timeout value is 120 secs.
See the timeout setting options in the Network Debug and Troubleshooting Guide.
2022-03-22 21:26:00,913 p=85155 u=rob n=ansible | persistent connection idle timeout triggered, timeout value is 120 secs.
See the timeout setting options in the Network Debug and Troubleshooting Guide.
2022-03-22 21:26:01,008 p=85156 u=rob n=ansible | shutdown complete
2022-03-22 21:26:01,011 p=85157 u=rob n=ansible | shutdown complete
2022-03-22 21:26:01,017 p=85155 u=rob n=ansible | shutdown complete
2022-03-22 21:26:04,155 p=85883 u=rob n=p=85883 u=rob | paramiko [dhcp-server] | Connected (version 2.0, client OpenSSH_7.9p1)
2022-03-22 21:26:04,155 p=85882 u=rob n=p=85882 u=rob | paramiko [dhcp-relay] | Connected (version 2.0, client OpenSSH_7.9p1)
2022-03-22 21:26:04,156 p=85884 u=rob n=p=85884 u=rob | paramiko [transport] | Connected (version 2.0, client OpenSSH_7.9p1)
2022-03-22 21:26:04,237 p=85883 u=rob n=p=85883 u=rob | paramiko [dhcp-server] | Authentication (publickey) successful!
2022-03-22 21:26:04,238 p=85882 u=rob n=p=85882 u=rob | paramiko [dhcp-relay] | Authentication (publickey) successful!
2022-03-22 21:26:04,254 p=85884 u=rob n=p=85884 u=rob | paramiko [transport] | Authentication (publickey) successful!
2022-03-22 21:26:05,443 p=84842 u=rob n=ansible | ok: [dhcp-server]
2022-03-22 21:26:05,472 p=84842 u=rob n=ansible | ok: [dhcp-relay]
2022-03-22 21:26:05,481 p=84842 u=rob n=ansible | ok: [transport]
2022-03-22 21:26:05,483 p=84842 u=rob n=ansible | TASK [eve-ng-lab-test : Login to EVE-NG and get Cookie] ****************************************************************************************************************************************************
2022-03-22 21:26:05,501 p=84842 u=rob n=ansible | skipping: [vyos-oobm]
2022-03-22 21:26:05,506 p=84842 u=rob n=ansible | skipping: [dhcp-relay]
2022-03-22 21:26:05,508 p=84842 u=rob n=ansible | skipping: [dhcp-server]
2022-03-22 21:26:05,511 p=84842 u=rob n=ansible | skipping: [transport]
2022-03-22 21:26:06,347 p=84842 u=rob n=ansible | ok: [eveng]
2022-03-22 21:26:06,353 p=84842 u=rob n=ansible | TASK [eve-ng-lab-test : stop nodes id] *********************************************************************************************************************************************************************
2022-03-22 21:26:07,274 p=84842 u=rob n=ansible | ok: [eveng] => (item=5)
2022-03-22 21:26:07,283 p=84842 u=rob n=ansible | TASK [eve-ng-lab-test : wait after stop] *******************************************************************************************************************************************************************
2022-03-22 21:26:07,299 p=86005 u=rob n=ansible | Pausing for 5 seconds
2022-03-22 21:26:07,300 p=86005 u=rob n=ansible | (ctrl+C then 'C' = continue early, ctrl+C then 'A' = abort)
2022-03-22 21:26:12,310 p=84842 u=rob n=ansible | ok: [eveng]
2022-03-22 21:26:12,322 p=84842 u=rob n=ansible | TASK [eve-ng-lab-test : start nodes id] ********************************************************************************************************************************************************************
2022-03-22 21:26:13,097 p=84842 u=rob n=ansible | ok: [eveng] => (item=5)
2022-03-22 21:26:13,105 p=84842 u=rob n=ansible | TASK [eve-ng-lab-test : wait after start] ******************************************************************************************************************************************************************
2022-03-22 21:26:13,122 p=86026 u=rob n=ansible | Pausing for 5 seconds
2022-03-22 21:26:13,122 p=86026 u=rob n=ansible | (ctrl+C then 'C' = continue early, ctrl+C then 'A' = abort)
2022-03-22 21:26:18,128 p=84842 u=rob n=ansible | ok: [eveng]
2022-03-22 21:26:18,138 p=84842 u=rob n=ansible | TASK [eve-ng-lab-test : wait, b/c the ping often failed without a short break] *****************************************************************************************************************************
2022-03-22 21:26:18,156 p=86027 u=rob n=ansible | Pausing for 30 seconds
2022-03-22 21:26:18,156 p=86027 u=rob n=ansible | (ctrl+C then 'C' = continue early, ctrl+C then 'A' = abort)
2022-03-22 21:26:48,164 p=84842 u=rob n=ansible | ok: [eveng]
2022-03-22 21:26:48,177 p=84842 u=rob n=ansible | TASK [eve-ng-lab-test : do ping test] **********************************************************************************************************************************************************************
2022-03-22 21:26:48,215 p=84842 u=rob n=ansible | skipping: [eveng]
2022-03-22 21:26:48,222 p=84842 u=rob n=ansible | skipping: [vyos-oobm]
2022-03-22 21:26:48,233 p=84842 u=rob n=ansible | skipping: [transport]
2022-03-22 21:26:49,093 p=86035 u=rob n=ansible | network_os is set to vyos
2022-03-22 21:26:49,093 p=86034 u=rob n=ansible | network_os is set to vyos
2022-03-22 21:26:49,610 p=86043 u=rob n=p=86043 u=rob | paramiko [dhcp-server] | Connected (version 2.0, client OpenSSH_7.9p1)
2022-03-22 21:26:49,626 p=86044 u=rob n=p=86044 u=rob | paramiko [dhcp-relay] | Connected (version 2.0, client OpenSSH_7.9p1)
2022-03-22 21:26:49,702 p=86043 u=rob n=p=86043 u=rob | paramiko [dhcp-server] | Authentication (publickey) successful!
2022-03-22 21:26:49,712 p=86044 u=rob n=p=86044 u=rob | paramiko [dhcp-relay] | Authentication (publickey) successful!
2022-03-22 21:26:55,418 p=84842 u=rob n=ansible | ok: [dhcp-server] => (item=172.16.0.2)
2022-03-22 21:26:55,433 p=84842 u=rob n=ansible | ok: [dhcp-relay] => (item=172.16.0.1)
2022-03-22 21:27:00,611 p=84842 u=rob n=ansible | ok: [dhcp-server] => (item=192.168.0.30)
2022-03-22 21:27:00,616 p=84842 u=rob n=ansible | TASK [eve-ng-lab-test : execute test commands] *************************************************************************************************************************************************************
2022-03-22 21:27:00,640 p=84842 u=rob n=ansible | skipping: [eveng]
2022-03-22 21:27:00,647 p=84842 u=rob n=ansible | skipping: [vyos-oobm]
2022-03-22 21:27:00,648 p=84842 u=rob n=ansible | skipping: [dhcp-relay]
2022-03-22 21:27:00,650 p=84842 u=rob n=ansible | skipping: [dhcp-server]
2022-03-22 21:27:00,655 p=84842 u=rob n=ansible | skipping: [transport]
2022-03-22 21:27:00,657 p=84842 u=rob n=ansible | TASK [eve-ng-lab-test : register stdout commands] **********************************************************************************************************************************************************
2022-03-22 21:27:00,676 p=84842 u=rob n=ansible | skipping: [eveng]
2022-03-22 21:27:00,682 p=84842 u=rob n=ansible | skipping: [vyos-oobm]
2022-03-22 21:27:00,683 p=84842 u=rob n=ansible | skipping: [dhcp-relay]
2022-03-22 21:27:00,689 p=84842 u=rob n=ansible | skipping: [dhcp-server] => (item={'name': 'show_dhcp_server_leases', 'command': 'show dhcp server leases'}) 
2022-03-22 21:27:00,690 p=84842 u=rob n=ansible | skipping: [dhcp-server] => (item={'name': 'ping_client', 'command': 'ping 192.168.0.30 count 4'}) 
2022-03-22 21:27:00,691 p=84842 u=rob n=ansible | skipping: [transport]
2022-03-22 21:27:00,693 p=84842 u=rob n=ansible | TASK [eve-ng-lab-test : Set variables] *********************************************************************************************************************************************************************
2022-03-22 21:27:00,712 p=84842 u=rob n=ansible | skipping: [eveng]
2022-03-22 21:27:00,718 p=84842 u=rob n=ansible | skipping: [vyos-oobm]
2022-03-22 21:27:00,718 p=84842 u=rob n=ansible | skipping: [dhcp-relay]
2022-03-22 21:27:00,720 p=84842 u=rob n=ansible | skipping: [dhcp-server]
2022-03-22 21:27:00,725 p=84842 u=rob n=ansible | skipping: [transport]
2022-03-22 21:27:00,728 p=84842 u=rob n=ansible | TASK [eve-ng-lab-test : make sure tmp dir exist] ***********************************************************************************************************************************************************
2022-03-22 21:27:00,750 p=84842 u=rob n=ansible | skipping: [vyos-oobm]
2022-03-22 21:27:00,758 p=84842 u=rob n=ansible | skipping: [dhcp-relay]
2022-03-22 21:27:00,759 p=84842 u=rob n=ansible | skipping: [dhcp-server]
2022-03-22 21:27:00,763 p=84842 u=rob n=ansible | skipping: [transport]
2022-03-22 21:27:00,914 p=84842 u=rob n=ansible | ok: [eveng -> localhost]
2022-03-22 21:27:00,917 p=84842 u=rob n=ansible | TASK [eve-ng-lab-test : register status of tmp/vyos-1.4-rolling-202203220701-amd64.iso] ********************************************************************************************************************
2022-03-22 21:27:00,935 p=84842 u=rob n=ansible | skipping: [vyos-oobm]
2022-03-22 21:27:00,942 p=84842 u=rob n=ansible | skipping: [dhcp-relay]
2022-03-22 21:27:00,943 p=84842 u=rob n=ansible | skipping: [dhcp-server]
2022-03-22 21:27:00,947 p=84842 u=rob n=ansible | skipping: [transport]
2022-03-22 21:27:01,193 p=84842 u=rob n=ansible | ok: [eveng]
2022-03-22 21:27:01,199 p=84842 u=rob n=ansible | TASK [eve-ng-lab-test : Download upgrade_iso] **************************************************************************************************************************************************************
2022-03-22 21:27:01,227 p=84842 u=rob n=ansible | skipping: [vyos-oobm]
2022-03-22 21:27:01,234 p=84842 u=rob n=ansible | skipping: [dhcp-relay]
2022-03-22 21:27:01,236 p=84842 u=rob n=ansible | skipping: [dhcp-server]
2022-03-22 21:27:01,241 p=84842 u=rob n=ansible | skipping: [transport]
2022-03-22 21:27:02,049 p=84842 u=rob n=ansible | ok: [eveng -> localhost]
2022-03-22 21:27:02,055 p=84842 u=rob n=ansible | TASK [eve-ng-lab-test : Copy iso to host] ******************************************************************************************************************************************************************
2022-03-22 21:27:02,071 p=84842 u=rob n=ansible | skipping: [eveng]
2022-03-22 21:27:02,077 p=84842 u=rob n=ansible | skipping: [vyos-oobm]
2022-03-22 21:27:02,987 p=86187 u=rob n=ansible | network_os is set to vyos
2022-03-22 21:27:03,436 p=86044 u=rob n=p=86044 u=rob | paramiko [dhcp-relay] | Connected (version 2.0, client OpenSSH_7.9p1)
2022-03-22 21:27:03,458 p=86043 u=rob n=p=86043 u=rob | paramiko [dhcp-server] | Connected (version 2.0, client OpenSSH_7.9p1)
2022-03-22 21:27:03,487 p=86193 u=rob n=paramiko.transport | Connected (version 2.0, client OpenSSH_7.9p1)
2022-03-22 21:27:03,535 p=86044 u=rob n=p=86044 u=rob | paramiko [dhcp-relay] | Authentication (publickey) successful!
2022-03-22 21:27:03,537 p=86043 u=rob n=p=86043 u=rob | paramiko [dhcp-server] | Authentication (publickey) successful!
2022-03-22 21:27:03,552 p=86193 u=rob n=paramiko.transport | Authentication (publickey) successful!
2022-03-22 21:27:04,240 p=86044 u=rob n=p=86044 u=rob | paramiko [dhcp-relay] | Connected (version 2.0, client OpenSSH_7.9p1)
2022-03-22 21:27:04,274 p=86043 u=rob n=p=86043 u=rob | paramiko [dhcp-server] | Connected (version 2.0, client OpenSSH_7.9p1)
2022-03-22 21:27:04,304 p=86193 u=rob n=paramiko.transport | Connected (version 2.0, client OpenSSH_7.9p1)
2022-03-22 21:27:04,337 p=86044 u=rob n=p=86044 u=rob | paramiko [dhcp-relay] | Authentication (publickey) successful!
2022-03-22 21:27:04,348 p=86043 u=rob n=p=86043 u=rob | paramiko [dhcp-server] | Authentication (publickey) successful!
2022-03-22 21:27:04,362 p=86193 u=rob n=paramiko.transport | Authentication (publickey) successful!
2022-03-22 21:27:43,217 p=84842 u=rob n=ansible | changed: [dhcp-relay]
2022-03-22 21:27:43,272 p=84842 u=rob n=ansible | changed: [dhcp-server]
2022-03-22 21:27:43,298 p=84842 u=rob n=ansible | changed: [transport]
2022-03-22 21:27:43,305 p=84842 u=rob n=ansible | TASK [eve-ng-lab-test : upgrade vyos] **********************************************************************************************************************************************************************
2022-03-22 21:27:43,325 p=84842 u=rob n=ansible | skipping: [eveng]
2022-03-22 21:27:43,333 p=84842 u=rob n=ansible | skipping: [vyos-oobm]
2022-03-22 21:27:45,034 p=86193 u=rob n=p=86193 u=rob | paramiko [transport] | Connected (version 2.0, client OpenSSH_7.9p1)
2022-03-22 21:27:45,173 p=86193 u=rob n=p=86193 u=rob | paramiko [transport] | Authentication (publickey) successful!
2022-03-22 21:27:55,635 p=84842 u=rob n=ansible | ok: [dhcp-server]
2022-03-22 21:27:55,635 p=84842 u=rob n=ansible | ok: [dhcp-relay]
2022-03-22 21:27:58,055 p=84842 u=rob n=ansible | ok: [transport]
2022-03-22 21:27:58,059 p=84842 u=rob n=ansible | TASK [eve-ng-lab-test : Reboot vyos] ***********************************************************************************************************************************************************************
2022-03-22 21:27:58,076 p=84842 u=rob n=ansible | skipping: [eveng]
2022-03-22 21:27:58,083 p=84842 u=rob n=ansible | skipping: [vyos-oobm]
2022-03-22 21:27:59,607 p=84842 u=rob n=ansible | ok: [transport]
2022-03-22 21:27:59,610 p=84842 u=rob n=ansible | ok: [dhcp-relay]
2022-03-22 21:27:59,610 p=84842 u=rob n=ansible | ok: [dhcp-server]
2022-03-22 21:27:59,613 p=84842 u=rob n=ansible | TASK [eve-ng-lab-test : wait while shutdown] ***************************************************************************************************************************************************************
2022-03-22 21:27:59,624 p=84842 u=rob n=ansible | skipping: [eveng]
2022-03-22 21:27:59,627 p=84842 u=rob n=ansible | TASK [eve-ng-lab-test : Wait for vyos nodes] ***************************************************************************************************************************************************************
2022-03-22 21:27:59,641 p=84842 u=rob n=ansible | skipping: [eveng]
2022-03-22 21:27:59,647 p=84842 u=rob n=ansible | skipping: [vyos-oobm]
2022-03-22 21:28:01,368 p=86331 u=rob n=p=86331 u=rob | paramiko [transport] | Connected (version 2.0, client OpenSSH_7.9p1)
2022-03-22 21:28:01,368 p=86330 u=rob n=p=86330 u=rob | paramiko [dhcp-server] | Connected (version 2.0, client OpenSSH_7.9p1)
2022-03-22 21:28:01,382 p=86329 u=rob n=p=86329 u=rob | paramiko [dhcp-relay] | Connected (version 2.0, client OpenSSH_7.9p1)
2022-03-22 21:28:01,478 p=86331 u=rob n=p=86331 u=rob | paramiko [transport] | Auth banner: b'System is going down. Unprivileged users are not permitted to log in anymore. For technical details, see pam_nologin(8).\n\n'
2022-03-22 21:28:01,482 p=86330 u=rob n=p=86330 u=rob | paramiko [dhcp-server] | Auth banner: b'System is going down. Unprivileged users are not permitted to log in anymore. For technical details, see pam_nologin(8).\n\n'
2022-03-22 21:28:01,496 p=86329 u=rob n=p=86329 u=rob | paramiko [dhcp-relay] | Auth banner: b'System is going down. Unprivileged users are not permitted to log in anymore. For technical details, see pam_nologin(8).\n\n'
2022-03-22 21:29:59,865 p=86044 u=rob n=ansible | persistent connection idle timeout triggered, timeout value is 120 secs.
See the timeout setting options in the Network Debug and Troubleshooting Guide.
2022-03-22 21:29:59,874 p=86193 u=rob n=ansible | persistent connection idle timeout triggered, timeout value is 120 secs.
See the timeout setting options in the Network Debug and Troubleshooting Guide.
2022-03-22 21:29:59,868 p=86043 u=rob n=ansible | persistent connection idle timeout triggered, timeout value is 120 secs.
See the timeout setting options in the Network Debug and Troubleshooting Guide.
2022-03-22 21:29:59,983 p=86193 u=rob n=ansible | shutdown complete
2022-03-22 21:29:59,983 p=86044 u=rob n=ansible | shutdown complete
2022-03-22 21:29:59,984 p=86043 u=rob n=ansible | shutdown complete
2022-03-22 21:30:03,162 p=86331 u=rob n=p=86331 u=rob | paramiko [transport] | Connected (version 2.0, client OpenSSH_8.4p1)
2022-03-22 21:30:03,170 p=86330 u=rob n=p=86330 u=rob | paramiko [dhcp-server] | Connected (version 2.0, client OpenSSH_8.4p1)
2022-03-22 21:30:03,170 p=86329 u=rob n=p=86329 u=rob | paramiko [dhcp-relay] | Connected (version 2.0, client OpenSSH_8.4p1)
2022-03-22 21:30:03,237 p=86330 u=rob n=p=86330 u=rob | paramiko [dhcp-server] | Authentication (publickey) successful!
2022-03-22 21:30:03,237 p=86329 u=rob n=p=86329 u=rob | paramiko [dhcp-relay] | Authentication (publickey) successful!
2022-03-22 21:30:03,246 p=86331 u=rob n=p=86331 u=rob | paramiko [transport] | Authentication (publickey) successful!
2022-03-22 21:30:04,670 p=84842 u=rob n=ansible | ok: [dhcp-relay]
2022-03-22 21:30:04,676 p=84842 u=rob n=ansible | ok: [transport]
2022-03-22 21:30:04,722 p=84842 u=rob n=ansible | ok: [dhcp-server]
2022-03-22 21:30:04,724 p=84842 u=rob n=ansible | TASK [eve-ng-lab-test : clear tmp dir] *********************************************************************************************************************************************************************
2022-03-22 21:30:04,733 p=84842 u=rob n=ansible | skipping: [eveng]
2022-03-22 21:30:04,735 p=84842 u=rob n=ansible | TASK [eve-ng-lab-test : Login to EVE-NG and get Cookie] ****************************************************************************************************************************************************
2022-03-22 21:30:04,754 p=84842 u=rob n=ansible | skipping: [vyos-oobm]
2022-03-22 21:30:04,759 p=84842 u=rob n=ansible | skipping: [dhcp-relay]
2022-03-22 21:30:04,761 p=84842 u=rob n=ansible | skipping: [dhcp-server]
2022-03-22 21:30:04,765 p=84842 u=rob n=ansible | skipping: [transport]
2022-03-22 21:30:05,619 p=84842 u=rob n=ansible | ok: [eveng]
2022-03-22 21:30:05,626 p=84842 u=rob n=ansible | TASK [eve-ng-lab-test : stop nodes id] *********************************************************************************************************************************************************************
2022-03-22 21:30:06,575 p=84842 u=rob n=ansible | ok: [eveng] => (item=5)
2022-03-22 21:30:06,583 p=84842 u=rob n=ansible | TASK [eve-ng-lab-test : wait after stop] *******************************************************************************************************************************************************************
2022-03-22 21:30:06,600 p=86467 u=rob n=ansible | Pausing for 5 seconds
2022-03-22 21:30:06,601 p=86467 u=rob n=ansible | (ctrl+C then 'C' = continue early, ctrl+C then 'A' = abort)
2022-03-22 21:30:11,610 p=84842 u=rob n=ansible | ok: [eveng]
2022-03-22 21:30:11,619 p=84842 u=rob n=ansible | TASK [eve-ng-lab-test : start nodes id] ********************************************************************************************************************************************************************
2022-03-22 21:30:12,487 p=84842 u=rob n=ansible | ok: [eveng] => (item=5)
2022-03-22 21:30:12,495 p=84842 u=rob n=ansible | TASK [eve-ng-lab-test : wait after start] ******************************************************************************************************************************************************************
2022-03-22 21:30:12,513 p=86488 u=rob n=ansible | Pausing for 5 seconds
2022-03-22 21:30:12,513 p=86488 u=rob n=ansible | (ctrl+C then 'C' = continue early, ctrl+C then 'A' = abort)
2022-03-22 21:30:17,520 p=84842 u=rob n=ansible | ok: [eveng]
2022-03-22 21:30:17,532 p=84842 u=rob n=ansible | TASK [eve-ng-lab-test : wait, b/c the ping often failed without a short break] *****************************************************************************************************************************
2022-03-22 21:30:17,549 p=86489 u=rob n=ansible | Pausing for 30 seconds
2022-03-22 21:30:17,550 p=86489 u=rob n=ansible | (ctrl+C then 'C' = continue early, ctrl+C then 'A' = abort)
2022-03-22 21:30:47,557 p=84842 u=rob n=ansible | ok: [eveng]
2022-03-22 21:30:47,568 p=84842 u=rob n=ansible | TASK [eve-ng-lab-test : do ping test] **********************************************************************************************************************************************************************
2022-03-22 21:30:47,606 p=84842 u=rob n=ansible | skipping: [eveng]
2022-03-22 21:30:47,615 p=84842 u=rob n=ansible | skipping: [vyos-oobm]
2022-03-22 21:30:47,626 p=84842 u=rob n=ansible | skipping: [transport]
2022-03-22 21:30:48,497 p=86496 u=rob n=ansible | network_os is set to vyos
2022-03-22 21:30:48,497 p=86497 u=rob n=ansible | network_os is set to vyos
2022-03-22 21:30:49,152 p=86506 u=rob n=p=86506 u=rob | paramiko [dhcp-server] | Connected (version 2.0, client OpenSSH_8.4p1)
2022-03-22 21:30:49,155 p=86505 u=rob n=p=86505 u=rob | paramiko [dhcp-relay] | Connected (version 2.0, client OpenSSH_8.4p1)
2022-03-22 21:30:49,248 p=86506 u=rob n=p=86506 u=rob | paramiko [dhcp-server] | Authentication (publickey) successful!
2022-03-22 21:30:49,251 p=86505 u=rob n=p=86505 u=rob | paramiko [dhcp-relay] | Authentication (publickey) successful!
2022-03-22 21:30:55,039 p=84842 u=rob n=ansible | ok: [dhcp-relay] => (item=172.16.0.1)
2022-03-22 21:30:55,099 p=84842 u=rob n=ansible | ok: [dhcp-server] => (item=172.16.0.2)
2022-03-22 21:31:00,281 p=84842 u=rob n=ansible | ok: [dhcp-server] => (item=192.168.0.30)
2022-03-22 21:31:00,287 p=84842 u=rob n=ansible | TASK [eve-ng-lab-test : execute test commands] *************************************************************************************************************************************************************
2022-03-22 21:31:00,312 p=84842 u=rob n=ansible | skipping: [eveng]
2022-03-22 21:31:00,319 p=84842 u=rob n=ansible | skipping: [vyos-oobm]
2022-03-22 21:31:00,320 p=84842 u=rob n=ansible | skipping: [dhcp-relay]
2022-03-22 21:31:00,322 p=84842 u=rob n=ansible | skipping: [dhcp-server]
2022-03-22 21:31:00,328 p=84842 u=rob n=ansible | skipping: [transport]
2022-03-22 21:31:00,331 p=84842 u=rob n=ansible | TASK [eve-ng-lab-test : register stdout commands] **********************************************************************************************************************************************************
2022-03-22 21:31:00,351 p=84842 u=rob n=ansible | skipping: [eveng]
2022-03-22 21:31:00,356 p=84842 u=rob n=ansible | skipping: [vyos-oobm]
2022-03-22 21:31:00,357 p=84842 u=rob n=ansible | skipping: [dhcp-relay]
2022-03-22 21:31:00,364 p=84842 u=rob n=ansible | skipping: [dhcp-server] => (item={'name': 'show_dhcp_server_leases', 'command': 'show dhcp server leases'}) 
2022-03-22 21:31:00,365 p=84842 u=rob n=ansible | skipping: [dhcp-server] => (item={'name': 'ping_client', 'command': 'ping 192.168.0.30 count 4'}) 
2022-03-22 21:31:00,366 p=84842 u=rob n=ansible | skipping: [transport]
2022-03-22 21:31:00,368 p=84842 u=rob n=ansible | TASK [eve-ng-lab-test : Set variables] *********************************************************************************************************************************************************************
2022-03-22 21:31:00,386 p=84842 u=rob n=ansible | skipping: [eveng]
2022-03-22 21:31:00,392 p=84842 u=rob n=ansible | skipping: [vyos-oobm]
2022-03-22 21:31:00,393 p=84842 u=rob n=ansible | skipping: [dhcp-relay]
2022-03-22 21:31:00,395 p=84842 u=rob n=ansible | skipping: [dhcp-server]
2022-03-22 21:31:00,402 p=84842 u=rob n=ansible | skipping: [transport]
2022-03-22 21:31:00,405 p=84842 u=rob n=ansible | TASK [eve-ng-lab-test : make sure output dir exist] ********************************************************************************************************************************************************
2022-03-22 21:31:00,427 p=84842 u=rob n=ansible | skipping: [vyos-oobm]
2022-03-22 21:31:00,435 p=84842 u=rob n=ansible | skipping: [dhcp-relay]
2022-03-22 21:31:00,437 p=84842 u=rob n=ansible | skipping: [dhcp-server]
2022-03-22 21:31:00,441 p=84842 u=rob n=ansible | skipping: [transport]
2022-03-22 21:31:00,535 p=84842 u=rob n=ansible | ok: [eveng -> localhost]
2022-03-22 21:31:00,539 p=84842 u=rob n=ansible | TASK [eve-ng-lab-test : make sure output include dir exist] ************************************************************************************************************************************************
2022-03-22 21:31:00,560 p=84842 u=rob n=ansible | skipping: [vyos-oobm]
2022-03-22 21:31:00,568 p=84842 u=rob n=ansible | skipping: [dhcp-relay]
2022-03-22 21:31:00,569 p=84842 u=rob n=ansible | skipping: [dhcp-server]
2022-03-22 21:31:00,574 p=84842 u=rob n=ansible | skipping: [transport]
2022-03-22 21:31:00,665 p=84842 u=rob n=ansible | ok: [eveng -> localhost]
2022-03-22 21:31:00,667 p=84842 u=rob n=ansible | TASK [eve-ng-lab-test : Get timestamp from the system] *****************************************************************************************************************************************************
2022-03-22 21:31:00,685 p=84842 u=rob n=ansible | skipping: [vyos-oobm]
2022-03-22 21:31:00,691 p=84842 u=rob n=ansible | skipping: [dhcp-relay]
2022-03-22 21:31:00,692 p=84842 u=rob n=ansible | skipping: [dhcp-server]
2022-03-22 21:31:00,696 p=84842 u=rob n=ansible | skipping: [transport]
2022-03-22 21:31:01,004 p=84842 u=rob n=ansible | changed: [eveng]
2022-03-22 21:31:01,008 p=84842 u=rob n=ansible | TASK [eve-ng-lab-test : Set variables] *********************************************************************************************************************************************************************
2022-03-22 21:31:01,031 p=84842 u=rob n=ansible | ok: [eveng]
2022-03-22 21:31:01,037 p=84842 u=rob n=ansible | skipping: [vyos-oobm]
2022-03-22 21:31:01,038 p=84842 u=rob n=ansible | skipping: [dhcp-relay]
2022-03-22 21:31:01,038 p=84842 u=rob n=ansible | skipping: [dhcp-server]
2022-03-22 21:31:01,042 p=84842 u=rob n=ansible | skipping: [transport]
2022-03-22 21:31:01,046 p=84842 u=rob n=ansible | TASK [eve-ng-lab-test : generate lab rst file] *************************************************************************************************************************************************************
2022-03-22 21:31:01,067 p=84842 u=rob n=ansible | skipping: [vyos-oobm]
2022-03-22 21:31:01,074 p=84842 u=rob n=ansible | skipping: [dhcp-relay]
2022-03-22 21:31:01,075 p=84842 u=rob n=ansible | skipping: [dhcp-server]
2022-03-22 21:31:01,081 p=84842 u=rob n=ansible | skipping: [transport]
2022-03-22 21:31:01,292 p=84842 u=rob n=ansible | changed: [eveng -> localhost]
2022-03-22 21:31:01,295 p=84842 u=rob n=ansible | TASK [eve-ng-lab-test : find all *.conf files in Lab] ******************************************************************************************************************************************************
2022-03-22 21:31:01,317 p=84842 u=rob n=ansible | skipping: [vyos-oobm]
2022-03-22 21:31:01,324 p=84842 u=rob n=ansible | skipping: [dhcp-relay]
2022-03-22 21:31:01,325 p=84842 u=rob n=ansible | skipping: [dhcp-server]
2022-03-22 21:31:01,330 p=84842 u=rob n=ansible | skipping: [transport]
2022-03-22 21:31:01,479 p=84842 u=rob n=ansible | ok: [eveng -> localhost]
2022-03-22 21:31:01,488 p=84842 u=rob n=ansible | TASK [eve-ng-lab-test : copy all *.conf files] *************************************************************************************************************************************************************
2022-03-22 21:31:01,512 p=84842 u=rob n=ansible | skipping: [vyos-oobm]
2022-03-22 21:31:01,520 p=84842 u=rob n=ansible | skipping: [dhcp-relay]
2022-03-22 21:31:01,520 p=84842 u=rob n=ansible | skipping: [dhcp-server]
2022-03-22 21:31:01,526 p=84842 u=rob n=ansible | skipping: [transport]
2022-03-22 21:31:01,779 p=84842 u=rob n=ansible | ok: [eveng -> localhost] => (item={'path': 'labs/DHCPRelay_through_GRE/dhcp-server.conf', 'mode': '0644', 'isdir': False, 'ischr': False, 'isblk': False, 'isreg': True, 'isfifo': False, 'islnk': False, 'issock': False, 'uid': 501, 'gid': 20, 'size': 883, 'inode': 36602631, 'dev': 16777234, 'nlink': 1, 'atime': 1640200319.463196, 'mtime': 1640200318.0973232, 'ctime': 1640200318.0973232, 'gr_name': 'staff', 'pw_name': 'rob', 'wusr': True, 'rusr': True, 'xusr': False, 'wgrp': False, 'rgrp': True, 'xgrp': False, 'woth': False, 'roth': True, 'xoth': False, 'isuid': False, 'isgid': False})
2022-03-22 21:31:01,992 p=84842 u=rob n=ansible | ok: [eveng -> localhost] => (item={'path': 'labs/DHCPRelay_through_GRE/dhcp-relay.conf', 'mode': '0644', 'isdir': False, 'ischr': False, 'isblk': False, 'isreg': True, 'isfifo': False, 'islnk': False, 'issock': False, 'uid': 501, 'gid': 20, 'size': 562, 'inode': 36602630, 'dev': 16777234, 'nlink': 1, 'atime': 1640200319.4601443, 'mtime': 1640200318.0971675, 'ctime': 1640200318.0971675, 'gr_name': 'staff', 'pw_name': 'rob', 'wusr': True, 'rusr': True, 'xusr': False, 'wgrp': False, 'rgrp': True, 'xgrp': False, 'woth': False, 'roth': True, 'xoth': False, 'isuid': False, 'isgid': False})
2022-03-22 21:31:02,204 p=84842 u=rob n=ansible | ok: [eveng -> localhost] => (item={'path': 'labs/DHCPRelay_through_GRE/transport.conf', 'mode': '0644', 'isdir': False, 'ischr': False, 'isblk': False, 'isreg': True, 'isfifo': False, 'islnk': False, 'issock': False, 'uid': 501, 'gid': 20, 'size': 107, 'inode': 36602635, 'dev': 16777234, 'nlink': 1, 'atime': 1640200319.4603837, 'mtime': 1640200318.098334, 'ctime': 1640200318.098334, 'gr_name': 'staff', 'pw_name': 'rob', 'wusr': True, 'rusr': True, 'xusr': False, 'wgrp': False, 'rgrp': True, 'xgrp': False, 'woth': False, 'roth': True, 'xoth': False, 'isuid': False, 'isgid': False})
2022-03-22 21:31:02,208 p=84842 u=rob n=ansible | TASK [eve-ng-lab-test : find all *.png files in Lab] *******************************************************************************************************************************************************
2022-03-22 21:31:02,230 p=84842 u=rob n=ansible | skipping: [vyos-oobm]
2022-03-22 21:31:02,237 p=84842 u=rob n=ansible | skipping: [dhcp-relay]
2022-03-22 21:31:02,239 p=84842 u=rob n=ansible | skipping: [dhcp-server]
2022-03-22 21:31:02,243 p=84842 u=rob n=ansible | skipping: [transport]
2022-03-22 21:31:02,337 p=84842 u=rob n=ansible | ok: [eveng -> localhost]
2022-03-22 21:31:02,342 p=84842 u=rob n=ansible | TASK [eve-ng-lab-test : copy all *.png files] **************************************************************************************************************************************************************
2022-03-22 21:31:02,367 p=84842 u=rob n=ansible | skipping: [vyos-oobm]
2022-03-22 21:31:02,375 p=84842 u=rob n=ansible | skipping: [dhcp-relay]
2022-03-22 21:31:02,405 p=84842 u=rob n=ansible | skipping: [dhcp-server]
2022-03-22 21:31:02,405 p=84842 u=rob n=ansible | skipping: [transport]
2022-03-22 21:31:02,573 p=84842 u=rob n=ansible | ok: [eveng -> localhost] => (item={'path': 'labs/DHCPRelay_through_GRE/topology.png', 'mode': '0644', 'isdir': False, 'ischr': False, 'isblk': False, 'isreg': True, 'isfifo': False, 'islnk': False, 'issock': False, 'uid': 501, 'gid': 20, 'size': 57080, 'inode': 36602634, 'dev': 16777234, 'nlink': 1, 'atime': 1640200331.2651088, 'mtime': 1640200318.0981731, 'ctime': 1640200318.0981731, 'gr_name': 'staff', 'pw_name': 'rob', 'wusr': True, 'rusr': True, 'xusr': False, 'wgrp': False, 'rgrp': True, 'xgrp': False, 'woth': False, 'roth': True, 'xoth': False, 'isuid': False, 'isgid': False})
2022-03-22 21:31:02,576 p=84842 u=rob n=ansible | TASK [eve-ng-lab-test : copy ansible log files] ************************************************************************************************************************************************************
2022-03-22 21:31:02,597 p=84842 u=rob n=ansible | skipping: [vyos-oobm]
2022-03-22 21:31:02,604 p=84842 u=rob n=ansible | skipping: [dhcp-relay]
2022-03-22 21:31:02,606 p=84842 u=rob n=ansible | skipping: [dhcp-server]
2022-03-22 21:31:02,610 p=84842 u=rob n=ansible | skipping: [transport]
