2022-10-09 20:58:09,742 p=85944 u=rob n=ansible | [WARNING]: While constructing a mapping from /Users/rob/git/_vyos/vyos-eveng/roles/eve-ng-lab-test/defaults/main.yml, line 4, column 1, found a
duplicate dict key (upgrade_iso). Using last defined value only.

2022-10-09 20:58:09,743 p=85944 u=rob n=ansible | [WARNING]: While constructing a mapping from /Users/rob/git/_vyos/vyos-eveng/roles/eve-ng-lab-test/defaults/main.yml, line 4, column 1, found a
duplicate dict key (upgrade_iso_version). Using last defined value only.

2022-10-09 20:58:09,776 p=85944 u=rob n=ansible | PLAY [prepare node and Lab] ************************************************************************************************************************
2022-10-09 20:58:09,795 p=85944 u=rob n=ansible | TASK [eve-ng-create-node : fail] *******************************************************************************************************************
2022-10-09 20:58:09,809 p=85944 u=rob n=ansible | skipping: [eveng]
2022-10-09 20:58:09,815 p=85944 u=rob n=ansible | skipping: [vyos-oobm]
2022-10-09 20:58:09,820 p=85944 u=rob n=ansible | skipping: [dhcp-relay]
2022-10-09 20:58:09,822 p=85944 u=rob n=ansible | skipping: [dhcp-server]
2022-10-09 20:58:09,825 p=85944 u=rob n=ansible | skipping: [transport]
2022-10-09 20:58:09,827 p=85944 u=rob n=ansible | TASK [eve-ng-create-node : fail] *******************************************************************************************************************
2022-10-09 20:58:09,839 p=85944 u=rob n=ansible | skipping: [eveng]
2022-10-09 20:58:09,844 p=85944 u=rob n=ansible | skipping: [vyos-oobm]
2022-10-09 20:58:09,850 p=85944 u=rob n=ansible | skipping: [dhcp-relay]
2022-10-09 20:58:09,852 p=85944 u=rob n=ansible | skipping: [dhcp-server]
2022-10-09 20:58:09,855 p=85944 u=rob n=ansible | skipping: [transport]
2022-10-09 20:58:09,857 p=85944 u=rob n=ansible | TASK [eve-ng-create-node : install requirements] ***************************************************************************************************
2022-10-09 20:58:09,878 p=85944 u=rob n=ansible | skipping: [vyos-oobm]
2022-10-09 20:58:09,888 p=85944 u=rob n=ansible | skipping: [dhcp-relay]
2022-10-09 20:58:09,889 p=85944 u=rob n=ansible | skipping: [dhcp-server]
2022-10-09 20:58:09,893 p=85944 u=rob n=ansible | skipping: [transport]
2022-10-09 20:58:13,392 p=85944 u=rob n=ansible | ok: [eveng]
2022-10-09 20:58:13,399 p=85944 u=rob n=ansible | TASK [eve-ng-create-node : Login to EVE-NG and get Cookie] *****************************************************************************************
2022-10-09 20:58:13,429 p=85944 u=rob n=ansible | skipping: [vyos-oobm]
2022-10-09 20:58:13,437 p=85944 u=rob n=ansible | skipping: [dhcp-relay]
2022-10-09 20:58:13,438 p=85944 u=rob n=ansible | skipping: [dhcp-server]
2022-10-09 20:58:13,442 p=85944 u=rob n=ansible | skipping: [transport]
2022-10-09 20:58:14,211 p=85944 u=rob n=ansible | ok: [eveng]
2022-10-09 20:58:14,219 p=85944 u=rob n=ansible | TASK [eve-ng-create-node : get template facts] *****************************************************************************************************
2022-10-09 20:58:14,250 p=85944 u=rob n=ansible | skipping: [vyos-oobm]
2022-10-09 20:58:14,258 p=85944 u=rob n=ansible | skipping: [dhcp-relay]
2022-10-09 20:58:14,259 p=85944 u=rob n=ansible | skipping: [dhcp-server]
2022-10-09 20:58:14,263 p=85944 u=rob n=ansible | skipping: [transport]
2022-10-09 20:58:14,754 p=85944 u=rob n=ansible | ok: [eveng]
2022-10-09 20:58:14,761 p=85944 u=rob n=ansible | TASK [eve-ng-create-node : Register path status] ***************************************************************************************************
2022-10-09 20:58:14,789 p=85944 u=rob n=ansible | skipping: [vyos-oobm]
2022-10-09 20:58:14,796 p=85944 u=rob n=ansible | skipping: [dhcp-relay]
2022-10-09 20:58:14,798 p=85944 u=rob n=ansible | skipping: [dhcp-server]
2022-10-09 20:58:14,802 p=85944 u=rob n=ansible | skipping: [transport]
2022-10-09 20:58:15,116 p=85944 u=rob n=ansible | ok: [eveng]
2022-10-09 20:58:15,119 p=85944 u=rob n=ansible | TASK [eve-ng-create-node : create path] ************************************************************************************************************
2022-10-09 20:58:15,134 p=85944 u=rob n=ansible | skipping: [eveng]
2022-10-09 20:58:15,151 p=85944 u=rob n=ansible | skipping: [vyos-oobm]
2022-10-09 20:58:15,158 p=85944 u=rob n=ansible | skipping: [dhcp-relay]
2022-10-09 20:58:15,160 p=85944 u=rob n=ansible | skipping: [dhcp-server]
2022-10-09 20:58:15,164 p=85944 u=rob n=ansible | skipping: [transport]
2022-10-09 20:58:15,167 p=85944 u=rob n=ansible | TASK [eve-ng-create-node : Download iso] ***********************************************************************************************************
2022-10-09 20:58:15,180 p=85944 u=rob n=ansible | skipping: [eveng]
2022-10-09 20:58:15,186 p=85944 u=rob n=ansible | skipping: [vyos-oobm]
2022-10-09 20:58:15,193 p=85944 u=rob n=ansible | skipping: [dhcp-relay]
2022-10-09 20:58:15,194 p=85944 u=rob n=ansible | skipping: [dhcp-server]
2022-10-09 20:58:15,198 p=85944 u=rob n=ansible | skipping: [transport]
2022-10-09 20:58:15,200 p=85944 u=rob n=ansible | TASK [eve-ng-create-node : create virtioa.qcow2 file] **********************************************************************************************
2022-10-09 20:58:15,213 p=85944 u=rob n=ansible | skipping: [eveng]
2022-10-09 20:58:15,220 p=85944 u=rob n=ansible | skipping: [vyos-oobm]
2022-10-09 20:58:15,225 p=85944 u=rob n=ansible | skipping: [dhcp-relay]
2022-10-09 20:58:15,227 p=85944 u=rob n=ansible | skipping: [dhcp-server]
2022-10-09 20:58:15,230 p=85944 u=rob n=ansible | skipping: [transport]
2022-10-09 20:58:15,232 p=85944 u=rob n=ansible | TASK [eve-ng-create-node : Login to EVE-NG and get Cookie] *****************************************************************************************
2022-10-09 20:58:15,245 p=85944 u=rob n=ansible | skipping: [eveng]
2022-10-09 20:58:15,253 p=85944 u=rob n=ansible | skipping: [vyos-oobm]
2022-10-09 20:58:15,259 p=85944 u=rob n=ansible | skipping: [dhcp-relay]
2022-10-09 20:58:15,259 p=85944 u=rob n=ansible | skipping: [dhcp-server]
2022-10-09 20:58:15,264 p=85944 u=rob n=ansible | skipping: [transport]
2022-10-09 20:58:15,266 p=85944 u=rob n=ansible | TASK [eve-ng-create-node : create lab for node install] ********************************************************************************************
2022-10-09 20:58:15,280 p=85944 u=rob n=ansible | skipping: [eveng]
2022-10-09 20:58:15,286 p=85944 u=rob n=ansible | skipping: [vyos-oobm]
2022-10-09 20:58:15,293 p=85944 u=rob n=ansible | skipping: [dhcp-relay]
2022-10-09 20:58:15,295 p=85944 u=rob n=ansible | skipping: [dhcp-server]
2022-10-09 20:58:15,299 p=85944 u=rob n=ansible | skipping: [transport]
2022-10-09 20:58:15,301 p=85944 u=rob n=ansible | TASK [eve-ng-create-node : open lab] ***************************************************************************************************************
2022-10-09 20:58:15,315 p=85944 u=rob n=ansible | skipping: [eveng]
2022-10-09 20:58:15,321 p=85944 u=rob n=ansible | skipping: [vyos-oobm]
2022-10-09 20:58:15,328 p=85944 u=rob n=ansible | skipping: [dhcp-relay]
2022-10-09 20:58:15,330 p=85944 u=rob n=ansible | skipping: [dhcp-server]
2022-10-09 20:58:15,333 p=85944 u=rob n=ansible | skipping: [transport]
2022-10-09 20:58:15,337 p=85944 u=rob n=ansible | TASK [eve-ng-create-node : set_fact] ***************************************************************************************************************
2022-10-09 20:58:15,350 p=85944 u=rob n=ansible | skipping: [eveng]
2022-10-09 20:58:15,356 p=85944 u=rob n=ansible | skipping: [vyos-oobm]
2022-10-09 20:58:15,363 p=85944 u=rob n=ansible | skipping: [dhcp-relay]
2022-10-09 20:58:15,365 p=85944 u=rob n=ansible | skipping: [dhcp-server]
2022-10-09 20:58:15,369 p=85944 u=rob n=ansible | skipping: [transport]
2022-10-09 20:58:15,371 p=85944 u=rob n=ansible | TASK [eve-ng-create-node : add node to lab] ********************************************************************************************************
2022-10-09 20:58:15,385 p=85944 u=rob n=ansible | skipping: [eveng]
2022-10-09 20:58:15,391 p=85944 u=rob n=ansible | skipping: [vyos-oobm]
2022-10-09 20:58:15,398 p=85944 u=rob n=ansible | skipping: [dhcp-relay]
2022-10-09 20:58:15,399 p=85944 u=rob n=ansible | skipping: [dhcp-server]
2022-10-09 20:58:15,403 p=85944 u=rob n=ansible | skipping: [transport]
2022-10-09 20:58:15,406 p=85944 u=rob n=ansible | TASK [eve-ng-create-node : start node] *************************************************************************************************************
2022-10-09 20:58:15,418 p=85944 u=rob n=ansible | skipping: [eveng]
2022-10-09 20:58:15,424 p=85944 u=rob n=ansible | skipping: [vyos-oobm]
2022-10-09 20:58:15,432 p=85944 u=rob n=ansible | skipping: [dhcp-relay]
2022-10-09 20:58:15,433 p=85944 u=rob n=ansible | skipping: [dhcp-server]
2022-10-09 20:58:15,436 p=85944 u=rob n=ansible | skipping: [transport]
2022-10-09 20:58:15,438 p=85944 u=rob n=ansible | TASK [eve-ng-create-node : get node infos] *********************************************************************************************************
2022-10-09 20:58:15,451 p=85944 u=rob n=ansible | skipping: [eveng]
2022-10-09 20:58:15,456 p=85944 u=rob n=ansible | skipping: [vyos-oobm]
2022-10-09 20:58:15,464 p=85944 u=rob n=ansible | skipping: [dhcp-relay]
2022-10-09 20:58:15,466 p=85944 u=rob n=ansible | skipping: [dhcp-server]
2022-10-09 20:58:15,469 p=85944 u=rob n=ansible | skipping: [transport]
2022-10-09 20:58:15,471 p=85944 u=rob n=ansible | TASK [eve-ng-create-node : set_fact] ***************************************************************************************************************
2022-10-09 20:58:15,484 p=85944 u=rob n=ansible | skipping: [eveng]
2022-10-09 20:58:15,490 p=85944 u=rob n=ansible | skipping: [vyos-oobm]
2022-10-09 20:58:15,497 p=85944 u=rob n=ansible | skipping: [dhcp-relay]
2022-10-09 20:58:15,500 p=85944 u=rob n=ansible | skipping: [dhcp-server]
2022-10-09 20:58:15,502 p=85944 u=rob n=ansible | skipping: [transport]
2022-10-09 20:58:15,505 p=85944 u=rob n=ansible | TASK [eve-ng-create-node : copy file] **************************************************************************************************************
2022-10-09 20:58:15,518 p=85944 u=rob n=ansible | skipping: [eveng]
2022-10-09 20:58:15,524 p=85944 u=rob n=ansible | skipping: [vyos-oobm]
2022-10-09 20:58:15,533 p=85944 u=rob n=ansible | skipping: [dhcp-relay]
2022-10-09 20:58:15,533 p=85944 u=rob n=ansible | skipping: [dhcp-server]
2022-10-09 20:58:15,537 p=85944 u=rob n=ansible | skipping: [transport]
2022-10-09 20:58:15,539 p=85944 u=rob n=ansible | TASK [eve-ng-create-node : run expect script] ******************************************************************************************************
2022-10-09 20:58:15,553 p=85944 u=rob n=ansible | skipping: [eveng]
2022-10-09 20:58:15,559 p=85944 u=rob n=ansible | skipping: [vyos-oobm]
2022-10-09 20:58:15,567 p=85944 u=rob n=ansible | skipping: [dhcp-relay]
2022-10-09 20:58:15,567 p=85944 u=rob n=ansible | skipping: [dhcp-server]
2022-10-09 20:58:15,571 p=85944 u=rob n=ansible | skipping: [transport]
2022-10-09 20:58:15,574 p=85944 u=rob n=ansible | TASK [eve-ng-create-node : Login to EVE-NG and get Cookie (due timeout)] ***************************************************************************
2022-10-09 20:58:15,586 p=85944 u=rob n=ansible | skipping: [eveng]
2022-10-09 20:58:15,593 p=85944 u=rob n=ansible | skipping: [vyos-oobm]
2022-10-09 20:58:15,599 p=85944 u=rob n=ansible | skipping: [dhcp-relay]
2022-10-09 20:58:15,601 p=85944 u=rob n=ansible | skipping: [dhcp-server]
2022-10-09 20:58:15,603 p=85944 u=rob n=ansible | skipping: [transport]
2022-10-09 20:58:15,606 p=85944 u=rob n=ansible | TASK [eve-ng-create-node : stop node] **************************************************************************************************************
2022-10-09 20:58:15,619 p=85944 u=rob n=ansible | skipping: [eveng]
2022-10-09 20:58:15,624 p=85944 u=rob n=ansible | skipping: [vyos-oobm]
2022-10-09 20:58:15,631 p=85944 u=rob n=ansible | skipping: [dhcp-relay]
2022-10-09 20:58:15,633 p=85944 u=rob n=ansible | skipping: [dhcp-server]
2022-10-09 20:58:15,636 p=85944 u=rob n=ansible | skipping: [transport]
2022-10-09 20:58:15,638 p=85944 u=rob n=ansible | TASK [eve-ng-create-node : Pause to wait node is shutdown] *****************************************************************************************
2022-10-09 20:58:15,648 p=85944 u=rob n=ansible | skipping: [eveng]
2022-10-09 20:58:15,650 p=85944 u=rob n=ansible | TASK [eve-ng-create-node : delete iso] *************************************************************************************************************
2022-10-09 20:58:15,665 p=85944 u=rob n=ansible | skipping: [eveng]
2022-10-09 20:58:15,670 p=85944 u=rob n=ansible | skipping: [vyos-oobm]
2022-10-09 20:58:15,679 p=85944 u=rob n=ansible | skipping: [dhcp-relay]
2022-10-09 20:58:15,683 p=85944 u=rob n=ansible | skipping: [dhcp-server]
2022-10-09 20:58:15,687 p=85944 u=rob n=ansible | skipping: [transport]
2022-10-09 20:58:15,690 p=85944 u=rob n=ansible | TASK [eve-ng-create-node : commit virtioa.qcow2] ***************************************************************************************************
2022-10-09 20:58:15,711 p=85944 u=rob n=ansible | skipping: [eveng]
2022-10-09 20:58:15,717 p=85944 u=rob n=ansible | skipping: [vyos-oobm]
2022-10-09 20:58:15,726 p=85944 u=rob n=ansible | skipping: [dhcp-relay]
2022-10-09 20:58:15,728 p=85944 u=rob n=ansible | skipping: [dhcp-server]
2022-10-09 20:58:15,734 p=85944 u=rob n=ansible | skipping: [transport]
2022-10-09 20:58:15,736 p=85944 u=rob n=ansible | TASK [eve-ng-create-node : delete lab for node install] ********************************************************************************************
2022-10-09 20:58:15,755 p=85944 u=rob n=ansible | skipping: [eveng]
2022-10-09 20:58:15,765 p=85944 u=rob n=ansible | skipping: [vyos-oobm]
2022-10-09 20:58:15,771 p=85944 u=rob n=ansible | skipping: [dhcp-relay]
2022-10-09 20:58:15,774 p=85944 u=rob n=ansible | skipping: [dhcp-server]
2022-10-09 20:58:15,780 p=85944 u=rob n=ansible | skipping: [transport]
2022-10-09 20:58:15,788 p=85944 u=rob n=ansible | TASK [eve-ng-lab-test : Get env file content] ******************************************************************************************************
2022-10-09 20:58:16,142 p=85944 u=rob n=ansible | ok: [vyos-oobm -> localhost]
2022-10-09 20:58:16,147 p=85944 u=rob n=ansible | ok: [eveng -> localhost]
2022-10-09 20:58:16,153 p=85944 u=rob n=ansible | ok: [dhcp-server -> localhost]
2022-10-09 20:58:16,153 p=85944 u=rob n=ansible | ok: [dhcp-relay -> localhost]
2022-10-09 20:58:16,159 p=85944 u=rob n=ansible | ok: [transport -> localhost]
2022-10-09 20:58:16,161 p=85944 u=rob n=ansible | TASK [eve-ng-lab-test : Load facts] ****************************************************************************************************************
2022-10-09 20:58:16,190 p=85944 u=rob n=ansible | ok: [vyos-oobm]
2022-10-09 20:58:16,191 p=85944 u=rob n=ansible | ok: [eveng]
2022-10-09 20:58:17,204 p=86244 u=rob n=ansible | network_os is set to vyos
2022-10-09 20:58:17,204 p=86243 u=rob n=ansible | network_os is set to vyos
2022-10-09 20:58:17,204 p=86245 u=rob n=ansible | network_os is set to vyos
2022-10-09 20:58:17,212 p=85944 u=rob n=ansible | ok: [dhcp-relay]
2022-10-09 20:58:17,212 p=85944 u=rob n=ansible | ok: [dhcp-server]
2022-10-09 20:58:17,212 p=85944 u=rob n=ansible | ok: [transport]
2022-10-09 20:58:17,221 p=85944 u=rob n=ansible | TASK [eve-ng-lab-test : fail] **********************************************************************************************************************
2022-10-09 20:58:17,241 p=85944 u=rob n=ansible | skipping: [eveng]
2022-10-09 20:58:17,247 p=85944 u=rob n=ansible | skipping: [vyos-oobm]
2022-10-09 20:58:17,254 p=85944 u=rob n=ansible | skipping: [dhcp-relay]
2022-10-09 20:58:17,255 p=85944 u=rob n=ansible | skipping: [dhcp-server]
2022-10-09 20:58:17,260 p=85944 u=rob n=ansible | skipping: [transport]
2022-10-09 20:58:17,263 p=85944 u=rob n=ansible | TASK [eve-ng-lab-test : Login to EVE-NG and get Cookie] ********************************************************************************************
2022-10-09 20:58:17,289 p=85944 u=rob n=ansible | skipping: [vyos-oobm]
2022-10-09 20:58:17,290 p=85944 u=rob n=ansible | skipping: [dhcp-relay]
2022-10-09 20:58:17,290 p=85944 u=rob n=ansible | skipping: [dhcp-server]
2022-10-09 20:58:17,294 p=85944 u=rob n=ansible | skipping: [transport]
2022-10-09 20:58:17,955 p=85944 u=rob n=ansible | ok: [eveng]
2022-10-09 20:58:17,963 p=85944 u=rob n=ansible | TASK [eve-ng-lab-test : get running lab list] ******************************************************************************************************
2022-10-09 20:58:17,983 p=85944 u=rob n=ansible | skipping: [vyos-oobm]
2022-10-09 20:58:17,991 p=85944 u=rob n=ansible | skipping: [dhcp-relay]
2022-10-09 20:58:17,992 p=85944 u=rob n=ansible | skipping: [dhcp-server]
2022-10-09 20:58:17,996 p=85944 u=rob n=ansible | skipping: [transport]
2022-10-09 20:58:18,480 p=85944 u=rob n=ansible | ok: [eveng]
2022-10-09 20:58:18,487 p=85944 u=rob n=ansible | TASK [eve-ng-lab-test : delete existing lab] *******************************************************************************************************
2022-10-09 20:58:18,516 p=85944 u=rob n=ansible | skipping: [vyos-oobm]
2022-10-09 20:58:18,525 p=85944 u=rob n=ansible | skipping: [dhcp-relay]
2022-10-09 20:58:18,527 p=85944 u=rob n=ansible | skipping: [dhcp-server]
2022-10-09 20:58:18,532 p=85944 u=rob n=ansible | skipping: [transport]
2022-10-09 20:58:19,004 p=85944 u=rob n=ansible | ok: [eveng]
2022-10-09 20:58:19,013 p=85944 u=rob n=ansible | TASK [eve-ng-lab-test : Ensure labtest is present] *************************************************************************************************
2022-10-09 20:58:19,033 p=85944 u=rob n=ansible | skipping: [vyos-oobm]
2022-10-09 20:58:19,051 p=85944 u=rob n=ansible | skipping: [dhcp-relay]
2022-10-09 20:58:19,051 p=85944 u=rob n=ansible | skipping: [dhcp-server]
2022-10-09 20:58:19,055 p=85944 u=rob n=ansible | skipping: [transport]
2022-10-09 20:58:19,378 p=85944 u=rob n=ansible | ok: [eveng]
2022-10-09 20:58:19,382 p=85944 u=rob n=ansible | TASK [eve-ng-lab-test : Create DHCPRelay_through_GRE Lab] ******************************************************************************************
2022-10-09 20:58:19,406 p=85944 u=rob n=ansible | skipping: [vyos-oobm]
2022-10-09 20:58:19,411 p=85944 u=rob n=ansible | skipping: [dhcp-relay]
2022-10-09 20:58:19,413 p=85944 u=rob n=ansible | skipping: [dhcp-server]
2022-10-09 20:58:19,417 p=85944 u=rob n=ansible | skipping: [transport]
2022-10-09 20:58:20,108 p=85944 u=rob n=ansible | changed: [eveng]
2022-10-09 20:58:20,111 p=85944 u=rob n=ansible | TASK [eve-ng-lab-test : Login to EVE-NG and get Cookie] ********************************************************************************************
2022-10-09 20:58:20,133 p=85944 u=rob n=ansible | skipping: [vyos-oobm]
2022-10-09 20:58:20,140 p=85944 u=rob n=ansible | skipping: [dhcp-relay]
2022-10-09 20:58:20,141 p=85944 u=rob n=ansible | skipping: [dhcp-server]
2022-10-09 20:58:20,146 p=85944 u=rob n=ansible | skipping: [transport]
2022-10-09 20:58:20,808 p=85944 u=rob n=ansible | ok: [eveng]
2022-10-09 20:58:20,813 p=85944 u=rob n=ansible | TASK [eve-ng-lab-test : start vyos-oobm] ***********************************************************************************************************
2022-10-09 20:58:20,842 p=85944 u=rob n=ansible | skipping: [vyos-oobm]
2022-10-09 20:58:20,854 p=85944 u=rob n=ansible | skipping: [dhcp-relay]
2022-10-09 20:58:20,860 p=85944 u=rob n=ansible | skipping: [dhcp-server]
2022-10-09 20:58:20,863 p=85944 u=rob n=ansible | skipping: [transport]
2022-10-09 20:58:21,851 p=85944 u=rob n=ansible | ok: [eveng]
2022-10-09 20:58:21,859 p=85944 u=rob n=ansible | TASK [eve-ng-lab-test : Wait for vyos-oobm] ********************************************************************************************************
2022-10-09 20:58:21,883 p=85944 u=rob n=ansible | skipping: [eveng]
2022-10-09 20:58:21,909 p=85944 u=rob n=ansible | skipping: [dhcp-relay]
2022-10-09 20:58:21,911 p=85944 u=rob n=ansible | skipping: [dhcp-server]
2022-10-09 20:58:21,915 p=85944 u=rob n=ansible | skipping: [transport]
2022-10-09 20:59:13,077 p=85944 u=rob n=ansible | ok: [vyos-oobm]
2022-10-09 20:59:13,084 p=85944 u=rob n=ansible | TASK [eve-ng-lab-test : Login to EVE-NG and get Cookie] ********************************************************************************************
2022-10-09 20:59:13,110 p=85944 u=rob n=ansible | skipping: [vyos-oobm]
2022-10-09 20:59:13,119 p=85944 u=rob n=ansible | skipping: [dhcp-relay]
2022-10-09 20:59:13,120 p=85944 u=rob n=ansible | skipping: [dhcp-server]
2022-10-09 20:59:13,124 p=85944 u=rob n=ansible | skipping: [transport]
2022-10-09 20:59:14,211 p=85944 u=rob n=ansible | ok: [eveng]
2022-10-09 20:59:14,217 p=85944 u=rob n=ansible | TASK [eve-ng-lab-test : get lab status] ************************************************************************************************************
2022-10-09 20:59:14,247 p=85944 u=rob n=ansible | skipping: [vyos-oobm]
2022-10-09 20:59:14,254 p=85944 u=rob n=ansible | skipping: [dhcp-relay]
2022-10-09 20:59:14,255 p=85944 u=rob n=ansible | skipping: [dhcp-server]
2022-10-09 20:59:14,259 p=85944 u=rob n=ansible | skipping: [transport]
2022-10-09 20:59:14,766 p=85944 u=rob n=ansible | ok: [eveng]
2022-10-09 20:59:14,771 p=85944 u=rob n=ansible | TASK [eve-ng-lab-test : start all nodes] ***********************************************************************************************************
2022-10-09 20:59:14,799 p=85944 u=rob n=ansible | skipping: [vyos-oobm]
2022-10-09 20:59:14,807 p=85944 u=rob n=ansible | skipping: [dhcp-relay]
2022-10-09 20:59:14,809 p=85944 u=rob n=ansible | skipping: [dhcp-server]
2022-10-09 20:59:14,815 p=85944 u=rob n=ansible | skipping: [transport]
2022-10-09 20:59:15,758 p=85944 u=rob n=ansible | ok: [eveng] => (item=2)
2022-10-09 20:59:16,868 p=85944 u=rob n=ansible | ok: [eveng] => (item=3)
2022-10-09 20:59:18,146 p=85944 u=rob n=ansible | ok: [eveng] => (item=4)
2022-10-09 20:59:18,864 p=85944 u=rob n=ansible | ok: [eveng] => (item=1)
2022-10-09 20:59:19,780 p=85944 u=rob n=ansible | ok: [eveng] => (item=5)
2022-10-09 20:59:19,789 p=85944 u=rob n=ansible | TASK [eve-ng-lab-test : Wait for vyos nodes] *******************************************************************************************************
2022-10-09 20:59:19,810 p=85944 u=rob n=ansible | skipping: [eveng]
2022-10-09 20:59:19,818 p=85944 u=rob n=ansible | skipping: [vyos-oobm]
2022-10-09 20:59:35,709 p=86577 u=rob n=p=86577 u=rob | paramiko [dhcp-server] | Exception: Error reading SSH protocol banner
2022-10-09 20:59:35,711 p=86576 u=rob n=p=86576 u=rob | paramiko [dhcp-relay] | Exception: Error reading SSH protocol banner
2022-10-09 20:59:35,712 p=86577 u=rob n=p=86577 u=rob | paramiko [dhcp-server] | Traceback (most recent call last):
2022-10-09 20:59:35,712 p=86577 u=rob n=p=86577 u=rob | paramiko [dhcp-server] |   File "/Users/rob/.local/share/virtualenvs/vyos-eveng-b9X2mBdh/lib/python3.9/site-packages/paramiko/transport.py", line 2211, in _check_banner
2022-10-09 20:59:35,712 p=86577 u=rob n=p=86577 u=rob | paramiko [dhcp-server] |     buf = self.packetizer.readline(timeout)
2022-10-09 20:59:35,712 p=86577 u=rob n=p=86577 u=rob | paramiko [dhcp-server] |   File "/Users/rob/.local/share/virtualenvs/vyos-eveng-b9X2mBdh/lib/python3.9/site-packages/paramiko/packet.py", line 380, in readline
2022-10-09 20:59:35,712 p=86576 u=rob n=p=86576 u=rob | paramiko [dhcp-relay] | Traceback (most recent call last):
2022-10-09 20:59:35,712 p=86577 u=rob n=p=86577 u=rob | paramiko [dhcp-server] |     buf += self._read_timeout(timeout)
2022-10-09 20:59:35,712 p=86576 u=rob n=p=86576 u=rob | paramiko [dhcp-relay] |   File "/Users/rob/.local/share/virtualenvs/vyos-eveng-b9X2mBdh/lib/python3.9/site-packages/paramiko/transport.py", line 2211, in _check_banner
2022-10-09 20:59:35,712 p=86577 u=rob n=p=86577 u=rob | paramiko [dhcp-server] |   File "/Users/rob/.local/share/virtualenvs/vyos-eveng-b9X2mBdh/lib/python3.9/site-packages/paramiko/packet.py", line 622, in _read_timeout
2022-10-09 20:59:35,712 p=86576 u=rob n=p=86576 u=rob | paramiko [dhcp-relay] |     buf = self.packetizer.readline(timeout)
2022-10-09 20:59:35,712 p=86577 u=rob n=p=86577 u=rob | paramiko [dhcp-server] |     raise socket.timeout()
2022-10-09 20:59:35,712 p=86576 u=rob n=p=86576 u=rob | paramiko [dhcp-relay] |   File "/Users/rob/.local/share/virtualenvs/vyos-eveng-b9X2mBdh/lib/python3.9/site-packages/paramiko/packet.py", line 380, in readline
2022-10-09 20:59:35,713 p=86577 u=rob n=p=86577 u=rob | paramiko [dhcp-server] | socket.timeout
2022-10-09 20:59:35,713 p=86576 u=rob n=p=86576 u=rob | paramiko [dhcp-relay] |     buf += self._read_timeout(timeout)
2022-10-09 20:59:35,713 p=86577 u=rob n=p=86577 u=rob | paramiko [dhcp-server] | 
2022-10-09 20:59:35,713 p=86576 u=rob n=p=86576 u=rob | paramiko [dhcp-relay] |   File "/Users/rob/.local/share/virtualenvs/vyos-eveng-b9X2mBdh/lib/python3.9/site-packages/paramiko/packet.py", line 622, in _read_timeout
2022-10-09 20:59:35,713 p=86577 u=rob n=p=86577 u=rob | paramiko [dhcp-server] | During handling of the above exception, another exception occurred:
2022-10-09 20:59:35,713 p=86576 u=rob n=p=86576 u=rob | paramiko [dhcp-relay] |     raise socket.timeout()
2022-10-09 20:59:35,713 p=86577 u=rob n=p=86577 u=rob | paramiko [dhcp-server] | 
2022-10-09 20:59:35,713 p=86576 u=rob n=p=86576 u=rob | paramiko [dhcp-relay] | socket.timeout
2022-10-09 20:59:35,713 p=86577 u=rob n=p=86577 u=rob | paramiko [dhcp-server] | Traceback (most recent call last):
2022-10-09 20:59:35,713 p=86576 u=rob n=p=86576 u=rob | paramiko [dhcp-relay] | 
2022-10-09 20:59:35,713 p=86577 u=rob n=p=86577 u=rob | paramiko [dhcp-server] |   File "/Users/rob/.local/share/virtualenvs/vyos-eveng-b9X2mBdh/lib/python3.9/site-packages/paramiko/transport.py", line 2039, in run
2022-10-09 20:59:35,713 p=86576 u=rob n=p=86576 u=rob | paramiko [dhcp-relay] | During handling of the above exception, another exception occurred:
2022-10-09 20:59:35,713 p=86577 u=rob n=p=86577 u=rob | paramiko [dhcp-server] |     self._check_banner()
2022-10-09 20:59:35,713 p=86576 u=rob n=p=86576 u=rob | paramiko [dhcp-relay] | 
2022-10-09 20:59:35,713 p=86577 u=rob n=p=86577 u=rob | paramiko [dhcp-server] |   File "/Users/rob/.local/share/virtualenvs/vyos-eveng-b9X2mBdh/lib/python3.9/site-packages/paramiko/transport.py", line 2215, in _check_banner
2022-10-09 20:59:35,714 p=86577 u=rob n=p=86577 u=rob | paramiko [dhcp-server] |     raise SSHException(
2022-10-09 20:59:35,714 p=86576 u=rob n=p=86576 u=rob | paramiko [dhcp-relay] | Traceback (most recent call last):
2022-10-09 20:59:35,714 p=86577 u=rob n=p=86577 u=rob | paramiko [dhcp-server] | paramiko.ssh_exception.SSHException: Error reading SSH protocol banner
2022-10-09 20:59:35,714 p=86576 u=rob n=p=86576 u=rob | paramiko [dhcp-relay] |   File "/Users/rob/.local/share/virtualenvs/vyos-eveng-b9X2mBdh/lib/python3.9/site-packages/paramiko/transport.py", line 2039, in run
2022-10-09 20:59:35,714 p=86577 u=rob n=p=86577 u=rob | paramiko [dhcp-server] | 
2022-10-09 20:59:35,714 p=86576 u=rob n=p=86576 u=rob | paramiko [dhcp-relay] |     self._check_banner()
2022-10-09 20:59:35,714 p=86576 u=rob n=p=86576 u=rob | paramiko [dhcp-relay] |   File "/Users/rob/.local/share/virtualenvs/vyos-eveng-b9X2mBdh/lib/python3.9/site-packages/paramiko/transport.py", line 2215, in _check_banner
2022-10-09 20:59:35,714 p=86576 u=rob n=p=86576 u=rob | paramiko [dhcp-relay] |     raise SSHException(
2022-10-09 20:59:35,714 p=86576 u=rob n=p=86576 u=rob | paramiko [dhcp-relay] | paramiko.ssh_exception.SSHException: Error reading SSH protocol banner
2022-10-09 20:59:35,714 p=86576 u=rob n=p=86576 u=rob | paramiko [dhcp-relay] | 
2022-10-09 20:59:35,723 p=86578 u=rob n=p=86578 u=rob | paramiko [transport] | Exception: Error reading SSH protocol banner
2022-10-09 20:59:35,724 p=86578 u=rob n=p=86578 u=rob | paramiko [transport] | Traceback (most recent call last):
2022-10-09 20:59:35,724 p=86578 u=rob n=p=86578 u=rob | paramiko [transport] |   File "/Users/rob/.local/share/virtualenvs/vyos-eveng-b9X2mBdh/lib/python3.9/site-packages/paramiko/transport.py", line 2211, in _check_banner
2022-10-09 20:59:35,724 p=86578 u=rob n=p=86578 u=rob | paramiko [transport] |     buf = self.packetizer.readline(timeout)
2022-10-09 20:59:35,724 p=86578 u=rob n=p=86578 u=rob | paramiko [transport] |   File "/Users/rob/.local/share/virtualenvs/vyos-eveng-b9X2mBdh/lib/python3.9/site-packages/paramiko/packet.py", line 380, in readline
2022-10-09 20:59:35,725 p=86578 u=rob n=p=86578 u=rob | paramiko [transport] |     buf += self._read_timeout(timeout)
2022-10-09 20:59:35,725 p=86578 u=rob n=p=86578 u=rob | paramiko [transport] |   File "/Users/rob/.local/share/virtualenvs/vyos-eveng-b9X2mBdh/lib/python3.9/site-packages/paramiko/packet.py", line 622, in _read_timeout
2022-10-09 20:59:35,725 p=86578 u=rob n=p=86578 u=rob | paramiko [transport] |     raise socket.timeout()
2022-10-09 20:59:35,725 p=86578 u=rob n=p=86578 u=rob | paramiko [transport] | socket.timeout
2022-10-09 20:59:35,725 p=86578 u=rob n=p=86578 u=rob | paramiko [transport] | 
2022-10-09 20:59:35,725 p=86578 u=rob n=p=86578 u=rob | paramiko [transport] | During handling of the above exception, another exception occurred:
2022-10-09 20:59:35,725 p=86578 u=rob n=p=86578 u=rob | paramiko [transport] | 
2022-10-09 20:59:35,725 p=86578 u=rob n=p=86578 u=rob | paramiko [transport] | Traceback (most recent call last):
2022-10-09 20:59:35,725 p=86578 u=rob n=p=86578 u=rob | paramiko [transport] |   File "/Users/rob/.local/share/virtualenvs/vyos-eveng-b9X2mBdh/lib/python3.9/site-packages/paramiko/transport.py", line 2039, in run
2022-10-09 20:59:35,726 p=86578 u=rob n=p=86578 u=rob | paramiko [transport] |     self._check_banner()
2022-10-09 20:59:35,726 p=86578 u=rob n=p=86578 u=rob | paramiko [transport] |   File "/Users/rob/.local/share/virtualenvs/vyos-eveng-b9X2mBdh/lib/python3.9/site-packages/paramiko/transport.py", line 2215, in _check_banner
2022-10-09 20:59:35,726 p=86578 u=rob n=p=86578 u=rob | paramiko [transport] |     raise SSHException(
2022-10-09 20:59:35,726 p=86578 u=rob n=p=86578 u=rob | paramiko [transport] | paramiko.ssh_exception.SSHException: Error reading SSH protocol banner
2022-10-09 20:59:35,726 p=86578 u=rob n=p=86578 u=rob | paramiko [transport] | 
2022-10-09 20:59:51,747 p=86576 u=rob n=p=86576 u=rob | paramiko [dhcp-relay] | Exception: Error reading SSH protocol banner
2022-10-09 20:59:51,748 p=86576 u=rob n=p=86576 u=rob | paramiko [dhcp-relay] | Traceback (most recent call last):
2022-10-09 20:59:51,748 p=86576 u=rob n=p=86576 u=rob | paramiko [dhcp-relay] |   File "/Users/rob/.local/share/virtualenvs/vyos-eveng-b9X2mBdh/lib/python3.9/site-packages/paramiko/transport.py", line 2211, in _check_banner
2022-10-09 20:59:51,748 p=86576 u=rob n=p=86576 u=rob | paramiko [dhcp-relay] |     buf = self.packetizer.readline(timeout)
2022-10-09 20:59:51,748 p=86576 u=rob n=p=86576 u=rob | paramiko [dhcp-relay] |   File "/Users/rob/.local/share/virtualenvs/vyos-eveng-b9X2mBdh/lib/python3.9/site-packages/paramiko/packet.py", line 380, in readline
2022-10-09 20:59:51,748 p=86576 u=rob n=p=86576 u=rob | paramiko [dhcp-relay] |     buf += self._read_timeout(timeout)
2022-10-09 20:59:51,748 p=86576 u=rob n=p=86576 u=rob | paramiko [dhcp-relay] |   File "/Users/rob/.local/share/virtualenvs/vyos-eveng-b9X2mBdh/lib/python3.9/site-packages/paramiko/packet.py", line 622, in _read_timeout
2022-10-09 20:59:51,748 p=86576 u=rob n=p=86576 u=rob | paramiko [dhcp-relay] |     raise socket.timeout()
2022-10-09 20:59:51,748 p=86576 u=rob n=p=86576 u=rob | paramiko [dhcp-relay] | socket.timeout
2022-10-09 20:59:51,749 p=86576 u=rob n=p=86576 u=rob | paramiko [dhcp-relay] | 
2022-10-09 20:59:51,749 p=86576 u=rob n=p=86576 u=rob | paramiko [dhcp-relay] | During handling of the above exception, another exception occurred:
2022-10-09 20:59:51,749 p=86576 u=rob n=p=86576 u=rob | paramiko [dhcp-relay] | 
2022-10-09 20:59:51,749 p=86576 u=rob n=p=86576 u=rob | paramiko [dhcp-relay] | Traceback (most recent call last):
2022-10-09 20:59:51,749 p=86576 u=rob n=p=86576 u=rob | paramiko [dhcp-relay] |   File "/Users/rob/.local/share/virtualenvs/vyos-eveng-b9X2mBdh/lib/python3.9/site-packages/paramiko/transport.py", line 2039, in run
2022-10-09 20:59:51,749 p=86576 u=rob n=p=86576 u=rob | paramiko [dhcp-relay] |     self._check_banner()
2022-10-09 20:59:51,749 p=86576 u=rob n=p=86576 u=rob | paramiko [dhcp-relay] |   File "/Users/rob/.local/share/virtualenvs/vyos-eveng-b9X2mBdh/lib/python3.9/site-packages/paramiko/transport.py", line 2215, in _check_banner
2022-10-09 20:59:51,749 p=86576 u=rob n=p=86576 u=rob | paramiko [dhcp-relay] |     raise SSHException(
2022-10-09 20:59:51,750 p=86576 u=rob n=p=86576 u=rob | paramiko [dhcp-relay] | paramiko.ssh_exception.SSHException: Error reading SSH protocol banner
2022-10-09 20:59:51,750 p=86576 u=rob n=p=86576 u=rob | paramiko [dhcp-relay] | 
2022-10-09 20:59:51,756 p=86577 u=rob n=p=86577 u=rob | paramiko [dhcp-server] | Exception: Error reading SSH protocol banner
2022-10-09 20:59:51,757 p=86577 u=rob n=p=86577 u=rob | paramiko [dhcp-server] | Traceback (most recent call last):
2022-10-09 20:59:51,757 p=86577 u=rob n=p=86577 u=rob | paramiko [dhcp-server] |   File "/Users/rob/.local/share/virtualenvs/vyos-eveng-b9X2mBdh/lib/python3.9/site-packages/paramiko/transport.py", line 2211, in _check_banner
2022-10-09 20:59:51,757 p=86578 u=rob n=p=86578 u=rob | paramiko [transport] | Exception: Error reading SSH protocol banner
2022-10-09 20:59:51,757 p=86577 u=rob n=p=86577 u=rob | paramiko [dhcp-server] |     buf = self.packetizer.readline(timeout)
2022-10-09 20:59:51,757 p=86577 u=rob n=p=86577 u=rob | paramiko [dhcp-server] |   File "/Users/rob/.local/share/virtualenvs/vyos-eveng-b9X2mBdh/lib/python3.9/site-packages/paramiko/packet.py", line 380, in readline
2022-10-09 20:59:51,757 p=86578 u=rob n=p=86578 u=rob | paramiko [transport] | Traceback (most recent call last):
2022-10-09 20:59:51,757 p=86577 u=rob n=p=86577 u=rob | paramiko [dhcp-server] |     buf += self._read_timeout(timeout)
2022-10-09 20:59:51,757 p=86578 u=rob n=p=86578 u=rob | paramiko [transport] |   File "/Users/rob/.local/share/virtualenvs/vyos-eveng-b9X2mBdh/lib/python3.9/site-packages/paramiko/transport.py", line 2211, in _check_banner
2022-10-09 20:59:51,757 p=86577 u=rob n=p=86577 u=rob | paramiko [dhcp-server] |   File "/Users/rob/.local/share/virtualenvs/vyos-eveng-b9X2mBdh/lib/python3.9/site-packages/paramiko/packet.py", line 622, in _read_timeout
2022-10-09 20:59:51,758 p=86578 u=rob n=p=86578 u=rob | paramiko [transport] |     buf = self.packetizer.readline(timeout)
2022-10-09 20:59:51,758 p=86577 u=rob n=p=86577 u=rob | paramiko [dhcp-server] |     raise socket.timeout()
2022-10-09 20:59:51,758 p=86578 u=rob n=p=86578 u=rob | paramiko [transport] |   File "/Users/rob/.local/share/virtualenvs/vyos-eveng-b9X2mBdh/lib/python3.9/site-packages/paramiko/packet.py", line 380, in readline
2022-10-09 20:59:51,758 p=86577 u=rob n=p=86577 u=rob | paramiko [dhcp-server] | socket.timeout
2022-10-09 20:59:51,758 p=86578 u=rob n=p=86578 u=rob | paramiko [transport] |     buf += self._read_timeout(timeout)
2022-10-09 20:59:51,758 p=86577 u=rob n=p=86577 u=rob | paramiko [dhcp-server] | 
2022-10-09 20:59:51,758 p=86578 u=rob n=p=86578 u=rob | paramiko [transport] |   File "/Users/rob/.local/share/virtualenvs/vyos-eveng-b9X2mBdh/lib/python3.9/site-packages/paramiko/packet.py", line 622, in _read_timeout
2022-10-09 20:59:51,758 p=86577 u=rob n=p=86577 u=rob | paramiko [dhcp-server] | During handling of the above exception, another exception occurred:
2022-10-09 20:59:51,758 p=86578 u=rob n=p=86578 u=rob | paramiko [transport] |     raise socket.timeout()
2022-10-09 20:59:51,758 p=86577 u=rob n=p=86577 u=rob | paramiko [dhcp-server] | 
2022-10-09 20:59:51,758 p=86578 u=rob n=p=86578 u=rob | paramiko [transport] | socket.timeout
2022-10-09 20:59:51,758 p=86577 u=rob n=p=86577 u=rob | paramiko [dhcp-server] | Traceback (most recent call last):
2022-10-09 20:59:51,758 p=86578 u=rob n=p=86578 u=rob | paramiko [transport] | 
2022-10-09 20:59:51,758 p=86577 u=rob n=p=86577 u=rob | paramiko [dhcp-server] |   File "/Users/rob/.local/share/virtualenvs/vyos-eveng-b9X2mBdh/lib/python3.9/site-packages/paramiko/transport.py", line 2039, in run
2022-10-09 20:59:51,758 p=86578 u=rob n=p=86578 u=rob | paramiko [transport] | During handling of the above exception, another exception occurred:
2022-10-09 20:59:51,758 p=86577 u=rob n=p=86577 u=rob | paramiko [dhcp-server] |     self._check_banner()
2022-10-09 20:59:51,758 p=86578 u=rob n=p=86578 u=rob | paramiko [transport] | 
2022-10-09 20:59:51,759 p=86577 u=rob n=p=86577 u=rob | paramiko [dhcp-server] |   File "/Users/rob/.local/share/virtualenvs/vyos-eveng-b9X2mBdh/lib/python3.9/site-packages/paramiko/transport.py", line 2215, in _check_banner
2022-10-09 20:59:51,759 p=86578 u=rob n=p=86578 u=rob | paramiko [transport] | Traceback (most recent call last):
2022-10-09 20:59:51,759 p=86577 u=rob n=p=86577 u=rob | paramiko [dhcp-server] |     raise SSHException(
2022-10-09 20:59:51,759 p=86578 u=rob n=p=86578 u=rob | paramiko [transport] |   File "/Users/rob/.local/share/virtualenvs/vyos-eveng-b9X2mBdh/lib/python3.9/site-packages/paramiko/transport.py", line 2039, in run
2022-10-09 20:59:51,759 p=86577 u=rob n=p=86577 u=rob | paramiko [dhcp-server] | paramiko.ssh_exception.SSHException: Error reading SSH protocol banner
2022-10-09 20:59:51,759 p=86578 u=rob n=p=86578 u=rob | paramiko [transport] |     self._check_banner()
2022-10-09 20:59:51,759 p=86577 u=rob n=p=86577 u=rob | paramiko [dhcp-server] | 
2022-10-09 20:59:51,759 p=86578 u=rob n=p=86578 u=rob | paramiko [transport] |   File "/Users/rob/.local/share/virtualenvs/vyos-eveng-b9X2mBdh/lib/python3.9/site-packages/paramiko/transport.py", line 2215, in _check_banner
2022-10-09 20:59:51,759 p=86578 u=rob n=p=86578 u=rob | paramiko [transport] |     raise SSHException(
2022-10-09 20:59:51,759 p=86578 u=rob n=p=86578 u=rob | paramiko [transport] | paramiko.ssh_exception.SSHException: Error reading SSH protocol banner
2022-10-09 20:59:51,759 p=86578 u=rob n=p=86578 u=rob | paramiko [transport] | 
2022-10-09 21:00:07,812 p=86576 u=rob n=p=86576 u=rob | paramiko [dhcp-relay] | Exception: Error reading SSH protocol banner
2022-10-09 21:00:07,821 p=86576 u=rob n=p=86576 u=rob | paramiko [dhcp-relay] | Traceback (most recent call last):
2022-10-09 21:00:07,824 p=86576 u=rob n=p=86576 u=rob | paramiko [dhcp-relay] |   File "/Users/rob/.local/share/virtualenvs/vyos-eveng-b9X2mBdh/lib/python3.9/site-packages/paramiko/transport.py", line 2211, in _check_banner
2022-10-09 21:00:07,824 p=86576 u=rob n=p=86576 u=rob | paramiko [dhcp-relay] |     buf = self.packetizer.readline(timeout)
2022-10-09 21:00:07,824 p=86576 u=rob n=p=86576 u=rob | paramiko [dhcp-relay] |   File "/Users/rob/.local/share/virtualenvs/vyos-eveng-b9X2mBdh/lib/python3.9/site-packages/paramiko/packet.py", line 380, in readline
2022-10-09 21:00:07,824 p=86576 u=rob n=p=86576 u=rob | paramiko [dhcp-relay] |     buf += self._read_timeout(timeout)
2022-10-09 21:00:07,825 p=86576 u=rob n=p=86576 u=rob | paramiko [dhcp-relay] |   File "/Users/rob/.local/share/virtualenvs/vyos-eveng-b9X2mBdh/lib/python3.9/site-packages/paramiko/packet.py", line 622, in _read_timeout
2022-10-09 21:00:07,825 p=86576 u=rob n=p=86576 u=rob | paramiko [dhcp-relay] |     raise socket.timeout()
2022-10-09 21:00:07,825 p=86576 u=rob n=p=86576 u=rob | paramiko [dhcp-relay] | socket.timeout
2022-10-09 21:00:07,825 p=86576 u=rob n=p=86576 u=rob | paramiko [dhcp-relay] | 
2022-10-09 21:00:07,825 p=86576 u=rob n=p=86576 u=rob | paramiko [dhcp-relay] | During handling of the above exception, another exception occurred:
2022-10-09 21:00:07,825 p=86576 u=rob n=p=86576 u=rob | paramiko [dhcp-relay] | 
2022-10-09 21:00:07,825 p=86576 u=rob n=p=86576 u=rob | paramiko [dhcp-relay] | Traceback (most recent call last):
2022-10-09 21:00:07,825 p=86576 u=rob n=p=86576 u=rob | paramiko [dhcp-relay] |   File "/Users/rob/.local/share/virtualenvs/vyos-eveng-b9X2mBdh/lib/python3.9/site-packages/paramiko/transport.py", line 2039, in run
2022-10-09 21:00:07,826 p=86576 u=rob n=p=86576 u=rob | paramiko [dhcp-relay] |     self._check_banner()
2022-10-09 21:00:07,826 p=86576 u=rob n=p=86576 u=rob | paramiko [dhcp-relay] |   File "/Users/rob/.local/share/virtualenvs/vyos-eveng-b9X2mBdh/lib/python3.9/site-packages/paramiko/transport.py", line 2215, in _check_banner
2022-10-09 21:00:07,826 p=86576 u=rob n=p=86576 u=rob | paramiko [dhcp-relay] |     raise SSHException(
2022-10-09 21:00:07,826 p=86576 u=rob n=p=86576 u=rob | paramiko [dhcp-relay] | paramiko.ssh_exception.SSHException: Error reading SSH protocol banner
2022-10-09 21:00:07,826 p=86576 u=rob n=p=86576 u=rob | paramiko [dhcp-relay] | 
2022-10-09 21:00:07,842 p=86577 u=rob n=p=86577 u=rob | paramiko [dhcp-server] | Exception: Error reading SSH protocol banner
2022-10-09 21:00:07,843 p=86577 u=rob n=p=86577 u=rob | paramiko [dhcp-server] | Traceback (most recent call last):
2022-10-09 21:00:07,843 p=86577 u=rob n=p=86577 u=rob | paramiko [dhcp-server] |   File "/Users/rob/.local/share/virtualenvs/vyos-eveng-b9X2mBdh/lib/python3.9/site-packages/paramiko/transport.py", line 2211, in _check_banner
2022-10-09 21:00:07,843 p=86577 u=rob n=p=86577 u=rob | paramiko [dhcp-server] |     buf = self.packetizer.readline(timeout)
2022-10-09 21:00:07,843 p=86577 u=rob n=p=86577 u=rob | paramiko [dhcp-server] |   File "/Users/rob/.local/share/virtualenvs/vyos-eveng-b9X2mBdh/lib/python3.9/site-packages/paramiko/packet.py", line 380, in readline
2022-10-09 21:00:07,843 p=86577 u=rob n=p=86577 u=rob | paramiko [dhcp-server] |     buf += self._read_timeout(timeout)
2022-10-09 21:00:07,843 p=86577 u=rob n=p=86577 u=rob | paramiko [dhcp-server] |   File "/Users/rob/.local/share/virtualenvs/vyos-eveng-b9X2mBdh/lib/python3.9/site-packages/paramiko/packet.py", line 622, in _read_timeout
2022-10-09 21:00:07,843 p=86577 u=rob n=p=86577 u=rob | paramiko [dhcp-server] |     raise socket.timeout()
2022-10-09 21:00:07,843 p=86578 u=rob n=p=86578 u=rob | paramiko [transport] | Exception: Error reading SSH protocol banner
2022-10-09 21:00:07,843 p=86577 u=rob n=p=86577 u=rob | paramiko [dhcp-server] | socket.timeout
2022-10-09 21:00:07,844 p=86577 u=rob n=p=86577 u=rob | paramiko [dhcp-server] | 
2022-10-09 21:00:07,844 p=86577 u=rob n=p=86577 u=rob | paramiko [dhcp-server] | During handling of the above exception, another exception occurred:
2022-10-09 21:00:07,844 p=86578 u=rob n=p=86578 u=rob | paramiko [transport] | Traceback (most recent call last):
2022-10-09 21:00:07,844 p=86577 u=rob n=p=86577 u=rob | paramiko [dhcp-server] | 
2022-10-09 21:00:07,844 p=86578 u=rob n=p=86578 u=rob | paramiko [transport] |   File "/Users/rob/.local/share/virtualenvs/vyos-eveng-b9X2mBdh/lib/python3.9/site-packages/paramiko/transport.py", line 2211, in _check_banner
2022-10-09 21:00:07,844 p=86577 u=rob n=p=86577 u=rob | paramiko [dhcp-server] | Traceback (most recent call last):
2022-10-09 21:00:07,844 p=86578 u=rob n=p=86578 u=rob | paramiko [transport] |     buf = self.packetizer.readline(timeout)
2022-10-09 21:00:07,844 p=86577 u=rob n=p=86577 u=rob | paramiko [dhcp-server] |   File "/Users/rob/.local/share/virtualenvs/vyos-eveng-b9X2mBdh/lib/python3.9/site-packages/paramiko/transport.py", line 2039, in run
2022-10-09 21:00:07,844 p=86578 u=rob n=p=86578 u=rob | paramiko [transport] |   File "/Users/rob/.local/share/virtualenvs/vyos-eveng-b9X2mBdh/lib/python3.9/site-packages/paramiko/packet.py", line 380, in readline
2022-10-09 21:00:07,844 p=86577 u=rob n=p=86577 u=rob | paramiko [dhcp-server] |     self._check_banner()
2022-10-09 21:00:07,844 p=86578 u=rob n=p=86578 u=rob | paramiko [transport] |     buf += self._read_timeout(timeout)
2022-10-09 21:00:07,844 p=86577 u=rob n=p=86577 u=rob | paramiko [dhcp-server] |   File "/Users/rob/.local/share/virtualenvs/vyos-eveng-b9X2mBdh/lib/python3.9/site-packages/paramiko/transport.py", line 2215, in _check_banner
2022-10-09 21:00:07,844 p=86578 u=rob n=p=86578 u=rob | paramiko [transport] |   File "/Users/rob/.local/share/virtualenvs/vyos-eveng-b9X2mBdh/lib/python3.9/site-packages/paramiko/packet.py", line 622, in _read_timeout
2022-10-09 21:00:07,844 p=86577 u=rob n=p=86577 u=rob | paramiko [dhcp-server] |     raise SSHException(
2022-10-09 21:00:07,844 p=86578 u=rob n=p=86578 u=rob | paramiko [transport] |     raise socket.timeout()
2022-10-09 21:00:07,845 p=86577 u=rob n=p=86577 u=rob | paramiko [dhcp-server] | paramiko.ssh_exception.SSHException: Error reading SSH protocol banner
2022-10-09 21:00:07,845 p=86578 u=rob n=p=86578 u=rob | paramiko [transport] | socket.timeout
2022-10-09 21:00:07,845 p=86577 u=rob n=p=86577 u=rob | paramiko [dhcp-server] | 
2022-10-09 21:00:07,845 p=86578 u=rob n=p=86578 u=rob | paramiko [transport] | 
2022-10-09 21:00:07,845 p=86578 u=rob n=p=86578 u=rob | paramiko [transport] | During handling of the above exception, another exception occurred:
2022-10-09 21:00:07,845 p=86578 u=rob n=p=86578 u=rob | paramiko [transport] | 
2022-10-09 21:00:07,845 p=86578 u=rob n=p=86578 u=rob | paramiko [transport] | Traceback (most recent call last):
2022-10-09 21:00:07,845 p=86578 u=rob n=p=86578 u=rob | paramiko [transport] |   File "/Users/rob/.local/share/virtualenvs/vyos-eveng-b9X2mBdh/lib/python3.9/site-packages/paramiko/transport.py", line 2039, in run
2022-10-09 21:00:07,845 p=86578 u=rob n=p=86578 u=rob | paramiko [transport] |     self._check_banner()
2022-10-09 21:00:07,845 p=86578 u=rob n=p=86578 u=rob | paramiko [transport] |   File "/Users/rob/.local/share/virtualenvs/vyos-eveng-b9X2mBdh/lib/python3.9/site-packages/paramiko/transport.py", line 2215, in _check_banner
2022-10-09 21:00:07,846 p=86578 u=rob n=p=86578 u=rob | paramiko [transport] |     raise SSHException(
2022-10-09 21:00:07,846 p=86578 u=rob n=p=86578 u=rob | paramiko [transport] | paramiko.ssh_exception.SSHException: Error reading SSH protocol banner
2022-10-09 21:00:07,846 p=86578 u=rob n=p=86578 u=rob | paramiko [transport] | 
2022-10-09 21:00:09,565 p=86576 u=rob n=p=86576 u=rob | paramiko [dhcp-relay] | Connected (version 2.0, client OpenSSH_7.9p1)
2022-10-09 21:00:09,640 p=86577 u=rob n=p=86577 u=rob | paramiko [dhcp-server] | Connected (version 2.0, client OpenSSH_7.9p1)
2022-10-09 21:00:09,646 p=86578 u=rob n=p=86578 u=rob | paramiko [transport] | Connected (version 2.0, client OpenSSH_7.9p1)
2022-10-09 21:00:09,667 p=86576 u=rob n=p=86576 u=rob | paramiko [dhcp-relay] | Authentication (publickey) successful!
2022-10-09 21:00:09,699 p=86577 u=rob n=p=86577 u=rob | paramiko [dhcp-server] | Authentication (publickey) successful!
2022-10-09 21:00:09,704 p=86578 u=rob n=p=86578 u=rob | paramiko [transport] | Authentication (publickey) successful!
2022-10-09 21:00:10,600 p=85944 u=rob n=ansible | ok: [dhcp-relay]
2022-10-09 21:00:10,618 p=85944 u=rob n=ansible | ok: [transport]
2022-10-09 21:00:10,618 p=85944 u=rob n=ansible | ok: [dhcp-server]
2022-10-09 21:00:10,620 p=85944 u=rob n=ansible | TASK [eve-ng-lab-test : include DHCPRelay_through_GRE lab_config.yml] ******************************************************************************
2022-10-09 21:00:10,633 p=85944 u=rob n=ansible | skipping: [eveng]
2022-10-09 21:00:10,639 p=85944 u=rob n=ansible | skipping: [vyos-oobm]
2022-10-09 21:00:10,655 p=85944 u=rob n=ansible | included: /Users/rob/git/_vyos/vyos-eveng/labs/DHCPRelay_through_GRE/lab_config.yml for dhcp-relay, dhcp-server, transport
2022-10-09 21:00:10,686 p=85944 u=rob n=ansible | TASK [eve-ng-lab-test : setup nodes] ***************************************************************************************************************
2022-10-09 21:00:12,562 p=86258 u=rob n=p=86258 u=rob | paramiko [dhcp-relay] | Connected (version 2.0, client OpenSSH_7.9p1)
2022-10-09 21:00:12,589 p=86257 u=rob n=p=86257 u=rob | paramiko [dhcp-server] | Connected (version 2.0, client OpenSSH_7.9p1)
2022-10-09 21:00:12,590 p=86256 u=rob n=p=86256 u=rob | paramiko [transport] | Connected (version 2.0, client OpenSSH_7.9p1)
2022-10-09 21:00:12,654 p=86258 u=rob n=p=86258 u=rob | paramiko [dhcp-relay] | Authentication (publickey) successful!
2022-10-09 21:00:12,657 p=86257 u=rob n=p=86257 u=rob | paramiko [dhcp-server] | Authentication (publickey) successful!
2022-10-09 21:00:12,662 p=86256 u=rob n=p=86256 u=rob | paramiko [transport] | Authentication (publickey) successful!
2022-10-09 21:00:17,221 p=85944 u=rob n=ansible | [WARNING]: To ensure idempotency and correct diff the input configuration lines should be similar to how they appear if present in the running
configuration on device including the indentation

2022-10-09 21:00:17,222 p=85944 u=rob n=ansible | changed: [transport]
2022-10-09 21:00:19,682 p=85944 u=rob n=ansible | changed: [dhcp-relay]
2022-10-09 21:00:20,200 p=85944 u=rob n=ansible | changed: [dhcp-server]
2022-10-09 21:00:20,204 p=85944 u=rob n=ansible | TASK [eve-ng-lab-test : Login to EVE-NG and get Cookie] ********************************************************************************************
2022-10-09 21:00:20,228 p=85944 u=rob n=ansible | skipping: [vyos-oobm]
2022-10-09 21:00:20,234 p=85944 u=rob n=ansible | skipping: [dhcp-relay]
2022-10-09 21:00:20,261 p=85944 u=rob n=ansible | skipping: [dhcp-server]
2022-10-09 21:00:20,261 p=85944 u=rob n=ansible | skipping: [transport]
2022-10-09 21:00:21,399 p=85944 u=rob n=ansible | ok: [eveng]
2022-10-09 21:00:21,403 p=85944 u=rob n=ansible | TASK [eve-ng-lab-test : stop nodes id] *************************************************************************************************************
2022-10-09 21:00:22,375 p=85944 u=rob n=ansible | ok: [eveng] => (item=5)
2022-10-09 21:00:22,384 p=85944 u=rob n=ansible | TASK [eve-ng-lab-test : wait after stop] ***********************************************************************************************************
2022-10-09 21:00:22,399 p=86791 u=rob n=ansible | Pausing for 5 seconds
2022-10-09 21:00:22,400 p=86791 u=rob n=ansible | (ctrl+C then 'C' = continue early, ctrl+C then 'A' = abort)
2022-10-09 21:00:27,409 p=85944 u=rob n=ansible | ok: [eveng]
2022-10-09 21:00:27,419 p=85944 u=rob n=ansible | TASK [eve-ng-lab-test : start nodes id] ************************************************************************************************************
2022-10-09 21:00:28,203 p=85944 u=rob n=ansible | ok: [eveng] => (item=5)
2022-10-09 21:00:28,210 p=85944 u=rob n=ansible | TASK [eve-ng-lab-test : wait after start] **********************************************************************************************************
2022-10-09 21:00:28,226 p=86811 u=rob n=ansible | Pausing for 5 seconds
2022-10-09 21:00:28,226 p=86811 u=rob n=ansible | (ctrl+C then 'C' = continue early, ctrl+C then 'A' = abort)
2022-10-09 21:00:33,236 p=85944 u=rob n=ansible | ok: [eveng]
2022-10-09 21:00:33,246 p=85944 u=rob n=ansible | TASK [eve-ng-lab-test : wait, b/c the ping often failed without a short break] *********************************************************************
2022-10-09 21:00:33,262 p=86813 u=rob n=ansible | Pausing for 30 seconds
2022-10-09 21:00:33,263 p=86813 u=rob n=ansible | (ctrl+C then 'C' = continue early, ctrl+C then 'A' = abort)
2022-10-09 21:01:03,267 p=85944 u=rob n=ansible | ok: [eveng]
2022-10-09 21:01:03,275 p=85944 u=rob n=ansible | TASK [eve-ng-lab-test : do ping test] **************************************************************************************************************
2022-10-09 21:01:03,308 p=85944 u=rob n=ansible | skipping: [eveng]
2022-10-09 21:01:03,318 p=85944 u=rob n=ansible | skipping: [vyos-oobm]
2022-10-09 21:01:03,338 p=85944 u=rob n=ansible | skipping: [transport]
2022-10-09 21:01:08,620 p=85944 u=rob n=ansible | ok: [dhcp-server] => (item=172.16.0.2)
2022-10-09 21:01:08,638 p=85944 u=rob n=ansible | ok: [dhcp-relay] => (item=172.16.0.1)
2022-10-09 21:01:12,950 p=85944 u=rob n=ansible | ok: [dhcp-server] => (item=192.168.0.30)
2022-10-09 21:01:12,955 p=85944 u=rob n=ansible | TASK [eve-ng-lab-test : execute test commands] *****************************************************************************************************
2022-10-09 21:01:12,980 p=85944 u=rob n=ansible | skipping: [eveng]
2022-10-09 21:01:12,987 p=85944 u=rob n=ansible | skipping: [vyos-oobm]
2022-10-09 21:01:12,987 p=85944 u=rob n=ansible | skipping: [dhcp-relay]
2022-10-09 21:01:12,990 p=85944 u=rob n=ansible | skipping: [dhcp-server]
2022-10-09 21:01:12,996 p=85944 u=rob n=ansible | skipping: [transport]
2022-10-09 21:01:12,998 p=85944 u=rob n=ansible | TASK [eve-ng-lab-test : register stdout commands] **************************************************************************************************
2022-10-09 21:01:13,016 p=85944 u=rob n=ansible | skipping: [eveng]
2022-10-09 21:01:13,022 p=85944 u=rob n=ansible | skipping: [vyos-oobm]
2022-10-09 21:01:13,024 p=85944 u=rob n=ansible | skipping: [dhcp-relay]
2022-10-09 21:01:13,030 p=85944 u=rob n=ansible | skipping: [transport]
2022-10-09 21:01:14,434 p=85944 u=rob n=ansible | ok: [dhcp-server] => (item={'name': 'show_dhcp_server_leases', 'command': 'show dhcp server leases'})
2022-10-09 21:01:17,785 p=85944 u=rob n=ansible | ok: [dhcp-server] => (item={'name': 'ping_client', 'command': 'ping 192.168.0.30 count 4'})
2022-10-09 21:01:17,790 p=85944 u=rob n=ansible | TASK [eve-ng-lab-test : Set variables] *************************************************************************************************************
2022-10-09 21:01:17,814 p=85944 u=rob n=ansible | skipping: [eveng]
2022-10-09 21:01:17,820 p=85944 u=rob n=ansible | skipping: [vyos-oobm]
2022-10-09 21:01:17,820 p=85944 u=rob n=ansible | skipping: [dhcp-relay]
2022-10-09 21:01:17,828 p=85944 u=rob n=ansible | skipping: [transport]
2022-10-09 21:01:18,647 p=85944 u=rob n=ansible | ok: [dhcp-server]
2022-10-09 21:01:18,658 p=85944 u=rob n=ansible | TASK [eve-ng-lab-test : Reboot vyos] ***************************************************************************************************************
2022-10-09 21:01:18,685 p=85944 u=rob n=ansible | skipping: [eveng]
2022-10-09 21:01:18,693 p=85944 u=rob n=ansible | skipping: [vyos-oobm]
2022-10-09 21:01:19,969 p=85944 u=rob n=ansible | ok: [dhcp-server]
2022-10-09 21:01:19,969 p=85944 u=rob n=ansible | ok: [dhcp-relay]
2022-10-09 21:01:19,973 p=85944 u=rob n=ansible | ok: [transport]
2022-10-09 21:01:19,976 p=85944 u=rob n=ansible | TASK [eve-ng-lab-test : wait while shutdown] *******************************************************************************************************
2022-10-09 21:01:19,985 p=85944 u=rob n=ansible | skipping: [eveng]
2022-10-09 21:01:19,987 p=85944 u=rob n=ansible | TASK [eve-ng-lab-test : Wait for vyos nodes] *******************************************************************************************************
2022-10-09 21:01:20,001 p=85944 u=rob n=ansible | skipping: [eveng]
2022-10-09 21:01:20,006 p=85944 u=rob n=ansible | skipping: [vyos-oobm]
2022-10-09 21:01:21,620 p=86994 u=rob n=p=86994 u=rob | paramiko [dhcp-server] | Connected (version 2.0, client OpenSSH_7.9p1)
2022-10-09 21:01:21,682 p=86995 u=rob n=p=86995 u=rob | paramiko [transport] | Connected (version 2.0, client OpenSSH_7.9p1)
2022-10-09 21:01:21,683 p=86993 u=rob n=p=86993 u=rob | paramiko [dhcp-relay] | Connected (version 2.0, client OpenSSH_7.9p1)
2022-10-09 21:01:21,719 p=86994 u=rob n=p=86994 u=rob | paramiko [dhcp-server] | Auth banner: b'System is going down. Unprivileged users are not permitted to log in anymore. For technical details, see pam_nologin(8).\n\n'
2022-10-09 21:01:21,750 p=86995 u=rob n=p=86995 u=rob | paramiko [transport] | Auth banner: b'System is going down. Unprivileged users are not permitted to log in anymore. For technical details, see pam_nologin(8).\n\n'
2022-10-09 21:01:21,753 p=86993 u=rob n=p=86993 u=rob | paramiko [dhcp-relay] | Auth banner: b'System is going down. Unprivileged users are not permitted to log in anymore. For technical details, see pam_nologin(8).\n\n'
2022-10-09 21:03:20,222 p=86258 u=rob n=ansible | persistent connection idle timeout triggered, timeout value is 120 secs.
See the timeout setting options in the Network Debug and Troubleshooting Guide.
2022-10-09 21:03:20,226 p=86257 u=rob n=ansible | persistent connection idle timeout triggered, timeout value is 120 secs.
See the timeout setting options in the Network Debug and Troubleshooting Guide.
2022-10-09 21:03:20,232 p=86256 u=rob n=ansible | persistent connection idle timeout triggered, timeout value is 120 secs.
See the timeout setting options in the Network Debug and Troubleshooting Guide.
2022-10-09 21:03:20,328 p=86257 u=rob n=ansible | shutdown complete
2022-10-09 21:03:20,328 p=86258 u=rob n=ansible | shutdown complete
2022-10-09 21:03:20,336 p=86256 u=rob n=ansible | shutdown complete
2022-10-09 21:03:23,412 p=86994 u=rob n=p=86994 u=rob | paramiko [dhcp-server] | Connected (version 2.0, client OpenSSH_7.9p1)
2022-10-09 21:03:23,412 p=86995 u=rob n=p=86995 u=rob | paramiko [transport] | Connected (version 2.0, client OpenSSH_7.9p1)
2022-10-09 21:03:23,412 p=86993 u=rob n=p=86993 u=rob | paramiko [dhcp-relay] | Connected (version 2.0, client OpenSSH_7.9p1)
2022-10-09 21:03:23,483 p=86994 u=rob n=p=86994 u=rob | paramiko [dhcp-server] | Authentication (publickey) successful!
2022-10-09 21:03:23,492 p=86995 u=rob n=p=86995 u=rob | paramiko [transport] | Authentication (publickey) successful!
2022-10-09 21:03:23,496 p=86993 u=rob n=p=86993 u=rob | paramiko [dhcp-relay] | Authentication (publickey) successful!
2022-10-09 21:03:24,737 p=85944 u=rob n=ansible | ok: [transport]
2022-10-09 21:03:24,741 p=85944 u=rob n=ansible | ok: [dhcp-relay]
2022-10-09 21:03:24,743 p=85944 u=rob n=ansible | ok: [dhcp-server]
2022-10-09 21:03:24,744 p=85944 u=rob n=ansible | TASK [eve-ng-lab-test : Login to EVE-NG and get Cookie] ********************************************************************************************
2022-10-09 21:03:24,764 p=85944 u=rob n=ansible | skipping: [vyos-oobm]
2022-10-09 21:03:24,770 p=85944 u=rob n=ansible | skipping: [dhcp-relay]
2022-10-09 21:03:24,772 p=85944 u=rob n=ansible | skipping: [dhcp-server]
2022-10-09 21:03:24,775 p=85944 u=rob n=ansible | skipping: [transport]
2022-10-09 21:03:25,990 p=85944 u=rob n=ansible | ok: [eveng]
2022-10-09 21:03:25,996 p=85944 u=rob n=ansible | TASK [eve-ng-lab-test : stop nodes id] *************************************************************************************************************
2022-10-09 21:03:26,944 p=85944 u=rob n=ansible | ok: [eveng] => (item=5)
2022-10-09 21:03:26,951 p=85944 u=rob n=ansible | TASK [eve-ng-lab-test : wait after stop] ***********************************************************************************************************
2022-10-09 21:03:26,965 p=87152 u=rob n=ansible | Pausing for 5 seconds
2022-10-09 21:03:26,965 p=87152 u=rob n=ansible | (ctrl+C then 'C' = continue early, ctrl+C then 'A' = abort)
2022-10-09 21:03:31,973 p=85944 u=rob n=ansible | ok: [eveng]
2022-10-09 21:03:31,979 p=85944 u=rob n=ansible | TASK [eve-ng-lab-test : start nodes id] ************************************************************************************************************
2022-10-09 21:03:32,750 p=85944 u=rob n=ansible | ok: [eveng] => (item=5)
2022-10-09 21:03:32,757 p=85944 u=rob n=ansible | TASK [eve-ng-lab-test : wait after start] **********************************************************************************************************
2022-10-09 21:03:32,772 p=87173 u=rob n=ansible | Pausing for 5 seconds
2022-10-09 21:03:32,772 p=87173 u=rob n=ansible | (ctrl+C then 'C' = continue early, ctrl+C then 'A' = abort)
2022-10-09 21:03:37,780 p=85944 u=rob n=ansible | ok: [eveng]
2022-10-09 21:03:37,786 p=85944 u=rob n=ansible | TASK [eve-ng-lab-test : wait, b/c the ping often failed without a short break] *********************************************************************
2022-10-09 21:03:37,799 p=87185 u=rob n=ansible | Pausing for 30 seconds
2022-10-09 21:03:37,800 p=87185 u=rob n=ansible | (ctrl+C then 'C' = continue early, ctrl+C then 'A' = abort)
2022-10-09 21:04:07,808 p=85944 u=rob n=ansible | ok: [eveng]
2022-10-09 21:04:07,814 p=85944 u=rob n=ansible | TASK [eve-ng-lab-test : do ping test] **************************************************************************************************************
2022-10-09 21:04:07,846 p=85944 u=rob n=ansible | skipping: [eveng]
2022-10-09 21:04:07,854 p=85944 u=rob n=ansible | skipping: [vyos-oobm]
2022-10-09 21:04:07,865 p=85944 u=rob n=ansible | skipping: [transport]
2022-10-09 21:04:08,723 p=87192 u=rob n=ansible | network_os is set to vyos
2022-10-09 21:04:08,736 p=87193 u=rob n=ansible | network_os is set to vyos
2022-10-09 21:04:09,727 p=87202 u=rob n=p=87202 u=rob | paramiko [dhcp-server] | Connected (version 2.0, client OpenSSH_7.9p1)
2022-10-09 21:04:09,727 p=87199 u=rob n=p=87199 u=rob | paramiko [dhcp-relay] | Connected (version 2.0, client OpenSSH_7.9p1)
2022-10-09 21:04:09,805 p=87199 u=rob n=p=87199 u=rob | paramiko [dhcp-relay] | Authentication (publickey) successful!
2022-10-09 21:04:09,806 p=87202 u=rob n=p=87202 u=rob | paramiko [dhcp-server] | Authentication (publickey) successful!
2022-10-09 21:04:15,596 p=85944 u=rob n=ansible | ok: [dhcp-server] => (item=172.16.0.2)
2022-10-09 21:04:15,623 p=85944 u=rob n=ansible | ok: [dhcp-relay] => (item=172.16.0.1)
2022-10-09 21:04:20,768 p=85944 u=rob n=ansible | ok: [dhcp-server] => (item=192.168.0.30)
2022-10-09 21:04:20,785 p=85944 u=rob n=ansible | TASK [eve-ng-lab-test : execute test commands] *****************************************************************************************************
2022-10-09 21:04:20,822 p=85944 u=rob n=ansible | skipping: [eveng]
2022-10-09 21:04:20,829 p=85944 u=rob n=ansible | skipping: [vyos-oobm]
2022-10-09 21:04:20,829 p=85944 u=rob n=ansible | skipping: [dhcp-relay]
2022-10-09 21:04:20,831 p=85944 u=rob n=ansible | skipping: [dhcp-server]
2022-10-09 21:04:20,836 p=85944 u=rob n=ansible | skipping: [transport]
2022-10-09 21:04:20,839 p=85944 u=rob n=ansible | TASK [eve-ng-lab-test : register stdout commands] **************************************************************************************************
2022-10-09 21:04:20,859 p=85944 u=rob n=ansible | skipping: [eveng]
2022-10-09 21:04:20,864 p=85944 u=rob n=ansible | skipping: [vyos-oobm]
2022-10-09 21:04:20,865 p=85944 u=rob n=ansible | skipping: [dhcp-relay]
2022-10-09 21:04:20,871 p=85944 u=rob n=ansible | skipping: [dhcp-server] => (item={'name': 'show_dhcp_server_leases', 'command': 'show dhcp server leases'}) 
2022-10-09 21:04:20,872 p=85944 u=rob n=ansible | skipping: [dhcp-server] => (item={'name': 'ping_client', 'command': 'ping 192.168.0.30 count 4'}) 
2022-10-09 21:04:20,873 p=85944 u=rob n=ansible | skipping: [transport]
2022-10-09 21:04:20,876 p=85944 u=rob n=ansible | TASK [eve-ng-lab-test : Set variables] *************************************************************************************************************
2022-10-09 21:04:20,894 p=85944 u=rob n=ansible | skipping: [eveng]
2022-10-09 21:04:20,901 p=85944 u=rob n=ansible | skipping: [vyos-oobm]
2022-10-09 21:04:20,901 p=85944 u=rob n=ansible | skipping: [dhcp-relay]
2022-10-09 21:04:20,903 p=85944 u=rob n=ansible | skipping: [dhcp-server]
2022-10-09 21:04:20,908 p=85944 u=rob n=ansible | skipping: [transport]
2022-10-09 21:04:20,912 p=85944 u=rob n=ansible | TASK [eve-ng-lab-test : make sure tmp dir exist] ***************************************************************************************************
2022-10-09 21:04:20,934 p=85944 u=rob n=ansible | skipping: [vyos-oobm]
2022-10-09 21:04:20,942 p=85944 u=rob n=ansible | skipping: [dhcp-relay]
2022-10-09 21:04:20,944 p=85944 u=rob n=ansible | skipping: [dhcp-server]
2022-10-09 21:04:20,949 p=85944 u=rob n=ansible | skipping: [transport]
2022-10-09 21:04:21,112 p=85944 u=rob n=ansible | ok: [eveng -> localhost]
2022-10-09 21:04:21,116 p=85944 u=rob n=ansible | TASK [eve-ng-lab-test : register status of tmp/vyos-1.4-rolling-202210050218-amd64.iso] ************************************************************
2022-10-09 21:04:21,134 p=85944 u=rob n=ansible | skipping: [vyos-oobm]
2022-10-09 21:04:21,141 p=85944 u=rob n=ansible | skipping: [dhcp-relay]
2022-10-09 21:04:21,142 p=85944 u=rob n=ansible | skipping: [dhcp-server]
2022-10-09 21:04:21,147 p=85944 u=rob n=ansible | skipping: [transport]
2022-10-09 21:04:21,413 p=85944 u=rob n=ansible | ok: [eveng]
2022-10-09 21:04:21,418 p=85944 u=rob n=ansible | TASK [eve-ng-lab-test : Download upgrade_iso] ******************************************************************************************************
2022-10-09 21:04:21,445 p=85944 u=rob n=ansible | skipping: [vyos-oobm]
2022-10-09 21:04:21,454 p=85944 u=rob n=ansible | skipping: [dhcp-relay]
2022-10-09 21:04:21,455 p=85944 u=rob n=ansible | skipping: [dhcp-server]
2022-10-09 21:04:21,460 p=85944 u=rob n=ansible | skipping: [transport]
2022-10-09 21:04:23,089 p=85944 u=rob n=ansible | ok: [eveng -> localhost]
2022-10-09 21:04:23,095 p=85944 u=rob n=ansible | TASK [eve-ng-lab-test : Copy iso to host] **********************************************************************************************************
2022-10-09 21:04:23,110 p=85944 u=rob n=ansible | skipping: [eveng]
2022-10-09 21:04:23,117 p=85944 u=rob n=ansible | skipping: [vyos-oobm]
2022-10-09 21:04:23,996 p=87345 u=rob n=ansible | network_os is set to vyos
2022-10-09 21:04:24,712 p=87202 u=rob n=p=87202 u=rob | paramiko [dhcp-server] | Connected (version 2.0, client OpenSSH_7.9p1)
2022-10-09 21:04:24,795 p=87202 u=rob n=p=87202 u=rob | paramiko [dhcp-server] | Authentication (publickey) successful!
2022-10-09 21:04:24,795 p=87199 u=rob n=p=87199 u=rob | paramiko [dhcp-relay] | Connected (version 2.0, client OpenSSH_7.9p1)
2022-10-09 21:04:24,806 p=87351 u=rob n=paramiko.transport | Connected (version 2.0, client OpenSSH_7.9p1)
2022-10-09 21:04:24,855 p=87199 u=rob n=p=87199 u=rob | paramiko [dhcp-relay] | Authentication (publickey) successful!
2022-10-09 21:04:24,866 p=87351 u=rob n=paramiko.transport | Authentication (publickey) successful!
2022-10-09 21:04:25,614 p=87202 u=rob n=p=87202 u=rob | paramiko [dhcp-server] | Connected (version 2.0, client OpenSSH_7.9p1)
2022-10-09 21:04:25,700 p=87202 u=rob n=p=87202 u=rob | paramiko [dhcp-server] | Authentication (publickey) successful!
2022-10-09 21:04:25,796 p=87199 u=rob n=p=87199 u=rob | paramiko [dhcp-relay] | Connected (version 2.0, client OpenSSH_7.9p1)
2022-10-09 21:04:25,856 p=87351 u=rob n=paramiko.transport | Connected (version 2.0, client OpenSSH_7.9p1)
2022-10-09 21:04:25,876 p=87199 u=rob n=p=87199 u=rob | paramiko [dhcp-relay] | Authentication (publickey) successful!
2022-10-09 21:04:25,917 p=87351 u=rob n=paramiko.transport | Authentication (publickey) successful!
2022-10-09 21:04:59,945 p=85944 u=rob n=ansible | changed: [dhcp-server]
2022-10-09 21:05:00,676 p=85944 u=rob n=ansible | changed: [transport]
2022-10-09 21:05:00,711 p=85944 u=rob n=ansible | changed: [dhcp-relay]
2022-10-09 21:05:00,714 p=85944 u=rob n=ansible | TASK [eve-ng-lab-test : upgrade vyos] **************************************************************************************************************
2022-10-09 21:05:00,729 p=85944 u=rob n=ansible | skipping: [eveng]
2022-10-09 21:05:00,736 p=85944 u=rob n=ansible | skipping: [vyos-oobm]
2022-10-09 21:05:02,466 p=87351 u=rob n=p=87351 u=rob | paramiko [transport] | Connected (version 2.0, client OpenSSH_7.9p1)
2022-10-09 21:05:02,579 p=87351 u=rob n=p=87351 u=rob | paramiko [transport] | Authentication (publickey) successful!
2022-10-09 21:05:12,890 p=85944 u=rob n=ansible | ok: [dhcp-server]
2022-10-09 21:05:13,020 p=85944 u=rob n=ansible | ok: [dhcp-relay]
2022-10-09 21:05:14,996 p=85944 u=rob n=ansible | ok: [transport]
2022-10-09 21:05:15,000 p=85944 u=rob n=ansible | TASK [eve-ng-lab-test : Reboot vyos] ***************************************************************************************************************
2022-10-09 21:05:15,015 p=85944 u=rob n=ansible | skipping: [eveng]
2022-10-09 21:05:15,023 p=85944 u=rob n=ansible | skipping: [vyos-oobm]
2022-10-09 21:05:16,541 p=85944 u=rob n=ansible | ok: [transport]
2022-10-09 21:05:16,576 p=85944 u=rob n=ansible | ok: [dhcp-server]
2022-10-09 21:05:16,596 p=85944 u=rob n=ansible | ok: [dhcp-relay]
2022-10-09 21:05:16,598 p=85944 u=rob n=ansible | TASK [eve-ng-lab-test : wait while shutdown] *******************************************************************************************************
2022-10-09 21:05:16,606 p=85944 u=rob n=ansible | skipping: [eveng]
2022-10-09 21:05:16,609 p=85944 u=rob n=ansible | TASK [eve-ng-lab-test : Wait for vyos nodes] *******************************************************************************************************
2022-10-09 21:05:16,621 p=85944 u=rob n=ansible | skipping: [eveng]
2022-10-09 21:05:16,627 p=85944 u=rob n=ansible | skipping: [vyos-oobm]
2022-10-09 21:05:18,515 p=87491 u=rob n=p=87491 u=rob | paramiko [dhcp-relay] | Connected (version 2.0, client OpenSSH_7.9p1)
2022-10-09 21:05:18,544 p=87493 u=rob n=p=87493 u=rob | paramiko [transport] | Connected (version 2.0, client OpenSSH_7.9p1)
2022-10-09 21:05:18,555 p=87492 u=rob n=p=87492 u=rob | paramiko [dhcp-server] | Connected (version 2.0, client OpenSSH_7.9p1)
2022-10-09 21:05:18,629 p=87491 u=rob n=p=87491 u=rob | paramiko [dhcp-relay] | Auth banner: b'System is going down. Unprivileged users are not permitted to log in anymore. For technical details, see pam_nologin(8).\n\n'
2022-10-09 21:05:18,638 p=87493 u=rob n=p=87493 u=rob | paramiko [transport] | Auth banner: b'System is going down. Unprivileged users are not permitted to log in anymore. For technical details, see pam_nologin(8).\n\n'
2022-10-09 21:05:18,661 p=87492 u=rob n=p=87492 u=rob | paramiko [dhcp-server] | Auth banner: b'System is going down. Unprivileged users are not permitted to log in anymore. For technical details, see pam_nologin(8).\n\n'
2022-10-09 21:07:16,846 p=87199 u=rob n=ansible | persistent connection idle timeout triggered, timeout value is 120 secs.
See the timeout setting options in the Network Debug and Troubleshooting Guide.
2022-10-09 21:07:16,851 p=87202 u=rob n=ansible | persistent connection idle timeout triggered, timeout value is 120 secs.
See the timeout setting options in the Network Debug and Troubleshooting Guide.
2022-10-09 21:07:16,856 p=87351 u=rob n=ansible | persistent connection idle timeout triggered, timeout value is 120 secs.
See the timeout setting options in the Network Debug and Troubleshooting Guide.
2022-10-09 21:07:16,948 p=87199 u=rob n=ansible | shutdown complete
2022-10-09 21:07:16,954 p=87202 u=rob n=ansible | shutdown complete
2022-10-09 21:07:16,959 p=87351 u=rob n=ansible | shutdown complete
2022-10-09 21:07:20,378 p=87492 u=rob n=p=87492 u=rob | paramiko [dhcp-server] | Connected (version 2.0, client OpenSSH_8.4p1)
2022-10-09 21:07:20,380 p=87493 u=rob n=p=87493 u=rob | paramiko [transport] | Connected (version 2.0, client OpenSSH_8.4p1)
2022-10-09 21:07:20,380 p=87491 u=rob n=p=87491 u=rob | paramiko [dhcp-relay] | Connected (version 2.0, client OpenSSH_8.4p1)
2022-10-09 21:07:20,446 p=87492 u=rob n=p=87492 u=rob | paramiko [dhcp-server] | Authentication (publickey) successful!
2022-10-09 21:07:20,459 p=87493 u=rob n=p=87493 u=rob | paramiko [transport] | Authentication (publickey) successful!
2022-10-09 21:07:20,460 p=87491 u=rob n=p=87491 u=rob | paramiko [dhcp-relay] | Authentication (publickey) successful!
2022-10-09 21:07:21,686 p=85944 u=rob n=ansible | ok: [dhcp-server]
2022-10-09 21:07:21,695 p=85944 u=rob n=ansible | ok: [transport]
2022-10-09 21:07:21,719 p=85944 u=rob n=ansible | ok: [dhcp-relay]
2022-10-09 21:07:21,722 p=85944 u=rob n=ansible | TASK [eve-ng-lab-test : clear tmp dir] *************************************************************************************************************
2022-10-09 21:07:21,731 p=85944 u=rob n=ansible | skipping: [eveng]
2022-10-09 21:07:21,733 p=85944 u=rob n=ansible | TASK [eve-ng-lab-test : Login to EVE-NG and get Cookie] ********************************************************************************************
2022-10-09 21:07:21,751 p=85944 u=rob n=ansible | skipping: [vyos-oobm]
2022-10-09 21:07:21,758 p=85944 u=rob n=ansible | skipping: [dhcp-relay]
2022-10-09 21:07:21,759 p=85944 u=rob n=ansible | skipping: [dhcp-server]
2022-10-09 21:07:21,763 p=85944 u=rob n=ansible | skipping: [transport]
2022-10-09 21:07:22,981 p=85944 u=rob n=ansible | ok: [eveng]
2022-10-09 21:07:22,986 p=85944 u=rob n=ansible | TASK [eve-ng-lab-test : stop nodes id] *************************************************************************************************************
2022-10-09 21:07:23,914 p=85944 u=rob n=ansible | ok: [eveng] => (item=5)
2022-10-09 21:07:23,920 p=85944 u=rob n=ansible | TASK [eve-ng-lab-test : wait after stop] ***********************************************************************************************************
2022-10-09 21:07:23,935 p=87631 u=rob n=ansible | Pausing for 5 seconds
2022-10-09 21:07:23,935 p=87631 u=rob n=ansible | (ctrl+C then 'C' = continue early, ctrl+C then 'A' = abort)
2022-10-09 21:07:28,942 p=85944 u=rob n=ansible | ok: [eveng]
2022-10-09 21:07:28,948 p=85944 u=rob n=ansible | TASK [eve-ng-lab-test : start nodes id] ************************************************************************************************************
2022-10-09 21:07:29,748 p=85944 u=rob n=ansible | ok: [eveng] => (item=5)
2022-10-09 21:07:29,755 p=85944 u=rob n=ansible | TASK [eve-ng-lab-test : wait after start] **********************************************************************************************************
2022-10-09 21:07:29,771 p=87658 u=rob n=ansible | Pausing for 5 seconds
2022-10-09 21:07:29,771 p=87658 u=rob n=ansible | (ctrl+C then 'C' = continue early, ctrl+C then 'A' = abort)
2022-10-09 21:07:34,778 p=85944 u=rob n=ansible | ok: [eveng]
2022-10-09 21:07:34,785 p=85944 u=rob n=ansible | TASK [eve-ng-lab-test : wait, b/c the ping often failed without a short break] *********************************************************************
2022-10-09 21:07:34,802 p=87671 u=rob n=ansible | Pausing for 30 seconds
2022-10-09 21:07:34,803 p=87671 u=rob n=ansible | (ctrl+C then 'C' = continue early, ctrl+C then 'A' = abort)
2022-10-09 21:08:04,810 p=85944 u=rob n=ansible | ok: [eveng]
2022-10-09 21:08:04,817 p=85944 u=rob n=ansible | TASK [eve-ng-lab-test : do ping test] **************************************************************************************************************
2022-10-09 21:08:04,847 p=85944 u=rob n=ansible | skipping: [eveng]
2022-10-09 21:08:04,855 p=85944 u=rob n=ansible | skipping: [vyos-oobm]
2022-10-09 21:08:04,866 p=85944 u=rob n=ansible | skipping: [transport]
2022-10-09 21:08:05,748 p=87681 u=rob n=ansible | network_os is set to vyos
2022-10-09 21:08:05,748 p=87682 u=rob n=ansible | network_os is set to vyos
2022-10-09 21:08:06,607 p=87690 u=rob n=p=87690 u=rob | paramiko [dhcp-server] | Connected (version 2.0, client OpenSSH_8.4p1)
2022-10-09 21:08:06,611 p=87691 u=rob n=p=87691 u=rob | paramiko [dhcp-relay] | Connected (version 2.0, client OpenSSH_8.4p1)
2022-10-09 21:08:06,687 p=87690 u=rob n=p=87690 u=rob | paramiko [dhcp-server] | Authentication (publickey) successful!
2022-10-09 21:08:06,689 p=87691 u=rob n=p=87691 u=rob | paramiko [dhcp-relay] | Authentication (publickey) successful!
2022-10-09 21:08:12,437 p=85944 u=rob n=ansible | ok: [dhcp-relay] => (item=172.16.0.1)
2022-10-09 21:08:12,507 p=85944 u=rob n=ansible | ok: [dhcp-server] => (item=172.16.0.2)
2022-10-09 21:08:17,673 p=85944 u=rob n=ansible | ok: [dhcp-server] => (item=192.168.0.30)
2022-10-09 21:08:17,677 p=85944 u=rob n=ansible | TASK [eve-ng-lab-test : execute test commands] *****************************************************************************************************
2022-10-09 21:08:17,700 p=85944 u=rob n=ansible | skipping: [eveng]
2022-10-09 21:08:17,706 p=85944 u=rob n=ansible | skipping: [vyos-oobm]
2022-10-09 21:08:17,707 p=85944 u=rob n=ansible | skipping: [dhcp-relay]
2022-10-09 21:08:17,709 p=85944 u=rob n=ansible | skipping: [dhcp-server]
2022-10-09 21:08:17,715 p=85944 u=rob n=ansible | skipping: [transport]
2022-10-09 21:08:17,718 p=85944 u=rob n=ansible | TASK [eve-ng-lab-test : register stdout commands] **************************************************************************************************
2022-10-09 21:08:17,736 p=85944 u=rob n=ansible | skipping: [eveng]
2022-10-09 21:08:17,743 p=85944 u=rob n=ansible | skipping: [vyos-oobm]
2022-10-09 21:08:17,744 p=85944 u=rob n=ansible | skipping: [dhcp-relay]
2022-10-09 21:08:17,751 p=85944 u=rob n=ansible | skipping: [dhcp-server] => (item={'name': 'show_dhcp_server_leases', 'command': 'show dhcp server leases'}) 
2022-10-09 21:08:17,751 p=85944 u=rob n=ansible | skipping: [dhcp-server] => (item={'name': 'ping_client', 'command': 'ping 192.168.0.30 count 4'}) 
2022-10-09 21:08:17,752 p=85944 u=rob n=ansible | skipping: [transport]
2022-10-09 21:08:17,754 p=85944 u=rob n=ansible | TASK [eve-ng-lab-test : Set variables] *************************************************************************************************************
2022-10-09 21:08:17,771 p=85944 u=rob n=ansible | skipping: [eveng]
2022-10-09 21:08:17,777 p=85944 u=rob n=ansible | skipping: [vyos-oobm]
2022-10-09 21:08:17,778 p=85944 u=rob n=ansible | skipping: [dhcp-relay]
2022-10-09 21:08:17,779 p=85944 u=rob n=ansible | skipping: [dhcp-server]
2022-10-09 21:08:17,786 p=85944 u=rob n=ansible | skipping: [transport]
2022-10-09 21:08:17,789 p=85944 u=rob n=ansible | TASK [eve-ng-lab-test : make sure output dir exist] ************************************************************************************************
2022-10-09 21:08:17,809 p=85944 u=rob n=ansible | skipping: [vyos-oobm]
2022-10-09 21:08:17,817 p=85944 u=rob n=ansible | skipping: [dhcp-relay]
2022-10-09 21:08:17,817 p=85944 u=rob n=ansible | skipping: [dhcp-server]
2022-10-09 21:08:17,821 p=85944 u=rob n=ansible | skipping: [transport]
2022-10-09 21:08:17,922 p=85944 u=rob n=ansible | ok: [eveng -> localhost]
2022-10-09 21:08:17,925 p=85944 u=rob n=ansible | TASK [eve-ng-lab-test : make sure output include dir exist] ****************************************************************************************
2022-10-09 21:08:17,946 p=85944 u=rob n=ansible | skipping: [vyos-oobm]
2022-10-09 21:08:17,953 p=85944 u=rob n=ansible | skipping: [dhcp-relay]
2022-10-09 21:08:17,954 p=85944 u=rob n=ansible | skipping: [dhcp-server]
2022-10-09 21:08:17,958 p=85944 u=rob n=ansible | skipping: [transport]
2022-10-09 21:08:18,057 p=85944 u=rob n=ansible | ok: [eveng -> localhost]
2022-10-09 21:08:18,059 p=85944 u=rob n=ansible | TASK [eve-ng-lab-test : Get timestamp from the system] *********************************************************************************************
2022-10-09 21:08:18,077 p=85944 u=rob n=ansible | skipping: [vyos-oobm]
2022-10-09 21:08:18,083 p=85944 u=rob n=ansible | skipping: [dhcp-relay]
2022-10-09 21:08:18,084 p=85944 u=rob n=ansible | skipping: [dhcp-server]
2022-10-09 21:08:18,089 p=85944 u=rob n=ansible | skipping: [transport]
2022-10-09 21:08:18,395 p=85944 u=rob n=ansible | changed: [eveng]
2022-10-09 21:08:18,398 p=85944 u=rob n=ansible | TASK [eve-ng-lab-test : Set variables] *************************************************************************************************************
2022-10-09 21:08:18,421 p=85944 u=rob n=ansible | ok: [eveng]
2022-10-09 21:08:18,427 p=85944 u=rob n=ansible | skipping: [vyos-oobm]
2022-10-09 21:08:18,428 p=85944 u=rob n=ansible | skipping: [dhcp-relay]
2022-10-09 21:08:18,428 p=85944 u=rob n=ansible | skipping: [dhcp-server]
2022-10-09 21:08:18,432 p=85944 u=rob n=ansible | skipping: [transport]
2022-10-09 21:08:18,436 p=85944 u=rob n=ansible | TASK [eve-ng-lab-test : generate lab rst file] *****************************************************************************************************
2022-10-09 21:08:18,456 p=85944 u=rob n=ansible | skipping: [vyos-oobm]
2022-10-09 21:08:18,464 p=85944 u=rob n=ansible | skipping: [dhcp-relay]
2022-10-09 21:08:18,465 p=85944 u=rob n=ansible | skipping: [dhcp-server]
2022-10-09 21:08:18,469 p=85944 u=rob n=ansible | skipping: [transport]
2022-10-09 21:08:18,688 p=85944 u=rob n=ansible | changed: [eveng -> localhost]
2022-10-09 21:08:18,691 p=85944 u=rob n=ansible | TASK [eve-ng-lab-test : find all *.conf files in Lab] **********************************************************************************************
2022-10-09 21:08:18,711 p=85944 u=rob n=ansible | skipping: [vyos-oobm]
2022-10-09 21:08:18,718 p=85944 u=rob n=ansible | skipping: [dhcp-relay]
2022-10-09 21:08:18,719 p=85944 u=rob n=ansible | skipping: [dhcp-server]
2022-10-09 21:08:18,723 p=85944 u=rob n=ansible | skipping: [transport]
2022-10-09 21:08:18,868 p=85944 u=rob n=ansible | ok: [eveng -> localhost]
2022-10-09 21:08:18,877 p=85944 u=rob n=ansible | TASK [eve-ng-lab-test : copy all *.conf files] *****************************************************************************************************
2022-10-09 21:08:18,901 p=85944 u=rob n=ansible | skipping: [vyos-oobm]
2022-10-09 21:08:18,908 p=85944 u=rob n=ansible | skipping: [dhcp-relay]
2022-10-09 21:08:18,910 p=85944 u=rob n=ansible | skipping: [dhcp-server]
2022-10-09 21:08:18,915 p=85944 u=rob n=ansible | skipping: [transport]
2022-10-09 21:08:19,183 p=85944 u=rob n=ansible | ok: [eveng -> localhost] => (item={'path': 'labs/DHCPRelay_through_GRE/dhcp-server.conf', 'mode': '0644', 'isdir': False, 'ischr': False, 'isblk': False, 'isreg': True, 'isfifo': False, 'islnk': False, 'issock': False, 'uid': 501, 'gid': 20, 'size': 883, 'inode': 43214237, 'dev': 16777231, 'nlink': 1, 'atime': 1648155111.0318244, 'mtime': 1648155110.7974145, 'ctime': 1648155110.7974145, 'gr_name': 'staff', 'pw_name': 'rob', 'wusr': True, 'rusr': True, 'xusr': False, 'wgrp': False, 'rgrp': True, 'xgrp': False, 'woth': False, 'roth': True, 'xoth': False, 'isuid': False, 'isgid': False})
2022-10-09 21:08:19,405 p=85944 u=rob n=ansible | ok: [eveng -> localhost] => (item={'path': 'labs/DHCPRelay_through_GRE/dhcp-relay.conf', 'mode': '0644', 'isdir': False, 'ischr': False, 'isblk': False, 'isreg': True, 'isfifo': False, 'islnk': False, 'issock': False, 'uid': 501, 'gid': 20, 'size': 562, 'inode': 43214236, 'dev': 16777231, 'nlink': 1, 'atime': 1648155111.0537558, 'mtime': 1648155110.7972953, 'ctime': 1648155110.7972953, 'gr_name': 'staff', 'pw_name': 'rob', 'wusr': True, 'rusr': True, 'xusr': False, 'wgrp': False, 'rgrp': True, 'xgrp': False, 'woth': False, 'roth': True, 'xoth': False, 'isuid': False, 'isgid': False})
2022-10-09 21:08:19,622 p=85944 u=rob n=ansible | ok: [eveng -> localhost] => (item={'path': 'labs/DHCPRelay_through_GRE/transport.conf', 'mode': '0644', 'isdir': False, 'ischr': False, 'isblk': False, 'isreg': True, 'isfifo': False, 'islnk': False, 'issock': False, 'uid': 501, 'gid': 20, 'size': 107, 'inode': 43214241, 'dev': 16777231, 'nlink': 1, 'atime': 1648155111.080341, 'mtime': 1648155110.7983584, 'ctime': 1648155110.7983584, 'gr_name': 'staff', 'pw_name': 'rob', 'wusr': True, 'rusr': True, 'xusr': False, 'wgrp': False, 'rgrp': True, 'xgrp': False, 'woth': False, 'roth': True, 'xoth': False, 'isuid': False, 'isgid': False})
2022-10-09 21:08:19,625 p=85944 u=rob n=ansible | TASK [eve-ng-lab-test : find all *.png files in Lab] ***********************************************************************************************
2022-10-09 21:08:19,646 p=85944 u=rob n=ansible | skipping: [vyos-oobm]
2022-10-09 21:08:19,653 p=85944 u=rob n=ansible | skipping: [dhcp-relay]
2022-10-09 21:08:19,654 p=85944 u=rob n=ansible | skipping: [dhcp-server]
2022-10-09 21:08:19,658 p=85944 u=rob n=ansible | skipping: [transport]
2022-10-09 21:08:19,754 p=85944 u=rob n=ansible | ok: [eveng -> localhost]
2022-10-09 21:08:19,758 p=85944 u=rob n=ansible | TASK [eve-ng-lab-test : copy all *.png files] ******************************************************************************************************
2022-10-09 21:08:19,782 p=85944 u=rob n=ansible | skipping: [vyos-oobm]
2022-10-09 21:08:19,790 p=85944 u=rob n=ansible | skipping: [dhcp-relay]
2022-10-09 21:08:19,791 p=85944 u=rob n=ansible | skipping: [dhcp-server]
2022-10-09 21:08:19,796 p=85944 u=rob n=ansible | skipping: [transport]
2022-10-09 21:08:19,988 p=85944 u=rob n=ansible | ok: [eveng -> localhost] => (item={'path': 'labs/DHCPRelay_through_GRE/topology.png', 'mode': '0644', 'isdir': False, 'ischr': False, 'isblk': False, 'isreg': True, 'isfifo': False, 'islnk': False, 'issock': False, 'uid': 501, 'gid': 20, 'size': 57080, 'inode': 43214240, 'dev': 16777231, 'nlink': 1, 'atime': 1648155124.1531827, 'mtime': 1648155110.7982152, 'ctime': 1648155110.7982152, 'gr_name': 'staff', 'pw_name': 'rob', 'wusr': True, 'rusr': True, 'xusr': False, 'wgrp': False, 'rgrp': True, 'xgrp': False, 'woth': False, 'roth': True, 'xoth': False, 'isuid': False, 'isgid': False})
2022-10-09 21:08:19,991 p=85944 u=rob n=ansible | TASK [eve-ng-lab-test : copy ansible log files] ****************************************************************************************************
2022-10-09 21:08:20,011 p=85944 u=rob n=ansible | skipping: [vyos-oobm]
2022-10-09 21:08:20,018 p=85944 u=rob n=ansible | skipping: [dhcp-relay]
2022-10-09 21:08:20,019 p=85944 u=rob n=ansible | skipping: [dhcp-server]
2022-10-09 21:08:20,024 p=85944 u=rob n=ansible | skipping: [transport]
