2023-08-31 21:48:26,936 p=73753 u=rob n=ansible | PLAY [Automatic VyOS Lab test] *********************************************************************************************************************************************************************
2023-08-31 21:48:26,975 p=73753 u=rob n=ansible | TASK [eve-ng-create-node : tunnelbroker: fail if node_template_iso is empty] ***********************************************************************************************************************
2023-08-31 21:48:26,993 p=73753 u=rob n=ansible | skipping: [eveng]
2023-08-31 21:48:26,994 p=73753 u=rob n=ansible | skipping: [vyos-oobm]
2023-08-31 21:48:26,995 p=73753 u=rob n=ansible | skipping: [vyos-wan]
2023-08-31 21:48:26,999 p=73753 u=rob n=ansible | skipping: [client]
2023-08-31 21:48:27,002 p=73753 u=rob n=ansible | TASK [eve-ng-create-node : tunnelbroker: fail if node_template_version is empty] *******************************************************************************************************************
2023-08-31 21:48:27,015 p=73753 u=rob n=ansible | skipping: [eveng]
2023-08-31 21:48:27,023 p=73753 u=rob n=ansible | skipping: [vyos-oobm]
2023-08-31 21:48:27,025 p=73753 u=rob n=ansible | skipping: [vyos-wan]
2023-08-31 21:48:27,030 p=73753 u=rob n=ansible | skipping: [client]
2023-08-31 21:48:27,033 p=73753 u=rob n=ansible | TASK [eve-ng-create-node : tunnelbroker: install requirements] *************************************************************************************************************************************
2023-08-31 21:48:27,052 p=73753 u=rob n=ansible | skipping: [vyos-oobm]
2023-08-31 21:48:27,055 p=73753 u=rob n=ansible | skipping: [vyos-wan]
2023-08-31 21:48:27,060 p=73753 u=rob n=ansible | skipping: [client]
2023-08-31 21:48:28,942 p=73753 u=rob n=ansible | ok: [eveng]
2023-08-31 21:48:28,960 p=73753 u=rob n=ansible | TASK [eve-ng-create-node : tunnelbroker: Login to EVE-NG and get Cookie] ***************************************************************************************************************************
2023-08-31 21:48:28,994 p=73753 u=rob n=ansible | skipping: [vyos-oobm]
2023-08-31 21:48:28,996 p=73753 u=rob n=ansible | skipping: [vyos-wan]
2023-08-31 21:48:29,000 p=73753 u=rob n=ansible | skipping: [client]
2023-08-31 21:48:29,700 p=73753 u=rob n=ansible | ok: [eveng]
2023-08-31 21:48:29,704 p=73753 u=rob n=ansible | TASK [eve-ng-create-node : tunnelbroker: get template facts] ***************************************************************************************************************************************
2023-08-31 21:48:29,722 p=73753 u=rob n=ansible | skipping: [vyos-oobm]
2023-08-31 21:48:29,725 p=73753 u=rob n=ansible | skipping: [vyos-wan]
2023-08-31 21:48:29,734 p=73753 u=rob n=ansible | skipping: [client]
2023-08-31 21:48:30,220 p=73753 u=rob n=ansible | ok: [eveng]
2023-08-31 21:48:30,225 p=73753 u=rob n=ansible | TASK [eve-ng-create-node : tunnelbroker: Register path status] *************************************************************************************************************************************
2023-08-31 21:48:30,250 p=73753 u=rob n=ansible | skipping: [vyos-oobm]
2023-08-31 21:48:30,253 p=73753 u=rob n=ansible | skipping: [vyos-wan]
2023-08-31 21:48:30,260 p=73753 u=rob n=ansible | skipping: [client]
2023-08-31 21:48:30,472 p=73753 u=rob n=ansible | ok: [eveng]
2023-08-31 21:48:30,477 p=73753 u=rob n=ansible | TASK [eve-ng-create-node : tunnelbroker: create path] **********************************************************************************************************************************************
2023-08-31 21:48:30,498 p=73753 u=rob n=ansible | skipping: [eveng]
2023-08-31 21:48:30,500 p=73753 u=rob n=ansible | skipping: [vyos-oobm]
2023-08-31 21:48:30,501 p=73753 u=rob n=ansible | skipping: [vyos-wan]
2023-08-31 21:48:30,505 p=73753 u=rob n=ansible | skipping: [client]
2023-08-31 21:48:30,508 p=73753 u=rob n=ansible | TASK [eve-ng-create-node : tunnelbroker: Upload iso to eve-ng] *************************************************************************************************************************************
2023-08-31 21:48:30,520 p=73753 u=rob n=ansible | skipping: [eveng]
2023-08-31 21:48:30,527 p=73753 u=rob n=ansible | skipping: [vyos-oobm]
2023-08-31 21:48:30,530 p=73753 u=rob n=ansible | skipping: [vyos-wan]
2023-08-31 21:48:30,535 p=73753 u=rob n=ansible | skipping: [client]
2023-08-31 21:48:30,538 p=73753 u=rob n=ansible | TASK [eve-ng-create-node : tunnelbroker: create virtioa.qcow2 file] ********************************************************************************************************************************
2023-08-31 21:48:30,557 p=73753 u=rob n=ansible | skipping: [eveng]
2023-08-31 21:48:30,557 p=73753 u=rob n=ansible | skipping: [vyos-oobm]
2023-08-31 21:48:30,559 p=73753 u=rob n=ansible | skipping: [vyos-wan]
2023-08-31 21:48:30,563 p=73753 u=rob n=ansible | skipping: [client]
2023-08-31 21:48:30,566 p=73753 u=rob n=ansible | TASK [eve-ng-create-node : tunnelbroker: Login to EVE-NG and get Cookie] ***************************************************************************************************************************
2023-08-31 21:48:30,579 p=73753 u=rob n=ansible | skipping: [eveng]
2023-08-31 21:48:30,585 p=73753 u=rob n=ansible | skipping: [vyos-oobm]
2023-08-31 21:48:30,587 p=73753 u=rob n=ansible | skipping: [vyos-wan]
2023-08-31 21:48:30,591 p=73753 u=rob n=ansible | skipping: [client]
2023-08-31 21:48:30,594 p=73753 u=rob n=ansible | TASK [eve-ng-create-node : tunnelbroker: create lab for node install] ******************************************************************************************************************************
2023-08-31 21:48:30,612 p=73753 u=rob n=ansible | skipping: [eveng]
2023-08-31 21:48:30,613 p=73753 u=rob n=ansible | skipping: [vyos-oobm]
2023-08-31 21:48:30,615 p=73753 u=rob n=ansible | skipping: [vyos-wan]
2023-08-31 21:48:30,619 p=73753 u=rob n=ansible | skipping: [client]
2023-08-31 21:48:30,622 p=73753 u=rob n=ansible | TASK [eve-ng-create-node : tunnelbroker: open lab] *************************************************************************************************************************************************
2023-08-31 21:48:30,636 p=73753 u=rob n=ansible | skipping: [eveng]
2023-08-31 21:48:30,642 p=73753 u=rob n=ansible | skipping: [vyos-oobm]
2023-08-31 21:48:30,645 p=73753 u=rob n=ansible | skipping: [vyos-wan]
2023-08-31 21:48:30,649 p=73753 u=rob n=ansible | skipping: [client]
2023-08-31 21:48:30,652 p=73753 u=rob n=ansible | TASK [eve-ng-create-node : set_fact] ***************************************************************************************************************************************************************
2023-08-31 21:48:30,664 p=73753 u=rob n=ansible | skipping: [eveng]
2023-08-31 21:48:30,671 p=73753 u=rob n=ansible | skipping: [vyos-oobm]
2023-08-31 21:48:30,673 p=73753 u=rob n=ansible | skipping: [vyos-wan]
2023-08-31 21:48:30,678 p=73753 u=rob n=ansible | skipping: [client]
2023-08-31 21:48:30,681 p=73753 u=rob n=ansible | TASK [eve-ng-create-node : tunnelbroker: add node to lab] ******************************************************************************************************************************************
2023-08-31 21:48:30,694 p=73753 u=rob n=ansible | skipping: [eveng]
2023-08-31 21:48:30,701 p=73753 u=rob n=ansible | skipping: [vyos-oobm]
2023-08-31 21:48:30,703 p=73753 u=rob n=ansible | skipping: [vyos-wan]
2023-08-31 21:48:30,707 p=73753 u=rob n=ansible | skipping: [client]
2023-08-31 21:48:30,710 p=73753 u=rob n=ansible | TASK [eve-ng-create-node : tunnelbroker: start node] ***********************************************************************************************************************************************
2023-08-31 21:48:30,728 p=73753 u=rob n=ansible | skipping: [eveng]
2023-08-31 21:48:30,728 p=73753 u=rob n=ansible | skipping: [vyos-oobm]
2023-08-31 21:48:30,730 p=73753 u=rob n=ansible | skipping: [vyos-wan]
2023-08-31 21:48:30,734 p=73753 u=rob n=ansible | skipping: [client]
2023-08-31 21:48:30,737 p=73753 u=rob n=ansible | TASK [eve-ng-create-node : debug] ******************************************************************************************************************************************************************
2023-08-31 21:48:30,755 p=73753 u=rob n=ansible | skipping: [eveng]
2023-08-31 21:48:30,756 p=73753 u=rob n=ansible | skipping: [vyos-oobm]
2023-08-31 21:48:30,758 p=73753 u=rob n=ansible | skipping: [vyos-wan]
2023-08-31 21:48:30,761 p=73753 u=rob n=ansible | skipping: [client]
2023-08-31 21:48:30,764 p=73753 u=rob n=ansible | TASK [eve-ng-create-node : tunnelbroker: get node infos] *******************************************************************************************************************************************
2023-08-31 21:48:30,777 p=73753 u=rob n=ansible | skipping: [eveng]
2023-08-31 21:48:30,783 p=73753 u=rob n=ansible | skipping: [vyos-oobm]
2023-08-31 21:48:30,785 p=73753 u=rob n=ansible | skipping: [vyos-wan]
2023-08-31 21:48:30,789 p=73753 u=rob n=ansible | skipping: [client]
2023-08-31 21:48:30,791 p=73753 u=rob n=ansible | TASK [eve-ng-create-node : set_fact] ***************************************************************************************************************************************************************
2023-08-31 21:48:30,809 p=73753 u=rob n=ansible | skipping: [eveng]
2023-08-31 21:48:30,811 p=73753 u=rob n=ansible | skipping: [vyos-oobm]
2023-08-31 21:48:30,811 p=73753 u=rob n=ansible | skipping: [vyos-wan]
2023-08-31 21:48:30,815 p=73753 u=rob n=ansible | skipping: [client]
2023-08-31 21:48:30,818 p=73753 u=rob n=ansible | TASK [eve-ng-create-node : tunnelbroker: copy file] ************************************************************************************************************************************************
2023-08-31 21:48:30,836 p=73753 u=rob n=ansible | skipping: [eveng]
2023-08-31 21:48:30,837 p=73753 u=rob n=ansible | skipping: [vyos-oobm]
2023-08-31 21:48:30,838 p=73753 u=rob n=ansible | skipping: [vyos-wan]
2023-08-31 21:48:30,842 p=73753 u=rob n=ansible | skipping: [client]
2023-08-31 21:48:30,846 p=73753 u=rob n=ansible | TASK [eve-ng-create-node : tunnelbroker: run expect script] ****************************************************************************************************************************************
2023-08-31 21:48:30,866 p=73753 u=rob n=ansible | skipping: [eveng]
2023-08-31 21:48:30,866 p=73753 u=rob n=ansible | skipping: [vyos-oobm]
2023-08-31 21:48:30,868 p=73753 u=rob n=ansible | skipping: [vyos-wan]
2023-08-31 21:48:30,872 p=73753 u=rob n=ansible | skipping: [client]
2023-08-31 21:48:30,875 p=73753 u=rob n=ansible | TASK [eve-ng-create-node : tunnelbroker: Login to EVE-NG and get Cookie (due timeout)] *************************************************************************************************************
2023-08-31 21:48:30,893 p=73753 u=rob n=ansible | skipping: [eveng]
2023-08-31 21:48:30,893 p=73753 u=rob n=ansible | skipping: [vyos-oobm]
2023-08-31 21:48:30,895 p=73753 u=rob n=ansible | skipping: [vyos-wan]
2023-08-31 21:48:30,899 p=73753 u=rob n=ansible | skipping: [client]
2023-08-31 21:48:30,902 p=73753 u=rob n=ansible | TASK [eve-ng-create-node : tunnelbroker: stop node] ************************************************************************************************************************************************
2023-08-31 21:48:30,915 p=73753 u=rob n=ansible | skipping: [eveng]
2023-08-31 21:48:30,921 p=73753 u=rob n=ansible | skipping: [vyos-oobm]
2023-08-31 21:48:30,923 p=73753 u=rob n=ansible | skipping: [vyos-wan]
2023-08-31 21:48:30,927 p=73753 u=rob n=ansible | skipping: [client]
2023-08-31 21:48:30,930 p=73753 u=rob n=ansible | TASK [eve-ng-create-node : tunnelbroker: Pause to wait node is shutdown] ***************************************************************************************************************************
2023-08-31 21:48:30,940 p=73753 u=rob n=ansible | skipping: [eveng]
2023-08-31 21:48:30,943 p=73753 u=rob n=ansible | TASK [eve-ng-create-node : tunnelbroker: delete iso] ***********************************************************************************************************************************************
2023-08-31 21:48:30,962 p=73753 u=rob n=ansible | skipping: [eveng]
2023-08-31 21:48:30,962 p=73753 u=rob n=ansible | skipping: [vyos-oobm]
2023-08-31 21:48:30,964 p=73753 u=rob n=ansible | skipping: [vyos-wan]
2023-08-31 21:48:30,968 p=73753 u=rob n=ansible | skipping: [client]
2023-08-31 21:48:30,971 p=73753 u=rob n=ansible | TASK [eve-ng-create-node : tunnelbroker: commit virtioa.qcow2] *************************************************************************************************************************************
2023-08-31 21:48:30,990 p=73753 u=rob n=ansible | skipping: [eveng]
2023-08-31 21:48:30,991 p=73753 u=rob n=ansible | skipping: [vyos-oobm]
2023-08-31 21:48:30,992 p=73753 u=rob n=ansible | skipping: [vyos-wan]
2023-08-31 21:48:30,996 p=73753 u=rob n=ansible | skipping: [client]
2023-08-31 21:48:30,999 p=73753 u=rob n=ansible | TASK [eve-ng-create-node : tunnelbroker: delete lab for node install] ******************************************************************************************************************************
2023-08-31 21:48:31,017 p=73753 u=rob n=ansible | skipping: [eveng]
2023-08-31 21:48:31,018 p=73753 u=rob n=ansible | skipping: [vyos-oobm]
2023-08-31 21:48:31,019 p=73753 u=rob n=ansible | skipping: [vyos-wan]
2023-08-31 21:48:31,023 p=73753 u=rob n=ansible | skipping: [client]
2023-08-31 21:48:31,031 p=73753 u=rob n=ansible | TASK [eve-ng-lab-test : Get env file content] ******************************************************************************************************************************************************
2023-08-31 21:48:31,258 p=73753 u=rob n=ansible | ok: [eveng -> localhost]
2023-08-31 21:48:31,259 p=73753 u=rob n=ansible | ok: [vyos-oobm -> localhost]
2023-08-31 21:48:31,259 p=73753 u=rob n=ansible | ok: [vyos-wan -> localhost]
2023-08-31 21:48:31,259 p=73753 u=rob n=ansible | ok: [client -> localhost]
2023-08-31 21:48:31,262 p=73753 u=rob n=ansible | TASK [eve-ng-lab-test : tunnelbroker: Load facts] **************************************************************************************************************************************************
2023-08-31 21:48:31,281 p=73753 u=rob n=ansible | ok: [eveng]
2023-08-31 21:48:32,232 p=73753 u=rob n=ansible | network_os is set to vyos
2023-08-31 21:48:32,233 p=73753 u=rob n=ansible | network_os is set to vyos
2023-08-31 21:48:32,234 p=73753 u=rob n=ansible | [WARNING]: ansible-pylibssh not installed, falling back to paramiko

2023-08-31 21:48:32,234 p=73753 u=rob n=ansible | [WARNING]: ansible-pylibssh not installed, falling back to paramiko

2023-08-31 21:48:32,244 p=73753 u=rob n=ansible | network_os is set to vyos
2023-08-31 21:48:32,248 p=73753 u=rob n=ansible | [WARNING]: ansible-pylibssh not installed, falling back to paramiko

2023-08-31 21:48:32,254 p=73753 u=rob n=ansible | ok: [vyos-oobm]
2023-08-31 21:48:32,255 p=73753 u=rob n=ansible | ok: [client]
2023-08-31 21:48:32,257 p=73753 u=rob n=ansible | ok: [vyos-wan]
2023-08-31 21:48:32,265 p=73753 u=rob n=ansible | TASK [eve-ng-lab-test : debug] *********************************************************************************************************************************************************************
2023-08-31 21:48:32,295 p=73753 u=rob n=ansible | ok: [eveng] => {
    "msg": "vyos-1.4-rolling-202308240020-amd64"
}
2023-08-31 21:48:33,243 p=73753 u=rob n=ansible | ok: [vyos-wan] => {
    "msg": "vyos-1.4-rolling-202308240020-amd64"
}
2023-08-31 21:48:33,243 p=73753 u=rob n=ansible | ok: [client] => {
    "msg": "vyos-1.4-rolling-202308240020-amd64"
}
2023-08-31 21:48:33,244 p=73753 u=rob n=ansible | ok: [vyos-oobm] => {
    "msg": "vyos-1.4-rolling-202308240020-amd64"
}
2023-08-31 21:48:33,252 p=73753 u=rob n=ansible | TASK [eve-ng-lab-test : tunnelbroker: fail if node_template_version is empty] **********************************************************************************************************************
2023-08-31 21:48:33,276 p=73753 u=rob n=ansible | skipping: [eveng]
2023-08-31 21:48:33,284 p=73753 u=rob n=ansible | skipping: [vyos-oobm]
2023-08-31 21:48:33,287 p=73753 u=rob n=ansible | skipping: [vyos-wan]
2023-08-31 21:48:33,293 p=73753 u=rob n=ansible | skipping: [client]
2023-08-31 21:48:33,297 p=73753 u=rob n=ansible | TASK [eve-ng-lab-test : tunnelbroker: Login to EVE-NG and get Cookie] ******************************************************************************************************************************
2023-08-31 21:48:33,317 p=73753 u=rob n=ansible | skipping: [vyos-oobm]
2023-08-31 21:48:33,319 p=73753 u=rob n=ansible | skipping: [vyos-wan]
2023-08-31 21:48:33,326 p=73753 u=rob n=ansible | skipping: [client]
2023-08-31 21:48:33,956 p=73753 u=rob n=ansible | ok: [eveng]
2023-08-31 21:48:33,966 p=73753 u=rob n=ansible | TASK [eve-ng-lab-test : tunnelbroker: get running lab list] ****************************************************************************************************************************************
2023-08-31 21:48:34,000 p=73753 u=rob n=ansible | skipping: [vyos-oobm]
2023-08-31 21:48:34,001 p=73753 u=rob n=ansible | skipping: [vyos-wan]
2023-08-31 21:48:34,005 p=73753 u=rob n=ansible | skipping: [client]
2023-08-31 21:48:34,447 p=73753 u=rob n=ansible | ok: [eveng]
2023-08-31 21:48:34,455 p=73753 u=rob n=ansible | TASK [eve-ng-lab-test : tunnelbroker: kill running lab] ********************************************************************************************************************************************
2023-08-31 21:48:34,481 p=73753 u=rob n=ansible | [WARNING]: conditional statements should not include jinja2 templating delimiters such as {{ }} or {% %}. Found: item.labname == "{{ eve_ng_folder_name }}/{{ lab }}"

2023-08-31 21:48:34,482 p=73753 u=rob n=ansible | skipping: [vyos-oobm]
2023-08-31 21:48:34,486 p=73753 u=rob n=ansible | skipping: [eveng] => (item={'podid': '0', 'username': 'admin', 'online': '1', 'uuid': '0fc5edef-8cf2-4400-9a1c-0c4c41a1a881', 'size': 0.1996, 'sat': '0', 'sat_name': 'master', 'labid': 1001, 'labname': '/ecmp wireguard\n', 'cpu': 0, 'mem': 0}) 
2023-08-31 21:48:34,487 p=73753 u=rob n=ansible | skipping: [vyos-wan]
2023-08-31 21:48:34,489 p=73753 u=rob n=ansible | skipping: [eveng] => (item={'podid': '0', 'username': 'admin', 'online': '1', 'uuid': '588b9164-a3b7-4522-8058-0f6ff6286564', 'size': 1.0595, 'sat': '0', 'sat_name': 'master', 'labid': 1002, 'labname': '/Common\n', 'cpu': 0, 'mem': 0}) 
2023-08-31 21:48:34,491 p=73753 u=rob n=ansible | skipping: [client]
2023-08-31 21:48:34,494 p=73753 u=rob n=ansible | skipping: [eveng] => (item={'podid': '0', 'username': 'admin', 'online': '1', 'uuid': '9785926c-63ec-42c0-a1ca-a386b9013151', 'size': 0.4469, 'sat': '0', 'sat_name': 'master', 'labid': 1003, 'labname': '/layer2 via IPSec\n', 'cpu': 0, 'mem': 0}) 
2023-08-31 21:48:34,496 p=73753 u=rob n=ansible | skipping: [eveng] => (item={'podid': '0', 'username': 'admin', 'online': '1', 'uuid': 'aa98095e-3b64-45aa-b883-e2b7fdfac08c', 'size': 0.5229, 'sat': '0', 'sat_name': 'master', 'labid': 1004, 'labname': '/ospf\n', 'cpu': 0, 'mem': 0}) 
2023-08-31 21:48:34,498 p=73753 u=rob n=ansible | skipping: [eveng]
2023-08-31 21:48:34,501 p=73753 u=rob n=ansible | TASK [eve-ng-lab-test : tunnelbroker: delete existing lab] *****************************************************************************************************************************************
2023-08-31 21:48:34,519 p=73753 u=rob n=ansible | skipping: [vyos-oobm]
2023-08-31 21:48:34,522 p=73753 u=rob n=ansible | skipping: [vyos-wan]
2023-08-31 21:48:34,527 p=73753 u=rob n=ansible | skipping: [client]
2023-08-31 21:48:34,959 p=73753 u=rob n=ansible | ok: [eveng]
2023-08-31 21:48:34,970 p=73753 u=rob n=ansible | TASK [eve-ng-lab-test : tunnelbroker: Ensure labtest is present] ***********************************************************************************************************************************
2023-08-31 21:48:35,001 p=73753 u=rob n=ansible | skipping: [vyos-oobm]
2023-08-31 21:48:35,002 p=73753 u=rob n=ansible | skipping: [vyos-wan]
2023-08-31 21:48:35,006 p=73753 u=rob n=ansible | skipping: [client]
2023-08-31 21:48:35,208 p=73753 u=rob n=ansible | ok: [eveng]
2023-08-31 21:48:35,213 p=73753 u=rob n=ansible | TASK [eve-ng-lab-test : tunnelbroker: Create tunnelbroker Lab] *************************************************************************************************************************************
2023-08-31 21:48:35,234 p=73753 u=rob n=ansible | skipping: [vyos-oobm]
2023-08-31 21:48:35,236 p=73753 u=rob n=ansible | skipping: [vyos-wan]
2023-08-31 21:48:35,243 p=73753 u=rob n=ansible | skipping: [client]
2023-08-31 21:48:35,753 p=73753 u=rob n=ansible | changed: [eveng]
2023-08-31 21:48:35,758 p=73753 u=rob n=ansible | TASK [eve-ng-lab-test : tunnelbroker: Login to EVE-NG and get Cookie] ******************************************************************************************************************************
2023-08-31 21:48:35,778 p=73753 u=rob n=ansible | skipping: [vyos-oobm]
2023-08-31 21:48:35,781 p=73753 u=rob n=ansible | skipping: [vyos-wan]
2023-08-31 21:48:35,785 p=73753 u=rob n=ansible | skipping: [client]
2023-08-31 21:48:36,447 p=73753 u=rob n=ansible | ok: [eveng]
2023-08-31 21:48:36,456 p=73753 u=rob n=ansible | TASK [eve-ng-lab-test : tunnelbroker: start vyos-oobm] *********************************************************************************************************************************************
2023-08-31 21:48:36,486 p=73753 u=rob n=ansible | skipping: [vyos-oobm]
2023-08-31 21:48:36,487 p=73753 u=rob n=ansible | skipping: [vyos-wan]
2023-08-31 21:48:36,491 p=73753 u=rob n=ansible | skipping: [client]
2023-08-31 21:48:37,502 p=73753 u=rob n=ansible | ok: [eveng]
2023-08-31 21:48:37,513 p=73753 u=rob n=ansible | TASK [eve-ng-lab-test : tunnelbroker: Wait for vyos-oobm] ******************************************************************************************************************************************
2023-08-31 21:48:37,536 p=73753 u=rob n=ansible | skipping: [eveng]
2023-08-31 21:48:37,547 p=73753 u=rob n=ansible | skipping: [vyos-wan]
2023-08-31 21:48:37,553 p=73753 u=rob n=ansible | skipping: [client]
2023-08-31 21:48:38,430 p=73753 u=rob n=ansible | [DEPRECATION WARNING]: PlayContext.verbosity is deprecated, use ansible.utils.display.Display.verbosity instead. This feature will be removed in version 2.18. Deprecation warnings can be disabled
 by setting deprecation_warnings=False in ansible.cfg.
2023-08-31 21:49:08,523 p=74113 u=rob n=p=74113 u=rob | paramiko [vyos-oobm] | Exception (client): Error reading SSH protocol banner
2023-08-31 21:49:08,539 p=74113 u=rob n=p=74113 u=rob | paramiko [vyos-oobm] | Traceback (most recent call last):
2023-08-31 21:49:08,540 p=74113 u=rob n=p=74113 u=rob | paramiko [vyos-oobm] |   File "/Users/rob/.local/share/virtualenvs/vyos-eveng-b9X2mBdh/lib/python3.9/site-packages/paramiko/transport.py", line 2270, in _check_banner
2023-08-31 21:49:08,541 p=74113 u=rob n=p=74113 u=rob | paramiko [vyos-oobm] |     buf = self.packetizer.readline(timeout)
2023-08-31 21:49:08,541 p=74113 u=rob n=p=74113 u=rob | paramiko [vyos-oobm] |   File "/Users/rob/.local/share/virtualenvs/vyos-eveng-b9X2mBdh/lib/python3.9/site-packages/paramiko/packet.py", line 374, in readline
2023-08-31 21:49:08,542 p=74113 u=rob n=p=74113 u=rob | paramiko [vyos-oobm] |     buf += self._read_timeout(timeout)
2023-08-31 21:49:08,543 p=74113 u=rob n=p=74113 u=rob | paramiko [vyos-oobm] |   File "/Users/rob/.local/share/virtualenvs/vyos-eveng-b9X2mBdh/lib/python3.9/site-packages/paramiko/packet.py", line 611, in _read_timeout
2023-08-31 21:49:08,543 p=74113 u=rob n=p=74113 u=rob | paramiko [vyos-oobm] |     raise socket.timeout()
2023-08-31 21:49:08,544 p=74113 u=rob n=p=74113 u=rob | paramiko [vyos-oobm] | socket.timeout
2023-08-31 21:49:08,545 p=74113 u=rob n=p=74113 u=rob | paramiko [vyos-oobm] | 
2023-08-31 21:49:08,545 p=74113 u=rob n=p=74113 u=rob | paramiko [vyos-oobm] | During handling of the above exception, another exception occurred:
2023-08-31 21:49:08,546 p=74113 u=rob n=p=74113 u=rob | paramiko [vyos-oobm] | 
2023-08-31 21:49:08,547 p=74113 u=rob n=p=74113 u=rob | paramiko [vyos-oobm] | Traceback (most recent call last):
2023-08-31 21:49:08,547 p=74113 u=rob n=p=74113 u=rob | paramiko [vyos-oobm] |   File "/Users/rob/.local/share/virtualenvs/vyos-eveng-b9X2mBdh/lib/python3.9/site-packages/paramiko/transport.py", line 2093, in run
2023-08-31 21:49:08,548 p=74113 u=rob n=p=74113 u=rob | paramiko [vyos-oobm] |     self._check_banner()
2023-08-31 21:49:08,548 p=74113 u=rob n=p=74113 u=rob | paramiko [vyos-oobm] |   File "/Users/rob/.local/share/virtualenvs/vyos-eveng-b9X2mBdh/lib/python3.9/site-packages/paramiko/transport.py", line 2274, in _check_banner
2023-08-31 21:49:08,549 p=74113 u=rob n=p=74113 u=rob | paramiko [vyos-oobm] |     raise SSHException(
2023-08-31 21:49:08,549 p=74113 u=rob n=p=74113 u=rob | paramiko [vyos-oobm] | paramiko.ssh_exception.SSHException: Error reading SSH protocol banner
2023-08-31 21:49:08,550 p=74113 u=rob n=p=74113 u=rob | paramiko [vyos-oobm] | 
2023-08-31 21:49:39,569 p=74113 u=rob n=p=74113 u=rob | paramiko [vyos-oobm] | Exception (client): Error reading SSH protocol banner
2023-08-31 21:49:39,571 p=74113 u=rob n=p=74113 u=rob | paramiko [vyos-oobm] | Traceback (most recent call last):
2023-08-31 21:49:39,571 p=74113 u=rob n=p=74113 u=rob | paramiko [vyos-oobm] |   File "/Users/rob/.local/share/virtualenvs/vyos-eveng-b9X2mBdh/lib/python3.9/site-packages/paramiko/transport.py", line 2270, in _check_banner
2023-08-31 21:49:39,572 p=74113 u=rob n=p=74113 u=rob | paramiko [vyos-oobm] |     buf = self.packetizer.readline(timeout)
2023-08-31 21:49:39,572 p=74113 u=rob n=p=74113 u=rob | paramiko [vyos-oobm] |   File "/Users/rob/.local/share/virtualenvs/vyos-eveng-b9X2mBdh/lib/python3.9/site-packages/paramiko/packet.py", line 374, in readline
2023-08-31 21:49:39,572 p=74113 u=rob n=p=74113 u=rob | paramiko [vyos-oobm] |     buf += self._read_timeout(timeout)
2023-08-31 21:49:39,572 p=74113 u=rob n=p=74113 u=rob | paramiko [vyos-oobm] |   File "/Users/rob/.local/share/virtualenvs/vyos-eveng-b9X2mBdh/lib/python3.9/site-packages/paramiko/packet.py", line 611, in _read_timeout
2023-08-31 21:49:39,572 p=74113 u=rob n=p=74113 u=rob | paramiko [vyos-oobm] |     raise socket.timeout()
2023-08-31 21:49:39,572 p=74113 u=rob n=p=74113 u=rob | paramiko [vyos-oobm] | socket.timeout
2023-08-31 21:49:39,573 p=74113 u=rob n=p=74113 u=rob | paramiko [vyos-oobm] | 
2023-08-31 21:49:39,573 p=74113 u=rob n=p=74113 u=rob | paramiko [vyos-oobm] | During handling of the above exception, another exception occurred:
2023-08-31 21:49:39,573 p=74113 u=rob n=p=74113 u=rob | paramiko [vyos-oobm] | 
2023-08-31 21:49:39,573 p=74113 u=rob n=p=74113 u=rob | paramiko [vyos-oobm] | Traceback (most recent call last):
2023-08-31 21:49:39,573 p=74113 u=rob n=p=74113 u=rob | paramiko [vyos-oobm] |   File "/Users/rob/.local/share/virtualenvs/vyos-eveng-b9X2mBdh/lib/python3.9/site-packages/paramiko/transport.py", line 2093, in run
2023-08-31 21:49:39,573 p=74113 u=rob n=p=74113 u=rob | paramiko [vyos-oobm] |     self._check_banner()
2023-08-31 21:49:39,574 p=74113 u=rob n=p=74113 u=rob | paramiko [vyos-oobm] |   File "/Users/rob/.local/share/virtualenvs/vyos-eveng-b9X2mBdh/lib/python3.9/site-packages/paramiko/transport.py", line 2274, in _check_banner
2023-08-31 21:49:39,574 p=74113 u=rob n=p=74113 u=rob | paramiko [vyos-oobm] |     raise SSHException(
2023-08-31 21:49:39,574 p=74113 u=rob n=p=74113 u=rob | paramiko [vyos-oobm] | paramiko.ssh_exception.SSHException: Error reading SSH protocol banner
2023-08-31 21:49:39,574 p=74113 u=rob n=p=74113 u=rob | paramiko [vyos-oobm] | 
2023-08-31 21:50:10,677 p=74113 u=rob n=p=74113 u=rob | paramiko [vyos-oobm] | Exception (client): Error reading SSH protocol banner
2023-08-31 21:50:10,681 p=74113 u=rob n=p=74113 u=rob | paramiko [vyos-oobm] | Traceback (most recent call last):
2023-08-31 21:50:10,682 p=74113 u=rob n=p=74113 u=rob | paramiko [vyos-oobm] |   File "/Users/rob/.local/share/virtualenvs/vyos-eveng-b9X2mBdh/lib/python3.9/site-packages/paramiko/transport.py", line 2270, in _check_banner
2023-08-31 21:50:10,684 p=74113 u=rob n=p=74113 u=rob | paramiko [vyos-oobm] |     buf = self.packetizer.readline(timeout)
2023-08-31 21:50:10,685 p=74113 u=rob n=p=74113 u=rob | paramiko [vyos-oobm] |   File "/Users/rob/.local/share/virtualenvs/vyos-eveng-b9X2mBdh/lib/python3.9/site-packages/paramiko/packet.py", line 374, in readline
2023-08-31 21:50:10,686 p=74113 u=rob n=p=74113 u=rob | paramiko [vyos-oobm] |     buf += self._read_timeout(timeout)
2023-08-31 21:50:10,687 p=74113 u=rob n=p=74113 u=rob | paramiko [vyos-oobm] |   File "/Users/rob/.local/share/virtualenvs/vyos-eveng-b9X2mBdh/lib/python3.9/site-packages/paramiko/packet.py", line 611, in _read_timeout
2023-08-31 21:50:10,688 p=74113 u=rob n=p=74113 u=rob | paramiko [vyos-oobm] |     raise socket.timeout()
2023-08-31 21:50:10,688 p=74113 u=rob n=p=74113 u=rob | paramiko [vyos-oobm] | socket.timeout
2023-08-31 21:50:10,689 p=74113 u=rob n=p=74113 u=rob | paramiko [vyos-oobm] | 
2023-08-31 21:50:10,690 p=74113 u=rob n=p=74113 u=rob | paramiko [vyos-oobm] | During handling of the above exception, another exception occurred:
2023-08-31 21:50:10,691 p=74113 u=rob n=p=74113 u=rob | paramiko [vyos-oobm] | 
2023-08-31 21:50:10,691 p=74113 u=rob n=p=74113 u=rob | paramiko [vyos-oobm] | Traceback (most recent call last):
2023-08-31 21:50:10,692 p=74113 u=rob n=p=74113 u=rob | paramiko [vyos-oobm] |   File "/Users/rob/.local/share/virtualenvs/vyos-eveng-b9X2mBdh/lib/python3.9/site-packages/paramiko/transport.py", line 2093, in run
2023-08-31 21:50:10,692 p=74113 u=rob n=p=74113 u=rob | paramiko [vyos-oobm] |     self._check_banner()
2023-08-31 21:50:10,693 p=74113 u=rob n=p=74113 u=rob | paramiko [vyos-oobm] |   File "/Users/rob/.local/share/virtualenvs/vyos-eveng-b9X2mBdh/lib/python3.9/site-packages/paramiko/transport.py", line 2274, in _check_banner
2023-08-31 21:50:10,694 p=74113 u=rob n=p=74113 u=rob | paramiko [vyos-oobm] |     raise SSHException(
2023-08-31 21:50:10,694 p=74113 u=rob n=p=74113 u=rob | paramiko [vyos-oobm] | paramiko.ssh_exception.SSHException: Error reading SSH protocol banner
2023-08-31 21:50:10,695 p=74113 u=rob n=p=74113 u=rob | paramiko [vyos-oobm] | 
2023-08-31 21:50:12,568 p=74113 u=rob n=p=74113 u=rob | paramiko [vyos-oobm] | Connected (version 2.0, client OpenSSH_9.2p1)
2023-08-31 21:50:12,825 p=74113 u=rob n=p=74113 u=rob | paramiko [vyos-oobm] | Authentication (publickey) successful!
2023-08-31 21:50:13,908 p=73753 u=rob n=ansible | ok: [vyos-oobm]
2023-08-31 21:50:13,910 p=73753 u=rob n=ansible | TASK [eve-ng-lab-test : tunnelbroker: Login to EVE-NG and get Cookie] ******************************************************************************************************************************
2023-08-31 21:50:13,929 p=73753 u=rob n=ansible | skipping: [vyos-oobm]
2023-08-31 21:50:13,932 p=73753 u=rob n=ansible | skipping: [vyos-wan]
2023-08-31 21:50:13,939 p=73753 u=rob n=ansible | skipping: [client]
2023-08-31 21:50:14,868 p=73753 u=rob n=ansible | ok: [eveng]
2023-08-31 21:50:14,877 p=73753 u=rob n=ansible | TASK [eve-ng-lab-test : tunnelbroker: get lab status] **********************************************************************************************************************************************
2023-08-31 21:50:14,908 p=73753 u=rob n=ansible | skipping: [vyos-oobm]
2023-08-31 21:50:14,910 p=73753 u=rob n=ansible | skipping: [vyos-wan]
2023-08-31 21:50:14,916 p=73753 u=rob n=ansible | skipping: [client]
2023-08-31 21:50:15,380 p=73753 u=rob n=ansible | ok: [eveng]
2023-08-31 21:50:15,389 p=73753 u=rob n=ansible | TASK [eve-ng-lab-test : tunnelbroker: start all nodes] *********************************************************************************************************************************************
2023-08-31 21:50:15,417 p=73753 u=rob n=ansible | skipping: [vyos-oobm]
2023-08-31 21:50:15,420 p=73753 u=rob n=ansible | skipping: [vyos-wan]
2023-08-31 21:50:15,427 p=73753 u=rob n=ansible | skipping: [client]
2023-08-31 21:50:16,519 p=73753 u=rob n=ansible | ok: [eveng] => (item=4)
2023-08-31 21:50:17,120 p=73753 u=rob n=ansible | ok: [eveng] => (item=1)
2023-08-31 21:50:18,354 p=73753 u=rob n=ansible | ok: [eveng] => (item=2)
2023-08-31 21:50:18,367 p=73753 u=rob n=ansible | TASK [eve-ng-lab-test : tunnelbroker: Wait for vyos nodes] *****************************************************************************************************************************************
2023-08-31 21:50:18,390 p=73753 u=rob n=ansible | skipping: [eveng]
2023-08-31 21:50:18,399 p=73753 u=rob n=ansible | skipping: [vyos-oobm]
2023-08-31 21:50:19,313 p=73753 u=rob n=ansible | [DEPRECATION WARNING]: PlayContext.verbosity is deprecated, use ansible.utils.display.Display.verbosity instead. This feature will be removed in version 2.18. Deprecation warnings can be disabled
 by setting deprecation_warnings=False in ansible.cfg.
2023-08-31 21:50:19,317 p=73753 u=rob n=ansible | [DEPRECATION WARNING]: PlayContext.verbosity is deprecated, use ansible.utils.display.Display.verbosity instead. This feature will be removed in version 2.18. Deprecation warnings can be disabled
 by setting deprecation_warnings=False in ansible.cfg.
2023-08-31 21:50:37,800 p=73997 u=rob n=ansible | persistent connection idle timeout triggered, timeout value is 120 secs.
See the timeout setting options in the Network Debug and Troubleshooting Guide.
2023-08-31 21:50:37,906 p=73997 u=rob n=ansible | shutdown complete
2023-08-31 21:50:49,351 p=74222 u=rob n=p=74222 u=rob | paramiko [vyos-wan] | Exception (client): Error reading SSH protocol banner
2023-08-31 21:50:49,353 p=74223 u=rob n=p=74223 u=rob | paramiko [client] | Exception (client): Error reading SSH protocol banner
2023-08-31 21:50:49,357 p=74222 u=rob n=p=74222 u=rob | paramiko [vyos-wan] | Traceback (most recent call last):
2023-08-31 21:50:49,357 p=74222 u=rob n=p=74222 u=rob | paramiko [vyos-wan] |   File "/Users/rob/.local/share/virtualenvs/vyos-eveng-b9X2mBdh/lib/python3.9/site-packages/paramiko/transport.py", line 2270, in _check_banner
2023-08-31 21:50:49,358 p=74222 u=rob n=p=74222 u=rob | paramiko [vyos-wan] |     buf = self.packetizer.readline(timeout)
2023-08-31 21:50:49,358 p=74222 u=rob n=p=74222 u=rob | paramiko [vyos-wan] |   File "/Users/rob/.local/share/virtualenvs/vyos-eveng-b9X2mBdh/lib/python3.9/site-packages/paramiko/packet.py", line 374, in readline
2023-08-31 21:50:49,358 p=74223 u=rob n=p=74223 u=rob | paramiko [client] | Traceback (most recent call last):
2023-08-31 21:50:49,358 p=74222 u=rob n=p=74222 u=rob | paramiko [vyos-wan] |     buf += self._read_timeout(timeout)
2023-08-31 21:50:49,358 p=74223 u=rob n=p=74223 u=rob | paramiko [client] |   File "/Users/rob/.local/share/virtualenvs/vyos-eveng-b9X2mBdh/lib/python3.9/site-packages/paramiko/transport.py", line 2270, in _check_banner
2023-08-31 21:50:49,358 p=74222 u=rob n=p=74222 u=rob | paramiko [vyos-wan] |   File "/Users/rob/.local/share/virtualenvs/vyos-eveng-b9X2mBdh/lib/python3.9/site-packages/paramiko/packet.py", line 611, in _read_timeout
2023-08-31 21:50:49,358 p=74223 u=rob n=p=74223 u=rob | paramiko [client] |     buf = self.packetizer.readline(timeout)
2023-08-31 21:50:49,358 p=74222 u=rob n=p=74222 u=rob | paramiko [vyos-wan] |     raise socket.timeout()
2023-08-31 21:50:49,359 p=74223 u=rob n=p=74223 u=rob | paramiko [client] |   File "/Users/rob/.local/share/virtualenvs/vyos-eveng-b9X2mBdh/lib/python3.9/site-packages/paramiko/packet.py", line 374, in readline
2023-08-31 21:50:49,359 p=74222 u=rob n=p=74222 u=rob | paramiko [vyos-wan] | socket.timeout
2023-08-31 21:50:49,359 p=74223 u=rob n=p=74223 u=rob | paramiko [client] |     buf += self._read_timeout(timeout)
2023-08-31 21:50:49,359 p=74222 u=rob n=p=74222 u=rob | paramiko [vyos-wan] | 
2023-08-31 21:50:49,359 p=74223 u=rob n=p=74223 u=rob | paramiko [client] |   File "/Users/rob/.local/share/virtualenvs/vyos-eveng-b9X2mBdh/lib/python3.9/site-packages/paramiko/packet.py", line 611, in _read_timeout
2023-08-31 21:50:49,359 p=74222 u=rob n=p=74222 u=rob | paramiko [vyos-wan] | During handling of the above exception, another exception occurred:
2023-08-31 21:50:49,359 p=74223 u=rob n=p=74223 u=rob | paramiko [client] |     raise socket.timeout()
2023-08-31 21:50:49,359 p=74222 u=rob n=p=74222 u=rob | paramiko [vyos-wan] | 
2023-08-31 21:50:49,359 p=74223 u=rob n=p=74223 u=rob | paramiko [client] | socket.timeout
2023-08-31 21:50:49,359 p=74222 u=rob n=p=74222 u=rob | paramiko [vyos-wan] | Traceback (most recent call last):
2023-08-31 21:50:49,360 p=74223 u=rob n=p=74223 u=rob | paramiko [client] | 
2023-08-31 21:50:49,360 p=74222 u=rob n=p=74222 u=rob | paramiko [vyos-wan] |   File "/Users/rob/.local/share/virtualenvs/vyos-eveng-b9X2mBdh/lib/python3.9/site-packages/paramiko/transport.py", line 2093, in run
2023-08-31 21:50:49,360 p=74223 u=rob n=p=74223 u=rob | paramiko [client] | During handling of the above exception, another exception occurred:
2023-08-31 21:50:49,360 p=74222 u=rob n=p=74222 u=rob | paramiko [vyos-wan] |     self._check_banner()
2023-08-31 21:50:49,360 p=74223 u=rob n=p=74223 u=rob | paramiko [client] | 
2023-08-31 21:50:49,360 p=74222 u=rob n=p=74222 u=rob | paramiko [vyos-wan] |   File "/Users/rob/.local/share/virtualenvs/vyos-eveng-b9X2mBdh/lib/python3.9/site-packages/paramiko/transport.py", line 2274, in _check_banner
2023-08-31 21:50:49,360 p=74223 u=rob n=p=74223 u=rob | paramiko [client] | Traceback (most recent call last):
2023-08-31 21:50:49,360 p=74222 u=rob n=p=74222 u=rob | paramiko [vyos-wan] |     raise SSHException(
2023-08-31 21:50:49,360 p=74223 u=rob n=p=74223 u=rob | paramiko [client] |   File "/Users/rob/.local/share/virtualenvs/vyos-eveng-b9X2mBdh/lib/python3.9/site-packages/paramiko/transport.py", line 2093, in run
2023-08-31 21:50:49,360 p=74222 u=rob n=p=74222 u=rob | paramiko [vyos-wan] | paramiko.ssh_exception.SSHException: Error reading SSH protocol banner
2023-08-31 21:50:49,361 p=74223 u=rob n=p=74223 u=rob | paramiko [client] |     self._check_banner()
2023-08-31 21:50:49,361 p=74222 u=rob n=p=74222 u=rob | paramiko [vyos-wan] | 
2023-08-31 21:50:49,361 p=74223 u=rob n=p=74223 u=rob | paramiko [client] |   File "/Users/rob/.local/share/virtualenvs/vyos-eveng-b9X2mBdh/lib/python3.9/site-packages/paramiko/transport.py", line 2274, in _check_banner
2023-08-31 21:50:49,361 p=74223 u=rob n=p=74223 u=rob | paramiko [client] |     raise SSHException(
2023-08-31 21:50:49,361 p=74223 u=rob n=p=74223 u=rob | paramiko [client] | paramiko.ssh_exception.SSHException: Error reading SSH protocol banner
2023-08-31 21:50:49,361 p=74223 u=rob n=p=74223 u=rob | paramiko [client] | 
2023-08-31 21:51:20,413 p=74223 u=rob n=p=74223 u=rob | paramiko [client] | Exception (client): Error reading SSH protocol banner
2023-08-31 21:51:20,414 p=74223 u=rob n=p=74223 u=rob | paramiko [client] | Traceback (most recent call last):
2023-08-31 21:51:20,414 p=74223 u=rob n=p=74223 u=rob | paramiko [client] |   File "/Users/rob/.local/share/virtualenvs/vyos-eveng-b9X2mBdh/lib/python3.9/site-packages/paramiko/transport.py", line 2270, in _check_banner
2023-08-31 21:51:20,414 p=74223 u=rob n=p=74223 u=rob | paramiko [client] |     buf = self.packetizer.readline(timeout)
2023-08-31 21:51:20,414 p=74223 u=rob n=p=74223 u=rob | paramiko [client] |   File "/Users/rob/.local/share/virtualenvs/vyos-eveng-b9X2mBdh/lib/python3.9/site-packages/paramiko/packet.py", line 374, in readline
2023-08-31 21:51:20,414 p=74223 u=rob n=p=74223 u=rob | paramiko [client] |     buf += self._read_timeout(timeout)
2023-08-31 21:51:20,415 p=74223 u=rob n=p=74223 u=rob | paramiko [client] |   File "/Users/rob/.local/share/virtualenvs/vyos-eveng-b9X2mBdh/lib/python3.9/site-packages/paramiko/packet.py", line 611, in _read_timeout
2023-08-31 21:51:20,415 p=74223 u=rob n=p=74223 u=rob | paramiko [client] |     raise socket.timeout()
2023-08-31 21:51:20,415 p=74223 u=rob n=p=74223 u=rob | paramiko [client] | socket.timeout
2023-08-31 21:51:20,415 p=74223 u=rob n=p=74223 u=rob | paramiko [client] | 
2023-08-31 21:51:20,415 p=74223 u=rob n=p=74223 u=rob | paramiko [client] | During handling of the above exception, another exception occurred:
2023-08-31 21:51:20,416 p=74223 u=rob n=p=74223 u=rob | paramiko [client] | 
2023-08-31 21:51:20,416 p=74223 u=rob n=p=74223 u=rob | paramiko [client] | Traceback (most recent call last):
2023-08-31 21:51:20,416 p=74223 u=rob n=p=74223 u=rob | paramiko [client] |   File "/Users/rob/.local/share/virtualenvs/vyos-eveng-b9X2mBdh/lib/python3.9/site-packages/paramiko/transport.py", line 2093, in run
2023-08-31 21:51:20,416 p=74223 u=rob n=p=74223 u=rob | paramiko [client] |     self._check_banner()
2023-08-31 21:51:20,416 p=74223 u=rob n=p=74223 u=rob | paramiko [client] |   File "/Users/rob/.local/share/virtualenvs/vyos-eveng-b9X2mBdh/lib/python3.9/site-packages/paramiko/transport.py", line 2274, in _check_banner
2023-08-31 21:51:20,416 p=74223 u=rob n=p=74223 u=rob | paramiko [client] |     raise SSHException(
2023-08-31 21:51:20,417 p=74223 u=rob n=p=74223 u=rob | paramiko [client] | paramiko.ssh_exception.SSHException: Error reading SSH protocol banner
2023-08-31 21:51:20,417 p=74223 u=rob n=p=74223 u=rob | paramiko [client] | 
2023-08-31 21:51:20,420 p=74222 u=rob n=p=74222 u=rob | paramiko [vyos-wan] | Exception (client): Error reading SSH protocol banner
2023-08-31 21:51:20,421 p=74222 u=rob n=p=74222 u=rob | paramiko [vyos-wan] | Traceback (most recent call last):
2023-08-31 21:51:20,421 p=74222 u=rob n=p=74222 u=rob | paramiko [vyos-wan] |   File "/Users/rob/.local/share/virtualenvs/vyos-eveng-b9X2mBdh/lib/python3.9/site-packages/paramiko/transport.py", line 2270, in _check_banner
2023-08-31 21:51:20,421 p=74222 u=rob n=p=74222 u=rob | paramiko [vyos-wan] |     buf = self.packetizer.readline(timeout)
2023-08-31 21:51:20,421 p=74222 u=rob n=p=74222 u=rob | paramiko [vyos-wan] |   File "/Users/rob/.local/share/virtualenvs/vyos-eveng-b9X2mBdh/lib/python3.9/site-packages/paramiko/packet.py", line 374, in readline
2023-08-31 21:51:20,422 p=74222 u=rob n=p=74222 u=rob | paramiko [vyos-wan] |     buf += self._read_timeout(timeout)
2023-08-31 21:51:20,422 p=74222 u=rob n=p=74222 u=rob | paramiko [vyos-wan] |   File "/Users/rob/.local/share/virtualenvs/vyos-eveng-b9X2mBdh/lib/python3.9/site-packages/paramiko/packet.py", line 611, in _read_timeout
2023-08-31 21:51:20,422 p=74222 u=rob n=p=74222 u=rob | paramiko [vyos-wan] |     raise socket.timeout()
2023-08-31 21:51:20,422 p=74222 u=rob n=p=74222 u=rob | paramiko [vyos-wan] | socket.timeout
2023-08-31 21:51:20,422 p=74222 u=rob n=p=74222 u=rob | paramiko [vyos-wan] | 
2023-08-31 21:51:20,422 p=74222 u=rob n=p=74222 u=rob | paramiko [vyos-wan] | During handling of the above exception, another exception occurred:
2023-08-31 21:51:20,423 p=74222 u=rob n=p=74222 u=rob | paramiko [vyos-wan] | 
2023-08-31 21:51:20,423 p=74222 u=rob n=p=74222 u=rob | paramiko [vyos-wan] | Traceback (most recent call last):
2023-08-31 21:51:20,423 p=74222 u=rob n=p=74222 u=rob | paramiko [vyos-wan] |   File "/Users/rob/.local/share/virtualenvs/vyos-eveng-b9X2mBdh/lib/python3.9/site-packages/paramiko/transport.py", line 2093, in run
2023-08-31 21:51:20,423 p=74222 u=rob n=p=74222 u=rob | paramiko [vyos-wan] |     self._check_banner()
2023-08-31 21:51:20,423 p=74222 u=rob n=p=74222 u=rob | paramiko [vyos-wan] |   File "/Users/rob/.local/share/virtualenvs/vyos-eveng-b9X2mBdh/lib/python3.9/site-packages/paramiko/transport.py", line 2274, in _check_banner
2023-08-31 21:51:20,423 p=74222 u=rob n=p=74222 u=rob | paramiko [vyos-wan] |     raise SSHException(
2023-08-31 21:51:20,424 p=74222 u=rob n=p=74222 u=rob | paramiko [vyos-wan] | paramiko.ssh_exception.SSHException: Error reading SSH protocol banner
2023-08-31 21:51:20,424 p=74222 u=rob n=p=74222 u=rob | paramiko [vyos-wan] | 
2023-08-31 21:51:51,470 p=74223 u=rob n=p=74223 u=rob | paramiko [client] | Exception (client): Error reading SSH protocol banner
2023-08-31 21:51:51,471 p=74223 u=rob n=p=74223 u=rob | paramiko [client] | Traceback (most recent call last):
2023-08-31 21:51:51,471 p=74223 u=rob n=p=74223 u=rob | paramiko [client] |   File "/Users/rob/.local/share/virtualenvs/vyos-eveng-b9X2mBdh/lib/python3.9/site-packages/paramiko/transport.py", line 2270, in _check_banner
2023-08-31 21:51:51,471 p=74223 u=rob n=p=74223 u=rob | paramiko [client] |     buf = self.packetizer.readline(timeout)
2023-08-31 21:51:51,471 p=74222 u=rob n=p=74222 u=rob | paramiko [vyos-wan] | Exception (client): Error reading SSH protocol banner
2023-08-31 21:51:51,471 p=74223 u=rob n=p=74223 u=rob | paramiko [client] |   File "/Users/rob/.local/share/virtualenvs/vyos-eveng-b9X2mBdh/lib/python3.9/site-packages/paramiko/packet.py", line 374, in readline
2023-08-31 21:51:51,471 p=74223 u=rob n=p=74223 u=rob | paramiko [client] |     buf += self._read_timeout(timeout)
2023-08-31 21:51:51,471 p=74222 u=rob n=p=74222 u=rob | paramiko [vyos-wan] | Traceback (most recent call last):
2023-08-31 21:51:51,472 p=74223 u=rob n=p=74223 u=rob | paramiko [client] |   File "/Users/rob/.local/share/virtualenvs/vyos-eveng-b9X2mBdh/lib/python3.9/site-packages/paramiko/packet.py", line 611, in _read_timeout
2023-08-31 21:51:51,472 p=74222 u=rob n=p=74222 u=rob | paramiko [vyos-wan] |   File "/Users/rob/.local/share/virtualenvs/vyos-eveng-b9X2mBdh/lib/python3.9/site-packages/paramiko/transport.py", line 2270, in _check_banner
2023-08-31 21:51:51,472 p=74223 u=rob n=p=74223 u=rob | paramiko [client] |     raise socket.timeout()
2023-08-31 21:51:51,472 p=74222 u=rob n=p=74222 u=rob | paramiko [vyos-wan] |     buf = self.packetizer.readline(timeout)
2023-08-31 21:51:51,472 p=74223 u=rob n=p=74223 u=rob | paramiko [client] | socket.timeout
2023-08-31 21:51:51,472 p=74222 u=rob n=p=74222 u=rob | paramiko [vyos-wan] |   File "/Users/rob/.local/share/virtualenvs/vyos-eveng-b9X2mBdh/lib/python3.9/site-packages/paramiko/packet.py", line 374, in readline
2023-08-31 21:51:51,472 p=74223 u=rob n=p=74223 u=rob | paramiko [client] | 
2023-08-31 21:51:51,472 p=74222 u=rob n=p=74222 u=rob | paramiko [vyos-wan] |     buf += self._read_timeout(timeout)
2023-08-31 21:51:51,472 p=74223 u=rob n=p=74223 u=rob | paramiko [client] | During handling of the above exception, another exception occurred:
2023-08-31 21:51:51,472 p=74222 u=rob n=p=74222 u=rob | paramiko [vyos-wan] |   File "/Users/rob/.local/share/virtualenvs/vyos-eveng-b9X2mBdh/lib/python3.9/site-packages/paramiko/packet.py", line 611, in _read_timeout
2023-08-31 21:51:51,472 p=74223 u=rob n=p=74223 u=rob | paramiko [client] | 
2023-08-31 21:51:51,473 p=74222 u=rob n=p=74222 u=rob | paramiko [vyos-wan] |     raise socket.timeout()
2023-08-31 21:51:51,473 p=74223 u=rob n=p=74223 u=rob | paramiko [client] | Traceback (most recent call last):
2023-08-31 21:51:51,473 p=74222 u=rob n=p=74222 u=rob | paramiko [vyos-wan] | socket.timeout
2023-08-31 21:51:51,473 p=74223 u=rob n=p=74223 u=rob | paramiko [client] |   File "/Users/rob/.local/share/virtualenvs/vyos-eveng-b9X2mBdh/lib/python3.9/site-packages/paramiko/transport.py", line 2093, in run
2023-08-31 21:51:51,473 p=74222 u=rob n=p=74222 u=rob | paramiko [vyos-wan] | 
2023-08-31 21:51:51,473 p=74223 u=rob n=p=74223 u=rob | paramiko [client] |     self._check_banner()
2023-08-31 21:51:51,473 p=74222 u=rob n=p=74222 u=rob | paramiko [vyos-wan] | During handling of the above exception, another exception occurred:
2023-08-31 21:51:51,473 p=74223 u=rob n=p=74223 u=rob | paramiko [client] |   File "/Users/rob/.local/share/virtualenvs/vyos-eveng-b9X2mBdh/lib/python3.9/site-packages/paramiko/transport.py", line 2274, in _check_banner
2023-08-31 21:51:51,473 p=74222 u=rob n=p=74222 u=rob | paramiko [vyos-wan] | 
2023-08-31 21:51:51,473 p=74223 u=rob n=p=74223 u=rob | paramiko [client] |     raise SSHException(
2023-08-31 21:51:51,473 p=74222 u=rob n=p=74222 u=rob | paramiko [vyos-wan] | Traceback (most recent call last):
2023-08-31 21:51:51,474 p=74223 u=rob n=p=74223 u=rob | paramiko [client] | paramiko.ssh_exception.SSHException: Error reading SSH protocol banner
2023-08-31 21:51:51,474 p=74222 u=rob n=p=74222 u=rob | paramiko [vyos-wan] |   File "/Users/rob/.local/share/virtualenvs/vyos-eveng-b9X2mBdh/lib/python3.9/site-packages/paramiko/transport.py", line 2093, in run
2023-08-31 21:51:51,474 p=74223 u=rob n=p=74223 u=rob | paramiko [client] | 
2023-08-31 21:51:51,474 p=74222 u=rob n=p=74222 u=rob | paramiko [vyos-wan] |     self._check_banner()
2023-08-31 21:51:51,474 p=74222 u=rob n=p=74222 u=rob | paramiko [vyos-wan] |   File "/Users/rob/.local/share/virtualenvs/vyos-eveng-b9X2mBdh/lib/python3.9/site-packages/paramiko/transport.py", line 2274, in _check_banner
2023-08-31 21:51:51,474 p=74222 u=rob n=p=74222 u=rob | paramiko [vyos-wan] |     raise SSHException(
2023-08-31 21:51:51,474 p=74222 u=rob n=p=74222 u=rob | paramiko [vyos-wan] | paramiko.ssh_exception.SSHException: Error reading SSH protocol banner
2023-08-31 21:51:51,475 p=74222 u=rob n=p=74222 u=rob | paramiko [vyos-wan] | 
2023-08-31 21:51:53,546 p=74223 u=rob n=p=74223 u=rob | paramiko [client] | Connected (version 2.0, client OpenSSH_9.2p1)
2023-08-31 21:51:53,564 p=74222 u=rob n=p=74222 u=rob | paramiko [vyos-wan] | Connected (version 2.0, client OpenSSH_9.2p1)
2023-08-31 21:51:53,817 p=74223 u=rob n=p=74223 u=rob | paramiko [client] | Authentication (publickey) successful!
2023-08-31 21:51:53,836 p=74222 u=rob n=p=74222 u=rob | paramiko [vyos-wan] | Authentication (publickey) successful!
2023-08-31 21:51:55,165 p=73753 u=rob n=ansible | ok: [vyos-wan]
2023-08-31 21:51:55,165 p=73753 u=rob n=ansible | ok: [client]
2023-08-31 21:51:55,168 p=73753 u=rob n=ansible | TASK [eve-ng-lab-test : setup nodes] ***************************************************************************************************************************************************************
2023-08-31 21:51:55,190 p=73753 u=rob n=ansible | skipping: [eveng]
2023-08-31 21:51:55,190 p=73753 u=rob n=ansible | skipping: [vyos-oobm]
2023-08-31 21:51:56,125 p=74000 u=rob n=ansible | [DEPRECATION WARNING]: PlayContext.verbosity is deprecated, use 
ansible.utils.display.Display.verbosity instead. This feature will be removed 
in version 2.18. Deprecation warnings can be disabled by setting 
deprecation_warnings=False in ansible.cfg.
2023-08-31 21:51:56,125 p=74001 u=rob n=ansible | [DEPRECATION WARNING]: PlayContext.verbosity is deprecated, use 
ansible.utils.display.Display.verbosity instead. This feature will be removed 
in version 2.18. Deprecation warnings can be disabled by setting 
deprecation_warnings=False in ansible.cfg.
2023-08-31 21:51:57,018 p=74000 u=rob n=p=74000 u=rob | paramiko [client] | Connected (version 2.0, client OpenSSH_9.2p1)
2023-08-31 21:51:57,025 p=74001 u=rob n=p=74001 u=rob | paramiko [vyos-wan] | Connected (version 2.0, client OpenSSH_9.2p1)
2023-08-31 21:51:57,267 p=74000 u=rob n=p=74000 u=rob | paramiko [client] | Authentication (publickey) successful!
2023-08-31 21:51:57,271 p=74001 u=rob n=p=74001 u=rob | paramiko [vyos-wan] | Authentication (publickey) successful!
2023-08-31 21:52:03,730 p=73753 u=rob n=ansible | [WARNING]: To ensure idempotency and correct diff the input configuration lines should be similar to how they appear if present in the running configuration on device including the indentation

2023-08-31 21:52:03,731 p=73753 u=rob n=ansible | changed: [client]
2023-08-31 21:52:04,862 p=73753 u=rob n=ansible | changed: [vyos-wan]
2023-08-31 21:52:04,879 p=73753 u=rob n=ansible | TASK [eve-ng-lab-test : Register external IP in Tunnelbroker] **************************************************************************************************************************************
2023-08-31 21:52:04,905 p=73753 u=rob n=ansible | skipping: [eveng]
2023-08-31 21:52:04,913 p=73753 u=rob n=ansible | skipping: [vyos-oobm]
2023-08-31 21:52:04,923 p=73753 u=rob n=ansible | skipping: [client]
2023-08-31 21:52:17,562 p=73753 u=rob n=ansible | ok: [vyos-wan -> eveng(eve-ng)]
2023-08-31 21:52:17,569 p=73753 u=rob n=ansible | TASK [eve-ng-lab-test : get ipv4 address of vyos-wan (eth1)] ***************************************************************************************************************************************
2023-08-31 21:52:17,597 p=73753 u=rob n=ansible | skipping: [eveng]
2023-08-31 21:52:17,606 p=73753 u=rob n=ansible | skipping: [vyos-oobm]
2023-08-31 21:52:17,617 p=73753 u=rob n=ansible | skipping: [client]
2023-08-31 21:52:18,676 p=73753 u=rob n=ansible | ok: [vyos-wan]
2023-08-31 21:52:18,688 p=73753 u=rob n=ansible | TASK [eve-ng-lab-test : Set variables] *************************************************************************************************************************************************************
2023-08-31 21:52:18,717 p=73753 u=rob n=ansible | skipping: [eveng]
2023-08-31 21:52:18,727 p=73753 u=rob n=ansible | skipping: [vyos-oobm]
2023-08-31 21:52:18,738 p=73753 u=rob n=ansible | skipping: [client]
2023-08-31 21:52:19,628 p=73753 u=rob n=ansible | ok: [vyos-wan]
2023-08-31 21:52:19,641 p=73753 u=rob n=ansible | TASK [eve-ng-lab-test : setup vyos-wan] ************************************************************************************************************************************************************
2023-08-31 21:52:19,671 p=73753 u=rob n=ansible | skipping: [eveng]
2023-08-31 21:52:19,682 p=73753 u=rob n=ansible | skipping: [vyos-oobm]
2023-08-31 21:52:19,691 p=73753 u=rob n=ansible | skipping: [client]
2023-08-31 21:52:27,796 p=73753 u=rob n=ansible | changed: [vyos-wan]
2023-08-31 21:52:27,813 p=73753 u=rob n=ansible | TASK [eve-ng-lab-test : tunnelbroker: Login to EVE-NG and get Cookie] ******************************************************************************************************************************
2023-08-31 21:52:27,842 p=73753 u=rob n=ansible | skipping: [vyos-oobm]
2023-08-31 21:52:27,845 p=73753 u=rob n=ansible | skipping: [vyos-wan]
2023-08-31 21:52:27,851 p=73753 u=rob n=ansible | skipping: [client]
2023-08-31 21:52:28,511 p=73753 u=rob n=ansible | ok: [eveng]
2023-08-31 21:52:28,521 p=73753 u=rob n=ansible | TASK [eve-ng-lab-test : tunnelbroker: stop nodes id] ***********************************************************************************************************************************************
2023-08-31 21:52:28,553 p=73753 u=rob n=ansible | skipping: [eveng]
2023-08-31 21:52:28,556 p=73753 u=rob n=ansible | skipping: [vyos-oobm]
2023-08-31 21:52:28,560 p=73753 u=rob n=ansible | skipping: [vyos-wan]
2023-08-31 21:52:28,566 p=73753 u=rob n=ansible | skipping: [client]
2023-08-31 21:52:28,570 p=73753 u=rob n=ansible | TASK [eve-ng-lab-test : tunnelbroker: wait after stop] *********************************************************************************************************************************************
2023-08-31 21:52:28,583 p=73753 u=rob n=ansible | Pausing for 5 seconds
2023-08-31 21:52:28,584 p=73753 u=rob n=ansible | (ctrl+C then 'C' = continue early, ctrl+C then 'A' = abort)
2023-08-31 21:52:33,601 p=73753 u=rob n=ansible | ok: [eveng]
2023-08-31 21:52:33,618 p=73753 u=rob n=ansible | TASK [eve-ng-lab-test : tunnelbroker: start nodes id] **********************************************************************************************************************************************
2023-08-31 21:52:33,650 p=73753 u=rob n=ansible | skipping: [eveng]
2023-08-31 21:52:33,652 p=73753 u=rob n=ansible | skipping: [vyos-oobm]
2023-08-31 21:52:33,659 p=73753 u=rob n=ansible | skipping: [vyos-wan]
2023-08-31 21:52:33,666 p=73753 u=rob n=ansible | skipping: [client]
2023-08-31 21:52:33,670 p=73753 u=rob n=ansible | TASK [eve-ng-lab-test : tunnelbroker: wait after start] ********************************************************************************************************************************************
2023-08-31 21:52:33,682 p=73753 u=rob n=ansible | Pausing for 5 seconds
2023-08-31 21:52:33,683 p=73753 u=rob n=ansible | (ctrl+C then 'C' = continue early, ctrl+C then 'A' = abort)
2023-08-31 21:52:38,701 p=73753 u=rob n=ansible | ok: [eveng]
2023-08-31 21:52:38,719 p=73753 u=rob n=ansible | TASK [eve-ng-lab-test : tunnelbroker: wait, b/c the ping often failed without a short break] *******************************************************************************************************
2023-08-31 21:52:38,736 p=73753 u=rob n=ansible | Pausing for 30 seconds
2023-08-31 21:52:38,736 p=73753 u=rob n=ansible | (ctrl+C then 'C' = continue early, ctrl+C then 'A' = abort)
2023-08-31 21:53:08,754 p=73753 u=rob n=ansible | ok: [eveng]
2023-08-31 21:53:08,768 p=73753 u=rob n=ansible | TASK [eve-ng-lab-test : tunnelbroker: do ping test] ************************************************************************************************************************************************
2023-08-31 21:53:08,802 p=73753 u=rob n=ansible | skipping: [eveng]
2023-08-31 21:53:08,805 p=73753 u=rob n=ansible | skipping: [vyos-oobm]
2023-08-31 21:53:14,549 p=73753 u=rob n=ansible | ok: [vyos-wan] => (item=tunnelbroker.net)
2023-08-31 21:53:15,162 p=73753 u=rob n=ansible | ok: [client] => (item=2001:470:20::2)
2023-08-31 21:53:15,177 p=73753 u=rob n=ansible | TASK [eve-ng-lab-test : tunnelbroker: execute test commands] ***************************************************************************************************************************************
2023-08-31 21:53:15,210 p=73753 u=rob n=ansible | skipping: [eveng]
2023-08-31 21:53:15,211 p=73753 u=rob n=ansible | skipping: [vyos-oobm]
2023-08-31 21:53:15,216 p=73753 u=rob n=ansible | skipping: [vyos-wan]
2023-08-31 21:53:15,222 p=73753 u=rob n=ansible | skipping: [client]
2023-08-31 21:53:15,226 p=73753 u=rob n=ansible | TASK [eve-ng-lab-test : tunnelbroker: register stdout commands] ************************************************************************************************************************************
2023-08-31 21:53:15,248 p=73753 u=rob n=ansible | skipping: [eveng]
2023-08-31 21:53:15,251 p=73753 u=rob n=ansible | skipping: [vyos-oobm]
2023-08-31 21:53:19,509 p=73753 u=rob n=ansible | ok: [client] => (item={'name': 'ping_ip', 'command': 'ping 2001:470:20::2 count 4'})
2023-08-31 21:53:19,515 p=73753 u=rob n=ansible | ok: [vyos-wan] => (item={'name': 'ping_ip', 'command': 'ping 2001:470:20::2 count 4'})
2023-08-31 21:53:24,065 p=73753 u=rob n=ansible | ok: [vyos-wan] => (item={'name': 'ping_name', 'command': 'ping tunnelbroker.net count 4'})
2023-08-31 21:53:24,080 p=73753 u=rob n=ansible | TASK [eve-ng-lab-test : tunnelbroker: Set variables] ***********************************************************************************************************************************************
2023-08-31 21:53:24,110 p=73753 u=rob n=ansible | skipping: [eveng]
2023-08-31 21:53:24,113 p=73753 u=rob n=ansible | skipping: [vyos-oobm]
2023-08-31 21:53:25,039 p=73753 u=rob n=ansible | ok: [vyos-wan]
2023-08-31 21:53:25,040 p=73753 u=rob n=ansible | ok: [client]
2023-08-31 21:53:25,049 p=73753 u=rob n=ansible | TASK [eve-ng-lab-test : tunnelbroker: Reboot vyos] *************************************************************************************************************************************************
2023-08-31 21:53:25,079 p=73753 u=rob n=ansible | skipping: [eveng]
2023-08-31 21:53:25,080 p=73753 u=rob n=ansible | skipping: [vyos-oobm]
2023-08-31 21:53:26,212 p=73753 u=rob n=ansible | ok: [client]
2023-08-31 21:53:26,212 p=73753 u=rob n=ansible | ok: [vyos-wan]
2023-08-31 21:53:26,223 p=73753 u=rob n=ansible | TASK [eve-ng-lab-test : tunnelbroker: wait while shutdown] *****************************************************************************************************************************************
2023-08-31 21:53:26,246 p=73753 u=rob n=ansible | skipping: [eveng]
2023-08-31 21:53:26,251 p=73753 u=rob n=ansible | TASK [eve-ng-lab-test : tunnelbroker: Wait for vyos nodes] *****************************************************************************************************************************************
2023-08-31 21:53:26,268 p=73753 u=rob n=ansible | skipping: [eveng]
2023-08-31 21:53:26,277 p=73753 u=rob n=ansible | skipping: [vyos-oobm]
2023-08-31 21:53:27,200 p=73753 u=rob n=ansible | [DEPRECATION WARNING]: PlayContext.verbosity is deprecated, use ansible.utils.display.Display.verbosity instead. This feature will be removed in version 2.18. Deprecation warnings can be disabled
 by setting deprecation_warnings=False in ansible.cfg.
2023-08-31 21:53:27,200 p=73753 u=rob n=ansible | [DEPRECATION WARNING]: PlayContext.verbosity is deprecated, use ansible.utils.display.Display.verbosity instead. This feature will be removed in version 2.18. Deprecation warnings can be disabled
 by setting deprecation_warnings=False in ansible.cfg.
2023-08-31 21:53:28,164 p=74415 u=rob n=p=74415 u=rob | paramiko [client] | Connected (version 2.0, client OpenSSH_9.2p1)
2023-08-31 21:53:28,164 p=74414 u=rob n=p=74414 u=rob | paramiko [vyos-wan] | Connected (version 2.0, client OpenSSH_9.2p1)
2023-08-31 21:53:28,454 p=74415 u=rob n=p=74415 u=rob | paramiko [client] | Authentication (publickey) successful!
2023-08-31 21:53:28,489 p=74414 u=rob n=p=74414 u=rob | paramiko [vyos-wan] | Authentication (publickey) successful!
2023-08-31 21:53:29,492 p=73753 u=rob n=ansible | ok: [client]
2023-08-31 21:53:29,493 p=73753 u=rob n=ansible | ok: [vyos-wan]
2023-08-31 21:53:29,496 p=73753 u=rob n=ansible | TASK [eve-ng-lab-test : tunnelbroker: Login to EVE-NG and get Cookie] ******************************************************************************************************************************
2023-08-31 21:53:29,516 p=73753 u=rob n=ansible | skipping: [vyos-oobm]
2023-08-31 21:53:29,519 p=73753 u=rob n=ansible | skipping: [vyos-wan]
2023-08-31 21:53:29,525 p=73753 u=rob n=ansible | skipping: [client]
2023-08-31 21:53:30,437 p=73753 u=rob n=ansible | ok: [eveng]
2023-08-31 21:53:30,443 p=73753 u=rob n=ansible | TASK [eve-ng-lab-test : tunnelbroker: stop nodes id] ***********************************************************************************************************************************************
2023-08-31 21:53:30,474 p=73753 u=rob n=ansible | skipping: [eveng]
2023-08-31 21:53:30,479 p=73753 u=rob n=ansible | skipping: [vyos-oobm]
2023-08-31 21:53:30,485 p=73753 u=rob n=ansible | skipping: [vyos-wan]
2023-08-31 21:53:30,491 p=73753 u=rob n=ansible | skipping: [client]
2023-08-31 21:53:30,495 p=73753 u=rob n=ansible | TASK [eve-ng-lab-test : tunnelbroker: wait after stop] *********************************************************************************************************************************************
2023-08-31 21:53:30,510 p=73753 u=rob n=ansible | Pausing for 5 seconds
2023-08-31 21:53:30,510 p=73753 u=rob n=ansible | (ctrl+C then 'C' = continue early, ctrl+C then 'A' = abort)
2023-08-31 21:53:35,527 p=73753 u=rob n=ansible | ok: [eveng]
2023-08-31 21:53:35,546 p=73753 u=rob n=ansible | TASK [eve-ng-lab-test : tunnelbroker: start nodes id] **********************************************************************************************************************************************
2023-08-31 21:53:35,573 p=73753 u=rob n=ansible | skipping: [eveng]
2023-08-31 21:53:35,577 p=73753 u=rob n=ansible | skipping: [vyos-oobm]
2023-08-31 21:53:35,584 p=73753 u=rob n=ansible | skipping: [vyos-wan]
2023-08-31 21:53:35,590 p=73753 u=rob n=ansible | skipping: [client]
2023-08-31 21:53:35,594 p=73753 u=rob n=ansible | TASK [eve-ng-lab-test : tunnelbroker: wait after start] ********************************************************************************************************************************************
2023-08-31 21:53:35,608 p=73753 u=rob n=ansible | Pausing for 5 seconds
2023-08-31 21:53:35,609 p=73753 u=rob n=ansible | (ctrl+C then 'C' = continue early, ctrl+C then 'A' = abort)
2023-08-31 21:53:40,634 p=73753 u=rob n=ansible | ok: [eveng]
2023-08-31 21:53:40,643 p=73753 u=rob n=ansible | TASK [eve-ng-lab-test : tunnelbroker: wait, b/c the ping often failed without a short break] *******************************************************************************************************
2023-08-31 21:53:40,664 p=73753 u=rob n=ansible | Pausing for 30 seconds
2023-08-31 21:53:40,665 p=73753 u=rob n=ansible | (ctrl+C then 'C' = continue early, ctrl+C then 'A' = abort)
2023-08-31 21:54:10,684 p=73753 u=rob n=ansible | ok: [eveng]
2023-08-31 21:54:10,700 p=73753 u=rob n=ansible | TASK [eve-ng-lab-test : tunnelbroker: do ping test] ************************************************************************************************************************************************
2023-08-31 21:54:10,738 p=73753 u=rob n=ansible | skipping: [eveng]
2023-08-31 21:54:10,741 p=73753 u=rob n=ansible | skipping: [vyos-oobm]
2023-08-31 21:54:16,091 p=73753 u=rob n=ansible | ok: [client] => (item=2001:470:20::2)
2023-08-31 21:54:16,273 p=73753 u=rob n=ansible | ok: [vyos-wan] => (item=tunnelbroker.net)
2023-08-31 21:54:16,283 p=73753 u=rob n=ansible | TASK [eve-ng-lab-test : tunnelbroker: execute test commands] ***************************************************************************************************************************************
2023-08-31 21:54:16,316 p=73753 u=rob n=ansible | skipping: [eveng]
2023-08-31 21:54:16,318 p=73753 u=rob n=ansible | skipping: [vyos-oobm]
2023-08-31 21:54:16,325 p=73753 u=rob n=ansible | skipping: [vyos-wan]
2023-08-31 21:54:16,330 p=73753 u=rob n=ansible | skipping: [client]
2023-08-31 21:54:16,335 p=73753 u=rob n=ansible | TASK [eve-ng-lab-test : tunnelbroker: register stdout commands] ************************************************************************************************************************************
2023-08-31 21:54:16,358 p=73753 u=rob n=ansible | skipping: [eveng]
2023-08-31 21:54:16,361 p=73753 u=rob n=ansible | skipping: [vyos-oobm]
2023-08-31 21:54:16,367 p=73753 u=rob n=ansible | skipping: [vyos-wan] => (item={'name': 'ping_ip', 'command': 'ping 2001:470:20::2 count 4'}) 
2023-08-31 21:54:16,370 p=73753 u=rob n=ansible | skipping: [client] => (item={'name': 'ping_ip', 'command': 'ping 2001:470:20::2 count 4'}) 
2023-08-31 21:54:16,373 p=73753 u=rob n=ansible | skipping: [vyos-wan] => (item={'name': 'ping_name', 'command': 'ping tunnelbroker.net count 4'}) 
2023-08-31 21:54:16,374 p=73753 u=rob n=ansible | skipping: [client]
2023-08-31 21:54:16,374 p=73753 u=rob n=ansible | skipping: [vyos-wan]
2023-08-31 21:54:16,378 p=73753 u=rob n=ansible | TASK [eve-ng-lab-test : tunnelbroker: Set variables] ***********************************************************************************************************************************************
2023-08-31 21:54:16,398 p=73753 u=rob n=ansible | skipping: [eveng]
2023-08-31 21:54:16,401 p=73753 u=rob n=ansible | skipping: [vyos-oobm]
2023-08-31 21:54:16,405 p=73753 u=rob n=ansible | skipping: [vyos-wan]
2023-08-31 21:54:16,409 p=73753 u=rob n=ansible | skipping: [client]
2023-08-31 21:54:16,413 p=73753 u=rob n=ansible | TASK [eve-ng-lab-test : tunnelbroker: ake sure tmp dir exist] **************************************************************************************************************************************
2023-08-31 21:54:16,430 p=73753 u=rob n=ansible | skipping: [eveng]
2023-08-31 21:54:16,439 p=73753 u=rob n=ansible | skipping: [vyos-oobm]
2023-08-31 21:54:16,439 p=73753 u=rob n=ansible | skipping: [vyos-wan]
2023-08-31 21:54:16,446 p=73753 u=rob n=ansible | skipping: [client]
2023-08-31 21:54:16,449 p=73753 u=rob n=ansible | TASK [eve-ng-lab-test : tunnelbroker: register status of tmp/] *************************************************************************************************************************************
2023-08-31 21:54:16,463 p=73753 u=rob n=ansible | skipping: [eveng]
2023-08-31 21:54:16,472 p=73753 u=rob n=ansible | skipping: [vyos-oobm]
2023-08-31 21:54:16,474 p=73753 u=rob n=ansible | skipping: [vyos-wan]
2023-08-31 21:54:16,479 p=73753 u=rob n=ansible | skipping: [client]
2023-08-31 21:54:16,483 p=73753 u=rob n=ansible | TASK [eve-ng-lab-test : tunnelbroker: ownload upgrade_iso] *****************************************************************************************************************************************
2023-08-31 21:54:16,500 p=73753 u=rob n=ansible | skipping: [eveng]
2023-08-31 21:54:16,508 p=73753 u=rob n=ansible | skipping: [vyos-oobm]
2023-08-31 21:54:16,510 p=73753 u=rob n=ansible | skipping: [vyos-wan]
2023-08-31 21:54:16,515 p=73753 u=rob n=ansible | skipping: [client]
2023-08-31 21:54:16,519 p=73753 u=rob n=ansible | TASK [eve-ng-lab-test : tunnelbroker: Copy iso to host] ********************************************************************************************************************************************
2023-08-31 21:54:16,533 p=73753 u=rob n=ansible | skipping: [eveng]
2023-08-31 21:54:16,541 p=73753 u=rob n=ansible | skipping: [vyos-oobm]
2023-08-31 21:54:16,544 p=73753 u=rob n=ansible | skipping: [vyos-wan]
2023-08-31 21:54:16,549 p=73753 u=rob n=ansible | skipping: [client]
2023-08-31 21:54:16,553 p=73753 u=rob n=ansible | TASK [eve-ng-lab-test : tunnelbroker: upgrade vyos] ************************************************************************************************************************************************
2023-08-31 21:54:16,574 p=73753 u=rob n=ansible | skipping: [eveng]
2023-08-31 21:54:16,575 p=73753 u=rob n=ansible | skipping: [vyos-oobm]
2023-08-31 21:54:16,577 p=73753 u=rob n=ansible | skipping: [vyos-wan]
2023-08-31 21:54:16,582 p=73753 u=rob n=ansible | skipping: [client]
2023-08-31 21:54:16,585 p=73753 u=rob n=ansible | TASK [eve-ng-lab-test : tunnelbroker: Reboot vyos] *************************************************************************************************************************************************
2023-08-31 21:54:16,607 p=73753 u=rob n=ansible | skipping: [eveng]
2023-08-31 21:54:16,607 p=73753 u=rob n=ansible | skipping: [vyos-oobm]
2023-08-31 21:54:16,609 p=73753 u=rob n=ansible | skipping: [vyos-wan]
2023-08-31 21:54:16,613 p=73753 u=rob n=ansible | skipping: [client]
2023-08-31 21:54:16,616 p=73753 u=rob n=ansible | TASK [eve-ng-lab-test : tunnelbroker: wait while shutdown] *****************************************************************************************************************************************
2023-08-31 21:54:16,627 p=73753 u=rob n=ansible | skipping: [eveng]
2023-08-31 21:54:16,630 p=73753 u=rob n=ansible | TASK [eve-ng-lab-test : tunnelbroker: Wait for vyos nodes] *****************************************************************************************************************************************
2023-08-31 21:54:16,652 p=73753 u=rob n=ansible | skipping: [eveng]
2023-08-31 21:54:16,652 p=73753 u=rob n=ansible | skipping: [vyos-oobm]
2023-08-31 21:54:16,654 p=73753 u=rob n=ansible | skipping: [vyos-wan]
2023-08-31 21:54:16,659 p=73753 u=rob n=ansible | skipping: [client]
2023-08-31 21:54:16,663 p=73753 u=rob n=ansible | TASK [eve-ng-lab-test : tunnelbroker: clear tmp dir] ***********************************************************************************************************************************************
2023-08-31 21:54:16,673 p=73753 u=rob n=ansible | skipping: [eveng]
2023-08-31 21:54:16,676 p=73753 u=rob n=ansible | TASK [eve-ng-lab-test : tunnelbroker: Login to EVE-NG and get Cookie] ******************************************************************************************************************************
2023-08-31 21:54:16,696 p=73753 u=rob n=ansible | skipping: [eveng]
2023-08-31 21:54:16,697 p=73753 u=rob n=ansible | skipping: [vyos-oobm]
2023-08-31 21:54:16,699 p=73753 u=rob n=ansible | skipping: [vyos-wan]
2023-08-31 21:54:16,704 p=73753 u=rob n=ansible | skipping: [client]
2023-08-31 21:54:16,707 p=73753 u=rob n=ansible | TASK [eve-ng-lab-test : tunnelbroker: stop nodes id] ***********************************************************************************************************************************************
2023-08-31 21:54:16,727 p=73753 u=rob n=ansible | skipping: [eveng]
2023-08-31 21:54:16,730 p=73753 u=rob n=ansible | skipping: [vyos-oobm]
2023-08-31 21:54:16,735 p=73753 u=rob n=ansible | skipping: [vyos-wan]
2023-08-31 21:54:16,740 p=73753 u=rob n=ansible | skipping: [client]
2023-08-31 21:54:16,744 p=73753 u=rob n=ansible | TASK [eve-ng-lab-test : tunnelbroker: wait after stop] *********************************************************************************************************************************************
2023-08-31 21:54:16,754 p=73753 u=rob n=ansible | skipping: [eveng]
2023-08-31 21:54:16,757 p=73753 u=rob n=ansible | TASK [eve-ng-lab-test : tunnelbroker: start nodes id] **********************************************************************************************************************************************
2023-08-31 21:54:16,777 p=73753 u=rob n=ansible | skipping: [eveng]
2023-08-31 21:54:16,780 p=73753 u=rob n=ansible | skipping: [vyos-oobm]
2023-08-31 21:54:16,785 p=73753 u=rob n=ansible | skipping: [vyos-wan]
2023-08-31 21:54:16,790 p=73753 u=rob n=ansible | skipping: [client]
2023-08-31 21:54:16,793 p=73753 u=rob n=ansible | TASK [eve-ng-lab-test : tunnelbroker: wait after start] ********************************************************************************************************************************************
2023-08-31 21:54:16,806 p=73753 u=rob n=ansible | skipping: [eveng]
2023-08-31 21:54:16,809 p=73753 u=rob n=ansible | TASK [eve-ng-lab-test : tunnelbroker: wait, b/c the ping often failed without a short break] *******************************************************************************************************
2023-08-31 21:54:16,819 p=73753 u=rob n=ansible | skipping: [eveng]
2023-08-31 21:54:16,822 p=73753 u=rob n=ansible | TASK [eve-ng-lab-test : tunnelbroker: do ping test] ************************************************************************************************************************************************
2023-08-31 21:54:16,842 p=73753 u=rob n=ansible | skipping: [eveng]
2023-08-31 21:54:16,842 p=73753 u=rob n=ansible | skipping: [vyos-oobm]
2023-08-31 21:54:16,845 p=73753 u=rob n=ansible | skipping: [vyos-wan] => (item=tunnelbroker.net) 
2023-08-31 21:54:16,847 p=73753 u=rob n=ansible | skipping: [vyos-wan]
2023-08-31 21:54:16,852 p=73753 u=rob n=ansible | skipping: [client] => (item=2001:470:20::2) 
2023-08-31 21:54:16,854 p=73753 u=rob n=ansible | skipping: [client]
2023-08-31 21:54:16,857 p=73753 u=rob n=ansible | TASK [eve-ng-lab-test : tunnelbroker: execute test commands] ***************************************************************************************************************************************
2023-08-31 21:54:16,878 p=73753 u=rob n=ansible | skipping: [eveng]
2023-08-31 21:54:16,880 p=73753 u=rob n=ansible | skipping: [vyos-oobm]
2023-08-31 21:54:16,880 p=73753 u=rob n=ansible | skipping: [vyos-wan]
2023-08-31 21:54:16,885 p=73753 u=rob n=ansible | skipping: [client]
2023-08-31 21:54:16,888 p=73753 u=rob n=ansible | TASK [eve-ng-lab-test : tunnelbroker: register stdout commands] ************************************************************************************************************************************
2023-08-31 21:54:16,908 p=73753 u=rob n=ansible | skipping: [eveng]
2023-08-31 21:54:16,908 p=73753 u=rob n=ansible | skipping: [vyos-oobm]
2023-08-31 21:54:16,915 p=73753 u=rob n=ansible | skipping: [vyos-wan] => (item={'name': 'ping_ip', 'command': 'ping 2001:470:20::2 count 4'}) 
2023-08-31 21:54:16,917 p=73753 u=rob n=ansible | skipping: [vyos-wan] => (item={'name': 'ping_name', 'command': 'ping tunnelbroker.net count 4'}) 
2023-08-31 21:54:16,919 p=73753 u=rob n=ansible | skipping: [client] => (item={'name': 'ping_ip', 'command': 'ping 2001:470:20::2 count 4'}) 
2023-08-31 21:54:16,920 p=73753 u=rob n=ansible | skipping: [vyos-wan]
2023-08-31 21:54:16,920 p=73753 u=rob n=ansible | skipping: [client]
2023-08-31 21:54:16,924 p=73753 u=rob n=ansible | TASK [eve-ng-lab-test : tunnelbroker: Set variables] ***********************************************************************************************************************************************
2023-08-31 21:54:16,943 p=73753 u=rob n=ansible | skipping: [eveng]
2023-08-31 21:54:16,944 p=73753 u=rob n=ansible | skipping: [vyos-oobm]
2023-08-31 21:54:16,946 p=73753 u=rob n=ansible | skipping: [vyos-wan]
2023-08-31 21:54:16,952 p=73753 u=rob n=ansible | skipping: [client]
2023-08-31 21:54:16,956 p=73753 u=rob n=ansible | TASK [eve-ng-lab-test : tunnelbroker: make sure output dir exist] **********************************************************************************************************************************
2023-08-31 21:54:16,979 p=73753 u=rob n=ansible | skipping: [vyos-oobm]
2023-08-31 21:54:16,981 p=73753 u=rob n=ansible | skipping: [vyos-wan]
2023-08-31 21:54:16,987 p=73753 u=rob n=ansible | skipping: [client]
2023-08-31 21:54:17,109 p=73753 u=rob n=ansible | ok: [eveng -> localhost]
2023-08-31 21:54:17,114 p=73753 u=rob n=ansible | TASK [eve-ng-lab-test : tunnelbroker: make sure output include dir exist] **************************************************************************************************************************
2023-08-31 21:54:17,136 p=73753 u=rob n=ansible | skipping: [vyos-oobm]
2023-08-31 21:54:17,139 p=73753 u=rob n=ansible | skipping: [vyos-wan]
2023-08-31 21:54:17,145 p=73753 u=rob n=ansible | skipping: [client]
2023-08-31 21:54:17,270 p=73753 u=rob n=ansible | ok: [eveng -> localhost]
2023-08-31 21:54:17,272 p=73753 u=rob n=ansible | TASK [eve-ng-lab-test : tunnelbroker: Get timestamp from the system] *******************************************************************************************************************************
2023-08-31 21:54:17,291 p=73753 u=rob n=ansible | skipping: [vyos-oobm]
2023-08-31 21:54:17,294 p=73753 u=rob n=ansible | skipping: [vyos-wan]
2023-08-31 21:54:17,300 p=73753 u=rob n=ansible | skipping: [client]
2023-08-31 21:54:17,489 p=73753 u=rob n=ansible | changed: [eveng]
2023-08-31 21:54:17,495 p=73753 u=rob n=ansible | TASK [eve-ng-lab-test : tunnelbroker: Set variables] ***********************************************************************************************************************************************
2023-08-31 21:54:17,520 p=73753 u=rob n=ansible | ok: [eveng]
2023-08-31 21:54:17,523 p=73753 u=rob n=ansible | skipping: [vyos-oobm]
2023-08-31 21:54:17,523 p=73753 u=rob n=ansible | skipping: [vyos-wan]
2023-08-31 21:54:17,529 p=73753 u=rob n=ansible | skipping: [client]
2023-08-31 21:54:17,533 p=73753 u=rob n=ansible | TASK [eve-ng-lab-test : tunnelbroker: generate lab rst file] ***************************************************************************************************************************************
2023-08-31 21:54:17,555 p=73753 u=rob n=ansible | skipping: [vyos-oobm]
2023-08-31 21:54:17,557 p=73753 u=rob n=ansible | skipping: [vyos-wan]
2023-08-31 21:54:17,563 p=73753 u=rob n=ansible | skipping: [client]
2023-08-31 21:54:17,814 p=73753 u=rob n=ansible | changed: [eveng -> localhost]
2023-08-31 21:54:17,819 p=73753 u=rob n=ansible | TASK [eve-ng-lab-test : tunnelbroker: find all *.conf files in Lab] ********************************************************************************************************************************
2023-08-31 21:54:17,841 p=73753 u=rob n=ansible | skipping: [vyos-oobm]
2023-08-31 21:54:17,843 p=73753 u=rob n=ansible | skipping: [vyos-wan]
2023-08-31 21:54:17,849 p=73753 u=rob n=ansible | skipping: [client]
2023-08-31 21:54:18,021 p=73753 u=rob n=ansible | ok: [eveng -> localhost]
2023-08-31 21:54:18,027 p=73753 u=rob n=ansible | TASK [eve-ng-lab-test : tunnelbroker: copy all *.conf files] ***************************************************************************************************************************************
2023-08-31 21:54:18,055 p=73753 u=rob n=ansible | skipping: [vyos-oobm]
2023-08-31 21:54:18,055 p=73753 u=rob n=ansible | skipping: [vyos-wan]
2023-08-31 21:54:18,062 p=73753 u=rob n=ansible | skipping: [client]
2023-08-31 21:54:18,307 p=73753 u=rob n=ansible | ok: [eveng -> localhost] => (item={'path': 'labs/tunnelbroker/vyos-wan_tun0.conf', 'mode': '0644', 'isdir': False, 'ischr': False, 'isblk': False, 'isreg': True, 'isfifo': False, 'islnk': False, 'issock': False, 'uid': 501, 'gid': 20, 'size': 931, 'inode': 11076333, 'dev': 16777229, 'nlink': 1, 'atime': 1686132323.9467034, 'mtime': 1686132322.67604, 'ctime': 1686132322.67604, 'gr_name': 'staff', 'pw_name': 'rob', 'wusr': True, 'rusr': True, 'xusr': False, 'wgrp': False, 'rgrp': True, 'xgrp': False, 'woth': False, 'roth': True, 'xoth': False, 'isuid': False, 'isgid': False})
2023-08-31 21:54:18,553 p=73753 u=rob n=ansible | ok: [eveng -> localhost] => (item={'path': 'labs/tunnelbroker/client.conf', 'mode': '0644', 'isdir': False, 'ischr': False, 'isblk': False, 'isreg': True, 'isfifo': False, 'islnk': False, 'issock': False, 'uid': 501, 'gid': 20, 'size': 50, 'inode': 362570, 'dev': 16777229, 'nlink': 1, 'atime': 1675370047.0673313, 'mtime': 1648155110.0, 'ctime': 1675368464.8110585, 'gr_name': 'staff', 'pw_name': 'rob', 'wusr': True, 'rusr': True, 'xusr': False, 'wgrp': False, 'rgrp': True, 'xgrp': False, 'woth': False, 'roth': True, 'xoth': False, 'isuid': False, 'isgid': False})
2023-08-31 21:54:18,810 p=73753 u=rob n=ansible | ok: [eveng -> localhost] => (item={'path': 'labs/tunnelbroker/vyos-wan.conf', 'mode': '0644', 'isdir': False, 'ischr': False, 'isblk': False, 'isreg': True, 'isfifo': False, 'islnk': False, 'issock': False, 'uid': 501, 'gid': 20, 'size': 42, 'inode': 362571, 'dev': 16777229, 'nlink': 1, 'atime': 1675370047.0698297, 'mtime': 1648155110.0, 'ctime': 1675368464.8110874, 'gr_name': 'staff', 'pw_name': 'rob', 'wusr': True, 'rusr': True, 'xusr': False, 'wgrp': False, 'rgrp': True, 'xgrp': False, 'woth': False, 'roth': True, 'xoth': False, 'isuid': False, 'isgid': False})
2023-08-31 21:54:19,050 p=73753 u=rob n=ansible | ok: [eveng -> localhost] => (item={'path': 'labs/tunnelbroker/transport.conf', 'mode': '0644', 'isdir': False, 'ischr': False, 'isblk': False, 'isreg': True, 'isfifo': False, 'islnk': False, 'issock': False, 'uid': 501, 'gid': 20, 'size': 107, 'inode': 362574, 'dev': 16777229, 'nlink': 1, 'atime': 1675370047.104907, 'mtime': 1648155110.0, 'ctime': 1675368464.8111699, 'gr_name': 'staff', 'pw_name': 'rob', 'wusr': True, 'rusr': True, 'xusr': False, 'wgrp': False, 'rgrp': True, 'xgrp': False, 'woth': False, 'roth': True, 'xoth': False, 'isuid': False, 'isgid': False})
2023-08-31 21:54:19,056 p=73753 u=rob n=ansible | TASK [eve-ng-lab-test : tunnelbroker: find all *.config files in Lab] ******************************************************************************************************************************
2023-08-31 21:54:19,079 p=73753 u=rob n=ansible | skipping: [vyos-oobm]
2023-08-31 21:54:19,081 p=73753 u=rob n=ansible | skipping: [vyos-wan]
2023-08-31 21:54:19,087 p=73753 u=rob n=ansible | skipping: [client]
2023-08-31 21:54:19,204 p=73753 u=rob n=ansible | ok: [eveng -> localhost]
2023-08-31 21:54:19,207 p=73753 u=rob n=ansible | TASK [eve-ng-lab-test : tunnelbroker: copy all *.config files] *************************************************************************************************************************************
2023-08-31 21:54:19,226 p=73753 u=rob n=ansible | skipping: [eveng]
2023-08-31 21:54:19,235 p=73753 u=rob n=ansible | skipping: [vyos-oobm]
2023-08-31 21:54:19,237 p=73753 u=rob n=ansible | skipping: [vyos-wan]
2023-08-31 21:54:19,243 p=73753 u=rob n=ansible | skipping: [client]
2023-08-31 21:54:19,247 p=73753 u=rob n=ansible | TASK [eve-ng-lab-test : tunnelbroker: find all *.png files in Lab] *********************************************************************************************************************************
2023-08-31 21:54:19,270 p=73753 u=rob n=ansible | skipping: [vyos-oobm]
2023-08-31 21:54:19,272 p=73753 u=rob n=ansible | skipping: [vyos-wan]
2023-08-31 21:54:19,279 p=73753 u=rob n=ansible | skipping: [client]
2023-08-31 21:54:19,400 p=73753 u=rob n=ansible | ok: [eveng -> localhost]
2023-08-31 21:54:19,406 p=73753 u=rob n=ansible | TASK [eve-ng-lab-test : tunnelbroker: copy all *.png files] ****************************************************************************************************************************************
2023-08-31 21:54:19,431 p=73753 u=rob n=ansible | skipping: [vyos-oobm]
2023-08-31 21:54:19,434 p=73753 u=rob n=ansible | skipping: [vyos-wan]
2023-08-31 21:54:19,440 p=73753 u=rob n=ansible | skipping: [client]
2023-08-31 21:54:19,671 p=73753 u=rob n=ansible | ok: [eveng -> localhost] => (item={'path': 'labs/tunnelbroker/topology.png', 'mode': '0644', 'isdir': False, 'ischr': False, 'isblk': False, 'isreg': True, 'isfifo': False, 'islnk': False, 'issock': False, 'uid': 501, 'gid': 20, 'size': 34614, 'inode': 362567, 'dev': 16777229, 'nlink': 1, 'atime': 1676403697.1329076, 'mtime': 1648155110.0, 'ctime': 1675368464.8109767, 'gr_name': 'staff', 'pw_name': 'rob', 'wusr': True, 'rusr': True, 'xusr': False, 'wgrp': False, 'rgrp': True, 'xgrp': False, 'woth': False, 'roth': True, 'xoth': False, 'isuid': False, 'isgid': False})
2023-08-31 21:54:19,676 p=73753 u=rob n=ansible | TASK [eve-ng-lab-test : tunnelbroker: copy ansible log files] **************************************************************************************************************************************
2023-08-31 21:54:19,698 p=73753 u=rob n=ansible | skipping: [vyos-oobm]
2023-08-31 21:54:19,701 p=73753 u=rob n=ansible | skipping: [vyos-wan]
2023-08-31 21:54:19,708 p=73753 u=rob n=ansible | skipping: [client]
