2022-12-29 21:01:11,042 p=79613 u=rob n=ansible | [WARNING]: While constructing a mapping from /Users/rob/git/_vyos/vyos-eveng/roles/eve-ng-lab-test/defaults/main.yml, line 4, column 1, found a duplicate dict key (upgrade_iso). Using last
defined value only.

2022-12-29 21:01:11,043 p=79613 u=rob n=ansible | [WARNING]: While constructing a mapping from /Users/rob/git/_vyos/vyos-eveng/roles/eve-ng-lab-test/defaults/main.yml, line 4, column 1, found a duplicate dict key (upgrade_iso_version).
Using last defined value only.

2022-12-29 21:01:11,078 p=79613 u=rob n=ansible | PLAY [prepare node and Lab] ******************************************************************************************************************************************************************
2022-12-29 21:01:11,097 p=79613 u=rob n=ansible | TASK [eve-ng-create-node : fail] *************************************************************************************************************************************************************
2022-12-29 21:01:11,114 p=79613 u=rob n=ansible | skipping: [eveng]
2022-12-29 21:01:11,119 p=79613 u=rob n=ansible | skipping: [vyos-oobm]
2022-12-29 21:01:11,124 p=79613 u=rob n=ansible | skipping: [PE1]
2022-12-29 21:01:11,127 p=79613 u=rob n=ansible | skipping: [PE2]
2022-12-29 21:01:11,131 p=79613 u=rob n=ansible | skipping: [PE3]
2022-12-29 21:01:11,134 p=79613 u=rob n=ansible | TASK [eve-ng-create-node : fail] *************************************************************************************************************************************************************
2022-12-29 21:01:11,146 p=79613 u=rob n=ansible | skipping: [eveng]
2022-12-29 21:01:11,152 p=79613 u=rob n=ansible | skipping: [vyos-oobm]
2022-12-29 21:01:11,159 p=79613 u=rob n=ansible | skipping: [PE1]
2022-12-29 21:01:11,161 p=79613 u=rob n=ansible | skipping: [PE2]
2022-12-29 21:01:11,165 p=79613 u=rob n=ansible | skipping: [PE3]
2022-12-29 21:01:11,168 p=79613 u=rob n=ansible | TASK [eve-ng-create-node : install requirements] *********************************************************************************************************************************************
2022-12-29 21:01:11,186 p=79613 u=rob n=ansible | skipping: [vyos-oobm]
2022-12-29 21:01:11,192 p=79613 u=rob n=ansible | skipping: [PE1]
2022-12-29 21:01:11,193 p=79613 u=rob n=ansible | skipping: [PE2]
2022-12-29 21:01:11,197 p=79613 u=rob n=ansible | skipping: [PE3]
2022-12-29 21:01:13,306 p=79613 u=rob n=ansible | ok: [eveng]
2022-12-29 21:01:13,308 p=79613 u=rob n=ansible | TASK [eve-ng-create-node : Login to EVE-NG and get Cookie] ***********************************************************************************************************************************
2022-12-29 21:01:13,328 p=79613 u=rob n=ansible | skipping: [vyos-oobm]
2022-12-29 21:01:13,334 p=79613 u=rob n=ansible | skipping: [PE1]
2022-12-29 21:01:13,336 p=79613 u=rob n=ansible | skipping: [PE2]
2022-12-29 21:01:13,340 p=79613 u=rob n=ansible | skipping: [PE3]
2022-12-29 21:01:14,063 p=79613 u=rob n=ansible | ok: [eveng]
2022-12-29 21:01:14,065 p=79613 u=rob n=ansible | TASK [eve-ng-create-node : get template facts] ***********************************************************************************************************************************************
2022-12-29 21:01:14,084 p=79613 u=rob n=ansible | skipping: [vyos-oobm]
2022-12-29 21:01:14,090 p=79613 u=rob n=ansible | skipping: [PE1]
2022-12-29 21:01:14,091 p=79613 u=rob n=ansible | skipping: [PE2]
2022-12-29 21:01:14,095 p=79613 u=rob n=ansible | skipping: [PE3]
2022-12-29 21:01:14,582 p=79613 u=rob n=ansible | ok: [eveng]
2022-12-29 21:01:14,584 p=79613 u=rob n=ansible | TASK [eve-ng-create-node : Register path status] *********************************************************************************************************************************************
2022-12-29 21:01:14,603 p=79613 u=rob n=ansible | skipping: [vyos-oobm]
2022-12-29 21:01:14,609 p=79613 u=rob n=ansible | skipping: [PE1]
2022-12-29 21:01:14,612 p=79613 u=rob n=ansible | skipping: [PE2]
2022-12-29 21:01:14,616 p=79613 u=rob n=ansible | skipping: [PE3]
2022-12-29 21:01:14,953 p=79613 u=rob n=ansible | ok: [eveng]
2022-12-29 21:01:14,956 p=79613 u=rob n=ansible | TASK [eve-ng-create-node : create path] ******************************************************************************************************************************************************
2022-12-29 21:01:14,974 p=79613 u=rob n=ansible | skipping: [eveng]
2022-12-29 21:01:14,982 p=79613 u=rob n=ansible | skipping: [vyos-oobm]
2022-12-29 21:01:14,983 p=79613 u=rob n=ansible | skipping: [PE1]
2022-12-29 21:01:14,983 p=79613 u=rob n=ansible | skipping: [PE2]
2022-12-29 21:01:14,987 p=79613 u=rob n=ansible | skipping: [PE3]
2022-12-29 21:01:14,990 p=79613 u=rob n=ansible | TASK [eve-ng-create-node : Download iso] *****************************************************************************************************************************************************
2022-12-29 21:01:15,008 p=79613 u=rob n=ansible | skipping: [eveng]
2022-12-29 21:01:15,016 p=79613 u=rob n=ansible | skipping: [vyos-oobm]
2022-12-29 21:01:15,018 p=79613 u=rob n=ansible | skipping: [PE1]
2022-12-29 21:01:15,018 p=79613 u=rob n=ansible | skipping: [PE2]
2022-12-29 21:01:15,022 p=79613 u=rob n=ansible | skipping: [PE3]
2022-12-29 21:01:15,025 p=79613 u=rob n=ansible | TASK [eve-ng-create-node : create virtioa.qcow2 file] ****************************************************************************************************************************************
2022-12-29 21:01:15,040 p=79613 u=rob n=ansible | skipping: [eveng]
2022-12-29 21:01:15,048 p=79613 u=rob n=ansible | skipping: [vyos-oobm]
2022-12-29 21:01:15,054 p=79613 u=rob n=ansible | skipping: [PE1]
2022-12-29 21:01:15,056 p=79613 u=rob n=ansible | skipping: [PE2]
2022-12-29 21:01:15,059 p=79613 u=rob n=ansible | skipping: [PE3]
2022-12-29 21:01:15,062 p=79613 u=rob n=ansible | TASK [eve-ng-create-node : Login to EVE-NG and get Cookie] ***********************************************************************************************************************************
2022-12-29 21:01:15,074 p=79613 u=rob n=ansible | skipping: [eveng]
2022-12-29 21:01:15,080 p=79613 u=rob n=ansible | skipping: [vyos-oobm]
2022-12-29 21:01:15,086 p=79613 u=rob n=ansible | skipping: [PE1]
2022-12-29 21:01:15,088 p=79613 u=rob n=ansible | skipping: [PE2]
2022-12-29 21:01:15,091 p=79613 u=rob n=ansible | skipping: [PE3]
2022-12-29 21:01:15,093 p=79613 u=rob n=ansible | TASK [eve-ng-create-node : create lab for node install] **************************************************************************************************************************************
2022-12-29 21:01:15,106 p=79613 u=rob n=ansible | skipping: [eveng]
2022-12-29 21:01:15,114 p=79613 u=rob n=ansible | skipping: [vyos-oobm]
2022-12-29 21:01:15,120 p=79613 u=rob n=ansible | skipping: [PE1]
2022-12-29 21:01:15,122 p=79613 u=rob n=ansible | skipping: [PE2]
2022-12-29 21:01:15,125 p=79613 u=rob n=ansible | skipping: [PE3]
2022-12-29 21:01:15,127 p=79613 u=rob n=ansible | TASK [eve-ng-create-node : open lab] *********************************************************************************************************************************************************
2022-12-29 21:01:15,139 p=79613 u=rob n=ansible | skipping: [eveng]
2022-12-29 21:01:15,145 p=79613 u=rob n=ansible | skipping: [vyos-oobm]
2022-12-29 21:01:15,153 p=79613 u=rob n=ansible | skipping: [PE1]
2022-12-29 21:01:15,154 p=79613 u=rob n=ansible | skipping: [PE2]
2022-12-29 21:01:15,157 p=79613 u=rob n=ansible | skipping: [PE3]
2022-12-29 21:01:15,160 p=79613 u=rob n=ansible | TASK [eve-ng-create-node : set_fact] *********************************************************************************************************************************************************
2022-12-29 21:01:15,173 p=79613 u=rob n=ansible | skipping: [eveng]
2022-12-29 21:01:15,179 p=79613 u=rob n=ansible | skipping: [vyos-oobm]
2022-12-29 21:01:15,185 p=79613 u=rob n=ansible | skipping: [PE1]
2022-12-29 21:01:15,186 p=79613 u=rob n=ansible | skipping: [PE2]
2022-12-29 21:01:15,190 p=79613 u=rob n=ansible | skipping: [PE3]
2022-12-29 21:01:15,192 p=79613 u=rob n=ansible | TASK [eve-ng-create-node : add node to lab] **************************************************************************************************************************************************
2022-12-29 21:01:15,205 p=79613 u=rob n=ansible | skipping: [eveng]
2022-12-29 21:01:15,212 p=79613 u=rob n=ansible | skipping: [vyos-oobm]
2022-12-29 21:01:15,218 p=79613 u=rob n=ansible | skipping: [PE1]
2022-12-29 21:01:15,219 p=79613 u=rob n=ansible | skipping: [PE2]
2022-12-29 21:01:15,223 p=79613 u=rob n=ansible | skipping: [PE3]
2022-12-29 21:01:15,225 p=79613 u=rob n=ansible | TASK [eve-ng-create-node : start node] *******************************************************************************************************************************************************
2022-12-29 21:01:15,238 p=79613 u=rob n=ansible | skipping: [eveng]
2022-12-29 21:01:15,244 p=79613 u=rob n=ansible | skipping: [vyos-oobm]
2022-12-29 21:01:15,251 p=79613 u=rob n=ansible | skipping: [PE1]
2022-12-29 21:01:15,253 p=79613 u=rob n=ansible | skipping: [PE2]
2022-12-29 21:01:15,256 p=79613 u=rob n=ansible | skipping: [PE3]
2022-12-29 21:01:15,258 p=79613 u=rob n=ansible | TASK [eve-ng-create-node : get node infos] ***************************************************************************************************************************************************
2022-12-29 21:01:15,271 p=79613 u=rob n=ansible | skipping: [eveng]
2022-12-29 21:01:15,276 p=79613 u=rob n=ansible | skipping: [vyos-oobm]
2022-12-29 21:01:15,284 p=79613 u=rob n=ansible | skipping: [PE1]
2022-12-29 21:01:15,285 p=79613 u=rob n=ansible | skipping: [PE2]
2022-12-29 21:01:15,289 p=79613 u=rob n=ansible | skipping: [PE3]
2022-12-29 21:01:15,291 p=79613 u=rob n=ansible | TASK [eve-ng-create-node : set_fact] *********************************************************************************************************************************************************
2022-12-29 21:01:15,304 p=79613 u=rob n=ansible | skipping: [eveng]
2022-12-29 21:01:15,309 p=79613 u=rob n=ansible | skipping: [vyos-oobm]
2022-12-29 21:01:15,316 p=79613 u=rob n=ansible | skipping: [PE1]
2022-12-29 21:01:15,318 p=79613 u=rob n=ansible | skipping: [PE2]
2022-12-29 21:01:15,322 p=79613 u=rob n=ansible | skipping: [PE3]
2022-12-29 21:01:15,324 p=79613 u=rob n=ansible | TASK [eve-ng-create-node : copy file] ********************************************************************************************************************************************************
2022-12-29 21:01:15,337 p=79613 u=rob n=ansible | skipping: [eveng]
2022-12-29 21:01:15,343 p=79613 u=rob n=ansible | skipping: [vyos-oobm]
2022-12-29 21:01:15,349 p=79613 u=rob n=ansible | skipping: [PE1]
2022-12-29 21:01:15,351 p=79613 u=rob n=ansible | skipping: [PE2]
2022-12-29 21:01:15,354 p=79613 u=rob n=ansible | skipping: [PE3]
2022-12-29 21:01:15,356 p=79613 u=rob n=ansible | TASK [eve-ng-create-node : run expect script] ************************************************************************************************************************************************
2022-12-29 21:01:15,374 p=79613 u=rob n=ansible | skipping: [eveng]
2022-12-29 21:01:15,381 p=79613 u=rob n=ansible | skipping: [vyos-oobm]
2022-12-29 21:01:15,382 p=79613 u=rob n=ansible | skipping: [PE1]
2022-12-29 21:01:15,382 p=79613 u=rob n=ansible | skipping: [PE2]
2022-12-29 21:01:15,385 p=79613 u=rob n=ansible | skipping: [PE3]
2022-12-29 21:01:15,387 p=79613 u=rob n=ansible | TASK [eve-ng-create-node : Login to EVE-NG and get Cookie (due timeout)] *********************************************************************************************************************
2022-12-29 21:01:15,399 p=79613 u=rob n=ansible | skipping: [eveng]
2022-12-29 21:01:15,405 p=79613 u=rob n=ansible | skipping: [vyos-oobm]
2022-12-29 21:01:15,411 p=79613 u=rob n=ansible | skipping: [PE1]
2022-12-29 21:01:15,413 p=79613 u=rob n=ansible | skipping: [PE2]
2022-12-29 21:01:15,417 p=79613 u=rob n=ansible | skipping: [PE3]
2022-12-29 21:01:15,419 p=79613 u=rob n=ansible | TASK [eve-ng-create-node : stop node] ********************************************************************************************************************************************************
2022-12-29 21:01:15,432 p=79613 u=rob n=ansible | skipping: [eveng]
2022-12-29 21:01:15,438 p=79613 u=rob n=ansible | skipping: [vyos-oobm]
2022-12-29 21:01:15,443 p=79613 u=rob n=ansible | skipping: [PE1]
2022-12-29 21:01:15,445 p=79613 u=rob n=ansible | skipping: [PE2]
2022-12-29 21:01:15,449 p=79613 u=rob n=ansible | skipping: [PE3]
2022-12-29 21:01:15,452 p=79613 u=rob n=ansible | TASK [eve-ng-create-node : Pause to wait node is shutdown] ***********************************************************************************************************************************
2022-12-29 21:01:15,461 p=79613 u=rob n=ansible | skipping: [eveng]
2022-12-29 21:01:15,463 p=79613 u=rob n=ansible | TASK [eve-ng-create-node : delete iso] *******************************************************************************************************************************************************
2022-12-29 21:01:15,475 p=79613 u=rob n=ansible | skipping: [eveng]
2022-12-29 21:01:15,484 p=79613 u=rob n=ansible | skipping: [vyos-oobm]
2022-12-29 21:01:15,489 p=79613 u=rob n=ansible | skipping: [PE1]
2022-12-29 21:01:15,491 p=79613 u=rob n=ansible | skipping: [PE2]
2022-12-29 21:01:15,495 p=79613 u=rob n=ansible | skipping: [PE3]
2022-12-29 21:01:15,498 p=79613 u=rob n=ansible | TASK [eve-ng-create-node : commit virtioa.qcow2] *********************************************************************************************************************************************
2022-12-29 21:01:15,510 p=79613 u=rob n=ansible | skipping: [eveng]
2022-12-29 21:01:15,517 p=79613 u=rob n=ansible | skipping: [vyos-oobm]
2022-12-29 21:01:15,523 p=79613 u=rob n=ansible | skipping: [PE1]
2022-12-29 21:01:15,524 p=79613 u=rob n=ansible | skipping: [PE2]
2022-12-29 21:01:15,528 p=79613 u=rob n=ansible | skipping: [PE3]
2022-12-29 21:01:15,530 p=79613 u=rob n=ansible | TASK [eve-ng-create-node : delete lab for node install] **************************************************************************************************************************************
2022-12-29 21:01:15,542 p=79613 u=rob n=ansible | skipping: [eveng]
2022-12-29 21:01:15,549 p=79613 u=rob n=ansible | skipping: [vyos-oobm]
2022-12-29 21:01:15,554 p=79613 u=rob n=ansible | skipping: [PE1]
2022-12-29 21:01:15,556 p=79613 u=rob n=ansible | skipping: [PE2]
2022-12-29 21:01:15,559 p=79613 u=rob n=ansible | skipping: [PE3]
2022-12-29 21:01:15,567 p=79613 u=rob n=ansible | TASK [eve-ng-lab-test : Get env file content] ************************************************************************************************************************************************
2022-12-29 21:01:15,816 p=79613 u=rob n=ansible | ok: [PE3 -> localhost]
2022-12-29 21:01:15,816 p=79613 u=rob n=ansible | ok: [PE2 -> localhost]
2022-12-29 21:01:15,817 p=79613 u=rob n=ansible | ok: [PE1 -> localhost]
2022-12-29 21:01:15,818 p=79613 u=rob n=ansible | ok: [vyos-oobm -> localhost]
2022-12-29 21:01:15,821 p=79613 u=rob n=ansible | ok: [eveng -> localhost]
2022-12-29 21:01:15,823 p=79613 u=rob n=ansible | TASK [eve-ng-lab-test : Load facts] **********************************************************************************************************************************************************
2022-12-29 21:01:15,848 p=79613 u=rob n=ansible | ok: [eveng]
2022-12-29 21:01:15,849 p=79613 u=rob n=ansible | ok: [vyos-oobm]
2022-12-29 21:01:16,766 p=79903 u=rob n=ansible | network_os is set to vyos
2022-12-29 21:01:16,771 p=79902 u=rob n=ansible | network_os is set to vyos
2022-12-29 21:01:16,771 p=79904 u=rob n=ansible | network_os is set to vyos
2022-12-29 21:01:16,773 p=79613 u=rob n=ansible | ok: [PE2]
2022-12-29 21:01:16,780 p=79613 u=rob n=ansible | ok: [PE1]
2022-12-29 21:01:16,781 p=79613 u=rob n=ansible | ok: [PE3]
2022-12-29 21:01:16,787 p=79613 u=rob n=ansible | TASK [eve-ng-lab-test : fail] ****************************************************************************************************************************************************************
2022-12-29 21:01:16,804 p=79613 u=rob n=ansible | skipping: [eveng]
2022-12-29 21:01:16,810 p=79613 u=rob n=ansible | skipping: [vyos-oobm]
2022-12-29 21:01:16,817 p=79613 u=rob n=ansible | skipping: [PE1]
2022-12-29 21:01:16,818 p=79613 u=rob n=ansible | skipping: [PE2]
2022-12-29 21:01:16,822 p=79613 u=rob n=ansible | skipping: [PE3]
2022-12-29 21:01:16,824 p=79613 u=rob n=ansible | TASK [eve-ng-lab-test : Login to EVE-NG and get Cookie] **************************************************************************************************************************************
2022-12-29 21:01:16,853 p=79613 u=rob n=ansible | skipping: [vyos-oobm]
2022-12-29 21:01:16,862 p=79613 u=rob n=ansible | skipping: [PE1]
2022-12-29 21:01:16,863 p=79613 u=rob n=ansible | skipping: [PE2]
2022-12-29 21:01:16,869 p=79613 u=rob n=ansible | skipping: [PE3]
2022-12-29 21:01:17,575 p=79613 u=rob n=ansible | ok: [eveng]
2022-12-29 21:01:17,579 p=79613 u=rob n=ansible | TASK [eve-ng-lab-test : get running lab list] ************************************************************************************************************************************************
2022-12-29 21:01:17,600 p=79613 u=rob n=ansible | skipping: [vyos-oobm]
2022-12-29 21:01:17,606 p=79613 u=rob n=ansible | skipping: [PE1]
2022-12-29 21:01:17,608 p=79613 u=rob n=ansible | skipping: [PE2]
2022-12-29 21:01:17,612 p=79613 u=rob n=ansible | skipping: [PE3]
2022-12-29 21:01:18,114 p=79613 u=rob n=ansible | ok: [eveng]
2022-12-29 21:01:18,116 p=79613 u=rob n=ansible | TASK [eve-ng-lab-test : delete existing lab] *************************************************************************************************************************************************
2022-12-29 21:01:18,143 p=79613 u=rob n=ansible | skipping: [vyos-oobm]
2022-12-29 21:01:18,153 p=79613 u=rob n=ansible | skipping: [PE1]
2022-12-29 21:01:18,153 p=79613 u=rob n=ansible | skipping: [PE2]
2022-12-29 21:01:18,157 p=79613 u=rob n=ansible | skipping: [PE3]
2022-12-29 21:01:18,698 p=79613 u=rob n=ansible | ok: [eveng]
2022-12-29 21:01:18,701 p=79613 u=rob n=ansible | TASK [eve-ng-lab-test : Ensure labtest is present] *******************************************************************************************************************************************
2022-12-29 21:01:18,723 p=79613 u=rob n=ansible | skipping: [vyos-oobm]
2022-12-29 21:01:18,729 p=79613 u=rob n=ansible | skipping: [PE1]
2022-12-29 21:01:18,732 p=79613 u=rob n=ansible | skipping: [PE2]
2022-12-29 21:01:18,736 p=79613 u=rob n=ansible | skipping: [PE3]
2022-12-29 21:01:19,061 p=79613 u=rob n=ansible | ok: [eveng]
2022-12-29 21:01:19,064 p=79613 u=rob n=ansible | TASK [eve-ng-lab-test : Create L3VPN_EVPN Lab] ***********************************************************************************************************************************************
2022-12-29 21:01:19,083 p=79613 u=rob n=ansible | skipping: [vyos-oobm]
2022-12-29 21:01:19,088 p=79613 u=rob n=ansible | skipping: [PE1]
2022-12-29 21:01:19,090 p=79613 u=rob n=ansible | skipping: [PE2]
2022-12-29 21:01:19,093 p=79613 u=rob n=ansible | skipping: [PE3]
2022-12-29 21:01:19,814 p=79613 u=rob n=ansible | changed: [eveng]
2022-12-29 21:01:19,816 p=79613 u=rob n=ansible | TASK [eve-ng-lab-test : Login to EVE-NG and get Cookie] **************************************************************************************************************************************
2022-12-29 21:01:19,837 p=79613 u=rob n=ansible | skipping: [vyos-oobm]
2022-12-29 21:01:19,842 p=79613 u=rob n=ansible | skipping: [PE1]
2022-12-29 21:01:19,844 p=79613 u=rob n=ansible | skipping: [PE2]
2022-12-29 21:01:19,848 p=79613 u=rob n=ansible | skipping: [PE3]
2022-12-29 21:01:20,564 p=79613 u=rob n=ansible | ok: [eveng]
2022-12-29 21:01:20,567 p=79613 u=rob n=ansible | TASK [eve-ng-lab-test : start vyos-oobm] *****************************************************************************************************************************************************
2022-12-29 21:01:20,586 p=79613 u=rob n=ansible | skipping: [vyos-oobm]
2022-12-29 21:01:20,592 p=79613 u=rob n=ansible | skipping: [PE1]
2022-12-29 21:01:20,593 p=79613 u=rob n=ansible | skipping: [PE2]
2022-12-29 21:01:20,597 p=79613 u=rob n=ansible | skipping: [PE3]
2022-12-29 21:01:21,622 p=79613 u=rob n=ansible | ok: [eveng]
2022-12-29 21:01:21,626 p=79613 u=rob n=ansible | TASK [eve-ng-lab-test : Wait for vyos-oobm] **************************************************************************************************************************************************
2022-12-29 21:01:21,639 p=79613 u=rob n=ansible | skipping: [eveng]
2022-12-29 21:01:21,652 p=79613 u=rob n=ansible | skipping: [PE1]
2022-12-29 21:01:21,653 p=79613 u=rob n=ansible | skipping: [PE2]
2022-12-29 21:01:21,657 p=79613 u=rob n=ansible | skipping: [PE3]
2022-12-29 21:02:10,581 p=79613 u=rob n=ansible | ok: [vyos-oobm]
2022-12-29 21:02:10,583 p=79613 u=rob n=ansible | TASK [eve-ng-lab-test : Login to EVE-NG and get Cookie] **************************************************************************************************************************************
2022-12-29 21:02:10,602 p=79613 u=rob n=ansible | skipping: [vyos-oobm]
2022-12-29 21:02:10,608 p=79613 u=rob n=ansible | skipping: [PE1]
2022-12-29 21:02:10,609 p=79613 u=rob n=ansible | skipping: [PE2]
2022-12-29 21:02:10,615 p=79613 u=rob n=ansible | skipping: [PE3]
2022-12-29 21:02:11,265 p=79613 u=rob n=ansible | ok: [eveng]
2022-12-29 21:02:11,267 p=79613 u=rob n=ansible | TASK [eve-ng-lab-test : get lab status] ******************************************************************************************************************************************************
2022-12-29 21:02:11,288 p=79613 u=rob n=ansible | skipping: [vyos-oobm]
2022-12-29 21:02:11,294 p=79613 u=rob n=ansible | skipping: [PE1]
2022-12-29 21:02:11,296 p=79613 u=rob n=ansible | skipping: [PE2]
2022-12-29 21:02:11,300 p=79613 u=rob n=ansible | skipping: [PE3]
2022-12-29 21:02:11,817 p=79613 u=rob n=ansible | ok: [eveng]
2022-12-29 21:02:11,820 p=79613 u=rob n=ansible | TASK [eve-ng-lab-test : start all nodes] *****************************************************************************************************************************************************
2022-12-29 21:02:11,838 p=79613 u=rob n=ansible | skipping: [vyos-oobm]
2022-12-29 21:02:11,845 p=79613 u=rob n=ansible | skipping: [PE1]
2022-12-29 21:02:11,847 p=79613 u=rob n=ansible | skipping: [PE2]
2022-12-29 21:02:11,852 p=79613 u=rob n=ansible | skipping: [PE3]
2022-12-29 21:02:13,014 p=79613 u=rob n=ansible | ok: [eveng] => (item=2)
2022-12-29 21:02:14,410 p=79613 u=rob n=ansible | ok: [eveng] => (item=3)
2022-12-29 21:02:15,996 p=79613 u=rob n=ansible | ok: [eveng] => (item=4)
2022-12-29 21:02:17,135 p=79613 u=rob n=ansible | ok: [eveng] => (item=5)
2022-12-29 21:02:18,181 p=79613 u=rob n=ansible | ok: [eveng] => (item=6)
2022-12-29 21:02:19,158 p=79613 u=rob n=ansible | ok: [eveng] => (item=7)
2022-12-29 21:02:20,189 p=79613 u=rob n=ansible | ok: [eveng] => (item=8)
2022-12-29 21:02:21,216 p=79613 u=rob n=ansible | ok: [eveng] => (item=9)
2022-12-29 21:02:22,390 p=79613 u=rob n=ansible | ok: [eveng] => (item=10)
2022-12-29 21:02:23,421 p=79613 u=rob n=ansible | ok: [eveng] => (item=11)
2022-12-29 21:02:24,075 p=79613 u=rob n=ansible | ok: [eveng] => (item=1)
2022-12-29 21:02:24,079 p=79613 u=rob n=ansible | TASK [eve-ng-lab-test : Wait for vyos nodes] *************************************************************************************************************************************************
2022-12-29 21:02:24,091 p=79613 u=rob n=ansible | skipping: [eveng]
2022-12-29 21:02:24,098 p=79613 u=rob n=ansible | skipping: [vyos-oobm]
2022-12-29 21:02:40,001 p=80304 u=rob n=p=80304 u=rob | paramiko [PE3] | Exception: Error reading SSH protocol banner
2022-12-29 21:02:40,002 p=80302 u=rob n=p=80302 u=rob | paramiko [PE1] | Exception: Error reading SSH protocol banner
2022-12-29 21:02:40,005 p=80304 u=rob n=p=80304 u=rob | paramiko [PE3] | Traceback (most recent call last):
2022-12-29 21:02:40,005 p=80302 u=rob n=p=80302 u=rob | paramiko [PE1] | Traceback (most recent call last):
2022-12-29 21:02:40,005 p=80304 u=rob n=p=80304 u=rob | paramiko [PE3] |   File "/Users/rob/.local/share/virtualenvs/vyos-eveng-b9X2mBdh/lib/python3.9/site-packages/paramiko/transport.py", line 2211, in _check_banner
2022-12-29 21:02:40,005 p=80302 u=rob n=p=80302 u=rob | paramiko [PE1] |   File "/Users/rob/.local/share/virtualenvs/vyos-eveng-b9X2mBdh/lib/python3.9/site-packages/paramiko/transport.py", line 2211, in _check_banner
2022-12-29 21:02:40,005 p=80304 u=rob n=p=80304 u=rob | paramiko [PE3] |     buf = self.packetizer.readline(timeout)
2022-12-29 21:02:40,005 p=80302 u=rob n=p=80302 u=rob | paramiko [PE1] |     buf = self.packetizer.readline(timeout)
2022-12-29 21:02:40,005 p=80304 u=rob n=p=80304 u=rob | paramiko [PE3] |   File "/Users/rob/.local/share/virtualenvs/vyos-eveng-b9X2mBdh/lib/python3.9/site-packages/paramiko/packet.py", line 380, in readline
2022-12-29 21:02:40,005 p=80302 u=rob n=p=80302 u=rob | paramiko [PE1] |   File "/Users/rob/.local/share/virtualenvs/vyos-eveng-b9X2mBdh/lib/python3.9/site-packages/paramiko/packet.py", line 380, in readline
2022-12-29 21:02:40,005 p=80304 u=rob n=p=80304 u=rob | paramiko [PE3] |     buf += self._read_timeout(timeout)
2022-12-29 21:02:40,005 p=80302 u=rob n=p=80302 u=rob | paramiko [PE1] |     buf += self._read_timeout(timeout)
2022-12-29 21:02:40,005 p=80304 u=rob n=p=80304 u=rob | paramiko [PE3] |   File "/Users/rob/.local/share/virtualenvs/vyos-eveng-b9X2mBdh/lib/python3.9/site-packages/paramiko/packet.py", line 622, in _read_timeout
2022-12-29 21:02:40,005 p=80302 u=rob n=p=80302 u=rob | paramiko [PE1] |   File "/Users/rob/.local/share/virtualenvs/vyos-eveng-b9X2mBdh/lib/python3.9/site-packages/paramiko/packet.py", line 622, in _read_timeout
2022-12-29 21:02:40,005 p=80304 u=rob n=p=80304 u=rob | paramiko [PE3] |     raise socket.timeout()
2022-12-29 21:02:40,005 p=80302 u=rob n=p=80302 u=rob | paramiko [PE1] |     raise socket.timeout()
2022-12-29 21:02:40,005 p=80304 u=rob n=p=80304 u=rob | paramiko [PE3] | socket.timeout
2022-12-29 21:02:40,006 p=80302 u=rob n=p=80302 u=rob | paramiko [PE1] | socket.timeout
2022-12-29 21:02:40,006 p=80302 u=rob n=p=80302 u=rob | paramiko [PE1] | 
2022-12-29 21:02:40,006 p=80304 u=rob n=p=80304 u=rob | paramiko [PE3] | 
2022-12-29 21:02:40,006 p=80302 u=rob n=p=80302 u=rob | paramiko [PE1] | During handling of the above exception, another exception occurred:
2022-12-29 21:02:40,006 p=80304 u=rob n=p=80304 u=rob | paramiko [PE3] | During handling of the above exception, another exception occurred:
2022-12-29 21:02:40,006 p=80302 u=rob n=p=80302 u=rob | paramiko [PE1] | 
2022-12-29 21:02:40,006 p=80304 u=rob n=p=80304 u=rob | paramiko [PE3] | 
2022-12-29 21:02:40,006 p=80302 u=rob n=p=80302 u=rob | paramiko [PE1] | Traceback (most recent call last):
2022-12-29 21:02:40,006 p=80304 u=rob n=p=80304 u=rob | paramiko [PE3] | Traceback (most recent call last):
2022-12-29 21:02:40,006 p=80302 u=rob n=p=80302 u=rob | paramiko [PE1] |   File "/Users/rob/.local/share/virtualenvs/vyos-eveng-b9X2mBdh/lib/python3.9/site-packages/paramiko/transport.py", line 2039, in run
2022-12-29 21:02:40,006 p=80304 u=rob n=p=80304 u=rob | paramiko [PE3] |   File "/Users/rob/.local/share/virtualenvs/vyos-eveng-b9X2mBdh/lib/python3.9/site-packages/paramiko/transport.py", line 2039, in run
2022-12-29 21:02:40,006 p=80302 u=rob n=p=80302 u=rob | paramiko [PE1] |     self._check_banner()
2022-12-29 21:02:40,006 p=80304 u=rob n=p=80304 u=rob | paramiko [PE3] |     self._check_banner()
2022-12-29 21:02:40,006 p=80302 u=rob n=p=80302 u=rob | paramiko [PE1] |   File "/Users/rob/.local/share/virtualenvs/vyos-eveng-b9X2mBdh/lib/python3.9/site-packages/paramiko/transport.py", line 2215, in _check_banner
2022-12-29 21:02:40,006 p=80304 u=rob n=p=80304 u=rob | paramiko [PE3] |   File "/Users/rob/.local/share/virtualenvs/vyos-eveng-b9X2mBdh/lib/python3.9/site-packages/paramiko/transport.py", line 2215, in _check_banner
2022-12-29 21:02:40,007 p=80302 u=rob n=p=80302 u=rob | paramiko [PE1] |     raise SSHException(
2022-12-29 21:02:40,007 p=80304 u=rob n=p=80304 u=rob | paramiko [PE3] |     raise SSHException(
2022-12-29 21:02:40,007 p=80302 u=rob n=p=80302 u=rob | paramiko [PE1] | paramiko.ssh_exception.SSHException: Error reading SSH protocol banner
2022-12-29 21:02:40,007 p=80304 u=rob n=p=80304 u=rob | paramiko [PE3] | paramiko.ssh_exception.SSHException: Error reading SSH protocol banner
2022-12-29 21:02:40,007 p=80302 u=rob n=p=80302 u=rob | paramiko [PE1] | 
2022-12-29 21:02:40,007 p=80304 u=rob n=p=80304 u=rob | paramiko [PE3] | 
2022-12-29 21:02:40,011 p=80303 u=rob n=p=80303 u=rob | paramiko [PE2] | Exception: Error reading SSH protocol banner
2022-12-29 21:02:40,012 p=80303 u=rob n=p=80303 u=rob | paramiko [PE2] | Traceback (most recent call last):
2022-12-29 21:02:40,012 p=80303 u=rob n=p=80303 u=rob | paramiko [PE2] |   File "/Users/rob/.local/share/virtualenvs/vyos-eveng-b9X2mBdh/lib/python3.9/site-packages/paramiko/transport.py", line 2211, in _check_banner
2022-12-29 21:02:40,012 p=80303 u=rob n=p=80303 u=rob | paramiko [PE2] |     buf = self.packetizer.readline(timeout)
2022-12-29 21:02:40,013 p=80303 u=rob n=p=80303 u=rob | paramiko [PE2] |   File "/Users/rob/.local/share/virtualenvs/vyos-eveng-b9X2mBdh/lib/python3.9/site-packages/paramiko/packet.py", line 380, in readline
2022-12-29 21:02:40,013 p=80303 u=rob n=p=80303 u=rob | paramiko [PE2] |     buf += self._read_timeout(timeout)
2022-12-29 21:02:40,013 p=80303 u=rob n=p=80303 u=rob | paramiko [PE2] |   File "/Users/rob/.local/share/virtualenvs/vyos-eveng-b9X2mBdh/lib/python3.9/site-packages/paramiko/packet.py", line 622, in _read_timeout
2022-12-29 21:02:40,013 p=80303 u=rob n=p=80303 u=rob | paramiko [PE2] |     raise socket.timeout()
2022-12-29 21:02:40,013 p=80303 u=rob n=p=80303 u=rob | paramiko [PE2] | socket.timeout
2022-12-29 21:02:40,013 p=80303 u=rob n=p=80303 u=rob | paramiko [PE2] | 
2022-12-29 21:02:40,013 p=80303 u=rob n=p=80303 u=rob | paramiko [PE2] | During handling of the above exception, another exception occurred:
2022-12-29 21:02:40,013 p=80303 u=rob n=p=80303 u=rob | paramiko [PE2] | 
2022-12-29 21:02:40,014 p=80303 u=rob n=p=80303 u=rob | paramiko [PE2] | Traceback (most recent call last):
2022-12-29 21:02:40,014 p=80303 u=rob n=p=80303 u=rob | paramiko [PE2] |   File "/Users/rob/.local/share/virtualenvs/vyos-eveng-b9X2mBdh/lib/python3.9/site-packages/paramiko/transport.py", line 2039, in run
2022-12-29 21:02:40,014 p=80303 u=rob n=p=80303 u=rob | paramiko [PE2] |     self._check_banner()
2022-12-29 21:02:40,014 p=80303 u=rob n=p=80303 u=rob | paramiko [PE2] |   File "/Users/rob/.local/share/virtualenvs/vyos-eveng-b9X2mBdh/lib/python3.9/site-packages/paramiko/transport.py", line 2215, in _check_banner
2022-12-29 21:02:40,014 p=80303 u=rob n=p=80303 u=rob | paramiko [PE2] |     raise SSHException(
2022-12-29 21:02:40,014 p=80303 u=rob n=p=80303 u=rob | paramiko [PE2] | paramiko.ssh_exception.SSHException: Error reading SSH protocol banner
2022-12-29 21:02:40,014 p=80303 u=rob n=p=80303 u=rob | paramiko [PE2] | 
2022-12-29 21:02:56,071 p=80304 u=rob n=p=80304 u=rob | paramiko [PE3] | Exception: Error reading SSH protocol banner
2022-12-29 21:02:56,071 p=80304 u=rob n=p=80304 u=rob | paramiko [PE3] | Traceback (most recent call last):
2022-12-29 21:02:56,071 p=80304 u=rob n=p=80304 u=rob | paramiko [PE3] |   File "/Users/rob/.local/share/virtualenvs/vyos-eveng-b9X2mBdh/lib/python3.9/site-packages/paramiko/transport.py", line 2211, in _check_banner
2022-12-29 21:02:56,072 p=80304 u=rob n=p=80304 u=rob | paramiko [PE3] |     buf = self.packetizer.readline(timeout)
2022-12-29 21:02:56,072 p=80304 u=rob n=p=80304 u=rob | paramiko [PE3] |   File "/Users/rob/.local/share/virtualenvs/vyos-eveng-b9X2mBdh/lib/python3.9/site-packages/paramiko/packet.py", line 380, in readline
2022-12-29 21:02:56,072 p=80304 u=rob n=p=80304 u=rob | paramiko [PE3] |     buf += self._read_timeout(timeout)
2022-12-29 21:02:56,072 p=80304 u=rob n=p=80304 u=rob | paramiko [PE3] |   File "/Users/rob/.local/share/virtualenvs/vyos-eveng-b9X2mBdh/lib/python3.9/site-packages/paramiko/packet.py", line 622, in _read_timeout
2022-12-29 21:02:56,072 p=80304 u=rob n=p=80304 u=rob | paramiko [PE3] |     raise socket.timeout()
2022-12-29 21:02:56,072 p=80304 u=rob n=p=80304 u=rob | paramiko [PE3] | socket.timeout
2022-12-29 21:02:56,072 p=80304 u=rob n=p=80304 u=rob | paramiko [PE3] | 
2022-12-29 21:02:56,072 p=80304 u=rob n=p=80304 u=rob | paramiko [PE3] | During handling of the above exception, another exception occurred:
2022-12-29 21:02:56,073 p=80304 u=rob n=p=80304 u=rob | paramiko [PE3] | 
2022-12-29 21:02:56,073 p=80304 u=rob n=p=80304 u=rob | paramiko [PE3] | Traceback (most recent call last):
2022-12-29 21:02:56,073 p=80304 u=rob n=p=80304 u=rob | paramiko [PE3] |   File "/Users/rob/.local/share/virtualenvs/vyos-eveng-b9X2mBdh/lib/python3.9/site-packages/paramiko/transport.py", line 2039, in run
2022-12-29 21:02:56,073 p=80304 u=rob n=p=80304 u=rob | paramiko [PE3] |     self._check_banner()
2022-12-29 21:02:56,073 p=80304 u=rob n=p=80304 u=rob | paramiko [PE3] |   File "/Users/rob/.local/share/virtualenvs/vyos-eveng-b9X2mBdh/lib/python3.9/site-packages/paramiko/transport.py", line 2215, in _check_banner
2022-12-29 21:02:56,073 p=80304 u=rob n=p=80304 u=rob | paramiko [PE3] |     raise SSHException(
2022-12-29 21:02:56,073 p=80303 u=rob n=p=80303 u=rob | paramiko [PE2] | Exception: Error reading SSH protocol banner
2022-12-29 21:02:56,073 p=80304 u=rob n=p=80304 u=rob | paramiko [PE3] | paramiko.ssh_exception.SSHException: Error reading SSH protocol banner
2022-12-29 21:02:56,073 p=80304 u=rob n=p=80304 u=rob | paramiko [PE3] | 
2022-12-29 21:02:56,074 p=80303 u=rob n=p=80303 u=rob | paramiko [PE2] | Traceback (most recent call last):
2022-12-29 21:02:56,074 p=80303 u=rob n=p=80303 u=rob | paramiko [PE2] |   File "/Users/rob/.local/share/virtualenvs/vyos-eveng-b9X2mBdh/lib/python3.9/site-packages/paramiko/transport.py", line 2211, in _check_banner
2022-12-29 21:02:56,074 p=80302 u=rob n=p=80302 u=rob | paramiko [PE1] | Exception: Error reading SSH protocol banner
2022-12-29 21:02:56,074 p=80303 u=rob n=p=80303 u=rob | paramiko [PE2] |     buf = self.packetizer.readline(timeout)
2022-12-29 21:02:56,074 p=80303 u=rob n=p=80303 u=rob | paramiko [PE2] |   File "/Users/rob/.local/share/virtualenvs/vyos-eveng-b9X2mBdh/lib/python3.9/site-packages/paramiko/packet.py", line 380, in readline
2022-12-29 21:02:56,074 p=80302 u=rob n=p=80302 u=rob | paramiko [PE1] | Traceback (most recent call last):
2022-12-29 21:02:56,074 p=80303 u=rob n=p=80303 u=rob | paramiko [PE2] |     buf += self._read_timeout(timeout)
2022-12-29 21:02:56,074 p=80302 u=rob n=p=80302 u=rob | paramiko [PE1] |   File "/Users/rob/.local/share/virtualenvs/vyos-eveng-b9X2mBdh/lib/python3.9/site-packages/paramiko/transport.py", line 2211, in _check_banner
2022-12-29 21:02:56,074 p=80303 u=rob n=p=80303 u=rob | paramiko [PE2] |   File "/Users/rob/.local/share/virtualenvs/vyos-eveng-b9X2mBdh/lib/python3.9/site-packages/paramiko/packet.py", line 622, in _read_timeout
2022-12-29 21:02:56,074 p=80302 u=rob n=p=80302 u=rob | paramiko [PE1] |     buf = self.packetizer.readline(timeout)
2022-12-29 21:02:56,074 p=80303 u=rob n=p=80303 u=rob | paramiko [PE2] |     raise socket.timeout()
2022-12-29 21:02:56,074 p=80302 u=rob n=p=80302 u=rob | paramiko [PE1] |   File "/Users/rob/.local/share/virtualenvs/vyos-eveng-b9X2mBdh/lib/python3.9/site-packages/paramiko/packet.py", line 380, in readline
2022-12-29 21:02:56,074 p=80303 u=rob n=p=80303 u=rob | paramiko [PE2] | socket.timeout
2022-12-29 21:02:56,075 p=80302 u=rob n=p=80302 u=rob | paramiko [PE1] |     buf += self._read_timeout(timeout)
2022-12-29 21:02:56,075 p=80303 u=rob n=p=80303 u=rob | paramiko [PE2] | 
2022-12-29 21:02:56,075 p=80302 u=rob n=p=80302 u=rob | paramiko [PE1] |   File "/Users/rob/.local/share/virtualenvs/vyos-eveng-b9X2mBdh/lib/python3.9/site-packages/paramiko/packet.py", line 622, in _read_timeout
2022-12-29 21:02:56,075 p=80303 u=rob n=p=80303 u=rob | paramiko [PE2] | During handling of the above exception, another exception occurred:
2022-12-29 21:02:56,075 p=80302 u=rob n=p=80302 u=rob | paramiko [PE1] |     raise socket.timeout()
2022-12-29 21:02:56,075 p=80303 u=rob n=p=80303 u=rob | paramiko [PE2] | 
2022-12-29 21:02:56,075 p=80302 u=rob n=p=80302 u=rob | paramiko [PE1] | socket.timeout
2022-12-29 21:02:56,075 p=80303 u=rob n=p=80303 u=rob | paramiko [PE2] | Traceback (most recent call last):
2022-12-29 21:02:56,075 p=80302 u=rob n=p=80302 u=rob | paramiko [PE1] | 
2022-12-29 21:02:56,075 p=80303 u=rob n=p=80303 u=rob | paramiko [PE2] |   File "/Users/rob/.local/share/virtualenvs/vyos-eveng-b9X2mBdh/lib/python3.9/site-packages/paramiko/transport.py", line 2039, in run
2022-12-29 21:02:56,075 p=80302 u=rob n=p=80302 u=rob | paramiko [PE1] | During handling of the above exception, another exception occurred:
2022-12-29 21:02:56,075 p=80303 u=rob n=p=80303 u=rob | paramiko [PE2] |     self._check_banner()
2022-12-29 21:02:56,075 p=80302 u=rob n=p=80302 u=rob | paramiko [PE1] | 
2022-12-29 21:02:56,075 p=80303 u=rob n=p=80303 u=rob | paramiko [PE2] |   File "/Users/rob/.local/share/virtualenvs/vyos-eveng-b9X2mBdh/lib/python3.9/site-packages/paramiko/transport.py", line 2215, in _check_banner
2022-12-29 21:02:56,075 p=80302 u=rob n=p=80302 u=rob | paramiko [PE1] | Traceback (most recent call last):
2022-12-29 21:02:56,075 p=80303 u=rob n=p=80303 u=rob | paramiko [PE2] |     raise SSHException(
2022-12-29 21:02:56,075 p=80302 u=rob n=p=80302 u=rob | paramiko [PE1] |   File "/Users/rob/.local/share/virtualenvs/vyos-eveng-b9X2mBdh/lib/python3.9/site-packages/paramiko/transport.py", line 2039, in run
2022-12-29 21:02:56,076 p=80303 u=rob n=p=80303 u=rob | paramiko [PE2] | paramiko.ssh_exception.SSHException: Error reading SSH protocol banner
2022-12-29 21:02:56,076 p=80302 u=rob n=p=80302 u=rob | paramiko [PE1] |     self._check_banner()
2022-12-29 21:02:56,076 p=80303 u=rob n=p=80303 u=rob | paramiko [PE2] | 
2022-12-29 21:02:56,076 p=80302 u=rob n=p=80302 u=rob | paramiko [PE1] |   File "/Users/rob/.local/share/virtualenvs/vyos-eveng-b9X2mBdh/lib/python3.9/site-packages/paramiko/transport.py", line 2215, in _check_banner
2022-12-29 21:02:56,076 p=80302 u=rob n=p=80302 u=rob | paramiko [PE1] |     raise SSHException(
2022-12-29 21:02:56,076 p=80302 u=rob n=p=80302 u=rob | paramiko [PE1] | paramiko.ssh_exception.SSHException: Error reading SSH protocol banner
2022-12-29 21:02:56,076 p=80302 u=rob n=p=80302 u=rob | paramiko [PE1] | 
2022-12-29 21:03:12,095 p=80302 u=rob n=p=80302 u=rob | paramiko [PE1] | Exception: Error reading SSH protocol banner
2022-12-29 21:03:12,095 p=80302 u=rob n=p=80302 u=rob | paramiko [PE1] | Traceback (most recent call last):
2022-12-29 21:03:12,095 p=80302 u=rob n=p=80302 u=rob | paramiko [PE1] |   File "/Users/rob/.local/share/virtualenvs/vyos-eveng-b9X2mBdh/lib/python3.9/site-packages/paramiko/transport.py", line 2211, in _check_banner
2022-12-29 21:03:12,096 p=80302 u=rob n=p=80302 u=rob | paramiko [PE1] |     buf = self.packetizer.readline(timeout)
2022-12-29 21:03:12,096 p=80302 u=rob n=p=80302 u=rob | paramiko [PE1] |   File "/Users/rob/.local/share/virtualenvs/vyos-eveng-b9X2mBdh/lib/python3.9/site-packages/paramiko/packet.py", line 380, in readline
2022-12-29 21:03:12,096 p=80302 u=rob n=p=80302 u=rob | paramiko [PE1] |     buf += self._read_timeout(timeout)
2022-12-29 21:03:12,096 p=80302 u=rob n=p=80302 u=rob | paramiko [PE1] |   File "/Users/rob/.local/share/virtualenvs/vyos-eveng-b9X2mBdh/lib/python3.9/site-packages/paramiko/packet.py", line 622, in _read_timeout
2022-12-29 21:03:12,096 p=80302 u=rob n=p=80302 u=rob | paramiko [PE1] |     raise socket.timeout()
2022-12-29 21:03:12,096 p=80302 u=rob n=p=80302 u=rob | paramiko [PE1] | socket.timeout
2022-12-29 21:03:12,096 p=80302 u=rob n=p=80302 u=rob | paramiko [PE1] | 
2022-12-29 21:03:12,096 p=80302 u=rob n=p=80302 u=rob | paramiko [PE1] | During handling of the above exception, another exception occurred:
2022-12-29 21:03:12,097 p=80302 u=rob n=p=80302 u=rob | paramiko [PE1] | 
2022-12-29 21:03:12,097 p=80302 u=rob n=p=80302 u=rob | paramiko [PE1] | Traceback (most recent call last):
2022-12-29 21:03:12,097 p=80302 u=rob n=p=80302 u=rob | paramiko [PE1] |   File "/Users/rob/.local/share/virtualenvs/vyos-eveng-b9X2mBdh/lib/python3.9/site-packages/paramiko/transport.py", line 2039, in run
2022-12-29 21:03:12,097 p=80302 u=rob n=p=80302 u=rob | paramiko [PE1] |     self._check_banner()
2022-12-29 21:03:12,097 p=80302 u=rob n=p=80302 u=rob | paramiko [PE1] |   File "/Users/rob/.local/share/virtualenvs/vyos-eveng-b9X2mBdh/lib/python3.9/site-packages/paramiko/transport.py", line 2215, in _check_banner
2022-12-29 21:03:12,097 p=80302 u=rob n=p=80302 u=rob | paramiko [PE1] |     raise SSHException(
2022-12-29 21:03:12,097 p=80302 u=rob n=p=80302 u=rob | paramiko [PE1] | paramiko.ssh_exception.SSHException: Error reading SSH protocol banner
2022-12-29 21:03:12,097 p=80302 u=rob n=p=80302 u=rob | paramiko [PE1] | 
2022-12-29 21:03:12,108 p=80304 u=rob n=p=80304 u=rob | paramiko [PE3] | Exception: Error reading SSH protocol banner
2022-12-29 21:03:12,109 p=80304 u=rob n=p=80304 u=rob | paramiko [PE3] | Traceback (most recent call last):
2022-12-29 21:03:12,109 p=80304 u=rob n=p=80304 u=rob | paramiko [PE3] |   File "/Users/rob/.local/share/virtualenvs/vyos-eveng-b9X2mBdh/lib/python3.9/site-packages/paramiko/transport.py", line 2211, in _check_banner
2022-12-29 21:03:12,109 p=80304 u=rob n=p=80304 u=rob | paramiko [PE3] |     buf = self.packetizer.readline(timeout)
2022-12-29 21:03:12,109 p=80304 u=rob n=p=80304 u=rob | paramiko [PE3] |   File "/Users/rob/.local/share/virtualenvs/vyos-eveng-b9X2mBdh/lib/python3.9/site-packages/paramiko/packet.py", line 380, in readline
2022-12-29 21:03:12,109 p=80304 u=rob n=p=80304 u=rob | paramiko [PE3] |     buf += self._read_timeout(timeout)
2022-12-29 21:03:12,109 p=80304 u=rob n=p=80304 u=rob | paramiko [PE3] |   File "/Users/rob/.local/share/virtualenvs/vyos-eveng-b9X2mBdh/lib/python3.9/site-packages/paramiko/packet.py", line 622, in _read_timeout
2022-12-29 21:03:12,110 p=80304 u=rob n=p=80304 u=rob | paramiko [PE3] |     raise socket.timeout()
2022-12-29 21:03:12,110 p=80304 u=rob n=p=80304 u=rob | paramiko [PE3] | socket.timeout
2022-12-29 21:03:12,110 p=80304 u=rob n=p=80304 u=rob | paramiko [PE3] | 
2022-12-29 21:03:12,110 p=80304 u=rob n=p=80304 u=rob | paramiko [PE3] | During handling of the above exception, another exception occurred:
2022-12-29 21:03:12,110 p=80304 u=rob n=p=80304 u=rob | paramiko [PE3] | 
2022-12-29 21:03:12,110 p=80304 u=rob n=p=80304 u=rob | paramiko [PE3] | Traceback (most recent call last):
2022-12-29 21:03:12,110 p=80304 u=rob n=p=80304 u=rob | paramiko [PE3] |   File "/Users/rob/.local/share/virtualenvs/vyos-eveng-b9X2mBdh/lib/python3.9/site-packages/paramiko/transport.py", line 2039, in run
2022-12-29 21:03:12,110 p=80304 u=rob n=p=80304 u=rob | paramiko [PE3] |     self._check_banner()
2022-12-29 21:03:12,111 p=80304 u=rob n=p=80304 u=rob | paramiko [PE3] |   File "/Users/rob/.local/share/virtualenvs/vyos-eveng-b9X2mBdh/lib/python3.9/site-packages/paramiko/transport.py", line 2215, in _check_banner
2022-12-29 21:03:12,111 p=80304 u=rob n=p=80304 u=rob | paramiko [PE3] |     raise SSHException(
2022-12-29 21:03:12,111 p=80304 u=rob n=p=80304 u=rob | paramiko [PE3] | paramiko.ssh_exception.SSHException: Error reading SSH protocol banner
2022-12-29 21:03:12,111 p=80304 u=rob n=p=80304 u=rob | paramiko [PE3] | 
2022-12-29 21:03:12,111 p=80303 u=rob n=p=80303 u=rob | paramiko [PE2] | Exception: Error reading SSH protocol banner
2022-12-29 21:03:12,112 p=80303 u=rob n=p=80303 u=rob | paramiko [PE2] | Traceback (most recent call last):
2022-12-29 21:03:12,112 p=80303 u=rob n=p=80303 u=rob | paramiko [PE2] |   File "/Users/rob/.local/share/virtualenvs/vyos-eveng-b9X2mBdh/lib/python3.9/site-packages/paramiko/transport.py", line 2211, in _check_banner
2022-12-29 21:03:12,112 p=80303 u=rob n=p=80303 u=rob | paramiko [PE2] |     buf = self.packetizer.readline(timeout)
2022-12-29 21:03:12,112 p=80303 u=rob n=p=80303 u=rob | paramiko [PE2] |   File "/Users/rob/.local/share/virtualenvs/vyos-eveng-b9X2mBdh/lib/python3.9/site-packages/paramiko/packet.py", line 380, in readline
2022-12-29 21:03:12,112 p=80303 u=rob n=p=80303 u=rob | paramiko [PE2] |     buf += self._read_timeout(timeout)
2022-12-29 21:03:12,113 p=80303 u=rob n=p=80303 u=rob | paramiko [PE2] |   File "/Users/rob/.local/share/virtualenvs/vyos-eveng-b9X2mBdh/lib/python3.9/site-packages/paramiko/packet.py", line 622, in _read_timeout
2022-12-29 21:03:12,113 p=80303 u=rob n=p=80303 u=rob | paramiko [PE2] |     raise socket.timeout()
2022-12-29 21:03:12,113 p=80303 u=rob n=p=80303 u=rob | paramiko [PE2] | socket.timeout
2022-12-29 21:03:12,113 p=80303 u=rob n=p=80303 u=rob | paramiko [PE2] | 
2022-12-29 21:03:12,113 p=80303 u=rob n=p=80303 u=rob | paramiko [PE2] | During handling of the above exception, another exception occurred:
2022-12-29 21:03:12,113 p=80303 u=rob n=p=80303 u=rob | paramiko [PE2] | 
2022-12-29 21:03:12,113 p=80303 u=rob n=p=80303 u=rob | paramiko [PE2] | Traceback (most recent call last):
2022-12-29 21:03:12,113 p=80303 u=rob n=p=80303 u=rob | paramiko [PE2] |   File "/Users/rob/.local/share/virtualenvs/vyos-eveng-b9X2mBdh/lib/python3.9/site-packages/paramiko/transport.py", line 2039, in run
2022-12-29 21:03:12,113 p=80303 u=rob n=p=80303 u=rob | paramiko [PE2] |     self._check_banner()
2022-12-29 21:03:12,114 p=80303 u=rob n=p=80303 u=rob | paramiko [PE2] |   File "/Users/rob/.local/share/virtualenvs/vyos-eveng-b9X2mBdh/lib/python3.9/site-packages/paramiko/transport.py", line 2215, in _check_banner
2022-12-29 21:03:12,114 p=80303 u=rob n=p=80303 u=rob | paramiko [PE2] |     raise SSHException(
2022-12-29 21:03:12,114 p=80303 u=rob n=p=80303 u=rob | paramiko [PE2] | paramiko.ssh_exception.SSHException: Error reading SSH protocol banner
2022-12-29 21:03:12,114 p=80303 u=rob n=p=80303 u=rob | paramiko [PE2] | 
2022-12-29 21:03:28,136 p=80302 u=rob n=p=80302 u=rob | paramiko [PE1] | Exception: Error reading SSH protocol banner
2022-12-29 21:03:28,137 p=80302 u=rob n=p=80302 u=rob | paramiko [PE1] | Traceback (most recent call last):
2022-12-29 21:03:28,137 p=80302 u=rob n=p=80302 u=rob | paramiko [PE1] |   File "/Users/rob/.local/share/virtualenvs/vyos-eveng-b9X2mBdh/lib/python3.9/site-packages/paramiko/transport.py", line 2211, in _check_banner
2022-12-29 21:03:28,137 p=80302 u=rob n=p=80302 u=rob | paramiko [PE1] |     buf = self.packetizer.readline(timeout)
2022-12-29 21:03:28,137 p=80302 u=rob n=p=80302 u=rob | paramiko [PE1] |   File "/Users/rob/.local/share/virtualenvs/vyos-eveng-b9X2mBdh/lib/python3.9/site-packages/paramiko/packet.py", line 380, in readline
2022-12-29 21:03:28,137 p=80302 u=rob n=p=80302 u=rob | paramiko [PE1] |     buf += self._read_timeout(timeout)
2022-12-29 21:03:28,137 p=80302 u=rob n=p=80302 u=rob | paramiko [PE1] |   File "/Users/rob/.local/share/virtualenvs/vyos-eveng-b9X2mBdh/lib/python3.9/site-packages/paramiko/packet.py", line 622, in _read_timeout
2022-12-29 21:03:28,137 p=80302 u=rob n=p=80302 u=rob | paramiko [PE1] |     raise socket.timeout()
2022-12-29 21:03:28,137 p=80302 u=rob n=p=80302 u=rob | paramiko [PE1] | socket.timeout
2022-12-29 21:03:28,137 p=80304 u=rob n=p=80304 u=rob | paramiko [PE3] | Exception: Error reading SSH protocol banner
2022-12-29 21:03:28,138 p=80302 u=rob n=p=80302 u=rob | paramiko [PE1] | 
2022-12-29 21:03:28,138 p=80302 u=rob n=p=80302 u=rob | paramiko [PE1] | During handling of the above exception, another exception occurred:
2022-12-29 21:03:28,138 p=80304 u=rob n=p=80304 u=rob | paramiko [PE3] | Traceback (most recent call last):
2022-12-29 21:03:28,138 p=80302 u=rob n=p=80302 u=rob | paramiko [PE1] | 
2022-12-29 21:03:28,138 p=80304 u=rob n=p=80304 u=rob | paramiko [PE3] |   File "/Users/rob/.local/share/virtualenvs/vyos-eveng-b9X2mBdh/lib/python3.9/site-packages/paramiko/transport.py", line 2211, in _check_banner
2022-12-29 21:03:28,138 p=80302 u=rob n=p=80302 u=rob | paramiko [PE1] | Traceback (most recent call last):
2022-12-29 21:03:28,138 p=80304 u=rob n=p=80304 u=rob | paramiko [PE3] |     buf = self.packetizer.readline(timeout)
2022-12-29 21:03:28,138 p=80302 u=rob n=p=80302 u=rob | paramiko [PE1] |   File "/Users/rob/.local/share/virtualenvs/vyos-eveng-b9X2mBdh/lib/python3.9/site-packages/paramiko/transport.py", line 2039, in run
2022-12-29 21:03:28,138 p=80304 u=rob n=p=80304 u=rob | paramiko [PE3] |   File "/Users/rob/.local/share/virtualenvs/vyos-eveng-b9X2mBdh/lib/python3.9/site-packages/paramiko/packet.py", line 380, in readline
2022-12-29 21:03:28,138 p=80302 u=rob n=p=80302 u=rob | paramiko [PE1] |     self._check_banner()
2022-12-29 21:03:28,138 p=80304 u=rob n=p=80304 u=rob | paramiko [PE3] |     buf += self._read_timeout(timeout)
2022-12-29 21:03:28,138 p=80302 u=rob n=p=80302 u=rob | paramiko [PE1] |   File "/Users/rob/.local/share/virtualenvs/vyos-eveng-b9X2mBdh/lib/python3.9/site-packages/paramiko/transport.py", line 2215, in _check_banner
2022-12-29 21:03:28,138 p=80304 u=rob n=p=80304 u=rob | paramiko [PE3] |   File "/Users/rob/.local/share/virtualenvs/vyos-eveng-b9X2mBdh/lib/python3.9/site-packages/paramiko/packet.py", line 622, in _read_timeout
2022-12-29 21:03:28,138 p=80302 u=rob n=p=80302 u=rob | paramiko [PE1] |     raise SSHException(
2022-12-29 21:03:28,138 p=80304 u=rob n=p=80304 u=rob | paramiko [PE3] |     raise socket.timeout()
2022-12-29 21:03:28,139 p=80302 u=rob n=p=80302 u=rob | paramiko [PE1] | paramiko.ssh_exception.SSHException: Error reading SSH protocol banner
2022-12-29 21:03:28,139 p=80304 u=rob n=p=80304 u=rob | paramiko [PE3] | socket.timeout
2022-12-29 21:03:28,139 p=80302 u=rob n=p=80302 u=rob | paramiko [PE1] | 
2022-12-29 21:03:28,139 p=80304 u=rob n=p=80304 u=rob | paramiko [PE3] | 
2022-12-29 21:03:28,139 p=80304 u=rob n=p=80304 u=rob | paramiko [PE3] | During handling of the above exception, another exception occurred:
2022-12-29 21:03:28,139 p=80304 u=rob n=p=80304 u=rob | paramiko [PE3] | 
2022-12-29 21:03:28,139 p=80304 u=rob n=p=80304 u=rob | paramiko [PE3] | Traceback (most recent call last):
2022-12-29 21:03:28,139 p=80304 u=rob n=p=80304 u=rob | paramiko [PE3] |   File "/Users/rob/.local/share/virtualenvs/vyos-eveng-b9X2mBdh/lib/python3.9/site-packages/paramiko/transport.py", line 2039, in run
2022-12-29 21:03:28,139 p=80304 u=rob n=p=80304 u=rob | paramiko [PE3] |     self._check_banner()
2022-12-29 21:03:28,139 p=80304 u=rob n=p=80304 u=rob | paramiko [PE3] |   File "/Users/rob/.local/share/virtualenvs/vyos-eveng-b9X2mBdh/lib/python3.9/site-packages/paramiko/transport.py", line 2215, in _check_banner
2022-12-29 21:03:28,140 p=80304 u=rob n=p=80304 u=rob | paramiko [PE3] |     raise SSHException(
2022-12-29 21:03:28,140 p=80304 u=rob n=p=80304 u=rob | paramiko [PE3] | paramiko.ssh_exception.SSHException: Error reading SSH protocol banner
2022-12-29 21:03:28,140 p=80304 u=rob n=p=80304 u=rob | paramiko [PE3] | 
2022-12-29 21:03:28,149 p=80303 u=rob n=p=80303 u=rob | paramiko [PE2] | Exception: Error reading SSH protocol banner
2022-12-29 21:03:28,150 p=80303 u=rob n=p=80303 u=rob | paramiko [PE2] | Traceback (most recent call last):
2022-12-29 21:03:28,150 p=80303 u=rob n=p=80303 u=rob | paramiko [PE2] |   File "/Users/rob/.local/share/virtualenvs/vyos-eveng-b9X2mBdh/lib/python3.9/site-packages/paramiko/transport.py", line 2211, in _check_banner
2022-12-29 21:03:28,150 p=80303 u=rob n=p=80303 u=rob | paramiko [PE2] |     buf = self.packetizer.readline(timeout)
2022-12-29 21:03:28,150 p=80303 u=rob n=p=80303 u=rob | paramiko [PE2] |   File "/Users/rob/.local/share/virtualenvs/vyos-eveng-b9X2mBdh/lib/python3.9/site-packages/paramiko/packet.py", line 380, in readline
2022-12-29 21:03:28,150 p=80303 u=rob n=p=80303 u=rob | paramiko [PE2] |     buf += self._read_timeout(timeout)
2022-12-29 21:03:28,150 p=80303 u=rob n=p=80303 u=rob | paramiko [PE2] |   File "/Users/rob/.local/share/virtualenvs/vyos-eveng-b9X2mBdh/lib/python3.9/site-packages/paramiko/packet.py", line 622, in _read_timeout
2022-12-29 21:03:28,151 p=80303 u=rob n=p=80303 u=rob | paramiko [PE2] |     raise socket.timeout()
2022-12-29 21:03:28,151 p=80303 u=rob n=p=80303 u=rob | paramiko [PE2] | socket.timeout
2022-12-29 21:03:28,151 p=80303 u=rob n=p=80303 u=rob | paramiko [PE2] | 
2022-12-29 21:03:28,151 p=80303 u=rob n=p=80303 u=rob | paramiko [PE2] | During handling of the above exception, another exception occurred:
2022-12-29 21:03:28,151 p=80303 u=rob n=p=80303 u=rob | paramiko [PE2] | 
2022-12-29 21:03:28,151 p=80303 u=rob n=p=80303 u=rob | paramiko [PE2] | Traceback (most recent call last):
2022-12-29 21:03:28,151 p=80303 u=rob n=p=80303 u=rob | paramiko [PE2] |   File "/Users/rob/.local/share/virtualenvs/vyos-eveng-b9X2mBdh/lib/python3.9/site-packages/paramiko/transport.py", line 2039, in run
2022-12-29 21:03:28,151 p=80303 u=rob n=p=80303 u=rob | paramiko [PE2] |     self._check_banner()
2022-12-29 21:03:28,151 p=80303 u=rob n=p=80303 u=rob | paramiko [PE2] |   File "/Users/rob/.local/share/virtualenvs/vyos-eveng-b9X2mBdh/lib/python3.9/site-packages/paramiko/transport.py", line 2215, in _check_banner
2022-12-29 21:03:28,152 p=80303 u=rob n=p=80303 u=rob | paramiko [PE2] |     raise SSHException(
2022-12-29 21:03:28,152 p=80303 u=rob n=p=80303 u=rob | paramiko [PE2] | paramiko.ssh_exception.SSHException: Error reading SSH protocol banner
2022-12-29 21:03:28,152 p=80303 u=rob n=p=80303 u=rob | paramiko [PE2] | 
2022-12-29 21:03:30,109 p=80304 u=rob n=p=80304 u=rob | paramiko [PE3] | Connected (version 2.0, client OpenSSH_8.4p1)
2022-12-29 21:03:30,111 p=80302 u=rob n=p=80302 u=rob | paramiko [PE1] | Connected (version 2.0, client OpenSSH_8.4p1)
2022-12-29 21:03:30,127 p=80303 u=rob n=p=80303 u=rob | paramiko [PE2] | Connected (version 2.0, client OpenSSH_8.4p1)
2022-12-29 21:03:30,208 p=80304 u=rob n=p=80304 u=rob | paramiko [PE3] | Authentication (publickey) successful!
2022-12-29 21:03:30,212 p=80302 u=rob n=p=80302 u=rob | paramiko [PE1] | Authentication (publickey) successful!
2022-12-29 21:03:30,234 p=80303 u=rob n=p=80303 u=rob | paramiko [PE2] | Authentication (publickey) successful!
2022-12-29 21:03:31,299 p=79613 u=rob n=ansible | ok: [PE3]
2022-12-29 21:03:31,299 p=79613 u=rob n=ansible | ok: [PE1]
2022-12-29 21:03:31,319 p=79613 u=rob n=ansible | ok: [PE2]
2022-12-29 21:03:31,322 p=79613 u=rob n=ansible | TASK [eve-ng-lab-test : include L3VPN_EVPN lab_config.yml] ***********************************************************************************************************************************
2022-12-29 21:03:31,335 p=79613 u=rob n=ansible | skipping: [eveng]
2022-12-29 21:03:31,341 p=79613 u=rob n=ansible | skipping: [vyos-oobm]
2022-12-29 21:03:31,359 p=79613 u=rob n=ansible | included: /Users/rob/git/_vyos/vyos-eveng/labs/L3VPN_EVPN/lab_config.yml for PE1, PE2, PE3
2022-12-29 21:03:31,401 p=79613 u=rob n=ansible | TASK [eve-ng-lab-test : setup vyos] **********************************************************************************************************************************************************
2022-12-29 21:03:32,976 p=79914 u=rob n=p=79914 u=rob | paramiko [PE2] | Connected (version 2.0, client OpenSSH_8.4p1)
2022-12-29 21:03:33,047 p=79915 u=rob n=p=79915 u=rob | paramiko [PE1] | Connected (version 2.0, client OpenSSH_8.4p1)
2022-12-29 21:03:33,050 p=79916 u=rob n=p=79916 u=rob | paramiko [PE3] | Connected (version 2.0, client OpenSSH_8.4p1)
2022-12-29 21:03:33,058 p=79914 u=rob n=p=79914 u=rob | paramiko [PE2] | Authentication (publickey) successful!
2022-12-29 21:03:33,106 p=79915 u=rob n=p=79915 u=rob | paramiko [PE1] | Authentication (publickey) successful!
2022-12-29 21:03:33,111 p=79916 u=rob n=p=79916 u=rob | paramiko [PE3] | Authentication (publickey) successful!
2022-12-29 21:04:03,478 p=79613 u=rob n=ansible | [WARNING]: To ensure idempotency and correct diff the input configuration lines should be similar to how they appear if present in the running configuration on device including the
indentation

2022-12-29 21:04:03,478 p=79613 u=rob n=ansible | changed: [PE2]
2022-12-29 21:04:04,167 p=79613 u=rob n=ansible | changed: [PE3]
2022-12-29 21:04:05,541 p=79613 u=rob n=ansible | changed: [PE1]
2022-12-29 21:04:05,545 p=79613 u=rob n=ansible | TASK [eve-ng-lab-test : Login to EVE-NG and get Cookie] **************************************************************************************************************************************
2022-12-29 21:04:05,570 p=79613 u=rob n=ansible | skipping: [vyos-oobm]
2022-12-29 21:04:05,578 p=79613 u=rob n=ansible | skipping: [PE1]
2022-12-29 21:04:05,578 p=79613 u=rob n=ansible | skipping: [PE2]
2022-12-29 21:04:05,582 p=79613 u=rob n=ansible | skipping: [PE3]
2022-12-29 21:04:06,910 p=79613 u=rob n=ansible | ok: [eveng]
2022-12-29 21:04:06,915 p=79613 u=rob n=ansible | TASK [eve-ng-lab-test : stop nodes id] *******************************************************************************************************************************************************
2022-12-29 21:04:06,967 p=79613 u=rob n=ansible | TASK [eve-ng-lab-test : wait after stop] *****************************************************************************************************************************************************
2022-12-29 21:04:06,976 p=80481 u=rob n=ansible | Pausing for 5 seconds
2022-12-29 21:04:06,976 p=80481 u=rob n=ansible | (ctrl+C then 'C' = continue early, ctrl+C then 'A' = abort)
2022-12-29 21:04:11,984 p=79613 u=rob n=ansible | ok: [eveng]
2022-12-29 21:04:11,990 p=79613 u=rob n=ansible | TASK [eve-ng-lab-test : start nodes id] ******************************************************************************************************************************************************
2022-12-29 21:04:12,047 p=79613 u=rob n=ansible | TASK [eve-ng-lab-test : wait after start] ****************************************************************************************************************************************************
2022-12-29 21:04:12,056 p=80487 u=rob n=ansible | Pausing for 5 seconds
2022-12-29 21:04:12,057 p=80487 u=rob n=ansible | (ctrl+C then 'C' = continue early, ctrl+C then 'A' = abort)
2022-12-29 21:04:17,064 p=79613 u=rob n=ansible | ok: [eveng]
2022-12-29 21:04:17,071 p=79613 u=rob n=ansible | TASK [eve-ng-lab-test : wait, b/c the ping often failed without a short break] ***************************************************************************************************************
2022-12-29 21:04:17,085 p=80489 u=rob n=ansible | Pausing for 30 seconds
2022-12-29 21:04:17,085 p=80489 u=rob n=ansible | (ctrl+C then 'C' = continue early, ctrl+C then 'A' = abort)
2022-12-29 21:04:47,094 p=79613 u=rob n=ansible | ok: [eveng]
2022-12-29 21:04:47,101 p=79613 u=rob n=ansible | TASK [eve-ng-lab-test : do ping test] ********************************************************************************************************************************************************
2022-12-29 21:04:47,131 p=79613 u=rob n=ansible | skipping: [eveng]
2022-12-29 21:04:47,139 p=79613 u=rob n=ansible | skipping: [vyos-oobm]
2022-12-29 21:04:52,597 p=79613 u=rob n=ansible | ok: [PE3] => (item=172.29.255.2)
2022-12-29 21:04:52,597 p=79613 u=rob n=ansible | ok: [PE1] => (item=172.29.255.2)
2022-12-29 21:04:52,629 p=79613 u=rob n=ansible | ok: [PE2] => (item=172.29.255.1)
2022-12-29 21:04:57,089 p=79613 u=rob n=ansible | ok: [PE3] => (item=172.29.255.1)
2022-12-29 21:04:57,114 p=79613 u=rob n=ansible | ok: [PE2] => (item=172.29.255.3)
2022-12-29 21:04:57,121 p=79613 u=rob n=ansible | ok: [PE1] => (item=172.29.255.3)
2022-12-29 21:04:57,125 p=79613 u=rob n=ansible | TASK [eve-ng-lab-test : execute test commands] ***********************************************************************************************************************************************
2022-12-29 21:04:57,146 p=79613 u=rob n=ansible | skipping: [eveng]
2022-12-29 21:04:57,152 p=79613 u=rob n=ansible | skipping: [vyos-oobm]
2022-12-29 21:04:58,552 p=79613 u=rob n=ansible | ok: [PE3] => (item={'desc': 'PING vyos-oobm with VRF', 'command': 'ping 10.100.0.1 vrf mgmt count 1', 'wait_for': ["result[0] contains '1 packets transmitted, 1 received'"]})
2022-12-29 21:04:58,553 p=79613 u=rob n=ansible | ok: [PE2] => (item={'desc': 'PING vyos-oobm with VRF', 'command': 'ping 10.100.0.1 vrf mgmt count 1', 'wait_for': ["result[0] contains '1 packets transmitted, 1 received'"]})
2022-12-29 21:04:58,553 p=79613 u=rob n=ansible | ok: [PE1] => (item={'desc': 'PING vyos-oobm with VRF', 'command': 'ping 10.100.0.1 vrf mgmt count 1', 'wait_for': ["result[0] contains '1 packets transmitted, 1 received'"]})
2022-12-29 21:04:59,003 p=79613 u=rob n=ansible | ok: [PE1] => (item={'desc': 'PING blue site 2', 'command': 'ping 10.1.2.10 vrf blue count 1', 'wait_for': ["result[0] contains '1 packets transmitted, 1 received'"]})
2022-12-29 21:04:59,424 p=79613 u=rob n=ansible | ok: [PE1] => (item={'desc': 'PING red site 2', 'command': 'ping 10.2.2.10 vrf red count 1', 'wait_for': ["result[0] contains '1 packets transmitted, 1 received'"]})
2022-12-29 21:04:59,864 p=79613 u=rob n=ansible | ok: [PE1] => (item={'desc': 'PING green site 3', 'command': 'ping 10.3.3.10 vrf green count 1', 'wait_for': ["result[0] contains '1 packets transmitted, 1 received'"]})
2022-12-29 21:04:59,870 p=79613 u=rob n=ansible | TASK [eve-ng-lab-test : register stdout commands] ********************************************************************************************************************************************
2022-12-29 21:04:59,893 p=79613 u=rob n=ansible | skipping: [eveng]
2022-12-29 21:04:59,900 p=79613 u=rob n=ansible | skipping: [vyos-oobm]
2022-12-29 21:04:59,909 p=79613 u=rob n=ansible | skipping: [PE3]
2022-12-29 21:05:01,186 p=79613 u=rob n=ansible | ok: [PE2] => (item={'name': 'bgp_evpn_net', 'command': 'show bgp l2vpn evpn 10.3.1.10'})
2022-12-29 21:05:01,187 p=79613 u=rob n=ansible | ok: [PE1] => (item={'name': 'vrf_all', 'command': 'show ip route vrf all'})
2022-12-29 21:05:01,590 p=79613 u=rob n=ansible | ok: [PE1] => (item={'name': 'bgp_evpn', 'command': 'show bgp l2vpn evpn'})
2022-12-29 21:05:01,594 p=79613 u=rob n=ansible | TASK [eve-ng-lab-test : Set variables] *******************************************************************************************************************************************************
2022-12-29 21:05:01,616 p=79613 u=rob n=ansible | skipping: [eveng]
2022-12-29 21:05:01,623 p=79613 u=rob n=ansible | skipping: [vyos-oobm]
2022-12-29 21:05:01,633 p=79613 u=rob n=ansible | skipping: [PE3]
2022-12-29 21:05:02,479 p=79613 u=rob n=ansible | ok: [PE2]
2022-12-29 21:05:02,480 p=79613 u=rob n=ansible | ok: [PE1]
2022-12-29 21:05:02,486 p=79613 u=rob n=ansible | TASK [eve-ng-lab-test : Reboot vyos] *********************************************************************************************************************************************************
2022-12-29 21:05:02,509 p=79613 u=rob n=ansible | skipping: [eveng]
2022-12-29 21:05:02,517 p=79613 u=rob n=ansible | skipping: [vyos-oobm]
2022-12-29 21:05:03,886 p=79613 u=rob n=ansible | ok: [PE3]
2022-12-29 21:05:03,886 p=79613 u=rob n=ansible | ok: [PE2]
2022-12-29 21:05:03,889 p=79613 u=rob n=ansible | ok: [PE1]
2022-12-29 21:05:03,892 p=79613 u=rob n=ansible | TASK [eve-ng-lab-test : wait while shutdown] *************************************************************************************************************************************************
2022-12-29 21:05:03,902 p=79613 u=rob n=ansible | skipping: [eveng]
2022-12-29 21:05:03,905 p=79613 u=rob n=ansible | TASK [eve-ng-lab-test : Wait for vyos nodes] *************************************************************************************************************************************************
2022-12-29 21:05:03,919 p=79613 u=rob n=ansible | skipping: [eveng]
2022-12-29 21:05:03,926 p=79613 u=rob n=ansible | skipping: [vyos-oobm]
2022-12-29 21:05:05,666 p=80847 u=rob n=p=80847 u=rob | paramiko [PE2] | Connected (version 2.0, client OpenSSH_8.4p1)
2022-12-29 21:05:05,671 p=80848 u=rob n=p=80848 u=rob | paramiko [PE3] | Connected (version 2.0, client OpenSSH_8.4p1)
2022-12-29 21:05:05,678 p=80846 u=rob n=p=80846 u=rob | paramiko [PE1] | Connected (version 2.0, client OpenSSH_8.4p1)
2022-12-29 21:05:05,743 p=80847 u=rob n=p=80847 u=rob | paramiko [PE2] | Auth banner: b'System is going down. Unprivileged users are not permitted to log in anymore. For technical details, see pam_nologin(8).\n\n'
2022-12-29 21:05:05,745 p=80848 u=rob n=p=80848 u=rob | paramiko [PE3] | Auth banner: b'System is going down. Unprivileged users are not permitted to log in anymore. For technical details, see pam_nologin(8).\n\n'
2022-12-29 21:05:05,753 p=80846 u=rob n=p=80846 u=rob | paramiko [PE1] | Auth banner: b'System is going down. Unprivileged users are not permitted to log in anymore. For technical details, see pam_nologin(8).\n\n'
2022-12-29 21:07:04,165 p=79915 u=rob n=ansible | persistent connection idle timeout triggered, timeout value is 120 secs.
See the timeout setting options in the Network Debug and Troubleshooting Guide.
2022-12-29 21:07:04,170 p=79914 u=rob n=ansible | persistent connection idle timeout triggered, timeout value is 120 secs.
See the timeout setting options in the Network Debug and Troubleshooting Guide.
2022-12-29 21:07:04,173 p=79916 u=rob n=ansible | persistent connection idle timeout triggered, timeout value is 120 secs.
See the timeout setting options in the Network Debug and Troubleshooting Guide.
2022-12-29 21:07:04,269 p=79915 u=rob n=ansible | shutdown complete
2022-12-29 21:07:04,273 p=79914 u=rob n=ansible | shutdown complete
2022-12-29 21:07:04,277 p=79916 u=rob n=ansible | shutdown complete
2022-12-29 21:07:07,715 p=80847 u=rob n=p=80847 u=rob | paramiko [PE2] | Connected (version 2.0, client OpenSSH_8.4p1)
2022-12-29 21:07:07,726 p=80848 u=rob n=p=80848 u=rob | paramiko [PE3] | Connected (version 2.0, client OpenSSH_8.4p1)
2022-12-29 21:07:07,735 p=80846 u=rob n=p=80846 u=rob | paramiko [PE1] | Connected (version 2.0, client OpenSSH_8.4p1)
2022-12-29 21:07:07,808 p=80848 u=rob n=p=80848 u=rob | paramiko [PE3] | Authentication (publickey) successful!
2022-12-29 21:07:07,818 p=80847 u=rob n=p=80847 u=rob | paramiko [PE2] | Authentication (publickey) successful!
2022-12-29 21:07:07,818 p=80846 u=rob n=p=80846 u=rob | paramiko [PE1] | Authentication (publickey) successful!
2022-12-29 21:07:09,108 p=79613 u=rob n=ansible | ok: [PE3]
2022-12-29 21:07:09,206 p=79613 u=rob n=ansible | ok: [PE1]
2022-12-29 21:07:09,556 p=79613 u=rob n=ansible | ok: [PE2]
2022-12-29 21:07:09,557 p=79613 u=rob n=ansible | TASK [eve-ng-lab-test : Login to EVE-NG and get Cookie] **************************************************************************************************************************************
2022-12-29 21:07:09,574 p=79613 u=rob n=ansible | skipping: [vyos-oobm]
2022-12-29 21:07:09,581 p=79613 u=rob n=ansible | skipping: [PE1]
2022-12-29 21:07:09,583 p=79613 u=rob n=ansible | skipping: [PE2]
2022-12-29 21:07:09,586 p=79613 u=rob n=ansible | skipping: [PE3]
2022-12-29 21:07:10,965 p=79613 u=rob n=ansible | ok: [eveng]
2022-12-29 21:07:10,974 p=79613 u=rob n=ansible | TASK [eve-ng-lab-test : stop nodes id] *******************************************************************************************************************************************************
2022-12-29 21:07:11,026 p=79613 u=rob n=ansible | TASK [eve-ng-lab-test : wait after stop] *****************************************************************************************************************************************************
2022-12-29 21:07:11,035 p=80984 u=rob n=ansible | Pausing for 5 seconds
2022-12-29 21:07:11,036 p=80984 u=rob n=ansible | (ctrl+C then 'C' = continue early, ctrl+C then 'A' = abort)
2022-12-29 21:07:16,042 p=79613 u=rob n=ansible | ok: [eveng]
2022-12-29 21:07:16,051 p=79613 u=rob n=ansible | TASK [eve-ng-lab-test : start nodes id] ******************************************************************************************************************************************************
2022-12-29 21:07:16,111 p=79613 u=rob n=ansible | TASK [eve-ng-lab-test : wait after start] ****************************************************************************************************************************************************
2022-12-29 21:07:16,121 p=80993 u=rob n=ansible | Pausing for 5 seconds
2022-12-29 21:07:16,121 p=80993 u=rob n=ansible | (ctrl+C then 'C' = continue early, ctrl+C then 'A' = abort)
2022-12-29 21:07:21,131 p=79613 u=rob n=ansible | ok: [eveng]
2022-12-29 21:07:21,140 p=79613 u=rob n=ansible | TASK [eve-ng-lab-test : wait, b/c the ping often failed without a short break] ***************************************************************************************************************
2022-12-29 21:07:21,156 p=80998 u=rob n=ansible | Pausing for 30 seconds
2022-12-29 21:07:21,157 p=80998 u=rob n=ansible | (ctrl+C then 'C' = continue early, ctrl+C then 'A' = abort)
2022-12-29 21:07:51,164 p=79613 u=rob n=ansible | ok: [eveng]
2022-12-29 21:07:51,174 p=79613 u=rob n=ansible | TASK [eve-ng-lab-test : do ping test] ********************************************************************************************************************************************************
2022-12-29 21:07:51,210 p=79613 u=rob n=ansible | skipping: [eveng]
2022-12-29 21:07:51,218 p=79613 u=rob n=ansible | skipping: [vyos-oobm]
2022-12-29 21:07:52,108 p=81008 u=rob n=ansible | network_os is set to vyos
2022-12-29 21:07:52,108 p=81007 u=rob n=ansible | network_os is set to vyos
2022-12-29 21:07:52,112 p=81009 u=rob n=ansible | network_os is set to vyos
2022-12-29 21:07:53,256 p=81017 u=rob n=p=81017 u=rob | paramiko [PE1] | Connected (version 2.0, client OpenSSH_8.4p1)
2022-12-29 21:07:53,256 p=81021 u=rob n=p=81021 u=rob | paramiko [PE3] | Connected (version 2.0, client OpenSSH_8.4p1)
2022-12-29 21:07:53,258 p=81018 u=rob n=p=81018 u=rob | paramiko [PE2] | Connected (version 2.0, client OpenSSH_8.4p1)
2022-12-29 21:07:53,346 p=81017 u=rob n=p=81017 u=rob | paramiko [PE1] | Authentication (publickey) successful!
2022-12-29 21:07:53,348 p=81018 u=rob n=p=81018 u=rob | paramiko [PE2] | Authentication (publickey) successful!
2022-12-29 21:07:53,352 p=81021 u=rob n=p=81021 u=rob | paramiko [PE3] | Authentication (publickey) successful!
2022-12-29 21:07:59,755 p=79613 u=rob n=ansible | ok: [PE3] => (item=172.29.255.2)
2022-12-29 21:07:59,756 p=79613 u=rob n=ansible | ok: [PE1] => (item=172.29.255.2)
2022-12-29 21:07:59,756 p=79613 u=rob n=ansible | ok: [PE2] => (item=172.29.255.1)
2022-12-29 21:08:05,131 p=79613 u=rob n=ansible | ok: [PE1] => (item=172.29.255.3)
2022-12-29 21:08:05,141 p=79613 u=rob n=ansible | ok: [PE2] => (item=172.29.255.3)
2022-12-29 21:08:05,156 p=79613 u=rob n=ansible | ok: [PE3] => (item=172.29.255.1)
2022-12-29 21:08:05,159 p=79613 u=rob n=ansible | TASK [eve-ng-lab-test : execute test commands] ***********************************************************************************************************************************************
2022-12-29 21:08:05,181 p=79613 u=rob n=ansible | skipping: [eveng]
2022-12-29 21:08:05,188 p=79613 u=rob n=ansible | skipping: [vyos-oobm]
2022-12-29 21:08:06,527 p=79613 u=rob n=ansible | ok: [PE2] => (item={'desc': 'PING vyos-oobm with VRF', 'command': 'ping 10.100.0.1 vrf mgmt count 1', 'wait_for': ["result[0] contains '1 packets transmitted, 1 received'"]})
2022-12-29 21:08:06,528 p=79613 u=rob n=ansible | ok: [PE3] => (item={'desc': 'PING vyos-oobm with VRF', 'command': 'ping 10.100.0.1 vrf mgmt count 1', 'wait_for': ["result[0] contains '1 packets transmitted, 1 received'"]})
2022-12-29 21:08:06,529 p=79613 u=rob n=ansible | ok: [PE1] => (item={'desc': 'PING vyos-oobm with VRF', 'command': 'ping 10.100.0.1 vrf mgmt count 1', 'wait_for': ["result[0] contains '1 packets transmitted, 1 received'"]})
2022-12-29 21:08:06,958 p=79613 u=rob n=ansible | ok: [PE1] => (item={'desc': 'PING blue site 2', 'command': 'ping 10.1.2.10 vrf blue count 1', 'wait_for': ["result[0] contains '1 packets transmitted, 1 received'"]})
2022-12-29 21:08:07,389 p=79613 u=rob n=ansible | ok: [PE1] => (item={'desc': 'PING red site 2', 'command': 'ping 10.2.2.10 vrf red count 1', 'wait_for': ["result[0] contains '1 packets transmitted, 1 received'"]})
2022-12-29 21:08:07,821 p=79613 u=rob n=ansible | ok: [PE1] => (item={'desc': 'PING green site 3', 'command': 'ping 10.3.3.10 vrf green count 1', 'wait_for': ["result[0] contains '1 packets transmitted, 1 received'"]})
2022-12-29 21:08:07,827 p=79613 u=rob n=ansible | TASK [eve-ng-lab-test : register stdout commands] ********************************************************************************************************************************************
2022-12-29 21:08:07,849 p=79613 u=rob n=ansible | skipping: [eveng]
2022-12-29 21:08:07,856 p=79613 u=rob n=ansible | skipping: [vyos-oobm]
2022-12-29 21:08:07,860 p=79613 u=rob n=ansible | skipping: [PE1] => (item={'name': 'vrf_all', 'command': 'show ip route vrf all'}) 
2022-12-29 21:08:07,861 p=79613 u=rob n=ansible | skipping: [PE1] => (item={'name': 'bgp_evpn', 'command': 'show bgp l2vpn evpn'}) 
2022-12-29 21:08:07,864 p=79613 u=rob n=ansible | skipping: [PE2] => (item={'name': 'bgp_evpn_net', 'command': 'show bgp l2vpn evpn 10.3.1.10'}) 
2022-12-29 21:08:07,866 p=79613 u=rob n=ansible | skipping: [PE3]
2022-12-29 21:08:07,868 p=79613 u=rob n=ansible | TASK [eve-ng-lab-test : Set variables] *******************************************************************************************************************************************************
2022-12-29 21:08:07,887 p=79613 u=rob n=ansible | skipping: [eveng]
2022-12-29 21:08:07,893 p=79613 u=rob n=ansible | skipping: [vyos-oobm]
2022-12-29 21:08:07,893 p=79613 u=rob n=ansible | skipping: [PE1]
2022-12-29 21:08:07,895 p=79613 u=rob n=ansible | skipping: [PE2]
2022-12-29 21:08:07,901 p=79613 u=rob n=ansible | skipping: [PE3]
2022-12-29 21:08:07,904 p=79613 u=rob n=ansible | TASK [eve-ng-lab-test : make sure tmp dir exist] *********************************************************************************************************************************************
2022-12-29 21:08:07,919 p=79613 u=rob n=ansible | skipping: [eveng]
2022-12-29 21:08:07,926 p=79613 u=rob n=ansible | skipping: [vyos-oobm]
2022-12-29 21:08:07,932 p=79613 u=rob n=ansible | skipping: [PE1]
2022-12-29 21:08:07,933 p=79613 u=rob n=ansible | skipping: [PE2]
2022-12-29 21:08:07,937 p=79613 u=rob n=ansible | skipping: [PE3]
2022-12-29 21:08:07,940 p=79613 u=rob n=ansible | TASK [eve-ng-lab-test : register status of tmp/] *********************************************************************************************************************************************
2022-12-29 21:08:07,953 p=79613 u=rob n=ansible | skipping: [eveng]
2022-12-29 21:08:07,961 p=79613 u=rob n=ansible | skipping: [vyos-oobm]
2022-12-29 21:08:07,966 p=79613 u=rob n=ansible | skipping: [PE1]
2022-12-29 21:08:07,968 p=79613 u=rob n=ansible | skipping: [PE2]
2022-12-29 21:08:07,972 p=79613 u=rob n=ansible | skipping: [PE3]
2022-12-29 21:08:07,976 p=79613 u=rob n=ansible | TASK [eve-ng-lab-test : Download upgrade_iso] ************************************************************************************************************************************************
2022-12-29 21:08:07,991 p=79613 u=rob n=ansible | skipping: [eveng]
2022-12-29 21:08:07,998 p=79613 u=rob n=ansible | skipping: [vyos-oobm]
2022-12-29 21:08:08,005 p=79613 u=rob n=ansible | skipping: [PE1]
2022-12-29 21:08:08,006 p=79613 u=rob n=ansible | skipping: [PE2]
2022-12-29 21:08:08,010 p=79613 u=rob n=ansible | skipping: [PE3]
2022-12-29 21:08:08,013 p=79613 u=rob n=ansible | TASK [eve-ng-lab-test : Copy iso to host] ****************************************************************************************************************************************************
2022-12-29 21:08:08,026 p=79613 u=rob n=ansible | skipping: [eveng]
2022-12-29 21:08:08,033 p=79613 u=rob n=ansible | skipping: [vyos-oobm]
2022-12-29 21:08:08,039 p=79613 u=rob n=ansible | skipping: [PE1]
2022-12-29 21:08:08,040 p=79613 u=rob n=ansible | skipping: [PE2]
2022-12-29 21:08:08,044 p=79613 u=rob n=ansible | skipping: [PE3]
2022-12-29 21:08:08,046 p=79613 u=rob n=ansible | TASK [eve-ng-lab-test : upgrade vyos] ********************************************************************************************************************************************************
2022-12-29 21:08:08,058 p=79613 u=rob n=ansible | skipping: [eveng]
2022-12-29 21:08:08,065 p=79613 u=rob n=ansible | skipping: [vyos-oobm]
2022-12-29 21:08:08,071 p=79613 u=rob n=ansible | skipping: [PE1]
2022-12-29 21:08:08,073 p=79613 u=rob n=ansible | skipping: [PE2]
2022-12-29 21:08:08,076 p=79613 u=rob n=ansible | skipping: [PE3]
2022-12-29 21:08:08,078 p=79613 u=rob n=ansible | TASK [eve-ng-lab-test : Reboot vyos] *********************************************************************************************************************************************************
2022-12-29 21:08:08,090 p=79613 u=rob n=ansible | skipping: [eveng]
2022-12-29 21:08:08,097 p=79613 u=rob n=ansible | skipping: [vyos-oobm]
2022-12-29 21:08:08,103 p=79613 u=rob n=ansible | skipping: [PE1]
2022-12-29 21:08:08,105 p=79613 u=rob n=ansible | skipping: [PE2]
2022-12-29 21:08:08,108 p=79613 u=rob n=ansible | skipping: [PE3]
2022-12-29 21:08:08,110 p=79613 u=rob n=ansible | TASK [eve-ng-lab-test : wait while shutdown] *************************************************************************************************************************************************
2022-12-29 21:08:08,118 p=79613 u=rob n=ansible | skipping: [eveng]
2022-12-29 21:08:08,120 p=79613 u=rob n=ansible | TASK [eve-ng-lab-test : Wait for vyos nodes] *************************************************************************************************************************************************
2022-12-29 21:08:08,135 p=79613 u=rob n=ansible | skipping: [eveng]
2022-12-29 21:08:08,141 p=79613 u=rob n=ansible | skipping: [vyos-oobm]
2022-12-29 21:08:08,147 p=79613 u=rob n=ansible | skipping: [PE1]
2022-12-29 21:08:08,149 p=79613 u=rob n=ansible | skipping: [PE2]
2022-12-29 21:08:08,151 p=79613 u=rob n=ansible | skipping: [PE3]
2022-12-29 21:08:08,155 p=79613 u=rob n=ansible | TASK [eve-ng-lab-test : clear tmp dir] *******************************************************************************************************************************************************
2022-12-29 21:08:08,162 p=79613 u=rob n=ansible | skipping: [eveng]
2022-12-29 21:08:08,164 p=79613 u=rob n=ansible | TASK [eve-ng-lab-test : Login to EVE-NG and get Cookie] **************************************************************************************************************************************
2022-12-29 21:08:08,177 p=79613 u=rob n=ansible | skipping: [eveng]
2022-12-29 21:08:08,183 p=79613 u=rob n=ansible | skipping: [vyos-oobm]
2022-12-29 21:08:08,189 p=79613 u=rob n=ansible | skipping: [PE1]
2022-12-29 21:08:08,191 p=79613 u=rob n=ansible | skipping: [PE2]
2022-12-29 21:08:08,194 p=79613 u=rob n=ansible | skipping: [PE3]
2022-12-29 21:08:08,196 p=79613 u=rob n=ansible | TASK [eve-ng-lab-test : stop nodes id] *******************************************************************************************************************************************************
2022-12-29 21:08:08,232 p=79613 u=rob n=ansible | TASK [eve-ng-lab-test : wait after stop] *****************************************************************************************************************************************************
2022-12-29 21:08:08,240 p=79613 u=rob n=ansible | skipping: [eveng]
2022-12-29 21:08:08,242 p=79613 u=rob n=ansible | TASK [eve-ng-lab-test : start nodes id] ******************************************************************************************************************************************************
2022-12-29 21:08:08,281 p=79613 u=rob n=ansible | TASK [eve-ng-lab-test : wait after start] ****************************************************************************************************************************************************
2022-12-29 21:08:08,289 p=79613 u=rob n=ansible | skipping: [eveng]
2022-12-29 21:08:08,291 p=79613 u=rob n=ansible | TASK [eve-ng-lab-test : wait, b/c the ping often failed without a short break] ***************************************************************************************************************
2022-12-29 21:08:08,298 p=79613 u=rob n=ansible | skipping: [eveng]
2022-12-29 21:08:08,300 p=79613 u=rob n=ansible | TASK [eve-ng-lab-test : do ping test] ********************************************************************************************************************************************************
2022-12-29 21:08:08,313 p=79613 u=rob n=ansible | skipping: [eveng]
2022-12-29 21:08:08,319 p=79613 u=rob n=ansible | skipping: [vyos-oobm]
2022-12-29 21:08:08,328 p=79613 u=rob n=ansible | skipping: [PE1] => (item=172.29.255.2) 
2022-12-29 21:08:08,329 p=79613 u=rob n=ansible | skipping: [PE1] => (item=172.29.255.3) 
2022-12-29 21:08:08,333 p=79613 u=rob n=ansible | skipping: [PE2] => (item=172.29.255.1) 
2022-12-29 21:08:08,334 p=79613 u=rob n=ansible | skipping: [PE2] => (item=172.29.255.3) 
2022-12-29 21:08:08,338 p=79613 u=rob n=ansible | skipping: [PE3] => (item=172.29.255.2) 
2022-12-29 21:08:08,338 p=79613 u=rob n=ansible | skipping: [PE3] => (item=172.29.255.1) 
2022-12-29 21:08:08,341 p=79613 u=rob n=ansible | TASK [eve-ng-lab-test : execute test commands] ***********************************************************************************************************************************************
2022-12-29 21:08:08,353 p=79613 u=rob n=ansible | skipping: [eveng]
2022-12-29 21:08:08,359 p=79613 u=rob n=ansible | skipping: [vyos-oobm]
2022-12-29 21:08:08,368 p=79613 u=rob n=ansible | skipping: [PE1] => (item={'desc': 'PING vyos-oobm with VRF', 'command': 'ping 10.100.0.1 vrf mgmt count 1', 'wait_for': ["result[0] contains '1 packets transmitted, 1 received'"]}) 
2022-12-29 21:08:08,369 p=79613 u=rob n=ansible | skipping: [PE1] => (item={'desc': 'PING blue site 2', 'command': 'ping 10.1.2.10 vrf blue count 1', 'wait_for': ["result[0] contains '1 packets transmitted, 1 received'"]}) 
2022-12-29 21:08:08,370 p=79613 u=rob n=ansible | skipping: [PE1] => (item={'desc': 'PING red site 2', 'command': 'ping 10.2.2.10 vrf red count 1', 'wait_for': ["result[0] contains '1 packets transmitted, 1 received'"]}) 
2022-12-29 21:08:08,371 p=79613 u=rob n=ansible | skipping: [PE1] => (item={'desc': 'PING green site 3', 'command': 'ping 10.3.3.10 vrf green count 1', 'wait_for': ["result[0] contains '1 packets transmitted, 1 received'"]}) 
2022-12-29 21:08:08,372 p=79613 u=rob n=ansible | skipping: [PE2] => (item={'desc': 'PING vyos-oobm with VRF', 'command': 'ping 10.100.0.1 vrf mgmt count 1', 'wait_for': ["result[0] contains '1 packets transmitted, 1 received'"]}) 
2022-12-29 21:08:08,376 p=79613 u=rob n=ansible | skipping: [PE3] => (item={'desc': 'PING vyos-oobm with VRF', 'command': 'ping 10.100.0.1 vrf mgmt count 1', 'wait_for': ["result[0] contains '1 packets transmitted, 1 received'"]}) 
2022-12-29 21:08:08,380 p=79613 u=rob n=ansible | TASK [eve-ng-lab-test : register stdout commands] ********************************************************************************************************************************************
2022-12-29 21:08:08,393 p=79613 u=rob n=ansible | skipping: [eveng]
2022-12-29 21:08:08,399 p=79613 u=rob n=ansible | skipping: [vyos-oobm]
2022-12-29 21:08:08,408 p=79613 u=rob n=ansible | skipping: [PE1] => (item={'name': 'vrf_all', 'command': 'show ip route vrf all'}) 
2022-12-29 21:08:08,409 p=79613 u=rob n=ansible | skipping: [PE1] => (item={'name': 'bgp_evpn', 'command': 'show bgp l2vpn evpn'}) 
2022-12-29 21:08:08,411 p=79613 u=rob n=ansible | skipping: [PE3]
2022-12-29 21:08:08,411 p=79613 u=rob n=ansible | skipping: [PE2] => (item={'name': 'bgp_evpn_net', 'command': 'show bgp l2vpn evpn 10.3.1.10'}) 
2022-12-29 21:08:08,415 p=79613 u=rob n=ansible | TASK [eve-ng-lab-test : Set variables] *******************************************************************************************************************************************************
2022-12-29 21:08:08,428 p=79613 u=rob n=ansible | skipping: [eveng]
2022-12-29 21:08:08,434 p=79613 u=rob n=ansible | skipping: [vyos-oobm]
2022-12-29 21:08:08,439 p=79613 u=rob n=ansible | skipping: [PE1]
2022-12-29 21:08:08,441 p=79613 u=rob n=ansible | skipping: [PE2]
2022-12-29 21:08:08,445 p=79613 u=rob n=ansible | skipping: [PE3]
2022-12-29 21:08:08,448 p=79613 u=rob n=ansible | TASK [eve-ng-lab-test : make sure output dir exist] ******************************************************************************************************************************************
2022-12-29 21:08:08,470 p=79613 u=rob n=ansible | skipping: [vyos-oobm]
2022-12-29 21:08:08,479 p=79613 u=rob n=ansible | skipping: [PE1]
2022-12-29 21:08:08,481 p=79613 u=rob n=ansible | skipping: [PE2]
2022-12-29 21:08:08,484 p=79613 u=rob n=ansible | skipping: [PE3]
2022-12-29 21:08:08,645 p=79613 u=rob n=ansible | ok: [eveng -> localhost]
2022-12-29 21:08:08,649 p=79613 u=rob n=ansible | TASK [eve-ng-lab-test : make sure output include dir exist] **********************************************************************************************************************************
2022-12-29 21:08:08,671 p=79613 u=rob n=ansible | skipping: [vyos-oobm]
2022-12-29 21:08:08,679 p=79613 u=rob n=ansible | skipping: [PE1]
2022-12-29 21:08:08,680 p=79613 u=rob n=ansible | skipping: [PE2]
2022-12-29 21:08:08,685 p=79613 u=rob n=ansible | skipping: [PE3]
2022-12-29 21:08:08,783 p=79613 u=rob n=ansible | ok: [eveng -> localhost]
2022-12-29 21:08:08,785 p=79613 u=rob n=ansible | TASK [eve-ng-lab-test : Get timestamp from the system] ***************************************************************************************************************************************
2022-12-29 21:08:08,804 p=79613 u=rob n=ansible | skipping: [vyos-oobm]
2022-12-29 21:08:08,810 p=79613 u=rob n=ansible | skipping: [PE1]
2022-12-29 21:08:08,812 p=79613 u=rob n=ansible | skipping: [PE2]
2022-12-29 21:08:08,815 p=79613 u=rob n=ansible | skipping: [PE3]
2022-12-29 21:08:09,140 p=79613 u=rob n=ansible | changed: [eveng]
2022-12-29 21:08:09,144 p=79613 u=rob n=ansible | TASK [eve-ng-lab-test : Set variables] *******************************************************************************************************************************************************
2022-12-29 21:08:09,169 p=79613 u=rob n=ansible | ok: [eveng]
2022-12-29 21:08:09,175 p=79613 u=rob n=ansible | skipping: [vyos-oobm]
2022-12-29 21:08:09,177 p=79613 u=rob n=ansible | skipping: [PE1]
2022-12-29 21:08:09,177 p=79613 u=rob n=ansible | skipping: [PE2]
2022-12-29 21:08:09,181 p=79613 u=rob n=ansible | skipping: [PE3]
2022-12-29 21:08:09,185 p=79613 u=rob n=ansible | TASK [eve-ng-lab-test : generate lab rst file] ***********************************************************************************************************************************************
2022-12-29 21:08:09,209 p=79613 u=rob n=ansible | skipping: [vyos-oobm]
2022-12-29 21:08:09,217 p=79613 u=rob n=ansible | skipping: [PE1]
2022-12-29 21:08:09,218 p=79613 u=rob n=ansible | skipping: [PE2]
2022-12-29 21:08:09,222 p=79613 u=rob n=ansible | skipping: [PE3]
2022-12-29 21:08:09,438 p=79613 u=rob n=ansible | changed: [eveng -> localhost]
2022-12-29 21:08:09,442 p=79613 u=rob n=ansible | TASK [eve-ng-lab-test : find all *.conf files in Lab] ****************************************************************************************************************************************
2022-12-29 21:08:09,463 p=79613 u=rob n=ansible | skipping: [vyos-oobm]
2022-12-29 21:08:09,471 p=79613 u=rob n=ansible | skipping: [PE1]
2022-12-29 21:08:09,472 p=79613 u=rob n=ansible | skipping: [PE2]
2022-12-29 21:08:09,477 p=79613 u=rob n=ansible | skipping: [PE3]
2022-12-29 21:08:09,633 p=79613 u=rob n=ansible | ok: [eveng -> localhost]
2022-12-29 21:08:09,641 p=79613 u=rob n=ansible | TASK [eve-ng-lab-test : copy all *.conf files] ***********************************************************************************************************************************************
2022-12-29 21:08:09,666 p=79613 u=rob n=ansible | skipping: [vyos-oobm]
2022-12-29 21:08:09,675 p=79613 u=rob n=ansible | skipping: [PE1]
2022-12-29 21:08:09,675 p=79613 u=rob n=ansible | skipping: [PE2]
2022-12-29 21:08:09,679 p=79613 u=rob n=ansible | skipping: [PE3]
2022-12-29 21:08:09,940 p=79613 u=rob n=ansible | ok: [eveng -> localhost] => (item={'path': 'labs/L3VPN_EVPN/PE2.conf', 'mode': '0644', 'isdir': False, 'ischr': False, 'isblk': False, 'isreg': True, 'isfifo': False, 'islnk': False, 'issock': False, 'uid': 501, 'gid': 20, 'size': 3858, 'inode': 60597493, 'dev': 16777231, 'nlink': 1, 'atime': 1665772926.584281, 'mtime': 1665772924.8294988, 'ctime': 1665772924.8294988, 'gr_name': 'staff', 'pw_name': 'rob', 'wusr': True, 'rusr': True, 'xusr': False, 'wgrp': False, 'rgrp': True, 'xgrp': False, 'woth': False, 'roth': True, 'xoth': False, 'isuid': False, 'isgid': False})
2022-12-29 21:08:10,160 p=79613 u=rob n=ansible | ok: [eveng -> localhost] => (item={'path': 'labs/L3VPN_EVPN/PE3.conf', 'mode': '0644', 'isdir': False, 'ischr': False, 'isblk': False, 'isreg': True, 'isfifo': False, 'islnk': False, 'issock': False, 'uid': 501, 'gid': 20, 'size': 3864, 'inode': 60597494, 'dev': 16777231, 'nlink': 1, 'atime': 1665772926.5767505, 'mtime': 1665772924.8297846, 'ctime': 1665772924.8297846, 'gr_name': 'staff', 'pw_name': 'rob', 'wusr': True, 'rusr': True, 'xusr': False, 'wgrp': False, 'rgrp': True, 'xgrp': False, 'woth': False, 'roth': True, 'xoth': False, 'isuid': False, 'isgid': False})
2022-12-29 21:08:10,383 p=79613 u=rob n=ansible | ok: [eveng -> localhost] => (item={'path': 'labs/L3VPN_EVPN/PE1.conf', 'mode': '0644', 'isdir': False, 'ischr': False, 'isblk': False, 'isreg': True, 'isfifo': False, 'islnk': False, 'issock': False, 'uid': 501, 'gid': 20, 'size': 4174, 'inode': 60597492, 'dev': 16777231, 'nlink': 1, 'atime': 1665772925.4454684, 'mtime': 1665772924.8291466, 'ctime': 1665772924.8291466, 'gr_name': 'staff', 'pw_name': 'rob', 'wusr': True, 'rusr': True, 'xusr': False, 'wgrp': False, 'rgrp': True, 'xgrp': False, 'woth': False, 'roth': True, 'xoth': False, 'isuid': False, 'isgid': False})
2022-12-29 21:08:10,386 p=79613 u=rob n=ansible | TASK [eve-ng-lab-test : find all *.png files in Lab] *****************************************************************************************************************************************
2022-12-29 21:08:10,408 p=79613 u=rob n=ansible | skipping: [vyos-oobm]
2022-12-29 21:08:10,415 p=79613 u=rob n=ansible | skipping: [PE1]
2022-12-29 21:08:10,416 p=79613 u=rob n=ansible | skipping: [PE2]
2022-12-29 21:08:10,421 p=79613 u=rob n=ansible | skipping: [PE3]
2022-12-29 21:08:10,519 p=79613 u=rob n=ansible | ok: [eveng -> localhost]
2022-12-29 21:08:10,524 p=79613 u=rob n=ansible | TASK [eve-ng-lab-test : copy all *.png files] ************************************************************************************************************************************************
2022-12-29 21:08:10,548 p=79613 u=rob n=ansible | skipping: [vyos-oobm]
2022-12-29 21:08:10,556 p=79613 u=rob n=ansible | skipping: [PE1]
2022-12-29 21:08:10,558 p=79613 u=rob n=ansible | skipping: [PE2]
2022-12-29 21:08:10,563 p=79613 u=rob n=ansible | skipping: [PE3]
2022-12-29 21:08:10,748 p=79613 u=rob n=ansible | ok: [eveng -> localhost] => (item={'path': 'labs/L3VPN_EVPN/topology.png', 'mode': '0644', 'isdir': False, 'ischr': False, 'isblk': False, 'isreg': True, 'isfifo': False, 'islnk': False, 'issock': False, 'uid': 501, 'gid': 20, 'size': 102832, 'inode': 60597497, 'dev': 16777231, 'nlink': 1, 'atime': 1672343080.4445064, 'mtime': 1665772924.8314614, 'ctime': 1665772924.8314614, 'gr_name': 'staff', 'pw_name': 'rob', 'wusr': True, 'rusr': True, 'xusr': False, 'wgrp': False, 'rgrp': True, 'xgrp': False, 'woth': False, 'roth': True, 'xoth': False, 'isuid': False, 'isgid': False})
2022-12-29 21:08:10,752 p=79613 u=rob n=ansible | TASK [eve-ng-lab-test : copy ansible log files] **********************************************************************************************************************************************
2022-12-29 21:08:10,773 p=79613 u=rob n=ansible | skipping: [vyos-oobm]
2022-12-29 21:08:10,780 p=79613 u=rob n=ansible | skipping: [PE1]
2022-12-29 21:08:10,781 p=79613 u=rob n=ansible | skipping: [PE2]
2022-12-29 21:08:10,785 p=79613 u=rob n=ansible | skipping: [PE3]
