2022-06-10 21:39:21,850 p=1006 u=rob n=ansible | [WARNING]: While constructing a mapping from /Users/rob/git/_vyos/vyos-eveng/roles/eve-ng-lab-test/defaults/main.yml, line 4, column 1, found a duplicate dict key (upgrade_iso). Using last defined value
only.

2022-06-10 21:39:21,850 p=1006 u=rob n=ansible | [WARNING]: While constructing a mapping from /Users/rob/git/_vyos/vyos-eveng/roles/eve-ng-lab-test/defaults/main.yml, line 4, column 1, found a duplicate dict key (upgrade_iso_version). Using last
defined value only.

2022-06-10 21:39:21,885 p=1006 u=rob n=ansible | PLAY [prepare node and Lab] ********************************************************************************************************************************************************************************
2022-06-10 21:39:21,904 p=1006 u=rob n=ansible | TASK [eve-ng-create-node : fail] ***************************************************************************************************************************************************************************
2022-06-10 21:39:21,918 p=1006 u=rob n=ansible | skipping: [eveng]
2022-06-10 21:39:21,923 p=1006 u=rob n=ansible | skipping: [vyos-oobm]
2022-06-10 21:39:21,930 p=1006 u=rob n=ansible | skipping: [PE1]
2022-06-10 21:39:21,932 p=1006 u=rob n=ansible | skipping: [PE2]
2022-06-10 21:39:21,934 p=1006 u=rob n=ansible | skipping: [PE3]
2022-06-10 21:39:21,936 p=1006 u=rob n=ansible | TASK [eve-ng-create-node : fail] ***************************************************************************************************************************************************************************
2022-06-10 21:39:21,950 p=1006 u=rob n=ansible | skipping: [eveng]
2022-06-10 21:39:21,957 p=1006 u=rob n=ansible | skipping: [vyos-oobm]
2022-06-10 21:39:21,965 p=1006 u=rob n=ansible | skipping: [PE1]
2022-06-10 21:39:21,967 p=1006 u=rob n=ansible | skipping: [PE2]
2022-06-10 21:39:21,969 p=1006 u=rob n=ansible | skipping: [PE3]
2022-06-10 21:39:21,974 p=1006 u=rob n=ansible | TASK [eve-ng-create-node : Login to EVE-NG and get Cookie] *************************************************************************************************************************************************
2022-06-10 21:39:21,999 p=1006 u=rob n=ansible | skipping: [vyos-oobm]
2022-06-10 21:39:21,999 p=1006 u=rob n=ansible | skipping: [PE1]
2022-06-10 21:39:22,001 p=1006 u=rob n=ansible | skipping: [PE2]
2022-06-10 21:39:22,005 p=1006 u=rob n=ansible | skipping: [PE3]
2022-06-10 21:39:23,339 p=1006 u=rob n=ansible | ok: [eveng]
2022-06-10 21:39:23,344 p=1006 u=rob n=ansible | TASK [eve-ng-create-node : get template facts] *************************************************************************************************************************************************************
2022-06-10 21:39:23,372 p=1006 u=rob n=ansible | skipping: [vyos-oobm]
2022-06-10 21:39:23,378 p=1006 u=rob n=ansible | skipping: [PE1]
2022-06-10 21:39:23,379 p=1006 u=rob n=ansible | skipping: [PE2]
2022-06-10 21:39:23,383 p=1006 u=rob n=ansible | skipping: [PE3]
2022-06-10 21:39:23,991 p=1006 u=rob n=ansible | ok: [eveng]
2022-06-10 21:39:23,996 p=1006 u=rob n=ansible | TASK [eve-ng-create-node : Register path status] ***********************************************************************************************************************************************************
2022-06-10 21:39:24,029 p=1006 u=rob n=ansible | skipping: [vyos-oobm]
2022-06-10 21:39:24,038 p=1006 u=rob n=ansible | skipping: [PE1]
2022-06-10 21:39:24,041 p=1006 u=rob n=ansible | skipping: [PE2]
2022-06-10 21:39:24,046 p=1006 u=rob n=ansible | skipping: [PE3]
2022-06-10 21:39:24,612 p=1006 u=rob n=ansible | ok: [eveng]
2022-06-10 21:39:24,619 p=1006 u=rob n=ansible | TASK [eve-ng-create-node : create path] ********************************************************************************************************************************************************************
2022-06-10 21:39:24,649 p=1006 u=rob n=ansible | skipping: [vyos-oobm]
2022-06-10 21:39:24,658 p=1006 u=rob n=ansible | skipping: [PE1]
2022-06-10 21:39:24,660 p=1006 u=rob n=ansible | skipping: [PE2]
2022-06-10 21:39:24,666 p=1006 u=rob n=ansible | skipping: [PE3]
2022-06-10 21:39:25,194 p=1006 u=rob n=ansible | changed: [eveng]
2022-06-10 21:39:25,199 p=1006 u=rob n=ansible | TASK [eve-ng-create-node : Download iso] *******************************************************************************************************************************************************************
2022-06-10 21:39:25,230 p=1006 u=rob n=ansible | skipping: [vyos-oobm]
2022-06-10 21:39:25,239 p=1006 u=rob n=ansible | skipping: [PE1]
2022-06-10 21:39:25,240 p=1006 u=rob n=ansible | skipping: [PE2]
2022-06-10 21:39:25,246 p=1006 u=rob n=ansible | skipping: [PE3]
2022-06-10 21:40:10,641 p=1006 u=rob n=ansible | changed: [eveng]
2022-06-10 21:40:10,648 p=1006 u=rob n=ansible | TASK [eve-ng-create-node : create virtioa.qcow2 file] ******************************************************************************************************************************************************
2022-06-10 21:40:10,681 p=1006 u=rob n=ansible | skipping: [vyos-oobm]
2022-06-10 21:40:10,689 p=1006 u=rob n=ansible | skipping: [PE1]
2022-06-10 21:40:10,690 p=1006 u=rob n=ansible | skipping: [PE2]
2022-06-10 21:40:10,696 p=1006 u=rob n=ansible | skipping: [PE3]
2022-06-10 21:40:11,105 p=1006 u=rob n=ansible | changed: [eveng]
2022-06-10 21:40:11,110 p=1006 u=rob n=ansible | TASK [eve-ng-create-node : Login to EVE-NG and get Cookie] *************************************************************************************************************************************************
2022-06-10 21:40:11,135 p=1006 u=rob n=ansible | skipping: [vyos-oobm]
2022-06-10 21:40:11,142 p=1006 u=rob n=ansible | skipping: [PE1]
2022-06-10 21:40:11,144 p=1006 u=rob n=ansible | skipping: [PE2]
2022-06-10 21:40:11,149 p=1006 u=rob n=ansible | skipping: [PE3]
2022-06-10 21:40:11,890 p=1006 u=rob n=ansible | ok: [eveng]
2022-06-10 21:40:11,894 p=1006 u=rob n=ansible | TASK [eve-ng-create-node : create lab for node install] ****************************************************************************************************************************************************
2022-06-10 21:40:11,922 p=1006 u=rob n=ansible | skipping: [vyos-oobm]
2022-06-10 21:40:11,930 p=1006 u=rob n=ansible | skipping: [PE1]
2022-06-10 21:40:11,931 p=1006 u=rob n=ansible | skipping: [PE2]
2022-06-10 21:40:11,935 p=1006 u=rob n=ansible | skipping: [PE3]
2022-06-10 21:40:12,688 p=1006 u=rob n=ansible | ok: [eveng]
2022-06-10 21:40:12,693 p=1006 u=rob n=ansible | TASK [eve-ng-create-node : open lab] ***********************************************************************************************************************************************************************
2022-06-10 21:40:12,722 p=1006 u=rob n=ansible | skipping: [vyos-oobm]
2022-06-10 21:40:12,730 p=1006 u=rob n=ansible | skipping: [PE1]
2022-06-10 21:40:12,732 p=1006 u=rob n=ansible | skipping: [PE2]
2022-06-10 21:40:12,737 p=1006 u=rob n=ansible | skipping: [PE3]
2022-06-10 21:40:13,290 p=1006 u=rob n=ansible | ok: [eveng]
2022-06-10 21:40:13,297 p=1006 u=rob n=ansible | TASK [eve-ng-create-node : set_fact] ***********************************************************************************************************************************************************************
2022-06-10 21:40:13,325 p=1006 u=rob n=ansible | ok: [eveng]
2022-06-10 21:40:13,333 p=1006 u=rob n=ansible | skipping: [vyos-oobm]
2022-06-10 21:40:13,334 p=1006 u=rob n=ansible | skipping: [PE1]
2022-06-10 21:40:13,335 p=1006 u=rob n=ansible | skipping: [PE2]
2022-06-10 21:40:13,340 p=1006 u=rob n=ansible | skipping: [PE3]
2022-06-10 21:40:13,343 p=1006 u=rob n=ansible | TASK [eve-ng-create-node : add node to lab] ****************************************************************************************************************************************************************
2022-06-10 21:40:13,367 p=1006 u=rob n=ansible | skipping: [vyos-oobm]
2022-06-10 21:40:13,373 p=1006 u=rob n=ansible | skipping: [PE1]
2022-06-10 21:40:13,374 p=1006 u=rob n=ansible | skipping: [PE2]
2022-06-10 21:40:13,379 p=1006 u=rob n=ansible | skipping: [PE3]
2022-06-10 21:40:14,051 p=1006 u=rob n=ansible | ok: [eveng]
2022-06-10 21:40:14,056 p=1006 u=rob n=ansible | TASK [eve-ng-create-node : start node] *********************************************************************************************************************************************************************
2022-06-10 21:40:14,084 p=1006 u=rob n=ansible | skipping: [vyos-oobm]
2022-06-10 21:40:14,092 p=1006 u=rob n=ansible | skipping: [PE1]
2022-06-10 21:40:14,094 p=1006 u=rob n=ansible | skipping: [PE2]
2022-06-10 21:40:14,100 p=1006 u=rob n=ansible | skipping: [PE3]
2022-06-10 21:40:15,217 p=1006 u=rob n=ansible | ok: [eveng]
2022-06-10 21:40:15,223 p=1006 u=rob n=ansible | TASK [eve-ng-create-node : get node infos] *****************************************************************************************************************************************************************
2022-06-10 21:40:15,253 p=1006 u=rob n=ansible | skipping: [vyos-oobm]
2022-06-10 21:40:15,263 p=1006 u=rob n=ansible | skipping: [PE1]
2022-06-10 21:40:15,265 p=1006 u=rob n=ansible | skipping: [PE2]
2022-06-10 21:40:15,270 p=1006 u=rob n=ansible | skipping: [PE3]
2022-06-10 21:40:15,825 p=1006 u=rob n=ansible | ok: [eveng]
2022-06-10 21:40:15,831 p=1006 u=rob n=ansible | TASK [eve-ng-create-node : set_fact] ***********************************************************************************************************************************************************************
2022-06-10 21:40:15,862 p=1006 u=rob n=ansible | ok: [eveng]
2022-06-10 21:40:15,870 p=1006 u=rob n=ansible | skipping: [vyos-oobm]
2022-06-10 21:40:15,872 p=1006 u=rob n=ansible | skipping: [PE1]
2022-06-10 21:40:15,872 p=1006 u=rob n=ansible | skipping: [PE2]
2022-06-10 21:40:15,877 p=1006 u=rob n=ansible | skipping: [PE3]
2022-06-10 21:40:15,881 p=1006 u=rob n=ansible | TASK [eve-ng-create-node : copy file] **********************************************************************************************************************************************************************
2022-06-10 21:40:15,903 p=1006 u=rob n=ansible | skipping: [vyos-oobm]
2022-06-10 21:40:15,908 p=1006 u=rob n=ansible | skipping: [PE1]
2022-06-10 21:40:15,909 p=1006 u=rob n=ansible | skipping: [PE2]
2022-06-10 21:40:15,913 p=1006 u=rob n=ansible | skipping: [PE3]
2022-06-10 21:40:16,790 p=1006 u=rob n=ansible | changed: [eveng]
2022-06-10 21:40:16,795 p=1006 u=rob n=ansible | TASK [eve-ng-create-node : run expect script] **************************************************************************************************************************************************************
2022-06-10 21:40:16,824 p=1006 u=rob n=ansible | skipping: [vyos-oobm]
2022-06-10 21:40:16,831 p=1006 u=rob n=ansible | skipping: [PE1]
2022-06-10 21:40:16,832 p=1006 u=rob n=ansible | skipping: [PE2]
2022-06-10 21:40:16,836 p=1006 u=rob n=ansible | skipping: [PE3]
2022-06-10 21:40:59,078 p=1006 u=rob n=ansible | changed: [eveng]
2022-06-10 21:40:59,084 p=1006 u=rob n=ansible | TASK [eve-ng-create-node : Login to EVE-NG and get Cookie (due timeout)] ***********************************************************************************************************************************
2022-06-10 21:40:59,109 p=1006 u=rob n=ansible | skipping: [vyos-oobm]
2022-06-10 21:40:59,122 p=1006 u=rob n=ansible | skipping: [PE1]
2022-06-10 21:40:59,132 p=1006 u=rob n=ansible | skipping: [PE2]
2022-06-10 21:40:59,134 p=1006 u=rob n=ansible | skipping: [PE3]
2022-06-10 21:40:59,872 p=1006 u=rob n=ansible | ok: [eveng]
2022-06-10 21:40:59,877 p=1006 u=rob n=ansible | TASK [eve-ng-create-node : stop node] **********************************************************************************************************************************************************************
2022-06-10 21:40:59,907 p=1006 u=rob n=ansible | skipping: [vyos-oobm]
2022-06-10 21:40:59,915 p=1006 u=rob n=ansible | skipping: [PE1]
2022-06-10 21:40:59,917 p=1006 u=rob n=ansible | skipping: [PE2]
2022-06-10 21:40:59,921 p=1006 u=rob n=ansible | skipping: [PE3]
2022-06-10 21:41:10,000 p=1006 u=rob n=ansible | ok: [eveng]
2022-06-10 21:41:10,007 p=1006 u=rob n=ansible | TASK [eve-ng-create-node : Pause to wait node is shutdown] *************************************************************************************************************************************************
2022-06-10 21:41:10,021 p=1426 u=rob n=ansible | Pausing for 10 seconds
2022-06-10 21:41:10,022 p=1426 u=rob n=ansible | (ctrl+C then 'C' = continue early, ctrl+C then 'A' = abort)
2022-06-10 21:41:20,031 p=1006 u=rob n=ansible | ok: [eveng]
2022-06-10 21:41:20,038 p=1006 u=rob n=ansible | TASK [eve-ng-create-node : delete iso] *********************************************************************************************************************************************************************
2022-06-10 21:41:20,071 p=1006 u=rob n=ansible | skipping: [vyos-oobm]
2022-06-10 21:41:20,079 p=1006 u=rob n=ansible | skipping: [PE1]
2022-06-10 21:41:20,081 p=1006 u=rob n=ansible | skipping: [PE2]
2022-06-10 21:41:20,087 p=1006 u=rob n=ansible | skipping: [PE3]
2022-06-10 21:41:20,478 p=1006 u=rob n=ansible | changed: [eveng]
2022-06-10 21:41:20,484 p=1006 u=rob n=ansible | TASK [eve-ng-create-node : commit virtioa.qcow2] ***********************************************************************************************************************************************************
2022-06-10 21:41:20,513 p=1006 u=rob n=ansible | skipping: [vyos-oobm]
2022-06-10 21:41:20,521 p=1006 u=rob n=ansible | skipping: [PE1]
2022-06-10 21:41:20,522 p=1006 u=rob n=ansible | skipping: [PE2]
2022-06-10 21:41:20,527 p=1006 u=rob n=ansible | skipping: [PE3]
2022-06-10 21:41:21,483 p=1006 u=rob n=ansible | changed: [eveng]
2022-06-10 21:41:21,489 p=1006 u=rob n=ansible | TASK [eve-ng-create-node : delete lab for node install] ****************************************************************************************************************************************************
2022-06-10 21:41:21,517 p=1006 u=rob n=ansible | skipping: [vyos-oobm]
2022-06-10 21:41:21,527 p=1006 u=rob n=ansible | skipping: [PE1]
2022-06-10 21:41:21,528 p=1006 u=rob n=ansible | skipping: [PE2]
2022-06-10 21:41:21,532 p=1006 u=rob n=ansible | skipping: [PE3]
2022-06-10 21:41:22,254 p=1006 u=rob n=ansible | ok: [eveng]
2022-06-10 21:41:22,271 p=1006 u=rob n=ansible | TASK [eve-ng-lab-test : Get env file content] **************************************************************************************************************************************************************
2022-06-10 21:41:22,544 p=1006 u=rob n=ansible | ok: [vyos-oobm -> localhost]
2022-06-10 21:41:22,544 p=1006 u=rob n=ansible | ok: [eveng -> localhost]
2022-06-10 21:41:22,546 p=1006 u=rob n=ansible | ok: [PE2 -> localhost]
2022-06-10 21:41:22,546 p=1006 u=rob n=ansible | ok: [PE1 -> localhost]
2022-06-10 21:41:22,551 p=1006 u=rob n=ansible | ok: [PE3 -> localhost]
2022-06-10 21:41:22,554 p=1006 u=rob n=ansible | TASK [eve-ng-lab-test : Load facts] ************************************************************************************************************************************************************************
2022-06-10 21:41:22,578 p=1006 u=rob n=ansible | ok: [eveng]
2022-06-10 21:41:22,579 p=1006 u=rob n=ansible | ok: [vyos-oobm]
2022-06-10 21:41:23,533 p=1594 u=rob n=ansible | network_os is set to vyos
2022-06-10 21:41:23,533 p=1595 u=rob n=ansible | network_os is set to vyos
2022-06-10 21:41:23,533 p=1596 u=rob n=ansible | network_os is set to vyos
2022-06-10 21:41:23,542 p=1006 u=rob n=ansible | ok: [PE2]
2022-06-10 21:41:23,544 p=1006 u=rob n=ansible | ok: [PE1]
2022-06-10 21:41:23,544 p=1006 u=rob n=ansible | ok: [PE3]
2022-06-10 21:41:23,550 p=1006 u=rob n=ansible | TASK [eve-ng-lab-test : fail] ******************************************************************************************************************************************************************************
2022-06-10 21:41:23,572 p=1006 u=rob n=ansible | skipping: [eveng]
2022-06-10 21:41:23,582 p=1006 u=rob n=ansible | skipping: [vyos-oobm]
2022-06-10 21:41:23,592 p=1006 u=rob n=ansible | skipping: [PE1]
2022-06-10 21:41:23,593 p=1006 u=rob n=ansible | skipping: [PE2]
2022-06-10 21:41:23,597 p=1006 u=rob n=ansible | skipping: [PE3]
2022-06-10 21:41:23,600 p=1006 u=rob n=ansible | TASK [eve-ng-lab-test : Login to EVE-NG and get Cookie] ****************************************************************************************************************************************************
2022-06-10 21:41:23,621 p=1006 u=rob n=ansible | skipping: [vyos-oobm]
2022-06-10 21:41:23,628 p=1006 u=rob n=ansible | skipping: [PE1]
2022-06-10 21:41:23,629 p=1006 u=rob n=ansible | skipping: [PE2]
2022-06-10 21:41:23,633 p=1006 u=rob n=ansible | skipping: [PE3]
2022-06-10 21:41:24,359 p=1006 u=rob n=ansible | ok: [eveng]
2022-06-10 21:41:24,365 p=1006 u=rob n=ansible | TASK [eve-ng-lab-test : get running lab list] **************************************************************************************************************************************************************
2022-06-10 21:41:24,394 p=1006 u=rob n=ansible | skipping: [vyos-oobm]
2022-06-10 21:41:24,402 p=1006 u=rob n=ansible | skipping: [PE1]
2022-06-10 21:41:24,403 p=1006 u=rob n=ansible | skipping: [PE2]
2022-06-10 21:41:24,408 p=1006 u=rob n=ansible | skipping: [PE3]
2022-06-10 21:41:24,968 p=1006 u=rob n=ansible | ok: [eveng]
2022-06-10 21:41:24,973 p=1006 u=rob n=ansible | TASK [eve-ng-lab-test : delete existing lab] ***************************************************************************************************************************************************************
2022-06-10 21:41:25,003 p=1006 u=rob n=ansible | skipping: [vyos-oobm]
2022-06-10 21:41:25,011 p=1006 u=rob n=ansible | skipping: [PE1]
2022-06-10 21:41:25,013 p=1006 u=rob n=ansible | skipping: [PE2]
2022-06-10 21:41:25,018 p=1006 u=rob n=ansible | skipping: [PE3]
2022-06-10 21:41:25,709 p=1006 u=rob n=ansible | ok: [eveng]
2022-06-10 21:41:25,716 p=1006 u=rob n=ansible | TASK [eve-ng-lab-test : Ensure labtest is present] *********************************************************************************************************************************************************
2022-06-10 21:41:25,749 p=1006 u=rob n=ansible | skipping: [vyos-oobm]
2022-06-10 21:41:25,758 p=1006 u=rob n=ansible | skipping: [PE1]
2022-06-10 21:41:25,758 p=1006 u=rob n=ansible | skipping: [PE2]
2022-06-10 21:41:25,764 p=1006 u=rob n=ansible | skipping: [PE3]
2022-06-10 21:41:26,098 p=1006 u=rob n=ansible | ok: [eveng]
2022-06-10 21:41:26,104 p=1006 u=rob n=ansible | TASK [eve-ng-lab-test : Create L3VPN_EVPN Lab] *************************************************************************************************************************************************************
2022-06-10 21:41:26,131 p=1006 u=rob n=ansible | skipping: [vyos-oobm]
2022-06-10 21:41:26,140 p=1006 u=rob n=ansible | skipping: [PE1]
2022-06-10 21:41:26,141 p=1006 u=rob n=ansible | skipping: [PE2]
2022-06-10 21:41:26,146 p=1006 u=rob n=ansible | skipping: [PE3]
2022-06-10 21:41:26,872 p=1006 u=rob n=ansible | changed: [eveng]
2022-06-10 21:41:26,878 p=1006 u=rob n=ansible | TASK [eve-ng-lab-test : Login to EVE-NG and get Cookie] ****************************************************************************************************************************************************
2022-06-10 21:41:26,907 p=1006 u=rob n=ansible | skipping: [vyos-oobm]
2022-06-10 21:41:26,915 p=1006 u=rob n=ansible | skipping: [PE1]
2022-06-10 21:41:26,916 p=1006 u=rob n=ansible | skipping: [PE2]
2022-06-10 21:41:26,922 p=1006 u=rob n=ansible | skipping: [PE3]
2022-06-10 21:41:27,645 p=1006 u=rob n=ansible | ok: [eveng]
2022-06-10 21:41:27,651 p=1006 u=rob n=ansible | TASK [eve-ng-lab-test : start vyos-oobm] *******************************************************************************************************************************************************************
2022-06-10 21:41:27,680 p=1006 u=rob n=ansible | skipping: [vyos-oobm]
2022-06-10 21:41:27,687 p=1006 u=rob n=ansible | skipping: [PE1]
2022-06-10 21:41:27,690 p=1006 u=rob n=ansible | skipping: [PE2]
2022-06-10 21:41:27,696 p=1006 u=rob n=ansible | skipping: [PE3]
2022-06-10 21:41:28,787 p=1006 u=rob n=ansible | ok: [eveng]
2022-06-10 21:41:28,794 p=1006 u=rob n=ansible | TASK [eve-ng-lab-test : Wait for vyos-oobm] ****************************************************************************************************************************************************************
2022-06-10 21:41:28,816 p=1006 u=rob n=ansible | skipping: [eveng]
2022-06-10 21:41:28,831 p=1006 u=rob n=ansible | skipping: [PE1]
2022-06-10 21:41:28,833 p=1006 u=rob n=ansible | skipping: [PE2]
2022-06-10 21:41:28,839 p=1006 u=rob n=ansible | skipping: [PE3]
2022-06-10 21:42:26,638 p=1006 u=rob n=ansible | ok: [vyos-oobm]
2022-06-10 21:42:26,651 p=1006 u=rob n=ansible | TASK [eve-ng-lab-test : Login to EVE-NG and get Cookie] ****************************************************************************************************************************************************
2022-06-10 21:42:26,684 p=1006 u=rob n=ansible | skipping: [vyos-oobm]
2022-06-10 21:42:26,694 p=1006 u=rob n=ansible | skipping: [PE1]
2022-06-10 21:42:26,695 p=1006 u=rob n=ansible | skipping: [PE2]
2022-06-10 21:42:26,699 p=1006 u=rob n=ansible | skipping: [PE3]
2022-06-10 21:42:27,475 p=1006 u=rob n=ansible | ok: [eveng]
2022-06-10 21:42:27,482 p=1006 u=rob n=ansible | TASK [eve-ng-lab-test : get lab status] ********************************************************************************************************************************************************************
2022-06-10 21:42:27,514 p=1006 u=rob n=ansible | skipping: [vyos-oobm]
2022-06-10 21:42:27,521 p=1006 u=rob n=ansible | skipping: [PE1]
2022-06-10 21:42:27,523 p=1006 u=rob n=ansible | skipping: [PE2]
2022-06-10 21:42:27,529 p=1006 u=rob n=ansible | skipping: [PE3]
2022-06-10 21:42:28,107 p=1006 u=rob n=ansible | ok: [eveng]
2022-06-10 21:42:28,118 p=1006 u=rob n=ansible | TASK [eve-ng-lab-test : start all nodes] *******************************************************************************************************************************************************************
2022-06-10 21:42:28,156 p=1006 u=rob n=ansible | skipping: [vyos-oobm]
2022-06-10 21:42:28,165 p=1006 u=rob n=ansible | skipping: [PE1]
2022-06-10 21:42:28,166 p=1006 u=rob n=ansible | skipping: [PE2]
2022-06-10 21:42:28,175 p=1006 u=rob n=ansible | skipping: [PE3]
2022-06-10 21:42:29,320 p=1006 u=rob n=ansible | ok: [eveng] => (item=2)
2022-06-10 21:42:30,631 p=1006 u=rob n=ansible | ok: [eveng] => (item=3)
2022-06-10 21:42:32,541 p=1006 u=rob n=ansible | ok: [eveng] => (item=4)
2022-06-10 21:42:33,687 p=1006 u=rob n=ansible | ok: [eveng] => (item=5)
2022-06-10 21:42:34,863 p=1006 u=rob n=ansible | ok: [eveng] => (item=6)
2022-06-10 21:42:36,117 p=1006 u=rob n=ansible | ok: [eveng] => (item=7)
2022-06-10 21:42:37,335 p=1006 u=rob n=ansible | ok: [eveng] => (item=8)
2022-06-10 21:42:38,546 p=1006 u=rob n=ansible | ok: [eveng] => (item=9)
2022-06-10 21:42:39,898 p=1006 u=rob n=ansible | ok: [eveng] => (item=10)
2022-06-10 21:42:41,202 p=1006 u=rob n=ansible | ok: [eveng] => (item=11)
2022-06-10 21:42:42,035 p=1006 u=rob n=ansible | ok: [eveng] => (item=1)
2022-06-10 21:42:42,049 p=1006 u=rob n=ansible | TASK [eve-ng-lab-test : Wait for vyos nodes] ***************************************************************************************************************************************************************
2022-06-10 21:42:42,079 p=1006 u=rob n=ansible | skipping: [eveng]
2022-06-10 21:42:42,086 p=1006 u=rob n=ansible | skipping: [vyos-oobm]
2022-06-10 21:42:58,085 p=2058 u=rob n=p=2058 u=rob | paramiko [PE3] | Exception: Error reading SSH protocol banner
2022-06-10 21:42:58,087 p=2057 u=rob n=p=2057 u=rob | paramiko [PE2] | Exception: Error reading SSH protocol banner
2022-06-10 21:42:58,088 p=2056 u=rob n=p=2056 u=rob | paramiko [PE1] | Exception: Error reading SSH protocol banner
2022-06-10 21:42:58,089 p=2057 u=rob n=p=2057 u=rob | paramiko [PE2] | Traceback (most recent call last):
2022-06-10 21:42:58,089 p=2056 u=rob n=p=2056 u=rob | paramiko [PE1] | Traceback (most recent call last):
2022-06-10 21:42:58,089 p=2058 u=rob n=p=2058 u=rob | paramiko [PE3] | Traceback (most recent call last):
2022-06-10 21:42:58,089 p=2057 u=rob n=p=2057 u=rob | paramiko [PE2] |   File "/Users/rob/.local/share/virtualenvs/vyos-eveng-b9X2mBdh/lib/python3.9/site-packages/paramiko/transport.py", line 2211, in _check_banner
2022-06-10 21:42:58,089 p=2056 u=rob n=p=2056 u=rob | paramiko [PE1] |   File "/Users/rob/.local/share/virtualenvs/vyos-eveng-b9X2mBdh/lib/python3.9/site-packages/paramiko/transport.py", line 2211, in _check_banner
2022-06-10 21:42:58,089 p=2058 u=rob n=p=2058 u=rob | paramiko [PE3] |   File "/Users/rob/.local/share/virtualenvs/vyos-eveng-b9X2mBdh/lib/python3.9/site-packages/paramiko/transport.py", line 2211, in _check_banner
2022-06-10 21:42:58,089 p=2057 u=rob n=p=2057 u=rob | paramiko [PE2] |     buf = self.packetizer.readline(timeout)
2022-06-10 21:42:58,089 p=2056 u=rob n=p=2056 u=rob | paramiko [PE1] |     buf = self.packetizer.readline(timeout)
2022-06-10 21:42:58,089 p=2058 u=rob n=p=2058 u=rob | paramiko [PE3] |     buf = self.packetizer.readline(timeout)
2022-06-10 21:42:58,089 p=2057 u=rob n=p=2057 u=rob | paramiko [PE2] |   File "/Users/rob/.local/share/virtualenvs/vyos-eveng-b9X2mBdh/lib/python3.9/site-packages/paramiko/packet.py", line 380, in readline
2022-06-10 21:42:58,089 p=2056 u=rob n=p=2056 u=rob | paramiko [PE1] |   File "/Users/rob/.local/share/virtualenvs/vyos-eveng-b9X2mBdh/lib/python3.9/site-packages/paramiko/packet.py", line 380, in readline
2022-06-10 21:42:58,089 p=2058 u=rob n=p=2058 u=rob | paramiko [PE3] |   File "/Users/rob/.local/share/virtualenvs/vyos-eveng-b9X2mBdh/lib/python3.9/site-packages/paramiko/packet.py", line 380, in readline
2022-06-10 21:42:58,090 p=2057 u=rob n=p=2057 u=rob | paramiko [PE2] |     buf += self._read_timeout(timeout)
2022-06-10 21:42:58,090 p=2056 u=rob n=p=2056 u=rob | paramiko [PE1] |     buf += self._read_timeout(timeout)
2022-06-10 21:42:58,090 p=2058 u=rob n=p=2058 u=rob | paramiko [PE3] |     buf += self._read_timeout(timeout)
2022-06-10 21:42:58,090 p=2057 u=rob n=p=2057 u=rob | paramiko [PE2] |   File "/Users/rob/.local/share/virtualenvs/vyos-eveng-b9X2mBdh/lib/python3.9/site-packages/paramiko/packet.py", line 622, in _read_timeout
2022-06-10 21:42:58,090 p=2056 u=rob n=p=2056 u=rob | paramiko [PE1] |   File "/Users/rob/.local/share/virtualenvs/vyos-eveng-b9X2mBdh/lib/python3.9/site-packages/paramiko/packet.py", line 622, in _read_timeout
2022-06-10 21:42:58,090 p=2058 u=rob n=p=2058 u=rob | paramiko [PE3] |   File "/Users/rob/.local/share/virtualenvs/vyos-eveng-b9X2mBdh/lib/python3.9/site-packages/paramiko/packet.py", line 622, in _read_timeout
2022-06-10 21:42:58,090 p=2057 u=rob n=p=2057 u=rob | paramiko [PE2] |     raise socket.timeout()
2022-06-10 21:42:58,090 p=2056 u=rob n=p=2056 u=rob | paramiko [PE1] |     raise socket.timeout()
2022-06-10 21:42:58,090 p=2058 u=rob n=p=2058 u=rob | paramiko [PE3] |     raise socket.timeout()
2022-06-10 21:42:58,090 p=2057 u=rob n=p=2057 u=rob | paramiko [PE2] | socket.timeout
2022-06-10 21:42:58,090 p=2056 u=rob n=p=2056 u=rob | paramiko [PE1] | socket.timeout
2022-06-10 21:42:58,090 p=2058 u=rob n=p=2058 u=rob | paramiko [PE3] | socket.timeout
2022-06-10 21:42:58,090 p=2057 u=rob n=p=2057 u=rob | paramiko [PE2] | 
2022-06-10 21:42:58,090 p=2056 u=rob n=p=2056 u=rob | paramiko [PE1] | 
2022-06-10 21:42:58,090 p=2058 u=rob n=p=2058 u=rob | paramiko [PE3] | 
2022-06-10 21:42:58,090 p=2057 u=rob n=p=2057 u=rob | paramiko [PE2] | During handling of the above exception, another exception occurred:
2022-06-10 21:42:58,090 p=2056 u=rob n=p=2056 u=rob | paramiko [PE1] | During handling of the above exception, another exception occurred:
2022-06-10 21:42:58,090 p=2058 u=rob n=p=2058 u=rob | paramiko [PE3] | During handling of the above exception, another exception occurred:
2022-06-10 21:42:58,090 p=2057 u=rob n=p=2057 u=rob | paramiko [PE2] | 
2022-06-10 21:42:58,090 p=2056 u=rob n=p=2056 u=rob | paramiko [PE1] | 
2022-06-10 21:42:58,090 p=2058 u=rob n=p=2058 u=rob | paramiko [PE3] | 
2022-06-10 21:42:58,090 p=2057 u=rob n=p=2057 u=rob | paramiko [PE2] | Traceback (most recent call last):
2022-06-10 21:42:58,090 p=2056 u=rob n=p=2056 u=rob | paramiko [PE1] | Traceback (most recent call last):
2022-06-10 21:42:58,091 p=2058 u=rob n=p=2058 u=rob | paramiko [PE3] | Traceback (most recent call last):
2022-06-10 21:42:58,091 p=2057 u=rob n=p=2057 u=rob | paramiko [PE2] |   File "/Users/rob/.local/share/virtualenvs/vyos-eveng-b9X2mBdh/lib/python3.9/site-packages/paramiko/transport.py", line 2039, in run
2022-06-10 21:42:58,091 p=2056 u=rob n=p=2056 u=rob | paramiko [PE1] |   File "/Users/rob/.local/share/virtualenvs/vyos-eveng-b9X2mBdh/lib/python3.9/site-packages/paramiko/transport.py", line 2039, in run
2022-06-10 21:42:58,091 p=2058 u=rob n=p=2058 u=rob | paramiko [PE3] |   File "/Users/rob/.local/share/virtualenvs/vyos-eveng-b9X2mBdh/lib/python3.9/site-packages/paramiko/transport.py", line 2039, in run
2022-06-10 21:42:58,091 p=2057 u=rob n=p=2057 u=rob | paramiko [PE2] |     self._check_banner()
2022-06-10 21:42:58,091 p=2056 u=rob n=p=2056 u=rob | paramiko [PE1] |     self._check_banner()
2022-06-10 21:42:58,091 p=2058 u=rob n=p=2058 u=rob | paramiko [PE3] |     self._check_banner()
2022-06-10 21:42:58,091 p=2057 u=rob n=p=2057 u=rob | paramiko [PE2] |   File "/Users/rob/.local/share/virtualenvs/vyos-eveng-b9X2mBdh/lib/python3.9/site-packages/paramiko/transport.py", line 2215, in _check_banner
2022-06-10 21:42:58,091 p=2056 u=rob n=p=2056 u=rob | paramiko [PE1] |   File "/Users/rob/.local/share/virtualenvs/vyos-eveng-b9X2mBdh/lib/python3.9/site-packages/paramiko/transport.py", line 2215, in _check_banner
2022-06-10 21:42:58,091 p=2058 u=rob n=p=2058 u=rob | paramiko [PE3] |   File "/Users/rob/.local/share/virtualenvs/vyos-eveng-b9X2mBdh/lib/python3.9/site-packages/paramiko/transport.py", line 2215, in _check_banner
2022-06-10 21:42:58,091 p=2057 u=rob n=p=2057 u=rob | paramiko [PE2] |     raise SSHException(
2022-06-10 21:42:58,091 p=2056 u=rob n=p=2056 u=rob | paramiko [PE1] |     raise SSHException(
2022-06-10 21:42:58,091 p=2058 u=rob n=p=2058 u=rob | paramiko [PE3] |     raise SSHException(
2022-06-10 21:42:58,091 p=2057 u=rob n=p=2057 u=rob | paramiko [PE2] | paramiko.ssh_exception.SSHException: Error reading SSH protocol banner
2022-06-10 21:42:58,091 p=2056 u=rob n=p=2056 u=rob | paramiko [PE1] | paramiko.ssh_exception.SSHException: Error reading SSH protocol banner
2022-06-10 21:42:58,091 p=2058 u=rob n=p=2058 u=rob | paramiko [PE3] | paramiko.ssh_exception.SSHException: Error reading SSH protocol banner
2022-06-10 21:42:58,091 p=2057 u=rob n=p=2057 u=rob | paramiko [PE2] | 
2022-06-10 21:42:58,091 p=2056 u=rob n=p=2056 u=rob | paramiko [PE1] | 
2022-06-10 21:42:58,091 p=2058 u=rob n=p=2058 u=rob | paramiko [PE3] | 
2022-06-10 21:43:14,119 p=2058 u=rob n=p=2058 u=rob | paramiko [PE3] | Exception: Error reading SSH protocol banner
2022-06-10 21:43:14,120 p=2058 u=rob n=p=2058 u=rob | paramiko [PE3] | Traceback (most recent call last):
2022-06-10 21:43:14,120 p=2058 u=rob n=p=2058 u=rob | paramiko [PE3] |   File "/Users/rob/.local/share/virtualenvs/vyos-eveng-b9X2mBdh/lib/python3.9/site-packages/paramiko/transport.py", line 2211, in _check_banner
2022-06-10 21:43:14,120 p=2057 u=rob n=p=2057 u=rob | paramiko [PE2] | Exception: Error reading SSH protocol banner
2022-06-10 21:43:14,120 p=2058 u=rob n=p=2058 u=rob | paramiko [PE3] |     buf = self.packetizer.readline(timeout)
2022-06-10 21:43:14,121 p=2058 u=rob n=p=2058 u=rob | paramiko [PE3] |   File "/Users/rob/.local/share/virtualenvs/vyos-eveng-b9X2mBdh/lib/python3.9/site-packages/paramiko/packet.py", line 380, in readline
2022-06-10 21:43:14,121 p=2057 u=rob n=p=2057 u=rob | paramiko [PE2] | Traceback (most recent call last):
2022-06-10 21:43:14,121 p=2058 u=rob n=p=2058 u=rob | paramiko [PE3] |     buf += self._read_timeout(timeout)
2022-06-10 21:43:14,121 p=2057 u=rob n=p=2057 u=rob | paramiko [PE2] |   File "/Users/rob/.local/share/virtualenvs/vyos-eveng-b9X2mBdh/lib/python3.9/site-packages/paramiko/transport.py", line 2211, in _check_banner
2022-06-10 21:43:14,121 p=2058 u=rob n=p=2058 u=rob | paramiko [PE3] |   File "/Users/rob/.local/share/virtualenvs/vyos-eveng-b9X2mBdh/lib/python3.9/site-packages/paramiko/packet.py", line 622, in _read_timeout
2022-06-10 21:43:14,121 p=2057 u=rob n=p=2057 u=rob | paramiko [PE2] |     buf = self.packetizer.readline(timeout)
2022-06-10 21:43:14,121 p=2058 u=rob n=p=2058 u=rob | paramiko [PE3] |     raise socket.timeout()
2022-06-10 21:43:14,121 p=2057 u=rob n=p=2057 u=rob | paramiko [PE2] |   File "/Users/rob/.local/share/virtualenvs/vyos-eveng-b9X2mBdh/lib/python3.9/site-packages/paramiko/packet.py", line 380, in readline
2022-06-10 21:43:14,121 p=2058 u=rob n=p=2058 u=rob | paramiko [PE3] | socket.timeout
2022-06-10 21:43:14,121 p=2057 u=rob n=p=2057 u=rob | paramiko [PE2] |     buf += self._read_timeout(timeout)
2022-06-10 21:43:14,121 p=2058 u=rob n=p=2058 u=rob | paramiko [PE3] | 
2022-06-10 21:43:14,121 p=2057 u=rob n=p=2057 u=rob | paramiko [PE2] |   File "/Users/rob/.local/share/virtualenvs/vyos-eveng-b9X2mBdh/lib/python3.9/site-packages/paramiko/packet.py", line 622, in _read_timeout
2022-06-10 21:43:14,121 p=2058 u=rob n=p=2058 u=rob | paramiko [PE3] | During handling of the above exception, another exception occurred:
2022-06-10 21:43:14,121 p=2057 u=rob n=p=2057 u=rob | paramiko [PE2] |     raise socket.timeout()
2022-06-10 21:43:14,122 p=2058 u=rob n=p=2058 u=rob | paramiko [PE3] | 
2022-06-10 21:43:14,122 p=2057 u=rob n=p=2057 u=rob | paramiko [PE2] | socket.timeout
2022-06-10 21:43:14,122 p=2058 u=rob n=p=2058 u=rob | paramiko [PE3] | Traceback (most recent call last):
2022-06-10 21:43:14,122 p=2057 u=rob n=p=2057 u=rob | paramiko [PE2] | 
2022-06-10 21:43:14,122 p=2058 u=rob n=p=2058 u=rob | paramiko [PE3] |   File "/Users/rob/.local/share/virtualenvs/vyos-eveng-b9X2mBdh/lib/python3.9/site-packages/paramiko/transport.py", line 2039, in run
2022-06-10 21:43:14,122 p=2057 u=rob n=p=2057 u=rob | paramiko [PE2] | During handling of the above exception, another exception occurred:
2022-06-10 21:43:14,122 p=2058 u=rob n=p=2058 u=rob | paramiko [PE3] |     self._check_banner()
2022-06-10 21:43:14,122 p=2057 u=rob n=p=2057 u=rob | paramiko [PE2] | 
2022-06-10 21:43:14,122 p=2058 u=rob n=p=2058 u=rob | paramiko [PE3] |   File "/Users/rob/.local/share/virtualenvs/vyos-eveng-b9X2mBdh/lib/python3.9/site-packages/paramiko/transport.py", line 2215, in _check_banner
2022-06-10 21:43:14,122 p=2057 u=rob n=p=2057 u=rob | paramiko [PE2] | Traceback (most recent call last):
2022-06-10 21:43:14,122 p=2058 u=rob n=p=2058 u=rob | paramiko [PE3] |     raise SSHException(
2022-06-10 21:43:14,122 p=2057 u=rob n=p=2057 u=rob | paramiko [PE2] |   File "/Users/rob/.local/share/virtualenvs/vyos-eveng-b9X2mBdh/lib/python3.9/site-packages/paramiko/transport.py", line 2039, in run
2022-06-10 21:43:14,122 p=2058 u=rob n=p=2058 u=rob | paramiko [PE3] | paramiko.ssh_exception.SSHException: Error reading SSH protocol banner
2022-06-10 21:43:14,122 p=2057 u=rob n=p=2057 u=rob | paramiko [PE2] |     self._check_banner()
2022-06-10 21:43:14,122 p=2058 u=rob n=p=2058 u=rob | paramiko [PE3] | 
2022-06-10 21:43:14,122 p=2057 u=rob n=p=2057 u=rob | paramiko [PE2] |   File "/Users/rob/.local/share/virtualenvs/vyos-eveng-b9X2mBdh/lib/python3.9/site-packages/paramiko/transport.py", line 2215, in _check_banner
2022-06-10 21:43:14,123 p=2057 u=rob n=p=2057 u=rob | paramiko [PE2] |     raise SSHException(
2022-06-10 21:43:14,123 p=2057 u=rob n=p=2057 u=rob | paramiko [PE2] | paramiko.ssh_exception.SSHException: Error reading SSH protocol banner
2022-06-10 21:43:14,123 p=2057 u=rob n=p=2057 u=rob | paramiko [PE2] | 
2022-06-10 21:43:14,134 p=2056 u=rob n=p=2056 u=rob | paramiko [PE1] | Exception: Error reading SSH protocol banner
2022-06-10 21:43:14,134 p=2056 u=rob n=p=2056 u=rob | paramiko [PE1] | Traceback (most recent call last):
2022-06-10 21:43:14,134 p=2056 u=rob n=p=2056 u=rob | paramiko [PE1] |   File "/Users/rob/.local/share/virtualenvs/vyos-eveng-b9X2mBdh/lib/python3.9/site-packages/paramiko/transport.py", line 2211, in _check_banner
2022-06-10 21:43:14,134 p=2056 u=rob n=p=2056 u=rob | paramiko [PE1] |     buf = self.packetizer.readline(timeout)
2022-06-10 21:43:14,135 p=2056 u=rob n=p=2056 u=rob | paramiko [PE1] |   File "/Users/rob/.local/share/virtualenvs/vyos-eveng-b9X2mBdh/lib/python3.9/site-packages/paramiko/packet.py", line 380, in readline
2022-06-10 21:43:14,135 p=2056 u=rob n=p=2056 u=rob | paramiko [PE1] |     buf += self._read_timeout(timeout)
2022-06-10 21:43:14,135 p=2056 u=rob n=p=2056 u=rob | paramiko [PE1] |   File "/Users/rob/.local/share/virtualenvs/vyos-eveng-b9X2mBdh/lib/python3.9/site-packages/paramiko/packet.py", line 622, in _read_timeout
2022-06-10 21:43:14,135 p=2056 u=rob n=p=2056 u=rob | paramiko [PE1] |     raise socket.timeout()
2022-06-10 21:43:14,135 p=2056 u=rob n=p=2056 u=rob | paramiko [PE1] | socket.timeout
2022-06-10 21:43:14,135 p=2056 u=rob n=p=2056 u=rob | paramiko [PE1] | 
2022-06-10 21:43:14,135 p=2056 u=rob n=p=2056 u=rob | paramiko [PE1] | During handling of the above exception, another exception occurred:
2022-06-10 21:43:14,135 p=2056 u=rob n=p=2056 u=rob | paramiko [PE1] | 
2022-06-10 21:43:14,136 p=2056 u=rob n=p=2056 u=rob | paramiko [PE1] | Traceback (most recent call last):
2022-06-10 21:43:14,136 p=2056 u=rob n=p=2056 u=rob | paramiko [PE1] |   File "/Users/rob/.local/share/virtualenvs/vyos-eveng-b9X2mBdh/lib/python3.9/site-packages/paramiko/transport.py", line 2039, in run
2022-06-10 21:43:14,136 p=2056 u=rob n=p=2056 u=rob | paramiko [PE1] |     self._check_banner()
2022-06-10 21:43:14,136 p=2056 u=rob n=p=2056 u=rob | paramiko [PE1] |   File "/Users/rob/.local/share/virtualenvs/vyos-eveng-b9X2mBdh/lib/python3.9/site-packages/paramiko/transport.py", line 2215, in _check_banner
2022-06-10 21:43:14,136 p=2056 u=rob n=p=2056 u=rob | paramiko [PE1] |     raise SSHException(
2022-06-10 21:43:14,136 p=2056 u=rob n=p=2056 u=rob | paramiko [PE1] | paramiko.ssh_exception.SSHException: Error reading SSH protocol banner
2022-06-10 21:43:14,137 p=2056 u=rob n=p=2056 u=rob | paramiko [PE1] | 
2022-06-10 21:43:30,158 p=2058 u=rob n=p=2058 u=rob | paramiko [PE3] | Exception: Error reading SSH protocol banner
2022-06-10 21:43:30,158 p=2058 u=rob n=p=2058 u=rob | paramiko [PE3] | Traceback (most recent call last):
2022-06-10 21:43:30,159 p=2058 u=rob n=p=2058 u=rob | paramiko [PE3] |   File "/Users/rob/.local/share/virtualenvs/vyos-eveng-b9X2mBdh/lib/python3.9/site-packages/paramiko/transport.py", line 2211, in _check_banner
2022-06-10 21:43:30,159 p=2058 u=rob n=p=2058 u=rob | paramiko [PE3] |     buf = self.packetizer.readline(timeout)
2022-06-10 21:43:30,159 p=2058 u=rob n=p=2058 u=rob | paramiko [PE3] |   File "/Users/rob/.local/share/virtualenvs/vyos-eveng-b9X2mBdh/lib/python3.9/site-packages/paramiko/packet.py", line 380, in readline
2022-06-10 21:43:30,159 p=2057 u=rob n=p=2057 u=rob | paramiko [PE2] | Exception: Error reading SSH protocol banner
2022-06-10 21:43:30,159 p=2058 u=rob n=p=2058 u=rob | paramiko [PE3] |     buf += self._read_timeout(timeout)
2022-06-10 21:43:30,159 p=2058 u=rob n=p=2058 u=rob | paramiko [PE3] |   File "/Users/rob/.local/share/virtualenvs/vyos-eveng-b9X2mBdh/lib/python3.9/site-packages/paramiko/packet.py", line 622, in _read_timeout
2022-06-10 21:43:30,159 p=2057 u=rob n=p=2057 u=rob | paramiko [PE2] | Traceback (most recent call last):
2022-06-10 21:43:30,159 p=2058 u=rob n=p=2058 u=rob | paramiko [PE3] |     raise socket.timeout()
2022-06-10 21:43:30,159 p=2058 u=rob n=p=2058 u=rob | paramiko [PE3] | socket.timeout
2022-06-10 21:43:30,159 p=2057 u=rob n=p=2057 u=rob | paramiko [PE2] |   File "/Users/rob/.local/share/virtualenvs/vyos-eveng-b9X2mBdh/lib/python3.9/site-packages/paramiko/transport.py", line 2211, in _check_banner
2022-06-10 21:43:30,160 p=2058 u=rob n=p=2058 u=rob | paramiko [PE3] | 
2022-06-10 21:43:30,160 p=2057 u=rob n=p=2057 u=rob | paramiko [PE2] |     buf = self.packetizer.readline(timeout)
2022-06-10 21:43:30,160 p=2058 u=rob n=p=2058 u=rob | paramiko [PE3] | During handling of the above exception, another exception occurred:
2022-06-10 21:43:30,160 p=2057 u=rob n=p=2057 u=rob | paramiko [PE2] |   File "/Users/rob/.local/share/virtualenvs/vyos-eveng-b9X2mBdh/lib/python3.9/site-packages/paramiko/packet.py", line 380, in readline
2022-06-10 21:43:30,160 p=2058 u=rob n=p=2058 u=rob | paramiko [PE3] | 
2022-06-10 21:43:30,160 p=2057 u=rob n=p=2057 u=rob | paramiko [PE2] |     buf += self._read_timeout(timeout)
2022-06-10 21:43:30,160 p=2058 u=rob n=p=2058 u=rob | paramiko [PE3] | Traceback (most recent call last):
2022-06-10 21:43:30,160 p=2057 u=rob n=p=2057 u=rob | paramiko [PE2] |   File "/Users/rob/.local/share/virtualenvs/vyos-eveng-b9X2mBdh/lib/python3.9/site-packages/paramiko/packet.py", line 622, in _read_timeout
2022-06-10 21:43:30,160 p=2058 u=rob n=p=2058 u=rob | paramiko [PE3] |   File "/Users/rob/.local/share/virtualenvs/vyos-eveng-b9X2mBdh/lib/python3.9/site-packages/paramiko/transport.py", line 2039, in run
2022-06-10 21:43:30,160 p=2057 u=rob n=p=2057 u=rob | paramiko [PE2] |     raise socket.timeout()
2022-06-10 21:43:30,160 p=2058 u=rob n=p=2058 u=rob | paramiko [PE3] |     self._check_banner()
2022-06-10 21:43:30,160 p=2057 u=rob n=p=2057 u=rob | paramiko [PE2] | socket.timeout
2022-06-10 21:43:30,160 p=2058 u=rob n=p=2058 u=rob | paramiko [PE3] |   File "/Users/rob/.local/share/virtualenvs/vyos-eveng-b9X2mBdh/lib/python3.9/site-packages/paramiko/transport.py", line 2215, in _check_banner
2022-06-10 21:43:30,160 p=2057 u=rob n=p=2057 u=rob | paramiko [PE2] | 
2022-06-10 21:43:30,161 p=2058 u=rob n=p=2058 u=rob | paramiko [PE3] |     raise SSHException(
2022-06-10 21:43:30,161 p=2057 u=rob n=p=2057 u=rob | paramiko [PE2] | During handling of the above exception, another exception occurred:
2022-06-10 21:43:30,161 p=2058 u=rob n=p=2058 u=rob | paramiko [PE3] | paramiko.ssh_exception.SSHException: Error reading SSH protocol banner
2022-06-10 21:43:30,161 p=2057 u=rob n=p=2057 u=rob | paramiko [PE2] | 
2022-06-10 21:43:30,161 p=2058 u=rob n=p=2058 u=rob | paramiko [PE3] | 
2022-06-10 21:43:30,161 p=2057 u=rob n=p=2057 u=rob | paramiko [PE2] | Traceback (most recent call last):
2022-06-10 21:43:30,161 p=2057 u=rob n=p=2057 u=rob | paramiko [PE2] |   File "/Users/rob/.local/share/virtualenvs/vyos-eveng-b9X2mBdh/lib/python3.9/site-packages/paramiko/transport.py", line 2039, in run
2022-06-10 21:43:30,161 p=2057 u=rob n=p=2057 u=rob | paramiko [PE2] |     self._check_banner()
2022-06-10 21:43:30,161 p=2057 u=rob n=p=2057 u=rob | paramiko [PE2] |   File "/Users/rob/.local/share/virtualenvs/vyos-eveng-b9X2mBdh/lib/python3.9/site-packages/paramiko/transport.py", line 2215, in _check_banner
2022-06-10 21:43:30,161 p=2057 u=rob n=p=2057 u=rob | paramiko [PE2] |     raise SSHException(
2022-06-10 21:43:30,161 p=2057 u=rob n=p=2057 u=rob | paramiko [PE2] | paramiko.ssh_exception.SSHException: Error reading SSH protocol banner
2022-06-10 21:43:30,162 p=2057 u=rob n=p=2057 u=rob | paramiko [PE2] | 
2022-06-10 21:43:30,165 p=2056 u=rob n=p=2056 u=rob | paramiko [PE1] | Exception: Error reading SSH protocol banner
2022-06-10 21:43:30,166 p=2056 u=rob n=p=2056 u=rob | paramiko [PE1] | Traceback (most recent call last):
2022-06-10 21:43:30,166 p=2056 u=rob n=p=2056 u=rob | paramiko [PE1] |   File "/Users/rob/.local/share/virtualenvs/vyos-eveng-b9X2mBdh/lib/python3.9/site-packages/paramiko/transport.py", line 2211, in _check_banner
2022-06-10 21:43:30,166 p=2056 u=rob n=p=2056 u=rob | paramiko [PE1] |     buf = self.packetizer.readline(timeout)
2022-06-10 21:43:30,166 p=2056 u=rob n=p=2056 u=rob | paramiko [PE1] |   File "/Users/rob/.local/share/virtualenvs/vyos-eveng-b9X2mBdh/lib/python3.9/site-packages/paramiko/packet.py", line 380, in readline
2022-06-10 21:43:30,166 p=2056 u=rob n=p=2056 u=rob | paramiko [PE1] |     buf += self._read_timeout(timeout)
2022-06-10 21:43:30,166 p=2056 u=rob n=p=2056 u=rob | paramiko [PE1] |   File "/Users/rob/.local/share/virtualenvs/vyos-eveng-b9X2mBdh/lib/python3.9/site-packages/paramiko/packet.py", line 622, in _read_timeout
2022-06-10 21:43:30,166 p=2056 u=rob n=p=2056 u=rob | paramiko [PE1] |     raise socket.timeout()
2022-06-10 21:43:30,167 p=2056 u=rob n=p=2056 u=rob | paramiko [PE1] | socket.timeout
2022-06-10 21:43:30,167 p=2056 u=rob n=p=2056 u=rob | paramiko [PE1] | 
2022-06-10 21:43:30,167 p=2056 u=rob n=p=2056 u=rob | paramiko [PE1] | During handling of the above exception, another exception occurred:
2022-06-10 21:43:30,167 p=2056 u=rob n=p=2056 u=rob | paramiko [PE1] | 
2022-06-10 21:43:30,167 p=2056 u=rob n=p=2056 u=rob | paramiko [PE1] | Traceback (most recent call last):
2022-06-10 21:43:30,167 p=2056 u=rob n=p=2056 u=rob | paramiko [PE1] |   File "/Users/rob/.local/share/virtualenvs/vyos-eveng-b9X2mBdh/lib/python3.9/site-packages/paramiko/transport.py", line 2039, in run
2022-06-10 21:43:30,167 p=2056 u=rob n=p=2056 u=rob | paramiko [PE1] |     self._check_banner()
2022-06-10 21:43:30,167 p=2056 u=rob n=p=2056 u=rob | paramiko [PE1] |   File "/Users/rob/.local/share/virtualenvs/vyos-eveng-b9X2mBdh/lib/python3.9/site-packages/paramiko/transport.py", line 2215, in _check_banner
2022-06-10 21:43:30,167 p=2056 u=rob n=p=2056 u=rob | paramiko [PE1] |     raise SSHException(
2022-06-10 21:43:30,168 p=2056 u=rob n=p=2056 u=rob | paramiko [PE1] | paramiko.ssh_exception.SSHException: Error reading SSH protocol banner
2022-06-10 21:43:30,168 p=2056 u=rob n=p=2056 u=rob | paramiko [PE1] | 
2022-06-10 21:43:31,868 p=2058 u=rob n=p=2058 u=rob | paramiko [PE3] | Connected (version 2.0, client OpenSSH_8.4p1)
2022-06-10 21:43:31,873 p=2057 u=rob n=p=2057 u=rob | paramiko [PE2] | Connected (version 2.0, client OpenSSH_8.4p1)
2022-06-10 21:43:31,874 p=2056 u=rob n=p=2056 u=rob | paramiko [PE1] | Connected (version 2.0, client OpenSSH_8.4p1)
2022-06-10 21:43:31,960 p=2057 u=rob n=p=2057 u=rob | paramiko [PE2] | Authentication (publickey) successful!
2022-06-10 21:43:31,966 p=2058 u=rob n=p=2058 u=rob | paramiko [PE3] | Authentication (publickey) successful!
2022-06-10 21:43:31,966 p=2056 u=rob n=p=2056 u=rob | paramiko [PE1] | Authentication (publickey) successful!
2022-06-10 21:43:32,942 p=1006 u=rob n=ansible | ok: [PE1]
2022-06-10 21:43:32,942 p=1006 u=rob n=ansible | ok: [PE2]
2022-06-10 21:43:32,942 p=1006 u=rob n=ansible | ok: [PE3]
2022-06-10 21:43:32,945 p=1006 u=rob n=ansible | TASK [eve-ng-lab-test : include L3VPN_EVPN lab_config.yml] *************************************************************************************************************************************************
2022-06-10 21:43:32,960 p=1006 u=rob n=ansible | skipping: [eveng]
2022-06-10 21:43:32,966 p=1006 u=rob n=ansible | skipping: [vyos-oobm]
2022-06-10 21:43:32,983 p=1006 u=rob n=ansible | included: /Users/rob/git/_vyos/vyos-eveng/labs/L3VPN_EVPN/lab_config.yml for PE1, PE2, PE3
2022-06-10 21:43:33,018 p=1006 u=rob n=ansible | TASK [eve-ng-lab-test : setup vyos] ************************************************************************************************************************************************************************
2022-06-10 21:43:34,727 p=1606 u=rob n=p=1606 u=rob | paramiko [PE2] | Connected (version 2.0, client OpenSSH_8.4p1)
2022-06-10 21:43:34,786 p=1608 u=rob n=p=1608 u=rob | paramiko [PE1] | Connected (version 2.0, client OpenSSH_8.4p1)
2022-06-10 21:43:34,786 p=1607 u=rob n=p=1607 u=rob | paramiko [PE3] | Connected (version 2.0, client OpenSSH_8.4p1)
2022-06-10 21:43:34,812 p=1606 u=rob n=p=1606 u=rob | paramiko [PE2] | Authentication (publickey) successful!
2022-06-10 21:43:34,853 p=1607 u=rob n=p=1607 u=rob | paramiko [PE3] | Authentication (publickey) successful!
2022-06-10 21:43:34,853 p=1608 u=rob n=p=1608 u=rob | paramiko [PE1] | Authentication (publickey) successful!
2022-06-10 21:44:03,096 p=1006 u=rob n=ansible | [WARNING]: To ensure idempotency and correct diff the input configuration lines should be similar to how they appear if present in the running configuration on device including the indentation

2022-06-10 21:44:03,096 p=1006 u=rob n=ansible | changed: [PE2]
2022-06-10 21:44:03,125 p=1006 u=rob n=ansible | changed: [PE3]
2022-06-10 21:44:04,593 p=1006 u=rob n=ansible | changed: [PE1]
2022-06-10 21:44:04,597 p=1006 u=rob n=ansible | TASK [eve-ng-lab-test : Login to EVE-NG and get Cookie] ****************************************************************************************************************************************************
2022-06-10 21:44:04,621 p=1006 u=rob n=ansible | skipping: [vyos-oobm]
2022-06-10 21:44:04,630 p=1006 u=rob n=ansible | skipping: [PE1]
2022-06-10 21:44:04,631 p=1006 u=rob n=ansible | skipping: [PE2]
2022-06-10 21:44:04,635 p=1006 u=rob n=ansible | skipping: [PE3]
2022-06-10 21:44:05,903 p=1006 u=rob n=ansible | ok: [eveng]
2022-06-10 21:44:05,907 p=1006 u=rob n=ansible | TASK [eve-ng-lab-test : stop nodes id] *********************************************************************************************************************************************************************
2022-06-10 21:44:05,948 p=1006 u=rob n=ansible | TASK [eve-ng-lab-test : wait after stop] *******************************************************************************************************************************************************************
2022-06-10 21:44:05,957 p=2324 u=rob n=ansible | Pausing for 5 seconds
2022-06-10 21:44:05,958 p=2324 u=rob n=ansible | (ctrl+C then 'C' = continue early, ctrl+C then 'A' = abort)
2022-06-10 21:44:10,967 p=1006 u=rob n=ansible | ok: [eveng]
2022-06-10 21:44:10,971 p=1006 u=rob n=ansible | TASK [eve-ng-lab-test : start nodes id] ********************************************************************************************************************************************************************
2022-06-10 21:44:11,017 p=1006 u=rob n=ansible | TASK [eve-ng-lab-test : wait after start] ******************************************************************************************************************************************************************
2022-06-10 21:44:11,027 p=2331 u=rob n=ansible | Pausing for 5 seconds
2022-06-10 21:44:11,027 p=2331 u=rob n=ansible | (ctrl+C then 'C' = continue early, ctrl+C then 'A' = abort)
2022-06-10 21:44:16,036 p=1006 u=rob n=ansible | ok: [eveng]
2022-06-10 21:44:16,040 p=1006 u=rob n=ansible | TASK [eve-ng-lab-test : wait, b/c the ping often failed without a short break] *****************************************************************************************************************************
2022-06-10 21:44:16,050 p=2334 u=rob n=ansible | Pausing for 30 seconds
2022-06-10 21:44:16,050 p=2334 u=rob n=ansible | (ctrl+C then 'C' = continue early, ctrl+C then 'A' = abort)
2022-06-10 21:44:46,057 p=1006 u=rob n=ansible | ok: [eveng]
2022-06-10 21:44:46,075 p=1006 u=rob n=ansible | TASK [eve-ng-lab-test : do ping test] **********************************************************************************************************************************************************************
2022-06-10 21:44:46,111 p=1006 u=rob n=ansible | skipping: [eveng]
2022-06-10 21:44:46,118 p=1006 u=rob n=ansible | skipping: [vyos-oobm]
2022-06-10 21:44:51,592 p=1006 u=rob n=ansible | ok: [PE3] => (item=172.29.255.2)
2022-06-10 21:44:51,598 p=1006 u=rob n=ansible | ok: [PE1] => (item=172.29.255.2)
2022-06-10 21:44:51,607 p=1006 u=rob n=ansible | ok: [PE2] => (item=172.29.255.1)
2022-06-10 21:44:56,026 p=1006 u=rob n=ansible | ok: [PE1] => (item=172.29.255.3)
2022-06-10 21:44:56,031 p=1006 u=rob n=ansible | ok: [PE2] => (item=172.29.255.3)
2022-06-10 21:44:56,049 p=1006 u=rob n=ansible | ok: [PE3] => (item=172.29.255.1)
2022-06-10 21:44:56,054 p=1006 u=rob n=ansible | TASK [eve-ng-lab-test : execute test commands] *************************************************************************************************************************************************************
2022-06-10 21:44:56,077 p=1006 u=rob n=ansible | skipping: [eveng]
2022-06-10 21:44:56,084 p=1006 u=rob n=ansible | skipping: [vyos-oobm]
2022-06-10 21:44:57,408 p=1006 u=rob n=ansible | ok: [PE3] => (item={'desc': 'PING vyos-oobm with VRF', 'command': 'ping 10.100.0.1 vrf mgmt count 1', 'wait_for': ["result[0] contains '1 packets transmitted, 1 received'"]})
2022-06-10 21:44:57,409 p=1006 u=rob n=ansible | ok: [PE2] => (item={'desc': 'PING vyos-oobm with VRF', 'command': 'ping 10.100.0.1 vrf mgmt count 1', 'wait_for': ["result[0] contains '1 packets transmitted, 1 received'"]})
2022-06-10 21:44:57,410 p=1006 u=rob n=ansible | ok: [PE1] => (item={'desc': 'PING vyos-oobm with VRF', 'command': 'ping 10.100.0.1 vrf mgmt count 1', 'wait_for': ["result[0] contains '1 packets transmitted, 1 received'"]})
2022-06-10 21:44:57,748 p=1006 u=rob n=ansible | ok: [PE1] => (item={'desc': 'PING blue site 2', 'command': 'ping 10.1.2.10 vrf blue count 1', 'wait_for': ["result[0] contains '1 packets transmitted, 1 received'"]})
2022-06-10 21:44:58,079 p=1006 u=rob n=ansible | ok: [PE1] => (item={'desc': 'PING red site 2', 'command': 'ping 10.2.2.10 vrf red count 1', 'wait_for': ["result[0] contains '1 packets transmitted, 1 received'"]})
2022-06-10 21:44:58,412 p=1006 u=rob n=ansible | ok: [PE1] => (item={'desc': 'PING green site 3', 'command': 'ping 10.3.3.10 vrf green count 1', 'wait_for': ["result[0] contains '1 packets transmitted, 1 received'"]})
2022-06-10 21:44:58,417 p=1006 u=rob n=ansible | TASK [eve-ng-lab-test : register stdout commands] **********************************************************************************************************************************************************
2022-06-10 21:44:58,441 p=1006 u=rob n=ansible | skipping: [eveng]
2022-06-10 21:44:58,448 p=1006 u=rob n=ansible | skipping: [vyos-oobm]
2022-06-10 21:44:58,457 p=1006 u=rob n=ansible | skipping: [PE3]
2022-06-10 21:44:59,710 p=1006 u=rob n=ansible | ok: [PE2] => (item={'name': 'bgp_evpn_net', 'command': 'show bgp l2vpn evpn 10.3.1.10'})
2022-06-10 21:44:59,712 p=1006 u=rob n=ansible | ok: [PE1] => (item={'name': 'vrf_all', 'command': 'show ip route vrf all'})
2022-06-10 21:45:00,082 p=1006 u=rob n=ansible | ok: [PE1] => (item={'name': 'bgp_evpn', 'command': 'show bgp l2vpn evpn'})
2022-06-10 21:45:00,087 p=1006 u=rob n=ansible | TASK [eve-ng-lab-test : Set variables] *********************************************************************************************************************************************************************
2022-06-10 21:45:00,110 p=1006 u=rob n=ansible | skipping: [eveng]
2022-06-10 21:45:00,117 p=1006 u=rob n=ansible | skipping: [vyos-oobm]
2022-06-10 21:45:00,129 p=1006 u=rob n=ansible | skipping: [PE3]
2022-06-10 21:45:00,963 p=1006 u=rob n=ansible | ok: [PE2]
2022-06-10 21:45:00,963 p=1006 u=rob n=ansible | ok: [PE1]
2022-06-10 21:45:00,968 p=1006 u=rob n=ansible | TASK [eve-ng-lab-test : Reboot vyos] ***********************************************************************************************************************************************************************
2022-06-10 21:45:00,989 p=1006 u=rob n=ansible | skipping: [eveng]
2022-06-10 21:45:01,000 p=1006 u=rob n=ansible | skipping: [vyos-oobm]
2022-06-10 21:45:02,290 p=1006 u=rob n=ansible | ok: [PE1]
2022-06-10 21:45:02,291 p=1006 u=rob n=ansible | ok: [PE2]
2022-06-10 21:45:02,294 p=1006 u=rob n=ansible | ok: [PE3]
2022-06-10 21:45:02,297 p=1006 u=rob n=ansible | TASK [eve-ng-lab-test : wait while shutdown] ***************************************************************************************************************************************************************
2022-06-10 21:45:02,306 p=1006 u=rob n=ansible | skipping: [eveng]
2022-06-10 21:45:02,309 p=1006 u=rob n=ansible | TASK [eve-ng-lab-test : Wait for vyos nodes] ***************************************************************************************************************************************************************
2022-06-10 21:45:02,324 p=1006 u=rob n=ansible | skipping: [eveng]
2022-06-10 21:45:02,330 p=1006 u=rob n=ansible | skipping: [vyos-oobm]
2022-06-10 21:45:03,845 p=2720 u=rob n=p=2720 u=rob | paramiko [PE2] | Connected (version 2.0, client OpenSSH_8.4p1)
2022-06-10 21:45:03,948 p=2719 u=rob n=p=2719 u=rob | paramiko [PE1] | Connected (version 2.0, client OpenSSH_8.4p1)
2022-06-10 21:45:03,952 p=2720 u=rob n=p=2720 u=rob | paramiko [PE2] | Auth banner: b'System is going down. Unprivileged users are not permitted to log in anymore. For technical details, see pam_nologin(8).\n\n'
2022-06-10 21:45:03,955 p=2721 u=rob n=p=2721 u=rob | paramiko [PE3] | Connected (version 2.0, client OpenSSH_8.4p1)
2022-06-10 21:45:04,016 p=2719 u=rob n=p=2719 u=rob | paramiko [PE1] | Auth banner: b'System is going down. Unprivileged users are not permitted to log in anymore. For technical details, see pam_nologin(8).\n\n'
2022-06-10 21:45:04,023 p=2721 u=rob n=p=2721 u=rob | paramiko [PE3] | Auth banner: b'System is going down. Unprivileged users are not permitted to log in anymore. For technical details, see pam_nologin(8).\n\n'
2022-06-10 21:47:02,548 p=1608 u=rob n=ansible | persistent connection idle timeout triggered, timeout value is 120 secs.
See the timeout setting options in the Network Debug and Troubleshooting Guide.
2022-06-10 21:47:02,553 p=1606 u=rob n=ansible | persistent connection idle timeout triggered, timeout value is 120 secs.
See the timeout setting options in the Network Debug and Troubleshooting Guide.
2022-06-10 21:47:02,559 p=1607 u=rob n=ansible | persistent connection idle timeout triggered, timeout value is 120 secs.
See the timeout setting options in the Network Debug and Troubleshooting Guide.
2022-06-10 21:47:02,656 p=1608 u=rob n=ansible | shutdown complete
2022-06-10 21:47:02,657 p=1606 u=rob n=ansible | shutdown complete
2022-06-10 21:47:02,666 p=1607 u=rob n=ansible | shutdown complete
2022-06-10 21:47:05,802 p=2721 u=rob n=p=2721 u=rob | paramiko [PE3] | Connected (version 2.0, client OpenSSH_8.4p1)
2022-06-10 21:47:05,817 p=2719 u=rob n=p=2719 u=rob | paramiko [PE1] | Connected (version 2.0, client OpenSSH_8.4p1)
2022-06-10 21:47:05,827 p=2720 u=rob n=p=2720 u=rob | paramiko [PE2] | Connected (version 2.0, client OpenSSH_8.4p1)
2022-06-10 21:47:05,884 p=2721 u=rob n=p=2721 u=rob | paramiko [PE3] | Authentication (publickey) successful!
2022-06-10 21:47:05,908 p=2719 u=rob n=p=2719 u=rob | paramiko [PE1] | Authentication (publickey) successful!
2022-06-10 21:47:05,918 p=2720 u=rob n=p=2720 u=rob | paramiko [PE2] | Authentication (publickey) successful!
2022-06-10 21:47:07,185 p=1006 u=rob n=ansible | ok: [PE1]
2022-06-10 21:47:07,195 p=1006 u=rob n=ansible | ok: [PE3]
2022-06-10 21:47:07,209 p=1006 u=rob n=ansible | ok: [PE2]
2022-06-10 21:47:07,217 p=1006 u=rob n=ansible | TASK [eve-ng-lab-test : Login to EVE-NG and get Cookie] ****************************************************************************************************************************************************
2022-06-10 21:47:07,240 p=1006 u=rob n=ansible | skipping: [vyos-oobm]
2022-06-10 21:47:07,246 p=1006 u=rob n=ansible | skipping: [PE1]
2022-06-10 21:47:07,247 p=1006 u=rob n=ansible | skipping: [PE2]
2022-06-10 21:47:07,252 p=1006 u=rob n=ansible | skipping: [PE3]
2022-06-10 21:47:08,619 p=1006 u=rob n=ansible | ok: [eveng]
2022-06-10 21:47:08,624 p=1006 u=rob n=ansible | TASK [eve-ng-lab-test : stop nodes id] *********************************************************************************************************************************************************************
2022-06-10 21:47:08,677 p=1006 u=rob n=ansible | TASK [eve-ng-lab-test : wait after stop] *******************************************************************************************************************************************************************
2022-06-10 21:47:08,685 p=2873 u=rob n=ansible | Pausing for 5 seconds
2022-06-10 21:47:08,685 p=2873 u=rob n=ansible | (ctrl+C then 'C' = continue early, ctrl+C then 'A' = abort)
2022-06-10 21:47:13,692 p=1006 u=rob n=ansible | ok: [eveng]
2022-06-10 21:47:13,700 p=1006 u=rob n=ansible | TASK [eve-ng-lab-test : start nodes id] ********************************************************************************************************************************************************************
2022-06-10 21:47:13,768 p=1006 u=rob n=ansible | TASK [eve-ng-lab-test : wait after start] ******************************************************************************************************************************************************************
2022-06-10 21:47:13,778 p=2881 u=rob n=ansible | Pausing for 5 seconds
2022-06-10 21:47:13,778 p=2881 u=rob n=ansible | (ctrl+C then 'C' = continue early, ctrl+C then 'A' = abort)
2022-06-10 21:47:18,788 p=1006 u=rob n=ansible | ok: [eveng]
2022-06-10 21:47:18,801 p=1006 u=rob n=ansible | TASK [eve-ng-lab-test : wait, b/c the ping often failed without a short break] *****************************************************************************************************************************
2022-06-10 21:47:18,815 p=2882 u=rob n=ansible | Pausing for 30 seconds
2022-06-10 21:47:18,816 p=2882 u=rob n=ansible | (ctrl+C then 'C' = continue early, ctrl+C then 'A' = abort)
2022-06-10 21:47:48,822 p=1006 u=rob n=ansible | ok: [eveng]
2022-06-10 21:47:48,836 p=1006 u=rob n=ansible | TASK [eve-ng-lab-test : do ping test] **********************************************************************************************************************************************************************
2022-06-10 21:47:48,880 p=1006 u=rob n=ansible | skipping: [eveng]
2022-06-10 21:47:48,895 p=1006 u=rob n=ansible | skipping: [vyos-oobm]
2022-06-10 21:47:49,920 p=2893 u=rob n=ansible | network_os is set to vyos
2022-06-10 21:47:49,922 p=2892 u=rob n=ansible | network_os is set to vyos
2022-06-10 21:47:49,927 p=2894 u=rob n=ansible | network_os is set to vyos
2022-06-10 21:47:50,823 p=2904 u=rob n=p=2904 u=rob | paramiko [PE2] | Connected (version 2.0, client OpenSSH_8.4p1)
2022-06-10 21:47:50,826 p=2905 u=rob n=p=2905 u=rob | paramiko [PE3] | Connected (version 2.0, client OpenSSH_8.4p1)
2022-06-10 21:47:50,829 p=2906 u=rob n=p=2906 u=rob | paramiko [PE1] | Connected (version 2.0, client OpenSSH_8.4p1)
2022-06-10 21:47:50,931 p=2905 u=rob n=p=2905 u=rob | paramiko [PE3] | Authentication (publickey) successful!
2022-06-10 21:47:50,931 p=2904 u=rob n=p=2904 u=rob | paramiko [PE2] | Authentication (publickey) successful!
2022-06-10 21:47:50,931 p=2906 u=rob n=p=2906 u=rob | paramiko [PE1] | Authentication (publickey) successful!
2022-06-10 21:47:56,945 p=1006 u=rob n=ansible | ok: [PE1] => (item=172.29.255.2)
2022-06-10 21:47:56,947 p=1006 u=rob n=ansible | ok: [PE3] => (item=172.29.255.2)
2022-06-10 21:47:56,977 p=1006 u=rob n=ansible | ok: [PE2] => (item=172.29.255.1)
2022-06-10 21:48:02,292 p=1006 u=rob n=ansible | ok: [PE1] => (item=172.29.255.3)
2022-06-10 21:48:02,297 p=1006 u=rob n=ansible | ok: [PE2] => (item=172.29.255.3)
2022-06-10 21:48:02,298 p=1006 u=rob n=ansible | ok: [PE3] => (item=172.29.255.1)
2022-06-10 21:48:02,303 p=1006 u=rob n=ansible | TASK [eve-ng-lab-test : execute test commands] *************************************************************************************************************************************************************
2022-06-10 21:48:02,334 p=1006 u=rob n=ansible | skipping: [eveng]
2022-06-10 21:48:02,335 p=1006 u=rob n=ansible | skipping: [vyos-oobm]
2022-06-10 21:48:03,580 p=1006 u=rob n=ansible | ok: [PE3] => (item={'desc': 'PING vyos-oobm with VRF', 'command': 'ping 10.100.0.1 vrf mgmt count 1', 'wait_for': ["result[0] contains '1 packets transmitted, 1 received'"]})
2022-06-10 21:48:03,580 p=1006 u=rob n=ansible | ok: [PE2] => (item={'desc': 'PING vyos-oobm with VRF', 'command': 'ping 10.100.0.1 vrf mgmt count 1', 'wait_for': ["result[0] contains '1 packets transmitted, 1 received'"]})
2022-06-10 21:48:03,581 p=1006 u=rob n=ansible | ok: [PE1] => (item={'desc': 'PING vyos-oobm with VRF', 'command': 'ping 10.100.0.1 vrf mgmt count 1', 'wait_for': ["result[0] contains '1 packets transmitted, 1 received'"]})
2022-06-10 21:48:03,911 p=1006 u=rob n=ansible | ok: [PE1] => (item={'desc': 'PING blue site 2', 'command': 'ping 10.1.2.10 vrf blue count 1', 'wait_for': ["result[0] contains '1 packets transmitted, 1 received'"]})
2022-06-10 21:48:04,241 p=1006 u=rob n=ansible | ok: [PE1] => (item={'desc': 'PING red site 2', 'command': 'ping 10.2.2.10 vrf red count 1', 'wait_for': ["result[0] contains '1 packets transmitted, 1 received'"]})
2022-06-10 21:48:04,568 p=1006 u=rob n=ansible | ok: [PE1] => (item={'desc': 'PING green site 3', 'command': 'ping 10.3.3.10 vrf green count 1', 'wait_for': ["result[0] contains '1 packets transmitted, 1 received'"]})
2022-06-10 21:48:04,573 p=1006 u=rob n=ansible | TASK [eve-ng-lab-test : register stdout commands] **********************************************************************************************************************************************************
2022-06-10 21:48:04,596 p=1006 u=rob n=ansible | skipping: [eveng]
2022-06-10 21:48:04,601 p=1006 u=rob n=ansible | skipping: [vyos-oobm]
2022-06-10 21:48:04,606 p=1006 u=rob n=ansible | skipping: [PE1] => (item={'name': 'vrf_all', 'command': 'show ip route vrf all'}) 
2022-06-10 21:48:04,606 p=1006 u=rob n=ansible | skipping: [PE1] => (item={'name': 'bgp_evpn', 'command': 'show bgp l2vpn evpn'}) 
2022-06-10 21:48:04,610 p=1006 u=rob n=ansible | skipping: [PE2] => (item={'name': 'bgp_evpn_net', 'command': 'show bgp l2vpn evpn 10.3.1.10'}) 
2022-06-10 21:48:04,612 p=1006 u=rob n=ansible | skipping: [PE3]
2022-06-10 21:48:04,614 p=1006 u=rob n=ansible | TASK [eve-ng-lab-test : Set variables] *********************************************************************************************************************************************************************
2022-06-10 21:48:04,633 p=1006 u=rob n=ansible | skipping: [eveng]
2022-06-10 21:48:04,639 p=1006 u=rob n=ansible | skipping: [vyos-oobm]
2022-06-10 21:48:04,640 p=1006 u=rob n=ansible | skipping: [PE1]
2022-06-10 21:48:04,641 p=1006 u=rob n=ansible | skipping: [PE2]
2022-06-10 21:48:04,647 p=1006 u=rob n=ansible | skipping: [PE3]
2022-06-10 21:48:04,650 p=1006 u=rob n=ansible | TASK [eve-ng-lab-test : make sure tmp dir exist] ***********************************************************************************************************************************************************
2022-06-10 21:48:04,666 p=1006 u=rob n=ansible | skipping: [eveng]
2022-06-10 21:48:04,673 p=1006 u=rob n=ansible | skipping: [vyos-oobm]
2022-06-10 21:48:04,680 p=1006 u=rob n=ansible | skipping: [PE1]
2022-06-10 21:48:04,681 p=1006 u=rob n=ansible | skipping: [PE2]
2022-06-10 21:48:04,684 p=1006 u=rob n=ansible | skipping: [PE3]
2022-06-10 21:48:04,687 p=1006 u=rob n=ansible | TASK [eve-ng-lab-test : register status of tmp/] ***********************************************************************************************************************************************************
2022-06-10 21:48:04,701 p=1006 u=rob n=ansible | skipping: [eveng]
2022-06-10 21:48:04,708 p=1006 u=rob n=ansible | skipping: [vyos-oobm]
2022-06-10 21:48:04,714 p=1006 u=rob n=ansible | skipping: [PE1]
2022-06-10 21:48:04,716 p=1006 u=rob n=ansible | skipping: [PE2]
2022-06-10 21:48:04,719 p=1006 u=rob n=ansible | skipping: [PE3]
2022-06-10 21:48:04,722 p=1006 u=rob n=ansible | TASK [eve-ng-lab-test : Download upgrade_iso] **************************************************************************************************************************************************************
2022-06-10 21:48:04,737 p=1006 u=rob n=ansible | skipping: [eveng]
2022-06-10 21:48:04,744 p=1006 u=rob n=ansible | skipping: [vyos-oobm]
2022-06-10 21:48:04,750 p=1006 u=rob n=ansible | skipping: [PE1]
2022-06-10 21:48:04,752 p=1006 u=rob n=ansible | skipping: [PE2]
2022-06-10 21:48:04,754 p=1006 u=rob n=ansible | skipping: [PE3]
2022-06-10 21:48:04,760 p=1006 u=rob n=ansible | TASK [eve-ng-lab-test : Copy iso to host] ******************************************************************************************************************************************************************
2022-06-10 21:48:04,773 p=1006 u=rob n=ansible | skipping: [eveng]
2022-06-10 21:48:04,780 p=1006 u=rob n=ansible | skipping: [vyos-oobm]
2022-06-10 21:48:04,786 p=1006 u=rob n=ansible | skipping: [PE1]
2022-06-10 21:48:04,788 p=1006 u=rob n=ansible | skipping: [PE2]
2022-06-10 21:48:04,792 p=1006 u=rob n=ansible | skipping: [PE3]
2022-06-10 21:48:04,795 p=1006 u=rob n=ansible | TASK [eve-ng-lab-test : upgrade vyos] **********************************************************************************************************************************************************************
2022-06-10 21:48:04,808 p=1006 u=rob n=ansible | skipping: [eveng]
2022-06-10 21:48:04,814 p=1006 u=rob n=ansible | skipping: [vyos-oobm]
2022-06-10 21:48:04,821 p=1006 u=rob n=ansible | skipping: [PE1]
2022-06-10 21:48:04,823 p=1006 u=rob n=ansible | skipping: [PE2]
2022-06-10 21:48:04,825 p=1006 u=rob n=ansible | skipping: [PE3]
2022-06-10 21:48:04,828 p=1006 u=rob n=ansible | TASK [eve-ng-lab-test : Reboot vyos] ***********************************************************************************************************************************************************************
2022-06-10 21:48:04,841 p=1006 u=rob n=ansible | skipping: [eveng]
2022-06-10 21:48:04,847 p=1006 u=rob n=ansible | skipping: [vyos-oobm]
2022-06-10 21:48:04,854 p=1006 u=rob n=ansible | skipping: [PE1]
2022-06-10 21:48:04,856 p=1006 u=rob n=ansible | skipping: [PE2]
2022-06-10 21:48:04,859 p=1006 u=rob n=ansible | skipping: [PE3]
2022-06-10 21:48:04,861 p=1006 u=rob n=ansible | TASK [eve-ng-lab-test : wait while shutdown] ***************************************************************************************************************************************************************
2022-06-10 21:48:04,868 p=1006 u=rob n=ansible | skipping: [eveng]
2022-06-10 21:48:04,870 p=1006 u=rob n=ansible | TASK [eve-ng-lab-test : Wait for vyos nodes] ***************************************************************************************************************************************************************
2022-06-10 21:48:04,883 p=1006 u=rob n=ansible | skipping: [eveng]
2022-06-10 21:48:04,890 p=1006 u=rob n=ansible | skipping: [vyos-oobm]
2022-06-10 21:48:04,896 p=1006 u=rob n=ansible | skipping: [PE1]
2022-06-10 21:48:04,898 p=1006 u=rob n=ansible | skipping: [PE2]
2022-06-10 21:48:04,900 p=1006 u=rob n=ansible | skipping: [PE3]
2022-06-10 21:48:04,903 p=1006 u=rob n=ansible | TASK [eve-ng-lab-test : clear tmp dir] *********************************************************************************************************************************************************************
2022-06-10 21:48:04,911 p=1006 u=rob n=ansible | skipping: [eveng]
2022-06-10 21:48:04,913 p=1006 u=rob n=ansible | TASK [eve-ng-lab-test : Login to EVE-NG and get Cookie] ****************************************************************************************************************************************************
2022-06-10 21:48:04,926 p=1006 u=rob n=ansible | skipping: [eveng]
2022-06-10 21:48:04,932 p=1006 u=rob n=ansible | skipping: [vyos-oobm]
2022-06-10 21:48:04,938 p=1006 u=rob n=ansible | skipping: [PE1]
2022-06-10 21:48:04,939 p=1006 u=rob n=ansible | skipping: [PE2]
2022-06-10 21:48:04,944 p=1006 u=rob n=ansible | skipping: [PE3]
2022-06-10 21:48:04,946 p=1006 u=rob n=ansible | TASK [eve-ng-lab-test : stop nodes id] *********************************************************************************************************************************************************************
2022-06-10 21:48:04,983 p=1006 u=rob n=ansible | TASK [eve-ng-lab-test : wait after stop] *******************************************************************************************************************************************************************
2022-06-10 21:48:04,991 p=1006 u=rob n=ansible | skipping: [eveng]
2022-06-10 21:48:04,993 p=1006 u=rob n=ansible | TASK [eve-ng-lab-test : start nodes id] ********************************************************************************************************************************************************************
2022-06-10 21:48:05,033 p=1006 u=rob n=ansible | TASK [eve-ng-lab-test : wait after start] ******************************************************************************************************************************************************************
2022-06-10 21:48:05,042 p=1006 u=rob n=ansible | skipping: [eveng]
2022-06-10 21:48:05,044 p=1006 u=rob n=ansible | TASK [eve-ng-lab-test : wait, b/c the ping often failed without a short break] *****************************************************************************************************************************
2022-06-10 21:48:05,051 p=1006 u=rob n=ansible | skipping: [eveng]
2022-06-10 21:48:05,053 p=1006 u=rob n=ansible | TASK [eve-ng-lab-test : do ping test] **********************************************************************************************************************************************************************
2022-06-10 21:48:05,067 p=1006 u=rob n=ansible | skipping: [eveng]
2022-06-10 21:48:05,073 p=1006 u=rob n=ansible | skipping: [vyos-oobm]
2022-06-10 21:48:05,081 p=1006 u=rob n=ansible | skipping: [PE1] => (item=172.29.255.2) 
2022-06-10 21:48:05,082 p=1006 u=rob n=ansible | skipping: [PE1] => (item=172.29.255.3) 
2022-06-10 21:48:05,086 p=1006 u=rob n=ansible | skipping: [PE2] => (item=172.29.255.1) 
2022-06-10 21:48:05,087 p=1006 u=rob n=ansible | skipping: [PE2] => (item=172.29.255.3) 
2022-06-10 21:48:05,092 p=1006 u=rob n=ansible | skipping: [PE3] => (item=172.29.255.2) 
2022-06-10 21:48:05,092 p=1006 u=rob n=ansible | skipping: [PE3] => (item=172.29.255.1) 
2022-06-10 21:48:05,095 p=1006 u=rob n=ansible | TASK [eve-ng-lab-test : execute test commands] *************************************************************************************************************************************************************
2022-06-10 21:48:05,110 p=1006 u=rob n=ansible | skipping: [eveng]
2022-06-10 21:48:05,116 p=1006 u=rob n=ansible | skipping: [vyos-oobm]
2022-06-10 21:48:05,125 p=1006 u=rob n=ansible | skipping: [PE1] => (item={'desc': 'PING vyos-oobm with VRF', 'command': 'ping 10.100.0.1 vrf mgmt count 1', 'wait_for': ["result[0] contains '1 packets transmitted, 1 received'"]}) 
2022-06-10 21:48:05,125 p=1006 u=rob n=ansible | skipping: [PE1] => (item={'desc': 'PING blue site 2', 'command': 'ping 10.1.2.10 vrf blue count 1', 'wait_for': ["result[0] contains '1 packets transmitted, 1 received'"]}) 
2022-06-10 21:48:05,127 p=1006 u=rob n=ansible | skipping: [PE1] => (item={'desc': 'PING red site 2', 'command': 'ping 10.2.2.10 vrf red count 1', 'wait_for': ["result[0] contains '1 packets transmitted, 1 received'"]}) 
2022-06-10 21:48:05,128 p=1006 u=rob n=ansible | skipping: [PE1] => (item={'desc': 'PING green site 3', 'command': 'ping 10.3.3.10 vrf green count 1', 'wait_for': ["result[0] contains '1 packets transmitted, 1 received'"]}) 
2022-06-10 21:48:05,129 p=1006 u=rob n=ansible | skipping: [PE2] => (item={'desc': 'PING vyos-oobm with VRF', 'command': 'ping 10.100.0.1 vrf mgmt count 1', 'wait_for': ["result[0] contains '1 packets transmitted, 1 received'"]}) 
2022-06-10 21:48:05,134 p=1006 u=rob n=ansible | skipping: [PE3] => (item={'desc': 'PING vyos-oobm with VRF', 'command': 'ping 10.100.0.1 vrf mgmt count 1', 'wait_for': ["result[0] contains '1 packets transmitted, 1 received'"]}) 
2022-06-10 21:48:05,137 p=1006 u=rob n=ansible | TASK [eve-ng-lab-test : register stdout commands] **********************************************************************************************************************************************************
2022-06-10 21:48:05,150 p=1006 u=rob n=ansible | skipping: [eveng]
2022-06-10 21:48:05,156 p=1006 u=rob n=ansible | skipping: [vyos-oobm]
2022-06-10 21:48:05,165 p=1006 u=rob n=ansible | skipping: [PE1] => (item={'name': 'vrf_all', 'command': 'show ip route vrf all'}) 
2022-06-10 21:48:05,166 p=1006 u=rob n=ansible | skipping: [PE1] => (item={'name': 'bgp_evpn', 'command': 'show bgp l2vpn evpn'}) 
2022-06-10 21:48:05,169 p=1006 u=rob n=ansible | skipping: [PE2] => (item={'name': 'bgp_evpn_net', 'command': 'show bgp l2vpn evpn 10.3.1.10'}) 
2022-06-10 21:48:05,169 p=1006 u=rob n=ansible | skipping: [PE3]
2022-06-10 21:48:05,172 p=1006 u=rob n=ansible | TASK [eve-ng-lab-test : Set variables] *********************************************************************************************************************************************************************
2022-06-10 21:48:05,186 p=1006 u=rob n=ansible | skipping: [eveng]
2022-06-10 21:48:05,192 p=1006 u=rob n=ansible | skipping: [vyos-oobm]
2022-06-10 21:48:05,197 p=1006 u=rob n=ansible | skipping: [PE1]
2022-06-10 21:48:05,199 p=1006 u=rob n=ansible | skipping: [PE2]
2022-06-10 21:48:05,202 p=1006 u=rob n=ansible | skipping: [PE3]
2022-06-10 21:48:05,205 p=1006 u=rob n=ansible | TASK [eve-ng-lab-test : make sure output dir exist] ********************************************************************************************************************************************************
2022-06-10 21:48:05,227 p=1006 u=rob n=ansible | skipping: [vyos-oobm]
2022-06-10 21:48:05,234 p=1006 u=rob n=ansible | skipping: [PE1]
2022-06-10 21:48:05,236 p=1006 u=rob n=ansible | skipping: [PE2]
2022-06-10 21:48:05,241 p=1006 u=rob n=ansible | skipping: [PE3]
2022-06-10 21:48:05,410 p=1006 u=rob n=ansible | ok: [eveng -> localhost]
2022-06-10 21:48:05,413 p=1006 u=rob n=ansible | TASK [eve-ng-lab-test : make sure output include dir exist] ************************************************************************************************************************************************
2022-06-10 21:48:05,437 p=1006 u=rob n=ansible | skipping: [vyos-oobm]
2022-06-10 21:48:05,446 p=1006 u=rob n=ansible | skipping: [PE1]
2022-06-10 21:48:05,447 p=1006 u=rob n=ansible | skipping: [PE2]
2022-06-10 21:48:05,451 p=1006 u=rob n=ansible | skipping: [PE3]
2022-06-10 21:48:05,548 p=1006 u=rob n=ansible | ok: [eveng -> localhost]
2022-06-10 21:48:05,550 p=1006 u=rob n=ansible | TASK [eve-ng-lab-test : Get timestamp from the system] *****************************************************************************************************************************************************
2022-06-10 21:48:05,571 p=1006 u=rob n=ansible | skipping: [vyos-oobm]
2022-06-10 21:48:05,577 p=1006 u=rob n=ansible | skipping: [PE1]
2022-06-10 21:48:05,579 p=1006 u=rob n=ansible | skipping: [PE2]
2022-06-10 21:48:05,583 p=1006 u=rob n=ansible | skipping: [PE3]
2022-06-10 21:48:05,922 p=1006 u=rob n=ansible | changed: [eveng]
2022-06-10 21:48:05,927 p=1006 u=rob n=ansible | TASK [eve-ng-lab-test : Set variables] *********************************************************************************************************************************************************************
2022-06-10 21:48:05,958 p=1006 u=rob n=ansible | ok: [eveng]
2022-06-10 21:48:05,965 p=1006 u=rob n=ansible | skipping: [vyos-oobm]
2022-06-10 21:48:05,967 p=1006 u=rob n=ansible | skipping: [PE1]
2022-06-10 21:48:05,967 p=1006 u=rob n=ansible | skipping: [PE2]
2022-06-10 21:48:05,971 p=1006 u=rob n=ansible | skipping: [PE3]
2022-06-10 21:48:05,975 p=1006 u=rob n=ansible | TASK [eve-ng-lab-test : generate lab rst file] *************************************************************************************************************************************************************
2022-06-10 21:48:05,999 p=1006 u=rob n=ansible | skipping: [vyos-oobm]
2022-06-10 21:48:06,007 p=1006 u=rob n=ansible | skipping: [PE1]
2022-06-10 21:48:06,008 p=1006 u=rob n=ansible | skipping: [PE2]
2022-06-10 21:48:06,012 p=1006 u=rob n=ansible | skipping: [PE3]
2022-06-10 21:48:06,241 p=1006 u=rob n=ansible | changed: [eveng -> localhost]
2022-06-10 21:48:06,244 p=1006 u=rob n=ansible | TASK [eve-ng-lab-test : find all *.conf files in Lab] ******************************************************************************************************************************************************
2022-06-10 21:48:06,267 p=1006 u=rob n=ansible | skipping: [vyos-oobm]
2022-06-10 21:48:06,274 p=1006 u=rob n=ansible | skipping: [PE1]
2022-06-10 21:48:06,276 p=1006 u=rob n=ansible | skipping: [PE2]
2022-06-10 21:48:06,281 p=1006 u=rob n=ansible | skipping: [PE3]
2022-06-10 21:48:06,439 p=1006 u=rob n=ansible | ok: [eveng -> localhost]
2022-06-10 21:48:06,447 p=1006 u=rob n=ansible | TASK [eve-ng-lab-test : copy all *.conf files] *************************************************************************************************************************************************************
2022-06-10 21:48:06,475 p=1006 u=rob n=ansible | skipping: [vyos-oobm]
2022-06-10 21:48:06,484 p=1006 u=rob n=ansible | skipping: [PE1]
2022-06-10 21:48:06,485 p=1006 u=rob n=ansible | skipping: [PE2]
2022-06-10 21:48:06,490 p=1006 u=rob n=ansible | skipping: [PE3]
2022-06-10 21:48:06,752 p=1006 u=rob n=ansible | ok: [eveng -> localhost] => (item={'path': 'labs/L3VPN_EVPN/PE2.conf', 'mode': '0644', 'isdir': False, 'ischr': False, 'isblk': False, 'isreg': True, 'isfifo': False, 'islnk': False, 'issock': False, 'uid': 501, 'gid': 20, 'size': 3854, 'inode': 43810355, 'dev': 16777233, 'nlink': 1, 'atime': 1648482863.8958406, 'mtime': 1648481960.07678, 'ctime': 1648481960.07678, 'gr_name': 'staff', 'pw_name': 'rob', 'wusr': True, 'rusr': True, 'xusr': False, 'wgrp': False, 'rgrp': True, 'xgrp': False, 'woth': False, 'roth': True, 'xoth': False, 'isuid': False, 'isgid': False})
2022-06-10 21:48:06,977 p=1006 u=rob n=ansible | ok: [eveng -> localhost] => (item={'path': 'labs/L3VPN_EVPN/PE3.conf', 'mode': '0644', 'isdir': False, 'ischr': False, 'isblk': False, 'isreg': True, 'isfifo': False, 'islnk': False, 'issock': False, 'uid': 501, 'gid': 20, 'size': 3860, 'inode': 43810356, 'dev': 16777233, 'nlink': 1, 'atime': 1648482863.8958871, 'mtime': 1648481967.8322241, 'ctime': 1648481967.8322241, 'gr_name': 'staff', 'pw_name': 'rob', 'wusr': True, 'rusr': True, 'xusr': False, 'wgrp': False, 'rgrp': True, 'xgrp': False, 'woth': False, 'roth': True, 'xoth': False, 'isuid': False, 'isgid': False})
2022-06-10 21:48:07,196 p=1006 u=rob n=ansible | ok: [eveng -> localhost] => (item={'path': 'labs/L3VPN_EVPN/PE1.conf', 'mode': '0644', 'isdir': False, 'ischr': False, 'isblk': False, 'isreg': True, 'isfifo': False, 'islnk': False, 'issock': False, 'uid': 501, 'gid': 20, 'size': 4170, 'inode': 43810354, 'dev': 16777233, 'nlink': 1, 'atime': 1648482863.8957717, 'mtime': 1648482184.3189325, 'ctime': 1648482184.3189325, 'gr_name': 'staff', 'pw_name': 'rob', 'wusr': True, 'rusr': True, 'xusr': False, 'wgrp': False, 'rgrp': True, 'xgrp': False, 'woth': False, 'roth': True, 'xoth': False, 'isuid': False, 'isgid': False})
2022-06-10 21:48:07,199 p=1006 u=rob n=ansible | TASK [eve-ng-lab-test : find all *.png files in Lab] *******************************************************************************************************************************************************
2022-06-10 21:48:07,223 p=1006 u=rob n=ansible | skipping: [vyos-oobm]
2022-06-10 21:48:07,230 p=1006 u=rob n=ansible | skipping: [PE1]
2022-06-10 21:48:07,232 p=1006 u=rob n=ansible | skipping: [PE2]
2022-06-10 21:48:07,236 p=1006 u=rob n=ansible | skipping: [PE3]
2022-06-10 21:48:07,331 p=1006 u=rob n=ansible | ok: [eveng -> localhost]
2022-06-10 21:48:07,337 p=1006 u=rob n=ansible | TASK [eve-ng-lab-test : copy all *.png files] **************************************************************************************************************************************************************
2022-06-10 21:48:07,365 p=1006 u=rob n=ansible | skipping: [vyos-oobm]
2022-06-10 21:48:07,375 p=1006 u=rob n=ansible | skipping: [PE1]
2022-06-10 21:48:07,409 p=1006 u=rob n=ansible | skipping: [PE2]
2022-06-10 21:48:07,409 p=1006 u=rob n=ansible | skipping: [PE3]
2022-06-10 21:48:07,588 p=1006 u=rob n=ansible | ok: [eveng -> localhost] => (item={'path': 'labs/L3VPN_EVPN/topology.png', 'mode': '0644', 'isdir': False, 'ischr': False, 'isblk': False, 'isreg': True, 'isfifo': False, 'islnk': False, 'issock': False, 'uid': 501, 'gid': 20, 'size': 102832, 'inode': 43810359, 'dev': 16777233, 'nlink': 1, 'atime': 1648476856.9208481, 'mtime': 1648472647.829879, 'ctime': 1648472647.829879, 'gr_name': 'staff', 'pw_name': 'rob', 'wusr': True, 'rusr': True, 'xusr': False, 'wgrp': False, 'rgrp': True, 'xgrp': False, 'woth': False, 'roth': True, 'xoth': False, 'isuid': False, 'isgid': False})
2022-06-10 21:48:07,591 p=1006 u=rob n=ansible | TASK [eve-ng-lab-test : copy ansible log files] ************************************************************************************************************************************************************
2022-06-10 21:48:07,613 p=1006 u=rob n=ansible | skipping: [vyos-oobm]
2022-06-10 21:48:07,620 p=1006 u=rob n=ansible | skipping: [PE1]
2022-06-10 21:48:07,622 p=1006 u=rob n=ansible | skipping: [PE2]
2022-06-10 21:48:07,626 p=1006 u=rob n=ansible | skipping: [PE3]
