2022-07-11 21:27:18,381 p=45845 u=rob n=ansible | [WARNING]: While constructing a mapping from /Users/rob/git/_vyos/vyos-eveng/roles/eve-ng-lab-test/defaults/main.yml, line 4, column 1, found a duplicate dict key
(upgrade_iso). Using last defined value only.

2022-07-11 21:27:18,381 p=45845 u=rob n=ansible | [WARNING]: While constructing a mapping from /Users/rob/git/_vyos/vyos-eveng/roles/eve-ng-lab-test/defaults/main.yml, line 4, column 1, found a duplicate dict key
(upgrade_iso_version). Using last defined value only.

2022-07-11 21:27:18,410 p=45845 u=rob n=ansible | PLAY [prepare node and Lab] ******************************************************************************************************************************************
2022-07-11 21:27:18,428 p=45845 u=rob n=ansible | TASK [eve-ng-create-node : fail] *************************************************************************************************************************************
2022-07-11 21:27:18,439 p=45845 u=rob n=ansible | skipping: [eveng]
2022-07-11 21:27:18,445 p=45845 u=rob n=ansible | skipping: [vyos-oobm]
2022-07-11 21:27:18,450 p=45845 u=rob n=ansible | skipping: [PE1]
2022-07-11 21:27:18,453 p=45845 u=rob n=ansible | skipping: [PE2]
2022-07-11 21:27:18,456 p=45845 u=rob n=ansible | skipping: [PE3]
2022-07-11 21:27:18,458 p=45845 u=rob n=ansible | TASK [eve-ng-create-node : fail] *************************************************************************************************************************************
2022-07-11 21:27:18,468 p=45845 u=rob n=ansible | skipping: [eveng]
2022-07-11 21:27:18,474 p=45845 u=rob n=ansible | skipping: [vyos-oobm]
2022-07-11 21:27:18,480 p=45845 u=rob n=ansible | skipping: [PE1]
2022-07-11 21:27:18,481 p=45845 u=rob n=ansible | skipping: [PE2]
2022-07-11 21:27:18,485 p=45845 u=rob n=ansible | skipping: [PE3]
2022-07-11 21:27:18,488 p=45845 u=rob n=ansible | TASK [eve-ng-create-node : Login to EVE-NG and get Cookie] ***********************************************************************************************************
2022-07-11 21:27:18,505 p=45845 u=rob n=ansible | skipping: [vyos-oobm]
2022-07-11 21:27:18,510 p=45845 u=rob n=ansible | skipping: [PE1]
2022-07-11 21:27:18,512 p=45845 u=rob n=ansible | skipping: [PE2]
2022-07-11 21:27:18,516 p=45845 u=rob n=ansible | skipping: [PE3]
2022-07-11 21:27:19,270 p=45845 u=rob n=ansible | ok: [eveng]
2022-07-11 21:27:19,275 p=45845 u=rob n=ansible | TASK [eve-ng-create-node : get template facts] ***********************************************************************************************************************
2022-07-11 21:27:19,305 p=45845 u=rob n=ansible | skipping: [vyos-oobm]
2022-07-11 21:27:19,312 p=45845 u=rob n=ansible | skipping: [PE1]
2022-07-11 21:27:19,314 p=45845 u=rob n=ansible | skipping: [PE2]
2022-07-11 21:27:19,319 p=45845 u=rob n=ansible | skipping: [PE3]
2022-07-11 21:27:19,949 p=45845 u=rob n=ansible | ok: [eveng]
2022-07-11 21:27:19,959 p=45845 u=rob n=ansible | TASK [eve-ng-create-node : Register path status] *********************************************************************************************************************
2022-07-11 21:27:19,989 p=45845 u=rob n=ansible | skipping: [vyos-oobm]
2022-07-11 21:27:19,997 p=45845 u=rob n=ansible | skipping: [PE1]
2022-07-11 21:27:19,999 p=45845 u=rob n=ansible | skipping: [PE2]
2022-07-11 21:27:20,004 p=45845 u=rob n=ansible | skipping: [PE3]
2022-07-11 21:27:20,328 p=45845 u=rob n=ansible | ok: [eveng]
2022-07-11 21:27:20,331 p=45845 u=rob n=ansible | TASK [eve-ng-create-node : create path] ******************************************************************************************************************************
2022-07-11 21:27:20,349 p=45845 u=rob n=ansible | skipping: [eveng]
2022-07-11 21:27:20,356 p=45845 u=rob n=ansible | skipping: [vyos-oobm]
2022-07-11 21:27:20,363 p=45845 u=rob n=ansible | skipping: [PE1]
2022-07-11 21:27:20,364 p=45845 u=rob n=ansible | skipping: [PE2]
2022-07-11 21:27:20,368 p=45845 u=rob n=ansible | skipping: [PE3]
2022-07-11 21:27:20,371 p=45845 u=rob n=ansible | TASK [eve-ng-create-node : Download iso] *****************************************************************************************************************************
2022-07-11 21:27:20,382 p=45845 u=rob n=ansible | skipping: [eveng]
2022-07-11 21:27:20,388 p=45845 u=rob n=ansible | skipping: [vyos-oobm]
2022-07-11 21:27:20,394 p=45845 u=rob n=ansible | skipping: [PE1]
2022-07-11 21:27:20,396 p=45845 u=rob n=ansible | skipping: [PE2]
2022-07-11 21:27:20,399 p=45845 u=rob n=ansible | skipping: [PE3]
2022-07-11 21:27:20,402 p=45845 u=rob n=ansible | TASK [eve-ng-create-node : create virtioa.qcow2 file] ****************************************************************************************************************
2022-07-11 21:27:20,416 p=45845 u=rob n=ansible | skipping: [eveng]
2022-07-11 21:27:20,421 p=45845 u=rob n=ansible | skipping: [vyos-oobm]
2022-07-11 21:27:20,428 p=45845 u=rob n=ansible | skipping: [PE1]
2022-07-11 21:27:20,430 p=45845 u=rob n=ansible | skipping: [PE2]
2022-07-11 21:27:20,433 p=45845 u=rob n=ansible | skipping: [PE3]
2022-07-11 21:27:20,435 p=45845 u=rob n=ansible | TASK [eve-ng-create-node : Login to EVE-NG and get Cookie] ***********************************************************************************************************
2022-07-11 21:27:20,448 p=45845 u=rob n=ansible | skipping: [eveng]
2022-07-11 21:27:20,455 p=45845 u=rob n=ansible | skipping: [vyos-oobm]
2022-07-11 21:27:20,461 p=45845 u=rob n=ansible | skipping: [PE1]
2022-07-11 21:27:20,463 p=45845 u=rob n=ansible | skipping: [PE2]
2022-07-11 21:27:20,466 p=45845 u=rob n=ansible | skipping: [PE3]
2022-07-11 21:27:20,468 p=45845 u=rob n=ansible | TASK [eve-ng-create-node : create lab for node install] **************************************************************************************************************
2022-07-11 21:27:20,480 p=45845 u=rob n=ansible | skipping: [eveng]
2022-07-11 21:27:20,487 p=45845 u=rob n=ansible | skipping: [vyos-oobm]
2022-07-11 21:27:20,493 p=45845 u=rob n=ansible | skipping: [PE1]
2022-07-11 21:27:20,495 p=45845 u=rob n=ansible | skipping: [PE2]
2022-07-11 21:27:20,498 p=45845 u=rob n=ansible | skipping: [PE3]
2022-07-11 21:27:20,500 p=45845 u=rob n=ansible | TASK [eve-ng-create-node : open lab] *********************************************************************************************************************************
2022-07-11 21:27:20,512 p=45845 u=rob n=ansible | skipping: [eveng]
2022-07-11 21:27:20,518 p=45845 u=rob n=ansible | skipping: [vyos-oobm]
2022-07-11 21:27:20,525 p=45845 u=rob n=ansible | skipping: [PE1]
2022-07-11 21:27:20,527 p=45845 u=rob n=ansible | skipping: [PE2]
2022-07-11 21:27:20,530 p=45845 u=rob n=ansible | skipping: [PE3]
2022-07-11 21:27:20,533 p=45845 u=rob n=ansible | TASK [eve-ng-create-node : set_fact] *********************************************************************************************************************************
2022-07-11 21:27:20,546 p=45845 u=rob n=ansible | skipping: [eveng]
2022-07-11 21:27:20,551 p=45845 u=rob n=ansible | skipping: [vyos-oobm]
2022-07-11 21:27:20,558 p=45845 u=rob n=ansible | skipping: [PE1]
2022-07-11 21:27:20,560 p=45845 u=rob n=ansible | skipping: [PE2]
2022-07-11 21:27:20,563 p=45845 u=rob n=ansible | skipping: [PE3]
2022-07-11 21:27:20,565 p=45845 u=rob n=ansible | TASK [eve-ng-create-node : add node to lab] **************************************************************************************************************************
2022-07-11 21:27:20,578 p=45845 u=rob n=ansible | skipping: [eveng]
2022-07-11 21:27:20,584 p=45845 u=rob n=ansible | skipping: [vyos-oobm]
2022-07-11 21:27:20,590 p=45845 u=rob n=ansible | skipping: [PE1]
2022-07-11 21:27:20,592 p=45845 u=rob n=ansible | skipping: [PE2]
2022-07-11 21:27:20,596 p=45845 u=rob n=ansible | skipping: [PE3]
2022-07-11 21:27:20,598 p=45845 u=rob n=ansible | TASK [eve-ng-create-node : start node] *******************************************************************************************************************************
2022-07-11 21:27:20,611 p=45845 u=rob n=ansible | skipping: [eveng]
2022-07-11 21:27:20,616 p=45845 u=rob n=ansible | skipping: [vyos-oobm]
2022-07-11 21:27:20,624 p=45845 u=rob n=ansible | skipping: [PE1]
2022-07-11 21:27:20,625 p=45845 u=rob n=ansible | skipping: [PE2]
2022-07-11 21:27:20,629 p=45845 u=rob n=ansible | skipping: [PE3]
2022-07-11 21:27:20,631 p=45845 u=rob n=ansible | TASK [eve-ng-create-node : get node infos] ***************************************************************************************************************************
2022-07-11 21:27:20,656 p=45845 u=rob n=ansible | skipping: [eveng]
2022-07-11 21:27:20,662 p=45845 u=rob n=ansible | skipping: [vyos-oobm]
2022-07-11 21:27:20,663 p=45845 u=rob n=ansible | skipping: [PE1]
2022-07-11 21:27:20,664 p=45845 u=rob n=ansible | skipping: [PE2]
2022-07-11 21:27:20,668 p=45845 u=rob n=ansible | skipping: [PE3]
2022-07-11 21:27:20,670 p=45845 u=rob n=ansible | TASK [eve-ng-create-node : set_fact] *********************************************************************************************************************************
2022-07-11 21:27:20,683 p=45845 u=rob n=ansible | skipping: [eveng]
2022-07-11 21:27:20,689 p=45845 u=rob n=ansible | skipping: [vyos-oobm]
2022-07-11 21:27:20,696 p=45845 u=rob n=ansible | skipping: [PE1]
2022-07-11 21:27:20,697 p=45845 u=rob n=ansible | skipping: [PE2]
2022-07-11 21:27:20,701 p=45845 u=rob n=ansible | skipping: [PE3]
2022-07-11 21:27:20,704 p=45845 u=rob n=ansible | TASK [eve-ng-create-node : copy file] ********************************************************************************************************************************
2022-07-11 21:27:20,717 p=45845 u=rob n=ansible | skipping: [eveng]
2022-07-11 21:27:20,724 p=45845 u=rob n=ansible | skipping: [vyos-oobm]
2022-07-11 21:27:20,729 p=45845 u=rob n=ansible | skipping: [PE1]
2022-07-11 21:27:20,731 p=45845 u=rob n=ansible | skipping: [PE2]
2022-07-11 21:27:20,734 p=45845 u=rob n=ansible | skipping: [PE3]
2022-07-11 21:27:20,736 p=45845 u=rob n=ansible | TASK [eve-ng-create-node : run expect script] ************************************************************************************************************************
2022-07-11 21:27:20,749 p=45845 u=rob n=ansible | skipping: [eveng]
2022-07-11 21:27:20,754 p=45845 u=rob n=ansible | skipping: [vyos-oobm]
2022-07-11 21:27:20,761 p=45845 u=rob n=ansible | skipping: [PE1]
2022-07-11 21:27:20,763 p=45845 u=rob n=ansible | skipping: [PE2]
2022-07-11 21:27:20,766 p=45845 u=rob n=ansible | skipping: [PE3]
2022-07-11 21:27:20,768 p=45845 u=rob n=ansible | TASK [eve-ng-create-node : Login to EVE-NG and get Cookie (due timeout)] *********************************************************************************************
2022-07-11 21:27:20,781 p=45845 u=rob n=ansible | skipping: [eveng]
2022-07-11 21:27:20,787 p=45845 u=rob n=ansible | skipping: [vyos-oobm]
2022-07-11 21:27:20,793 p=45845 u=rob n=ansible | skipping: [PE1]
2022-07-11 21:27:20,795 p=45845 u=rob n=ansible | skipping: [PE2]
2022-07-11 21:27:20,798 p=45845 u=rob n=ansible | skipping: [PE3]
2022-07-11 21:27:20,800 p=45845 u=rob n=ansible | TASK [eve-ng-create-node : stop node] ********************************************************************************************************************************
2022-07-11 21:27:20,812 p=45845 u=rob n=ansible | skipping: [eveng]
2022-07-11 21:27:20,818 p=45845 u=rob n=ansible | skipping: [vyos-oobm]
2022-07-11 21:27:20,825 p=45845 u=rob n=ansible | skipping: [PE1]
2022-07-11 21:27:20,827 p=45845 u=rob n=ansible | skipping: [PE2]
2022-07-11 21:27:20,829 p=45845 u=rob n=ansible | skipping: [PE3]
2022-07-11 21:27:20,832 p=45845 u=rob n=ansible | TASK [eve-ng-create-node : Pause to wait node is shutdown] ***********************************************************************************************************
2022-07-11 21:27:20,841 p=45845 u=rob n=ansible | skipping: [eveng]
2022-07-11 21:27:20,843 p=45845 u=rob n=ansible | TASK [eve-ng-create-node : delete iso] *******************************************************************************************************************************
2022-07-11 21:27:20,855 p=45845 u=rob n=ansible | skipping: [eveng]
2022-07-11 21:27:20,861 p=45845 u=rob n=ansible | skipping: [vyos-oobm]
2022-07-11 21:27:20,866 p=45845 u=rob n=ansible | skipping: [PE1]
2022-07-11 21:27:20,869 p=45845 u=rob n=ansible | skipping: [PE2]
2022-07-11 21:27:20,871 p=45845 u=rob n=ansible | skipping: [PE3]
2022-07-11 21:27:20,874 p=45845 u=rob n=ansible | TASK [eve-ng-create-node : commit virtioa.qcow2] *********************************************************************************************************************
2022-07-11 21:27:20,886 p=45845 u=rob n=ansible | skipping: [eveng]
2022-07-11 21:27:20,892 p=45845 u=rob n=ansible | skipping: [vyos-oobm]
2022-07-11 21:27:20,897 p=45845 u=rob n=ansible | skipping: [PE1]
2022-07-11 21:27:20,899 p=45845 u=rob n=ansible | skipping: [PE2]
2022-07-11 21:27:20,903 p=45845 u=rob n=ansible | skipping: [PE3]
2022-07-11 21:27:20,905 p=45845 u=rob n=ansible | TASK [eve-ng-create-node : delete lab for node install] **************************************************************************************************************
2022-07-11 21:27:20,917 p=45845 u=rob n=ansible | skipping: [eveng]
2022-07-11 21:27:20,923 p=45845 u=rob n=ansible | skipping: [vyos-oobm]
2022-07-11 21:27:20,929 p=45845 u=rob n=ansible | skipping: [PE1]
2022-07-11 21:27:20,930 p=45845 u=rob n=ansible | skipping: [PE2]
2022-07-11 21:27:20,934 p=45845 u=rob n=ansible | skipping: [PE3]
2022-07-11 21:27:20,943 p=45845 u=rob n=ansible | TASK [eve-ng-lab-test : Get env file content] ************************************************************************************************************************
2022-07-11 21:27:21,169 p=45845 u=rob n=ansible | ok: [PE1 -> localhost]
2022-07-11 21:27:21,169 p=45845 u=rob n=ansible | ok: [vyos-oobm -> localhost]
2022-07-11 21:27:21,171 p=45845 u=rob n=ansible | ok: [PE2 -> localhost]
2022-07-11 21:27:21,175 p=45845 u=rob n=ansible | ok: [PE3 -> localhost]
2022-07-11 21:27:21,176 p=45845 u=rob n=ansible | ok: [eveng -> localhost]
2022-07-11 21:27:21,179 p=45845 u=rob n=ansible | TASK [eve-ng-lab-test : Load facts] **********************************************************************************************************************************
2022-07-11 21:27:21,202 p=45845 u=rob n=ansible | ok: [eveng]
2022-07-11 21:27:21,202 p=45845 u=rob n=ansible | ok: [vyos-oobm]
2022-07-11 21:27:22,109 p=46137 u=rob n=ansible | network_os is set to vyos
2022-07-11 21:27:22,116 p=46135 u=rob n=ansible | network_os is set to vyos
2022-07-11 21:27:22,116 p=46136 u=rob n=ansible | network_os is set to vyos
2022-07-11 21:27:22,120 p=45845 u=rob n=ansible | ok: [PE3]
2022-07-11 21:27:22,126 p=45845 u=rob n=ansible | ok: [PE2]
2022-07-11 21:27:22,127 p=45845 u=rob n=ansible | ok: [PE1]
2022-07-11 21:27:22,136 p=45845 u=rob n=ansible | TASK [eve-ng-lab-test : fail] ****************************************************************************************************************************************
2022-07-11 21:27:22,161 p=45845 u=rob n=ansible | skipping: [eveng]
2022-07-11 21:27:22,169 p=45845 u=rob n=ansible | skipping: [vyos-oobm]
2022-07-11 21:27:22,179 p=45845 u=rob n=ansible | skipping: [PE1]
2022-07-11 21:27:22,179 p=45845 u=rob n=ansible | skipping: [PE2]
2022-07-11 21:27:22,183 p=45845 u=rob n=ansible | skipping: [PE3]
2022-07-11 21:27:22,186 p=45845 u=rob n=ansible | TASK [eve-ng-lab-test : Login to EVE-NG and get Cookie] **************************************************************************************************************
2022-07-11 21:27:22,207 p=45845 u=rob n=ansible | skipping: [vyos-oobm]
2022-07-11 21:27:22,212 p=45845 u=rob n=ansible | skipping: [PE1]
2022-07-11 21:27:22,214 p=45845 u=rob n=ansible | skipping: [PE2]
2022-07-11 21:27:22,217 p=45845 u=rob n=ansible | skipping: [PE3]
2022-07-11 21:27:22,986 p=45845 u=rob n=ansible | ok: [eveng]
2022-07-11 21:27:22,994 p=45845 u=rob n=ansible | TASK [eve-ng-lab-test : get running lab list] ************************************************************************************************************************
2022-07-11 21:27:23,026 p=45845 u=rob n=ansible | skipping: [vyos-oobm]
2022-07-11 21:27:23,032 p=45845 u=rob n=ansible | skipping: [PE1]
2022-07-11 21:27:23,033 p=45845 u=rob n=ansible | skipping: [PE2]
2022-07-11 21:27:23,039 p=45845 u=rob n=ansible | skipping: [PE3]
2022-07-11 21:27:23,603 p=45845 u=rob n=ansible | ok: [eveng]
2022-07-11 21:27:23,609 p=45845 u=rob n=ansible | TASK [eve-ng-lab-test : delete existing lab] *************************************************************************************************************************
2022-07-11 21:27:23,639 p=45845 u=rob n=ansible | skipping: [vyos-oobm]
2022-07-11 21:27:23,648 p=45845 u=rob n=ansible | skipping: [PE1]
2022-07-11 21:27:23,649 p=45845 u=rob n=ansible | skipping: [PE2]
2022-07-11 21:27:23,654 p=45845 u=rob n=ansible | skipping: [PE3]
2022-07-11 21:27:24,283 p=45845 u=rob n=ansible | ok: [eveng]
2022-07-11 21:27:24,293 p=45845 u=rob n=ansible | TASK [eve-ng-lab-test : Ensure labtest is present] *******************************************************************************************************************
2022-07-11 21:27:24,321 p=45845 u=rob n=ansible | skipping: [vyos-oobm]
2022-07-11 21:27:24,328 p=45845 u=rob n=ansible | skipping: [PE1]
2022-07-11 21:27:24,330 p=45845 u=rob n=ansible | skipping: [PE2]
2022-07-11 21:27:24,335 p=45845 u=rob n=ansible | skipping: [PE3]
2022-07-11 21:27:24,675 p=45845 u=rob n=ansible | ok: [eveng]
2022-07-11 21:27:24,681 p=45845 u=rob n=ansible | TASK [eve-ng-lab-test : Create L3VPN_EVPN Lab] ***********************************************************************************************************************
2022-07-11 21:27:24,708 p=45845 u=rob n=ansible | skipping: [vyos-oobm]
2022-07-11 21:27:24,715 p=45845 u=rob n=ansible | skipping: [PE1]
2022-07-11 21:27:24,716 p=45845 u=rob n=ansible | skipping: [PE2]
2022-07-11 21:27:24,720 p=45845 u=rob n=ansible | skipping: [PE3]
2022-07-11 21:27:25,443 p=45845 u=rob n=ansible | changed: [eveng]
2022-07-11 21:27:25,449 p=45845 u=rob n=ansible | TASK [eve-ng-lab-test : Login to EVE-NG and get Cookie] **************************************************************************************************************
2022-07-11 21:27:25,474 p=45845 u=rob n=ansible | skipping: [vyos-oobm]
2022-07-11 21:27:25,481 p=45845 u=rob n=ansible | skipping: [PE1]
2022-07-11 21:27:25,482 p=45845 u=rob n=ansible | skipping: [PE2]
2022-07-11 21:27:25,486 p=45845 u=rob n=ansible | skipping: [PE3]
2022-07-11 21:27:26,262 p=45845 u=rob n=ansible | ok: [eveng]
2022-07-11 21:27:26,268 p=45845 u=rob n=ansible | TASK [eve-ng-lab-test : start vyos-oobm] *****************************************************************************************************************************
2022-07-11 21:27:26,297 p=45845 u=rob n=ansible | skipping: [vyos-oobm]
2022-07-11 21:27:26,306 p=45845 u=rob n=ansible | skipping: [PE1]
2022-07-11 21:27:26,307 p=45845 u=rob n=ansible | skipping: [PE2]
2022-07-11 21:27:26,311 p=45845 u=rob n=ansible | skipping: [PE3]
2022-07-11 21:27:27,330 p=45845 u=rob n=ansible | ok: [eveng]
2022-07-11 21:27:27,338 p=45845 u=rob n=ansible | TASK [eve-ng-lab-test : Wait for vyos-oobm] **************************************************************************************************************************
2022-07-11 21:27:27,360 p=45845 u=rob n=ansible | skipping: [eveng]
2022-07-11 21:27:27,376 p=45845 u=rob n=ansible | skipping: [PE1]
2022-07-11 21:27:27,377 p=45845 u=rob n=ansible | skipping: [PE2]
2022-07-11 21:27:27,381 p=45845 u=rob n=ansible | skipping: [PE3]
2022-07-11 21:28:11,407 p=45845 u=rob n=ansible | ok: [vyos-oobm]
2022-07-11 21:28:11,413 p=45845 u=rob n=ansible | TASK [eve-ng-lab-test : Login to EVE-NG and get Cookie] **************************************************************************************************************
2022-07-11 21:28:11,443 p=45845 u=rob n=ansible | skipping: [vyos-oobm]
2022-07-11 21:28:11,452 p=45845 u=rob n=ansible | skipping: [PE1]
2022-07-11 21:28:11,453 p=45845 u=rob n=ansible | skipping: [PE2]
2022-07-11 21:28:11,458 p=45845 u=rob n=ansible | skipping: [PE3]
2022-07-11 21:28:12,160 p=45845 u=rob n=ansible | ok: [eveng]
2022-07-11 21:28:12,167 p=45845 u=rob n=ansible | TASK [eve-ng-lab-test : get lab status] ******************************************************************************************************************************
2022-07-11 21:28:12,196 p=45845 u=rob n=ansible | skipping: [vyos-oobm]
2022-07-11 21:28:12,204 p=45845 u=rob n=ansible | skipping: [PE1]
2022-07-11 21:28:12,206 p=45845 u=rob n=ansible | skipping: [PE2]
2022-07-11 21:28:12,210 p=45845 u=rob n=ansible | skipping: [PE3]
2022-07-11 21:28:12,763 p=45845 u=rob n=ansible | ok: [eveng]
2022-07-11 21:28:12,770 p=45845 u=rob n=ansible | TASK [eve-ng-lab-test : start all nodes] *****************************************************************************************************************************
2022-07-11 21:28:12,799 p=45845 u=rob n=ansible | skipping: [vyos-oobm]
2022-07-11 21:28:12,808 p=45845 u=rob n=ansible | skipping: [PE1]
2022-07-11 21:28:12,809 p=45845 u=rob n=ansible | skipping: [PE2]
2022-07-11 21:28:12,815 p=45845 u=rob n=ansible | skipping: [PE3]
2022-07-11 21:28:13,989 p=45845 u=rob n=ansible | ok: [eveng] => (item=2)
2022-07-11 21:28:15,397 p=45845 u=rob n=ansible | ok: [eveng] => (item=3)
2022-07-11 21:28:16,960 p=45845 u=rob n=ansible | ok: [eveng] => (item=4)
2022-07-11 21:28:18,083 p=45845 u=rob n=ansible | ok: [eveng] => (item=5)
2022-07-11 21:28:19,214 p=45845 u=rob n=ansible | ok: [eveng] => (item=6)
2022-07-11 21:28:20,358 p=45845 u=rob n=ansible | ok: [eveng] => (item=7)
2022-07-11 21:28:21,567 p=45845 u=rob n=ansible | ok: [eveng] => (item=8)
2022-07-11 21:28:22,796 p=45845 u=rob n=ansible | ok: [eveng] => (item=9)
2022-07-11 21:28:24,030 p=45845 u=rob n=ansible | ok: [eveng] => (item=10)
2022-07-11 21:28:25,307 p=45845 u=rob n=ansible | ok: [eveng] => (item=11)
2022-07-11 21:28:26,173 p=45845 u=rob n=ansible | ok: [eveng] => (item=1)
2022-07-11 21:28:26,182 p=45845 u=rob n=ansible | TASK [eve-ng-lab-test : Wait for vyos nodes] *************************************************************************************************************************
2022-07-11 21:28:26,203 p=45845 u=rob n=ansible | skipping: [eveng]
2022-07-11 21:28:26,223 p=45845 u=rob n=ansible | skipping: [vyos-oobm]
2022-07-11 21:28:42,182 p=46527 u=rob n=p=46527 u=rob | paramiko [PE2] | Exception: Error reading SSH protocol banner
2022-07-11 21:28:42,185 p=46526 u=rob n=p=46526 u=rob | paramiko [PE1] | Exception: Error reading SSH protocol banner
2022-07-11 21:28:42,185 p=46527 u=rob n=p=46527 u=rob | paramiko [PE2] | Traceback (most recent call last):
2022-07-11 21:28:42,185 p=46527 u=rob n=p=46527 u=rob | paramiko [PE2] |   File "/Users/rob/.local/share/virtualenvs/vyos-eveng-b9X2mBdh/lib/python3.9/site-packages/paramiko/transport.py", line 2211, in _check_banner
2022-07-11 21:28:42,186 p=46527 u=rob n=p=46527 u=rob | paramiko [PE2] |     buf = self.packetizer.readline(timeout)
2022-07-11 21:28:42,186 p=46527 u=rob n=p=46527 u=rob | paramiko [PE2] |   File "/Users/rob/.local/share/virtualenvs/vyos-eveng-b9X2mBdh/lib/python3.9/site-packages/paramiko/packet.py", line 380, in readline
2022-07-11 21:28:42,186 p=46527 u=rob n=p=46527 u=rob | paramiko [PE2] |     buf += self._read_timeout(timeout)
2022-07-11 21:28:42,186 p=46527 u=rob n=p=46527 u=rob | paramiko [PE2] |   File "/Users/rob/.local/share/virtualenvs/vyos-eveng-b9X2mBdh/lib/python3.9/site-packages/paramiko/packet.py", line 622, in _read_timeout
2022-07-11 21:28:42,186 p=46527 u=rob n=p=46527 u=rob | paramiko [PE2] |     raise socket.timeout()
2022-07-11 21:28:42,186 p=46526 u=rob n=p=46526 u=rob | paramiko [PE1] | Traceback (most recent call last):
2022-07-11 21:28:42,186 p=46527 u=rob n=p=46527 u=rob | paramiko [PE2] | socket.timeout
2022-07-11 21:28:42,186 p=46526 u=rob n=p=46526 u=rob | paramiko [PE1] |   File "/Users/rob/.local/share/virtualenvs/vyos-eveng-b9X2mBdh/lib/python3.9/site-packages/paramiko/transport.py", line 2211, in _check_banner
2022-07-11 21:28:42,186 p=46527 u=rob n=p=46527 u=rob | paramiko [PE2] | 
2022-07-11 21:28:42,186 p=46526 u=rob n=p=46526 u=rob | paramiko [PE1] |     buf = self.packetizer.readline(timeout)
2022-07-11 21:28:42,186 p=46527 u=rob n=p=46527 u=rob | paramiko [PE2] | During handling of the above exception, another exception occurred:
2022-07-11 21:28:42,186 p=46526 u=rob n=p=46526 u=rob | paramiko [PE1] |   File "/Users/rob/.local/share/virtualenvs/vyos-eveng-b9X2mBdh/lib/python3.9/site-packages/paramiko/packet.py", line 380, in readline
2022-07-11 21:28:42,186 p=46527 u=rob n=p=46527 u=rob | paramiko [PE2] | 
2022-07-11 21:28:42,187 p=46526 u=rob n=p=46526 u=rob | paramiko [PE1] |     buf += self._read_timeout(timeout)
2022-07-11 21:28:42,187 p=46527 u=rob n=p=46527 u=rob | paramiko [PE2] | Traceback (most recent call last):
2022-07-11 21:28:42,187 p=46526 u=rob n=p=46526 u=rob | paramiko [PE1] |   File "/Users/rob/.local/share/virtualenvs/vyos-eveng-b9X2mBdh/lib/python3.9/site-packages/paramiko/packet.py", line 622, in _read_timeout
2022-07-11 21:28:42,187 p=46527 u=rob n=p=46527 u=rob | paramiko [PE2] |   File "/Users/rob/.local/share/virtualenvs/vyos-eveng-b9X2mBdh/lib/python3.9/site-packages/paramiko/transport.py", line 2039, in run
2022-07-11 21:28:42,187 p=46526 u=rob n=p=46526 u=rob | paramiko [PE1] |     raise socket.timeout()
2022-07-11 21:28:42,187 p=46527 u=rob n=p=46527 u=rob | paramiko [PE2] |     self._check_banner()
2022-07-11 21:28:42,187 p=46526 u=rob n=p=46526 u=rob | paramiko [PE1] | socket.timeout
2022-07-11 21:28:42,187 p=46527 u=rob n=p=46527 u=rob | paramiko [PE2] |   File "/Users/rob/.local/share/virtualenvs/vyos-eveng-b9X2mBdh/lib/python3.9/site-packages/paramiko/transport.py", line 2215, in _check_banner
2022-07-11 21:28:42,187 p=46528 u=rob n=p=46528 u=rob | paramiko [PE3] | Exception: Error reading SSH protocol banner
2022-07-11 21:28:42,187 p=46526 u=rob n=p=46526 u=rob | paramiko [PE1] | 
2022-07-11 21:28:42,187 p=46527 u=rob n=p=46527 u=rob | paramiko [PE2] |     raise SSHException(
2022-07-11 21:28:42,187 p=46526 u=rob n=p=46526 u=rob | paramiko [PE1] | During handling of the above exception, another exception occurred:
2022-07-11 21:28:42,187 p=46527 u=rob n=p=46527 u=rob | paramiko [PE2] | paramiko.ssh_exception.SSHException: Error reading SSH protocol banner
2022-07-11 21:28:42,187 p=46526 u=rob n=p=46526 u=rob | paramiko [PE1] | 
2022-07-11 21:28:42,187 p=46527 u=rob n=p=46527 u=rob | paramiko [PE2] | 
2022-07-11 21:28:42,187 p=46526 u=rob n=p=46526 u=rob | paramiko [PE1] | Traceback (most recent call last):
2022-07-11 21:28:42,188 p=46526 u=rob n=p=46526 u=rob | paramiko [PE1] |   File "/Users/rob/.local/share/virtualenvs/vyos-eveng-b9X2mBdh/lib/python3.9/site-packages/paramiko/transport.py", line 2039, in run
2022-07-11 21:28:42,188 p=46526 u=rob n=p=46526 u=rob | paramiko [PE1] |     self._check_banner()
2022-07-11 21:28:42,188 p=46526 u=rob n=p=46526 u=rob | paramiko [PE1] |   File "/Users/rob/.local/share/virtualenvs/vyos-eveng-b9X2mBdh/lib/python3.9/site-packages/paramiko/transport.py", line 2215, in _check_banner
2022-07-11 21:28:42,188 p=46526 u=rob n=p=46526 u=rob | paramiko [PE1] |     raise SSHException(
2022-07-11 21:28:42,188 p=46528 u=rob n=p=46528 u=rob | paramiko [PE3] | Traceback (most recent call last):
2022-07-11 21:28:42,188 p=46526 u=rob n=p=46526 u=rob | paramiko [PE1] | paramiko.ssh_exception.SSHException: Error reading SSH protocol banner
2022-07-11 21:28:42,188 p=46528 u=rob n=p=46528 u=rob | paramiko [PE3] |   File "/Users/rob/.local/share/virtualenvs/vyos-eveng-b9X2mBdh/lib/python3.9/site-packages/paramiko/transport.py", line 2211, in _check_banner
2022-07-11 21:28:42,188 p=46526 u=rob n=p=46526 u=rob | paramiko [PE1] | 
2022-07-11 21:28:42,188 p=46528 u=rob n=p=46528 u=rob | paramiko [PE3] |     buf = self.packetizer.readline(timeout)
2022-07-11 21:28:42,188 p=46528 u=rob n=p=46528 u=rob | paramiko [PE3] |   File "/Users/rob/.local/share/virtualenvs/vyos-eveng-b9X2mBdh/lib/python3.9/site-packages/paramiko/packet.py", line 380, in readline
2022-07-11 21:28:42,188 p=46528 u=rob n=p=46528 u=rob | paramiko [PE3] |     buf += self._read_timeout(timeout)
2022-07-11 21:28:42,189 p=46528 u=rob n=p=46528 u=rob | paramiko [PE3] |   File "/Users/rob/.local/share/virtualenvs/vyos-eveng-b9X2mBdh/lib/python3.9/site-packages/paramiko/packet.py", line 622, in _read_timeout
2022-07-11 21:28:42,189 p=46528 u=rob n=p=46528 u=rob | paramiko [PE3] |     raise socket.timeout()
2022-07-11 21:28:42,189 p=46528 u=rob n=p=46528 u=rob | paramiko [PE3] | socket.timeout
2022-07-11 21:28:42,189 p=46528 u=rob n=p=46528 u=rob | paramiko [PE3] | 
2022-07-11 21:28:42,189 p=46528 u=rob n=p=46528 u=rob | paramiko [PE3] | During handling of the above exception, another exception occurred:
2022-07-11 21:28:42,189 p=46528 u=rob n=p=46528 u=rob | paramiko [PE3] | 
2022-07-11 21:28:42,189 p=46528 u=rob n=p=46528 u=rob | paramiko [PE3] | Traceback (most recent call last):
2022-07-11 21:28:42,189 p=46528 u=rob n=p=46528 u=rob | paramiko [PE3] |   File "/Users/rob/.local/share/virtualenvs/vyos-eveng-b9X2mBdh/lib/python3.9/site-packages/paramiko/transport.py", line 2039, in run
2022-07-11 21:28:42,190 p=46528 u=rob n=p=46528 u=rob | paramiko [PE3] |     self._check_banner()
2022-07-11 21:28:42,190 p=46528 u=rob n=p=46528 u=rob | paramiko [PE3] |   File "/Users/rob/.local/share/virtualenvs/vyos-eveng-b9X2mBdh/lib/python3.9/site-packages/paramiko/transport.py", line 2215, in _check_banner
2022-07-11 21:28:42,190 p=46528 u=rob n=p=46528 u=rob | paramiko [PE3] |     raise SSHException(
2022-07-11 21:28:42,190 p=46528 u=rob n=p=46528 u=rob | paramiko [PE3] | paramiko.ssh_exception.SSHException: Error reading SSH protocol banner
2022-07-11 21:28:42,190 p=46528 u=rob n=p=46528 u=rob | paramiko [PE3] | 
2022-07-11 21:28:58,218 p=46526 u=rob n=p=46526 u=rob | paramiko [PE1] | Exception: Error reading SSH protocol banner
2022-07-11 21:28:58,219 p=46526 u=rob n=p=46526 u=rob | paramiko [PE1] | Traceback (most recent call last):
2022-07-11 21:28:58,219 p=46526 u=rob n=p=46526 u=rob | paramiko [PE1] |   File "/Users/rob/.local/share/virtualenvs/vyos-eveng-b9X2mBdh/lib/python3.9/site-packages/paramiko/transport.py", line 2211, in _check_banner
2022-07-11 21:28:58,219 p=46526 u=rob n=p=46526 u=rob | paramiko [PE1] |     buf = self.packetizer.readline(timeout)
2022-07-11 21:28:58,219 p=46526 u=rob n=p=46526 u=rob | paramiko [PE1] |   File "/Users/rob/.local/share/virtualenvs/vyos-eveng-b9X2mBdh/lib/python3.9/site-packages/paramiko/packet.py", line 380, in readline
2022-07-11 21:28:58,219 p=46526 u=rob n=p=46526 u=rob | paramiko [PE1] |     buf += self._read_timeout(timeout)
2022-07-11 21:28:58,220 p=46526 u=rob n=p=46526 u=rob | paramiko [PE1] |   File "/Users/rob/.local/share/virtualenvs/vyos-eveng-b9X2mBdh/lib/python3.9/site-packages/paramiko/packet.py", line 622, in _read_timeout
2022-07-11 21:28:58,220 p=46526 u=rob n=p=46526 u=rob | paramiko [PE1] |     raise socket.timeout()
2022-07-11 21:28:58,220 p=46526 u=rob n=p=46526 u=rob | paramiko [PE1] | socket.timeout
2022-07-11 21:28:58,220 p=46526 u=rob n=p=46526 u=rob | paramiko [PE1] | 
2022-07-11 21:28:58,220 p=46526 u=rob n=p=46526 u=rob | paramiko [PE1] | During handling of the above exception, another exception occurred:
2022-07-11 21:28:58,220 p=46526 u=rob n=p=46526 u=rob | paramiko [PE1] | 
2022-07-11 21:28:58,220 p=46526 u=rob n=p=46526 u=rob | paramiko [PE1] | Traceback (most recent call last):
2022-07-11 21:28:58,220 p=46526 u=rob n=p=46526 u=rob | paramiko [PE1] |   File "/Users/rob/.local/share/virtualenvs/vyos-eveng-b9X2mBdh/lib/python3.9/site-packages/paramiko/transport.py", line 2039, in run
2022-07-11 21:28:58,221 p=46526 u=rob n=p=46526 u=rob | paramiko [PE1] |     self._check_banner()
2022-07-11 21:28:58,221 p=46526 u=rob n=p=46526 u=rob | paramiko [PE1] |   File "/Users/rob/.local/share/virtualenvs/vyos-eveng-b9X2mBdh/lib/python3.9/site-packages/paramiko/transport.py", line 2215, in _check_banner
2022-07-11 21:28:58,221 p=46526 u=rob n=p=46526 u=rob | paramiko [PE1] |     raise SSHException(
2022-07-11 21:28:58,221 p=46526 u=rob n=p=46526 u=rob | paramiko [PE1] | paramiko.ssh_exception.SSHException: Error reading SSH protocol banner
2022-07-11 21:28:58,221 p=46526 u=rob n=p=46526 u=rob | paramiko [PE1] | 
2022-07-11 21:28:58,229 p=46527 u=rob n=p=46527 u=rob | paramiko [PE2] | Exception: Error reading SSH protocol banner
2022-07-11 21:28:58,230 p=46527 u=rob n=p=46527 u=rob | paramiko [PE2] | Traceback (most recent call last):
2022-07-11 21:28:58,230 p=46527 u=rob n=p=46527 u=rob | paramiko [PE2] |   File "/Users/rob/.local/share/virtualenvs/vyos-eveng-b9X2mBdh/lib/python3.9/site-packages/paramiko/transport.py", line 2211, in _check_banner
2022-07-11 21:28:58,230 p=46527 u=rob n=p=46527 u=rob | paramiko [PE2] |     buf = self.packetizer.readline(timeout)
2022-07-11 21:28:58,230 p=46527 u=rob n=p=46527 u=rob | paramiko [PE2] |   File "/Users/rob/.local/share/virtualenvs/vyos-eveng-b9X2mBdh/lib/python3.9/site-packages/paramiko/packet.py", line 380, in readline
2022-07-11 21:28:58,230 p=46527 u=rob n=p=46527 u=rob | paramiko [PE2] |     buf += self._read_timeout(timeout)
2022-07-11 21:28:58,230 p=46527 u=rob n=p=46527 u=rob | paramiko [PE2] |   File "/Users/rob/.local/share/virtualenvs/vyos-eveng-b9X2mBdh/lib/python3.9/site-packages/paramiko/packet.py", line 622, in _read_timeout
2022-07-11 21:28:58,230 p=46527 u=rob n=p=46527 u=rob | paramiko [PE2] |     raise socket.timeout()
2022-07-11 21:28:58,231 p=46527 u=rob n=p=46527 u=rob | paramiko [PE2] | socket.timeout
2022-07-11 21:28:58,231 p=46527 u=rob n=p=46527 u=rob | paramiko [PE2] | 
2022-07-11 21:28:58,231 p=46527 u=rob n=p=46527 u=rob | paramiko [PE2] | During handling of the above exception, another exception occurred:
2022-07-11 21:28:58,231 p=46527 u=rob n=p=46527 u=rob | paramiko [PE2] | 
2022-07-11 21:28:58,231 p=46527 u=rob n=p=46527 u=rob | paramiko [PE2] | Traceback (most recent call last):
2022-07-11 21:28:58,231 p=46527 u=rob n=p=46527 u=rob | paramiko [PE2] |   File "/Users/rob/.local/share/virtualenvs/vyos-eveng-b9X2mBdh/lib/python3.9/site-packages/paramiko/transport.py", line 2039, in run
2022-07-11 21:28:58,231 p=46527 u=rob n=p=46527 u=rob | paramiko [PE2] |     self._check_banner()
2022-07-11 21:28:58,231 p=46527 u=rob n=p=46527 u=rob | paramiko [PE2] |   File "/Users/rob/.local/share/virtualenvs/vyos-eveng-b9X2mBdh/lib/python3.9/site-packages/paramiko/transport.py", line 2215, in _check_banner
2022-07-11 21:28:58,232 p=46527 u=rob n=p=46527 u=rob | paramiko [PE2] |     raise SSHException(
2022-07-11 21:28:58,232 p=46527 u=rob n=p=46527 u=rob | paramiko [PE2] | paramiko.ssh_exception.SSHException: Error reading SSH protocol banner
2022-07-11 21:28:58,232 p=46527 u=rob n=p=46527 u=rob | paramiko [PE2] | 
2022-07-11 21:28:58,236 p=46528 u=rob n=p=46528 u=rob | paramiko [PE3] | Exception: Error reading SSH protocol banner
2022-07-11 21:28:58,236 p=46528 u=rob n=p=46528 u=rob | paramiko [PE3] | Traceback (most recent call last):
2022-07-11 21:28:58,237 p=46528 u=rob n=p=46528 u=rob | paramiko [PE3] |   File "/Users/rob/.local/share/virtualenvs/vyos-eveng-b9X2mBdh/lib/python3.9/site-packages/paramiko/transport.py", line 2211, in _check_banner
2022-07-11 21:28:58,237 p=46528 u=rob n=p=46528 u=rob | paramiko [PE3] |     buf = self.packetizer.readline(timeout)
2022-07-11 21:28:58,237 p=46528 u=rob n=p=46528 u=rob | paramiko [PE3] |   File "/Users/rob/.local/share/virtualenvs/vyos-eveng-b9X2mBdh/lib/python3.9/site-packages/paramiko/packet.py", line 380, in readline
2022-07-11 21:28:58,237 p=46528 u=rob n=p=46528 u=rob | paramiko [PE3] |     buf += self._read_timeout(timeout)
2022-07-11 21:28:58,237 p=46528 u=rob n=p=46528 u=rob | paramiko [PE3] |   File "/Users/rob/.local/share/virtualenvs/vyos-eveng-b9X2mBdh/lib/python3.9/site-packages/paramiko/packet.py", line 622, in _read_timeout
2022-07-11 21:28:58,237 p=46528 u=rob n=p=46528 u=rob | paramiko [PE3] |     raise socket.timeout()
2022-07-11 21:28:58,237 p=46528 u=rob n=p=46528 u=rob | paramiko [PE3] | socket.timeout
2022-07-11 21:28:58,237 p=46528 u=rob n=p=46528 u=rob | paramiko [PE3] | 
2022-07-11 21:28:58,237 p=46528 u=rob n=p=46528 u=rob | paramiko [PE3] | During handling of the above exception, another exception occurred:
2022-07-11 21:28:58,238 p=46528 u=rob n=p=46528 u=rob | paramiko [PE3] | 
2022-07-11 21:28:58,238 p=46528 u=rob n=p=46528 u=rob | paramiko [PE3] | Traceback (most recent call last):
2022-07-11 21:28:58,238 p=46528 u=rob n=p=46528 u=rob | paramiko [PE3] |   File "/Users/rob/.local/share/virtualenvs/vyos-eveng-b9X2mBdh/lib/python3.9/site-packages/paramiko/transport.py", line 2039, in run
2022-07-11 21:28:58,238 p=46528 u=rob n=p=46528 u=rob | paramiko [PE3] |     self._check_banner()
2022-07-11 21:28:58,238 p=46528 u=rob n=p=46528 u=rob | paramiko [PE3] |   File "/Users/rob/.local/share/virtualenvs/vyos-eveng-b9X2mBdh/lib/python3.9/site-packages/paramiko/transport.py", line 2215, in _check_banner
2022-07-11 21:28:58,238 p=46528 u=rob n=p=46528 u=rob | paramiko [PE3] |     raise SSHException(
2022-07-11 21:28:58,238 p=46528 u=rob n=p=46528 u=rob | paramiko [PE3] | paramiko.ssh_exception.SSHException: Error reading SSH protocol banner
2022-07-11 21:28:58,238 p=46528 u=rob n=p=46528 u=rob | paramiko [PE3] | 
2022-07-11 21:29:14,260 p=46526 u=rob n=p=46526 u=rob | paramiko [PE1] | Exception: Error reading SSH protocol banner
2022-07-11 21:29:14,261 p=46526 u=rob n=p=46526 u=rob | paramiko [PE1] | Traceback (most recent call last):
2022-07-11 21:29:14,261 p=46526 u=rob n=p=46526 u=rob | paramiko [PE1] |   File "/Users/rob/.local/share/virtualenvs/vyos-eveng-b9X2mBdh/lib/python3.9/site-packages/paramiko/transport.py", line 2211, in _check_banner
2022-07-11 21:29:14,261 p=46526 u=rob n=p=46526 u=rob | paramiko [PE1] |     buf = self.packetizer.readline(timeout)
2022-07-11 21:29:14,261 p=46526 u=rob n=p=46526 u=rob | paramiko [PE1] |   File "/Users/rob/.local/share/virtualenvs/vyos-eveng-b9X2mBdh/lib/python3.9/site-packages/paramiko/packet.py", line 380, in readline
2022-07-11 21:29:14,261 p=46526 u=rob n=p=46526 u=rob | paramiko [PE1] |     buf += self._read_timeout(timeout)
2022-07-11 21:29:14,262 p=46526 u=rob n=p=46526 u=rob | paramiko [PE1] |   File "/Users/rob/.local/share/virtualenvs/vyos-eveng-b9X2mBdh/lib/python3.9/site-packages/paramiko/packet.py", line 622, in _read_timeout
2022-07-11 21:29:14,262 p=46526 u=rob n=p=46526 u=rob | paramiko [PE1] |     raise socket.timeout()
2022-07-11 21:29:14,262 p=46526 u=rob n=p=46526 u=rob | paramiko [PE1] | socket.timeout
2022-07-11 21:29:14,262 p=46526 u=rob n=p=46526 u=rob | paramiko [PE1] | 
2022-07-11 21:29:14,262 p=46526 u=rob n=p=46526 u=rob | paramiko [PE1] | During handling of the above exception, another exception occurred:
2022-07-11 21:29:14,262 p=46526 u=rob n=p=46526 u=rob | paramiko [PE1] | 
2022-07-11 21:29:14,262 p=46526 u=rob n=p=46526 u=rob | paramiko [PE1] | Traceback (most recent call last):
2022-07-11 21:29:14,262 p=46526 u=rob n=p=46526 u=rob | paramiko [PE1] |   File "/Users/rob/.local/share/virtualenvs/vyos-eveng-b9X2mBdh/lib/python3.9/site-packages/paramiko/transport.py", line 2039, in run
2022-07-11 21:29:14,262 p=46526 u=rob n=p=46526 u=rob | paramiko [PE1] |     self._check_banner()
2022-07-11 21:29:14,263 p=46526 u=rob n=p=46526 u=rob | paramiko [PE1] |   File "/Users/rob/.local/share/virtualenvs/vyos-eveng-b9X2mBdh/lib/python3.9/site-packages/paramiko/transport.py", line 2215, in _check_banner
2022-07-11 21:29:14,263 p=46526 u=rob n=p=46526 u=rob | paramiko [PE1] |     raise SSHException(
2022-07-11 21:29:14,263 p=46526 u=rob n=p=46526 u=rob | paramiko [PE1] | paramiko.ssh_exception.SSHException: Error reading SSH protocol banner
2022-07-11 21:29:14,263 p=46526 u=rob n=p=46526 u=rob | paramiko [PE1] | 
2022-07-11 21:29:14,273 p=46527 u=rob n=p=46527 u=rob | paramiko [PE2] | Exception: Error reading SSH protocol banner
2022-07-11 21:29:14,273 p=46527 u=rob n=p=46527 u=rob | paramiko [PE2] | Traceback (most recent call last):
2022-07-11 21:29:14,274 p=46527 u=rob n=p=46527 u=rob | paramiko [PE2] |   File "/Users/rob/.local/share/virtualenvs/vyos-eveng-b9X2mBdh/lib/python3.9/site-packages/paramiko/transport.py", line 2211, in _check_banner
2022-07-11 21:29:14,274 p=46527 u=rob n=p=46527 u=rob | paramiko [PE2] |     buf = self.packetizer.readline(timeout)
2022-07-11 21:29:14,274 p=46527 u=rob n=p=46527 u=rob | paramiko [PE2] |   File "/Users/rob/.local/share/virtualenvs/vyos-eveng-b9X2mBdh/lib/python3.9/site-packages/paramiko/packet.py", line 380, in readline
2022-07-11 21:29:14,274 p=46527 u=rob n=p=46527 u=rob | paramiko [PE2] |     buf += self._read_timeout(timeout)
2022-07-11 21:29:14,274 p=46527 u=rob n=p=46527 u=rob | paramiko [PE2] |   File "/Users/rob/.local/share/virtualenvs/vyos-eveng-b9X2mBdh/lib/python3.9/site-packages/paramiko/packet.py", line 622, in _read_timeout
2022-07-11 21:29:14,274 p=46527 u=rob n=p=46527 u=rob | paramiko [PE2] |     raise socket.timeout()
2022-07-11 21:29:14,274 p=46527 u=rob n=p=46527 u=rob | paramiko [PE2] | socket.timeout
2022-07-11 21:29:14,274 p=46527 u=rob n=p=46527 u=rob | paramiko [PE2] | 
2022-07-11 21:29:14,275 p=46527 u=rob n=p=46527 u=rob | paramiko [PE2] | During handling of the above exception, another exception occurred:
2022-07-11 21:29:14,275 p=46527 u=rob n=p=46527 u=rob | paramiko [PE2] | 
2022-07-11 21:29:14,275 p=46527 u=rob n=p=46527 u=rob | paramiko [PE2] | Traceback (most recent call last):
2022-07-11 21:29:14,275 p=46527 u=rob n=p=46527 u=rob | paramiko [PE2] |   File "/Users/rob/.local/share/virtualenvs/vyos-eveng-b9X2mBdh/lib/python3.9/site-packages/paramiko/transport.py", line 2039, in run
2022-07-11 21:29:14,275 p=46527 u=rob n=p=46527 u=rob | paramiko [PE2] |     self._check_banner()
2022-07-11 21:29:14,275 p=46527 u=rob n=p=46527 u=rob | paramiko [PE2] |   File "/Users/rob/.local/share/virtualenvs/vyos-eveng-b9X2mBdh/lib/python3.9/site-packages/paramiko/transport.py", line 2215, in _check_banner
2022-07-11 21:29:14,275 p=46527 u=rob n=p=46527 u=rob | paramiko [PE2] |     raise SSHException(
2022-07-11 21:29:14,275 p=46527 u=rob n=p=46527 u=rob | paramiko [PE2] | paramiko.ssh_exception.SSHException: Error reading SSH protocol banner
2022-07-11 21:29:14,275 p=46527 u=rob n=p=46527 u=rob | paramiko [PE2] | 
2022-07-11 21:29:14,277 p=46528 u=rob n=p=46528 u=rob | paramiko [PE3] | Exception: Error reading SSH protocol banner
2022-07-11 21:29:14,278 p=46528 u=rob n=p=46528 u=rob | paramiko [PE3] | Traceback (most recent call last):
2022-07-11 21:29:14,278 p=46528 u=rob n=p=46528 u=rob | paramiko [PE3] |   File "/Users/rob/.local/share/virtualenvs/vyos-eveng-b9X2mBdh/lib/python3.9/site-packages/paramiko/transport.py", line 2211, in _check_banner
2022-07-11 21:29:14,278 p=46528 u=rob n=p=46528 u=rob | paramiko [PE3] |     buf = self.packetizer.readline(timeout)
2022-07-11 21:29:14,278 p=46528 u=rob n=p=46528 u=rob | paramiko [PE3] |   File "/Users/rob/.local/share/virtualenvs/vyos-eveng-b9X2mBdh/lib/python3.9/site-packages/paramiko/packet.py", line 380, in readline
2022-07-11 21:29:14,278 p=46528 u=rob n=p=46528 u=rob | paramiko [PE3] |     buf += self._read_timeout(timeout)
2022-07-11 21:29:14,278 p=46528 u=rob n=p=46528 u=rob | paramiko [PE3] |   File "/Users/rob/.local/share/virtualenvs/vyos-eveng-b9X2mBdh/lib/python3.9/site-packages/paramiko/packet.py", line 622, in _read_timeout
2022-07-11 21:29:14,279 p=46528 u=rob n=p=46528 u=rob | paramiko [PE3] |     raise socket.timeout()
2022-07-11 21:29:14,279 p=46528 u=rob n=p=46528 u=rob | paramiko [PE3] | socket.timeout
2022-07-11 21:29:14,279 p=46528 u=rob n=p=46528 u=rob | paramiko [PE3] | 
2022-07-11 21:29:14,279 p=46528 u=rob n=p=46528 u=rob | paramiko [PE3] | During handling of the above exception, another exception occurred:
2022-07-11 21:29:14,279 p=46528 u=rob n=p=46528 u=rob | paramiko [PE3] | 
2022-07-11 21:29:14,279 p=46528 u=rob n=p=46528 u=rob | paramiko [PE3] | Traceback (most recent call last):
2022-07-11 21:29:14,279 p=46528 u=rob n=p=46528 u=rob | paramiko [PE3] |   File "/Users/rob/.local/share/virtualenvs/vyos-eveng-b9X2mBdh/lib/python3.9/site-packages/paramiko/transport.py", line 2039, in run
2022-07-11 21:29:14,279 p=46528 u=rob n=p=46528 u=rob | paramiko [PE3] |     self._check_banner()
2022-07-11 21:29:14,279 p=46528 u=rob n=p=46528 u=rob | paramiko [PE3] |   File "/Users/rob/.local/share/virtualenvs/vyos-eveng-b9X2mBdh/lib/python3.9/site-packages/paramiko/transport.py", line 2215, in _check_banner
2022-07-11 21:29:14,280 p=46528 u=rob n=p=46528 u=rob | paramiko [PE3] |     raise SSHException(
2022-07-11 21:29:14,280 p=46528 u=rob n=p=46528 u=rob | paramiko [PE3] | paramiko.ssh_exception.SSHException: Error reading SSH protocol banner
2022-07-11 21:29:14,280 p=46528 u=rob n=p=46528 u=rob | paramiko [PE3] | 
2022-07-11 21:29:30,292 p=46526 u=rob n=p=46526 u=rob | paramiko [PE1] | Exception: Error reading SSH protocol banner
2022-07-11 21:29:30,293 p=46526 u=rob n=p=46526 u=rob | paramiko [PE1] | Traceback (most recent call last):
2022-07-11 21:29:30,293 p=46526 u=rob n=p=46526 u=rob | paramiko [PE1] |   File "/Users/rob/.local/share/virtualenvs/vyos-eveng-b9X2mBdh/lib/python3.9/site-packages/paramiko/transport.py", line 2211, in _check_banner
2022-07-11 21:29:30,293 p=46526 u=rob n=p=46526 u=rob | paramiko [PE1] |     buf = self.packetizer.readline(timeout)
2022-07-11 21:29:30,293 p=46526 u=rob n=p=46526 u=rob | paramiko [PE1] |   File "/Users/rob/.local/share/virtualenvs/vyos-eveng-b9X2mBdh/lib/python3.9/site-packages/paramiko/packet.py", line 380, in readline
2022-07-11 21:29:30,293 p=46526 u=rob n=p=46526 u=rob | paramiko [PE1] |     buf += self._read_timeout(timeout)
2022-07-11 21:29:30,293 p=46526 u=rob n=p=46526 u=rob | paramiko [PE1] |   File "/Users/rob/.local/share/virtualenvs/vyos-eveng-b9X2mBdh/lib/python3.9/site-packages/paramiko/packet.py", line 622, in _read_timeout
2022-07-11 21:29:30,294 p=46526 u=rob n=p=46526 u=rob | paramiko [PE1] |     raise socket.timeout()
2022-07-11 21:29:30,294 p=46526 u=rob n=p=46526 u=rob | paramiko [PE1] | socket.timeout
2022-07-11 21:29:30,294 p=46526 u=rob n=p=46526 u=rob | paramiko [PE1] | 
2022-07-11 21:29:30,294 p=46526 u=rob n=p=46526 u=rob | paramiko [PE1] | During handling of the above exception, another exception occurred:
2022-07-11 21:29:30,294 p=46526 u=rob n=p=46526 u=rob | paramiko [PE1] | 
2022-07-11 21:29:30,294 p=46526 u=rob n=p=46526 u=rob | paramiko [PE1] | Traceback (most recent call last):
2022-07-11 21:29:30,294 p=46526 u=rob n=p=46526 u=rob | paramiko [PE1] |   File "/Users/rob/.local/share/virtualenvs/vyos-eveng-b9X2mBdh/lib/python3.9/site-packages/paramiko/transport.py", line 2039, in run
2022-07-11 21:29:30,294 p=46526 u=rob n=p=46526 u=rob | paramiko [PE1] |     self._check_banner()
2022-07-11 21:29:30,295 p=46526 u=rob n=p=46526 u=rob | paramiko [PE1] |   File "/Users/rob/.local/share/virtualenvs/vyos-eveng-b9X2mBdh/lib/python3.9/site-packages/paramiko/transport.py", line 2215, in _check_banner
2022-07-11 21:29:30,295 p=46526 u=rob n=p=46526 u=rob | paramiko [PE1] |     raise SSHException(
2022-07-11 21:29:30,295 p=46526 u=rob n=p=46526 u=rob | paramiko [PE1] | paramiko.ssh_exception.SSHException: Error reading SSH protocol banner
2022-07-11 21:29:30,295 p=46526 u=rob n=p=46526 u=rob | paramiko [PE1] | 
2022-07-11 21:29:30,315 p=46527 u=rob n=p=46527 u=rob | paramiko [PE2] | Exception: Error reading SSH protocol banner
2022-07-11 21:29:30,316 p=46527 u=rob n=p=46527 u=rob | paramiko [PE2] | Traceback (most recent call last):
2022-07-11 21:29:30,316 p=46527 u=rob n=p=46527 u=rob | paramiko [PE2] |   File "/Users/rob/.local/share/virtualenvs/vyos-eveng-b9X2mBdh/lib/python3.9/site-packages/paramiko/transport.py", line 2211, in _check_banner
2022-07-11 21:29:30,316 p=46527 u=rob n=p=46527 u=rob | paramiko [PE2] |     buf = self.packetizer.readline(timeout)
2022-07-11 21:29:30,316 p=46527 u=rob n=p=46527 u=rob | paramiko [PE2] |   File "/Users/rob/.local/share/virtualenvs/vyos-eveng-b9X2mBdh/lib/python3.9/site-packages/paramiko/packet.py", line 380, in readline
2022-07-11 21:29:30,316 p=46527 u=rob n=p=46527 u=rob | paramiko [PE2] |     buf += self._read_timeout(timeout)
2022-07-11 21:29:30,316 p=46527 u=rob n=p=46527 u=rob | paramiko [PE2] |   File "/Users/rob/.local/share/virtualenvs/vyos-eveng-b9X2mBdh/lib/python3.9/site-packages/paramiko/packet.py", line 622, in _read_timeout
2022-07-11 21:29:30,316 p=46527 u=rob n=p=46527 u=rob | paramiko [PE2] |     raise socket.timeout()
2022-07-11 21:29:30,316 p=46527 u=rob n=p=46527 u=rob | paramiko [PE2] | socket.timeout
2022-07-11 21:29:30,317 p=46527 u=rob n=p=46527 u=rob | paramiko [PE2] | 
2022-07-11 21:29:30,317 p=46527 u=rob n=p=46527 u=rob | paramiko [PE2] | During handling of the above exception, another exception occurred:
2022-07-11 21:29:30,317 p=46527 u=rob n=p=46527 u=rob | paramiko [PE2] | 
2022-07-11 21:29:30,317 p=46527 u=rob n=p=46527 u=rob | paramiko [PE2] | Traceback (most recent call last):
2022-07-11 21:29:30,317 p=46527 u=rob n=p=46527 u=rob | paramiko [PE2] |   File "/Users/rob/.local/share/virtualenvs/vyos-eveng-b9X2mBdh/lib/python3.9/site-packages/paramiko/transport.py", line 2039, in run
2022-07-11 21:29:30,317 p=46527 u=rob n=p=46527 u=rob | paramiko [PE2] |     self._check_banner()
2022-07-11 21:29:30,317 p=46527 u=rob n=p=46527 u=rob | paramiko [PE2] |   File "/Users/rob/.local/share/virtualenvs/vyos-eveng-b9X2mBdh/lib/python3.9/site-packages/paramiko/transport.py", line 2215, in _check_banner
2022-07-11 21:29:30,317 p=46527 u=rob n=p=46527 u=rob | paramiko [PE2] |     raise SSHException(
2022-07-11 21:29:30,318 p=46527 u=rob n=p=46527 u=rob | paramiko [PE2] | paramiko.ssh_exception.SSHException: Error reading SSH protocol banner
2022-07-11 21:29:30,318 p=46527 u=rob n=p=46527 u=rob | paramiko [PE2] | 
2022-07-11 21:29:30,319 p=46528 u=rob n=p=46528 u=rob | paramiko [PE3] | Exception: Error reading SSH protocol banner
2022-07-11 21:29:30,319 p=46528 u=rob n=p=46528 u=rob | paramiko [PE3] | Traceback (most recent call last):
2022-07-11 21:29:30,319 p=46528 u=rob n=p=46528 u=rob | paramiko [PE3] |   File "/Users/rob/.local/share/virtualenvs/vyos-eveng-b9X2mBdh/lib/python3.9/site-packages/paramiko/transport.py", line 2211, in _check_banner
2022-07-11 21:29:30,320 p=46528 u=rob n=p=46528 u=rob | paramiko [PE3] |     buf = self.packetizer.readline(timeout)
2022-07-11 21:29:30,320 p=46528 u=rob n=p=46528 u=rob | paramiko [PE3] |   File "/Users/rob/.local/share/virtualenvs/vyos-eveng-b9X2mBdh/lib/python3.9/site-packages/paramiko/packet.py", line 380, in readline
2022-07-11 21:29:30,320 p=46528 u=rob n=p=46528 u=rob | paramiko [PE3] |     buf += self._read_timeout(timeout)
2022-07-11 21:29:30,320 p=46528 u=rob n=p=46528 u=rob | paramiko [PE3] |   File "/Users/rob/.local/share/virtualenvs/vyos-eveng-b9X2mBdh/lib/python3.9/site-packages/paramiko/packet.py", line 622, in _read_timeout
2022-07-11 21:29:30,320 p=46528 u=rob n=p=46528 u=rob | paramiko [PE3] |     raise socket.timeout()
2022-07-11 21:29:30,320 p=46528 u=rob n=p=46528 u=rob | paramiko [PE3] | socket.timeout
2022-07-11 21:29:30,320 p=46528 u=rob n=p=46528 u=rob | paramiko [PE3] | 
2022-07-11 21:29:30,320 p=46528 u=rob n=p=46528 u=rob | paramiko [PE3] | During handling of the above exception, another exception occurred:
2022-07-11 21:29:30,320 p=46528 u=rob n=p=46528 u=rob | paramiko [PE3] | 
2022-07-11 21:29:30,321 p=46528 u=rob n=p=46528 u=rob | paramiko [PE3] | Traceback (most recent call last):
2022-07-11 21:29:30,321 p=46528 u=rob n=p=46528 u=rob | paramiko [PE3] |   File "/Users/rob/.local/share/virtualenvs/vyos-eveng-b9X2mBdh/lib/python3.9/site-packages/paramiko/transport.py", line 2039, in run
2022-07-11 21:29:30,321 p=46528 u=rob n=p=46528 u=rob | paramiko [PE3] |     self._check_banner()
2022-07-11 21:29:30,321 p=46528 u=rob n=p=46528 u=rob | paramiko [PE3] |   File "/Users/rob/.local/share/virtualenvs/vyos-eveng-b9X2mBdh/lib/python3.9/site-packages/paramiko/transport.py", line 2215, in _check_banner
2022-07-11 21:29:30,321 p=46528 u=rob n=p=46528 u=rob | paramiko [PE3] |     raise SSHException(
2022-07-11 21:29:30,321 p=46528 u=rob n=p=46528 u=rob | paramiko [PE3] | paramiko.ssh_exception.SSHException: Error reading SSH protocol banner
2022-07-11 21:29:30,321 p=46528 u=rob n=p=46528 u=rob | paramiko [PE3] | 
2022-07-11 21:29:32,088 p=46526 u=rob n=p=46526 u=rob | paramiko [PE1] | Connected (version 2.0, client OpenSSH_8.4p1)
2022-07-11 21:29:32,088 p=46527 u=rob n=p=46527 u=rob | paramiko [PE2] | Connected (version 2.0, client OpenSSH_8.4p1)
2022-07-11 21:29:32,088 p=46528 u=rob n=p=46528 u=rob | paramiko [PE3] | Connected (version 2.0, client OpenSSH_8.4p1)
2022-07-11 21:29:32,193 p=46528 u=rob n=p=46528 u=rob | paramiko [PE3] | Authentication (publickey) successful!
2022-07-11 21:29:32,193 p=46526 u=rob n=p=46526 u=rob | paramiko [PE1] | Authentication (publickey) successful!
2022-07-11 21:29:32,193 p=46527 u=rob n=p=46527 u=rob | paramiko [PE2] | Authentication (publickey) successful!
2022-07-11 21:29:33,159 p=45845 u=rob n=ansible | ok: [PE2]
2022-07-11 21:29:33,172 p=45845 u=rob n=ansible | ok: [PE1]
2022-07-11 21:29:33,178 p=45845 u=rob n=ansible | ok: [PE3]
2022-07-11 21:29:33,180 p=45845 u=rob n=ansible | TASK [eve-ng-lab-test : include L3VPN_EVPN lab_config.yml] ***********************************************************************************************************
2022-07-11 21:29:33,193 p=45845 u=rob n=ansible | skipping: [eveng]
2022-07-11 21:29:33,200 p=45845 u=rob n=ansible | skipping: [vyos-oobm]
2022-07-11 21:29:33,220 p=45845 u=rob n=ansible | included: /Users/rob/git/_vyos/vyos-eveng/labs/L3VPN_EVPN/lab_config.yml for PE1, PE2, PE3
2022-07-11 21:29:33,252 p=45845 u=rob n=ansible | TASK [eve-ng-lab-test : setup vyos] **********************************************************************************************************************************
2022-07-11 21:29:34,947 p=46147 u=rob n=p=46147 u=rob | paramiko [PE2] | Connected (version 2.0, client OpenSSH_8.4p1)
2022-07-11 21:29:34,948 p=46149 u=rob n=p=46149 u=rob | paramiko [PE1] | Connected (version 2.0, client OpenSSH_8.4p1)
2022-07-11 21:29:34,948 p=46148 u=rob n=p=46148 u=rob | paramiko [PE3] | Connected (version 2.0, client OpenSSH_8.4p1)
2022-07-11 21:29:35,047 p=46147 u=rob n=p=46147 u=rob | paramiko [PE2] | Authentication (publickey) successful!
2022-07-11 21:29:35,047 p=46149 u=rob n=p=46149 u=rob | paramiko [PE1] | Authentication (publickey) successful!
2022-07-11 21:29:35,047 p=46148 u=rob n=p=46148 u=rob | paramiko [PE3] | Authentication (publickey) successful!
2022-07-11 21:30:04,596 p=45845 u=rob n=ansible | [WARNING]: To ensure idempotency and correct diff the input configuration lines should be similar to how they appear if present in the running configuration on
device including the indentation

2022-07-11 21:30:04,596 p=45845 u=rob n=ansible | changed: [PE2]
2022-07-11 21:30:05,022 p=45845 u=rob n=ansible | changed: [PE3]
2022-07-11 21:30:06,603 p=45845 u=rob n=ansible | changed: [PE1]
2022-07-11 21:30:06,607 p=45845 u=rob n=ansible | TASK [eve-ng-lab-test : Login to EVE-NG and get Cookie] **************************************************************************************************************
2022-07-11 21:30:06,632 p=45845 u=rob n=ansible | skipping: [vyos-oobm]
2022-07-11 21:30:06,639 p=45845 u=rob n=ansible | skipping: [PE1]
2022-07-11 21:30:06,640 p=45845 u=rob n=ansible | skipping: [PE2]
2022-07-11 21:30:06,644 p=45845 u=rob n=ansible | skipping: [PE3]
2022-07-11 21:30:08,159 p=45845 u=rob n=ansible | ok: [eveng]
2022-07-11 21:30:08,166 p=45845 u=rob n=ansible | TASK [eve-ng-lab-test : stop nodes id] *******************************************************************************************************************************
2022-07-11 21:30:08,221 p=45845 u=rob n=ansible | TASK [eve-ng-lab-test : wait after stop] *****************************************************************************************************************************
2022-07-11 21:30:08,230 p=46716 u=rob n=ansible | Pausing for 5 seconds
2022-07-11 21:30:08,230 p=46716 u=rob n=ansible | (ctrl+C then 'C' = continue early, ctrl+C then 'A' = abort)
2022-07-11 21:30:13,240 p=45845 u=rob n=ansible | ok: [eveng]
2022-07-11 21:30:13,250 p=45845 u=rob n=ansible | TASK [eve-ng-lab-test : start nodes id] ******************************************************************************************************************************
2022-07-11 21:30:13,311 p=45845 u=rob n=ansible | TASK [eve-ng-lab-test : wait after start] ****************************************************************************************************************************
2022-07-11 21:30:13,320 p=46724 u=rob n=ansible | Pausing for 5 seconds
2022-07-11 21:30:13,320 p=46724 u=rob n=ansible | (ctrl+C then 'C' = continue early, ctrl+C then 'A' = abort)
2022-07-11 21:30:18,333 p=45845 u=rob n=ansible | ok: [eveng]
2022-07-11 21:30:18,342 p=45845 u=rob n=ansible | TASK [eve-ng-lab-test : wait, b/c the ping often failed without a short break] ***************************************************************************************
2022-07-11 21:30:18,358 p=46725 u=rob n=ansible | Pausing for 30 seconds
2022-07-11 21:30:18,359 p=46725 u=rob n=ansible | (ctrl+C then 'C' = continue early, ctrl+C then 'A' = abort)
2022-07-11 21:30:48,371 p=45845 u=rob n=ansible | ok: [eveng]
2022-07-11 21:30:48,380 p=45845 u=rob n=ansible | TASK [eve-ng-lab-test : do ping test] ********************************************************************************************************************************
2022-07-11 21:30:48,419 p=45845 u=rob n=ansible | skipping: [eveng]
2022-07-11 21:30:48,426 p=45845 u=rob n=ansible | skipping: [vyos-oobm]
2022-07-11 21:30:54,051 p=45845 u=rob n=ansible | ok: [PE2] => (item=172.29.255.1)
2022-07-11 21:30:54,052 p=45845 u=rob n=ansible | ok: [PE3] => (item=172.29.255.2)
2022-07-11 21:30:54,052 p=45845 u=rob n=ansible | ok: [PE1] => (item=172.29.255.2)
2022-07-11 21:30:58,526 p=45845 u=rob n=ansible | ok: [PE3] => (item=172.29.255.1)
2022-07-11 21:30:58,527 p=45845 u=rob n=ansible | ok: [PE1] => (item=172.29.255.3)
2022-07-11 21:30:58,527 p=45845 u=rob n=ansible | ok: [PE2] => (item=172.29.255.3)
2022-07-11 21:30:58,532 p=45845 u=rob n=ansible | TASK [eve-ng-lab-test : execute test commands] ***********************************************************************************************************************
2022-07-11 21:30:58,549 p=45845 u=rob n=ansible | skipping: [eveng]
2022-07-11 21:30:58,557 p=45845 u=rob n=ansible | skipping: [vyos-oobm]
2022-07-11 21:30:59,882 p=45845 u=rob n=ansible | ok: [PE3] => (item={'desc': 'PING vyos-oobm with VRF', 'command': 'ping 10.100.0.1 vrf mgmt count 1', 'wait_for': ["result[0] contains '1 packets transmitted, 1 received'"]})
2022-07-11 21:30:59,883 p=45845 u=rob n=ansible | ok: [PE2] => (item={'desc': 'PING vyos-oobm with VRF', 'command': 'ping 10.100.0.1 vrf mgmt count 1', 'wait_for': ["result[0] contains '1 packets transmitted, 1 received'"]})
2022-07-11 21:30:59,884 p=45845 u=rob n=ansible | ok: [PE1] => (item={'desc': 'PING vyos-oobm with VRF', 'command': 'ping 10.100.0.1 vrf mgmt count 1', 'wait_for': ["result[0] contains '1 packets transmitted, 1 received'"]})
2022-07-11 21:31:00,225 p=45845 u=rob n=ansible | ok: [PE1] => (item={'desc': 'PING blue site 2', 'command': 'ping 10.1.2.10 vrf blue count 1', 'wait_for': ["result[0] contains '1 packets transmitted, 1 received'"]})
2022-07-11 21:31:00,569 p=45845 u=rob n=ansible | ok: [PE1] => (item={'desc': 'PING red site 2', 'command': 'ping 10.2.2.10 vrf red count 1', 'wait_for': ["result[0] contains '1 packets transmitted, 1 received'"]})
2022-07-11 21:31:00,907 p=45845 u=rob n=ansible | ok: [PE1] => (item={'desc': 'PING green site 3', 'command': 'ping 10.3.3.10 vrf green count 1', 'wait_for': ["result[0] contains '1 packets transmitted, 1 received'"]})
2022-07-11 21:31:00,912 p=45845 u=rob n=ansible | TASK [eve-ng-lab-test : register stdout commands] ********************************************************************************************************************
2022-07-11 21:31:00,934 p=45845 u=rob n=ansible | skipping: [eveng]
2022-07-11 21:31:00,940 p=45845 u=rob n=ansible | skipping: [vyos-oobm]
2022-07-11 21:31:00,951 p=45845 u=rob n=ansible | skipping: [PE3]
2022-07-11 21:31:02,242 p=45845 u=rob n=ansible | ok: [PE2] => (item={'name': 'bgp_evpn_net', 'command': 'show bgp l2vpn evpn 10.3.1.10'})
2022-07-11 21:31:02,244 p=45845 u=rob n=ansible | ok: [PE1] => (item={'name': 'vrf_all', 'command': 'show ip route vrf all'})
2022-07-11 21:31:02,625 p=45845 u=rob n=ansible | ok: [PE1] => (item={'name': 'bgp_evpn', 'command': 'show bgp l2vpn evpn'})
2022-07-11 21:31:02,631 p=45845 u=rob n=ansible | TASK [eve-ng-lab-test : Set variables] *******************************************************************************************************************************
2022-07-11 21:31:02,652 p=45845 u=rob n=ansible | skipping: [eveng]
2022-07-11 21:31:02,659 p=45845 u=rob n=ansible | skipping: [vyos-oobm]
2022-07-11 21:31:02,669 p=45845 u=rob n=ansible | skipping: [PE3]
2022-07-11 21:31:03,519 p=45845 u=rob n=ansible | ok: [PE2]
2022-07-11 21:31:03,520 p=45845 u=rob n=ansible | ok: [PE1]
2022-07-11 21:31:03,529 p=45845 u=rob n=ansible | TASK [eve-ng-lab-test : Reboot vyos] *********************************************************************************************************************************
2022-07-11 21:31:03,558 p=45845 u=rob n=ansible | skipping: [eveng]
2022-07-11 21:31:03,566 p=45845 u=rob n=ansible | skipping: [vyos-oobm]
2022-07-11 21:31:04,918 p=45845 u=rob n=ansible | ok: [PE1]
2022-07-11 21:31:04,918 p=45845 u=rob n=ansible | ok: [PE3]
2022-07-11 21:31:04,918 p=45845 u=rob n=ansible | ok: [PE2]
2022-07-11 21:31:04,921 p=45845 u=rob n=ansible | TASK [eve-ng-lab-test : wait while shutdown] *************************************************************************************************************************
2022-07-11 21:31:04,931 p=45845 u=rob n=ansible | skipping: [eveng]
2022-07-11 21:31:04,934 p=45845 u=rob n=ansible | TASK [eve-ng-lab-test : Wait for vyos nodes] *************************************************************************************************************************
2022-07-11 21:31:04,947 p=45845 u=rob n=ansible | skipping: [eveng]
2022-07-11 21:31:04,953 p=45845 u=rob n=ansible | skipping: [vyos-oobm]
2022-07-11 21:31:06,683 p=47084 u=rob n=p=47084 u=rob | paramiko [PE1] | Connected (version 2.0, client OpenSSH_8.4p1)
2022-07-11 21:31:06,683 p=47085 u=rob n=p=47085 u=rob | paramiko [PE2] | Connected (version 2.0, client OpenSSH_8.4p1)
2022-07-11 21:31:06,694 p=47086 u=rob n=p=47086 u=rob | paramiko [PE3] | Connected (version 2.0, client OpenSSH_8.4p1)
2022-07-11 21:31:06,776 p=47084 u=rob n=p=47084 u=rob | paramiko [PE1] | Auth banner: b'System is going down. Unprivileged users are not permitted to log in anymore. For technical details, see pam_nologin(8).\n\n'
2022-07-11 21:31:06,776 p=47085 u=rob n=p=47085 u=rob | paramiko [PE2] | Auth banner: b'System is going down. Unprivileged users are not permitted to log in anymore. For technical details, see pam_nologin(8).\n\n'
2022-07-11 21:31:06,779 p=47086 u=rob n=p=47086 u=rob | paramiko [PE3] | Auth banner: b'System is going down. Unprivileged users are not permitted to log in anymore. For technical details, see pam_nologin(8).\n\n'
2022-07-11 21:33:05,200 p=46149 u=rob n=ansible | persistent connection idle timeout triggered, timeout value is 120 secs.
See the timeout setting options in the Network Debug and Troubleshooting Guide.
2022-07-11 21:33:05,201 p=46147 u=rob n=ansible | persistent connection idle timeout triggered, timeout value is 120 secs.
See the timeout setting options in the Network Debug and Troubleshooting Guide.
2022-07-11 21:33:05,206 p=46148 u=rob n=ansible | persistent connection idle timeout triggered, timeout value is 120 secs.
See the timeout setting options in the Network Debug and Troubleshooting Guide.
2022-07-11 21:33:05,303 p=46149 u=rob n=ansible | shutdown complete
2022-07-11 21:33:05,303 p=46147 u=rob n=ansible | shutdown complete
2022-07-11 21:33:05,309 p=46148 u=rob n=ansible | shutdown complete
2022-07-11 21:33:08,657 p=47084 u=rob n=p=47084 u=rob | paramiko [PE1] | Connected (version 2.0, client OpenSSH_8.4p1)
2022-07-11 21:33:08,661 p=47086 u=rob n=p=47086 u=rob | paramiko [PE3] | Connected (version 2.0, client OpenSSH_8.4p1)
2022-07-11 21:33:08,669 p=47085 u=rob n=p=47085 u=rob | paramiko [PE2] | Connected (version 2.0, client OpenSSH_8.4p1)
2022-07-11 21:33:08,736 p=47084 u=rob n=p=47084 u=rob | paramiko [PE1] | Authentication (publickey) successful!
2022-07-11 21:33:08,750 p=47086 u=rob n=p=47086 u=rob | paramiko [PE3] | Authentication (publickey) successful!
2022-07-11 21:33:08,759 p=47085 u=rob n=p=47085 u=rob | paramiko [PE2] | Authentication (publickey) successful!
2022-07-11 21:33:10,065 p=45845 u=rob n=ansible | ok: [PE1]
2022-07-11 21:33:10,122 p=45845 u=rob n=ansible | ok: [PE3]
2022-07-11 21:33:10,554 p=45845 u=rob n=ansible | ok: [PE2]
2022-07-11 21:33:10,555 p=45845 u=rob n=ansible | TASK [eve-ng-lab-test : Login to EVE-NG and get Cookie] **************************************************************************************************************
2022-07-11 21:33:10,575 p=45845 u=rob n=ansible | skipping: [vyos-oobm]
2022-07-11 21:33:10,581 p=45845 u=rob n=ansible | skipping: [PE1]
2022-07-11 21:33:10,582 p=45845 u=rob n=ansible | skipping: [PE2]
2022-07-11 21:33:10,586 p=45845 u=rob n=ansible | skipping: [PE3]
2022-07-11 21:33:12,066 p=45845 u=rob n=ansible | ok: [eveng]
2022-07-11 21:33:12,073 p=45845 u=rob n=ansible | TASK [eve-ng-lab-test : stop nodes id] *******************************************************************************************************************************
2022-07-11 21:33:12,113 p=45845 u=rob n=ansible | TASK [eve-ng-lab-test : wait after stop] *****************************************************************************************************************************
2022-07-11 21:33:12,120 p=47206 u=rob n=ansible | Pausing for 5 seconds
2022-07-11 21:33:12,121 p=47206 u=rob n=ansible | (ctrl+C then 'C' = continue early, ctrl+C then 'A' = abort)
2022-07-11 21:33:17,130 p=45845 u=rob n=ansible | ok: [eveng]
2022-07-11 21:33:17,138 p=45845 u=rob n=ansible | TASK [eve-ng-lab-test : start nodes id] ******************************************************************************************************************************
2022-07-11 21:33:17,204 p=45845 u=rob n=ansible | TASK [eve-ng-lab-test : wait after start] ****************************************************************************************************************************
2022-07-11 21:33:17,212 p=47213 u=rob n=ansible | Pausing for 5 seconds
2022-07-11 21:33:17,213 p=47213 u=rob n=ansible | (ctrl+C then 'C' = continue early, ctrl+C then 'A' = abort)
2022-07-11 21:33:22,220 p=45845 u=rob n=ansible | ok: [eveng]
2022-07-11 21:33:22,228 p=45845 u=rob n=ansible | TASK [eve-ng-lab-test : wait, b/c the ping often failed without a short break] ***************************************************************************************
2022-07-11 21:33:22,248 p=47216 u=rob n=ansible | Pausing for 30 seconds
2022-07-11 21:33:22,248 p=47216 u=rob n=ansible | (ctrl+C then 'C' = continue early, ctrl+C then 'A' = abort)
2022-07-11 21:33:52,256 p=45845 u=rob n=ansible | ok: [eveng]
2022-07-11 21:33:52,265 p=45845 u=rob n=ansible | TASK [eve-ng-lab-test : do ping test] ********************************************************************************************************************************
2022-07-11 21:33:52,297 p=45845 u=rob n=ansible | skipping: [eveng]
2022-07-11 21:33:52,307 p=45845 u=rob n=ansible | skipping: [vyos-oobm]
2022-07-11 21:33:53,197 p=47226 u=rob n=ansible | network_os is set to vyos
2022-07-11 21:33:53,197 p=47227 u=rob n=ansible | network_os is set to vyos
2022-07-11 21:33:53,202 p=47228 u=rob n=ansible | network_os is set to vyos
2022-07-11 21:33:54,127 p=47237 u=rob n=p=47237 u=rob | paramiko [PE2] | Connected (version 2.0, client OpenSSH_8.4p1)
2022-07-11 21:33:54,127 p=47234 u=rob n=p=47234 u=rob | paramiko [PE1] | Connected (version 2.0, client OpenSSH_8.4p1)
2022-07-11 21:33:54,127 p=47240 u=rob n=p=47240 u=rob | paramiko [PE3] | Connected (version 2.0, client OpenSSH_8.4p1)
2022-07-11 21:33:54,229 p=47237 u=rob n=p=47237 u=rob | paramiko [PE2] | Authentication (publickey) successful!
2022-07-11 21:33:54,236 p=47240 u=rob n=p=47240 u=rob | paramiko [PE3] | Authentication (publickey) successful!
2022-07-11 21:33:54,237 p=47234 u=rob n=p=47234 u=rob | paramiko [PE1] | Authentication (publickey) successful!
2022-07-11 21:34:00,113 p=45845 u=rob n=ansible | ok: [PE2] => (item=172.29.255.1)
2022-07-11 21:34:00,114 p=45845 u=rob n=ansible | ok: [PE3] => (item=172.29.255.2)
2022-07-11 21:34:00,182 p=45845 u=rob n=ansible | ok: [PE1] => (item=172.29.255.2)
2022-07-11 21:34:05,400 p=45845 u=rob n=ansible | ok: [PE2] => (item=172.29.255.3)
2022-07-11 21:34:05,426 p=45845 u=rob n=ansible | ok: [PE3] => (item=172.29.255.1)
2022-07-11 21:34:05,431 p=45845 u=rob n=ansible | ok: [PE1] => (item=172.29.255.3)
2022-07-11 21:34:05,435 p=45845 u=rob n=ansible | TASK [eve-ng-lab-test : execute test commands] ***********************************************************************************************************************
2022-07-11 21:34:05,454 p=45845 u=rob n=ansible | skipping: [eveng]
2022-07-11 21:34:05,460 p=45845 u=rob n=ansible | skipping: [vyos-oobm]
2022-07-11 21:34:06,698 p=45845 u=rob n=ansible | ok: [PE3] => (item={'desc': 'PING vyos-oobm with VRF', 'command': 'ping 10.100.0.1 vrf mgmt count 1', 'wait_for': ["result[0] contains '1 packets transmitted, 1 received'"]})
2022-07-11 21:34:06,698 p=45845 u=rob n=ansible | ok: [PE2] => (item={'desc': 'PING vyos-oobm with VRF', 'command': 'ping 10.100.0.1 vrf mgmt count 1', 'wait_for': ["result[0] contains '1 packets transmitted, 1 received'"]})
2022-07-11 21:34:06,699 p=45845 u=rob n=ansible | ok: [PE1] => (item={'desc': 'PING vyos-oobm with VRF', 'command': 'ping 10.100.0.1 vrf mgmt count 1', 'wait_for': ["result[0] contains '1 packets transmitted, 1 received'"]})
2022-07-11 21:34:07,038 p=45845 u=rob n=ansible | ok: [PE1] => (item={'desc': 'PING blue site 2', 'command': 'ping 10.1.2.10 vrf blue count 1', 'wait_for': ["result[0] contains '1 packets transmitted, 1 received'"]})
2022-07-11 21:34:07,386 p=45845 u=rob n=ansible | ok: [PE1] => (item={'desc': 'PING red site 2', 'command': 'ping 10.2.2.10 vrf red count 1', 'wait_for': ["result[0] contains '1 packets transmitted, 1 received'"]})
2022-07-11 21:34:07,726 p=45845 u=rob n=ansible | ok: [PE1] => (item={'desc': 'PING green site 3', 'command': 'ping 10.3.3.10 vrf green count 1', 'wait_for': ["result[0] contains '1 packets transmitted, 1 received'"]})
2022-07-11 21:34:07,731 p=45845 u=rob n=ansible | TASK [eve-ng-lab-test : register stdout commands] ********************************************************************************************************************
2022-07-11 21:34:07,752 p=45845 u=rob n=ansible | skipping: [eveng]
2022-07-11 21:34:07,759 p=45845 u=rob n=ansible | skipping: [vyos-oobm]
2022-07-11 21:34:07,761 p=45845 u=rob n=ansible | skipping: [PE1] => (item={'name': 'vrf_all', 'command': 'show ip route vrf all'}) 
2022-07-11 21:34:07,762 p=45845 u=rob n=ansible | skipping: [PE1] => (item={'name': 'bgp_evpn', 'command': 'show bgp l2vpn evpn'}) 
2022-07-11 21:34:07,765 p=45845 u=rob n=ansible | skipping: [PE2] => (item={'name': 'bgp_evpn_net', 'command': 'show bgp l2vpn evpn 10.3.1.10'}) 
2022-07-11 21:34:07,768 p=45845 u=rob n=ansible | skipping: [PE3]
2022-07-11 21:34:07,771 p=45845 u=rob n=ansible | TASK [eve-ng-lab-test : Set variables] *******************************************************************************************************************************
2022-07-11 21:34:07,790 p=45845 u=rob n=ansible | skipping: [eveng]
2022-07-11 21:34:07,797 p=45845 u=rob n=ansible | skipping: [vyos-oobm]
2022-07-11 21:34:07,797 p=45845 u=rob n=ansible | skipping: [PE1]
2022-07-11 21:34:07,799 p=45845 u=rob n=ansible | skipping: [PE2]
2022-07-11 21:34:07,805 p=45845 u=rob n=ansible | skipping: [PE3]
2022-07-11 21:34:07,808 p=45845 u=rob n=ansible | TASK [eve-ng-lab-test : make sure tmp dir exist] *********************************************************************************************************************
2022-07-11 21:34:07,823 p=45845 u=rob n=ansible | skipping: [eveng]
2022-07-11 21:34:07,830 p=45845 u=rob n=ansible | skipping: [vyos-oobm]
2022-07-11 21:34:07,837 p=45845 u=rob n=ansible | skipping: [PE1]
2022-07-11 21:34:07,839 p=45845 u=rob n=ansible | skipping: [PE2]
2022-07-11 21:34:07,841 p=45845 u=rob n=ansible | skipping: [PE3]
2022-07-11 21:34:07,844 p=45845 u=rob n=ansible | TASK [eve-ng-lab-test : register status of tmp/] *********************************************************************************************************************
2022-07-11 21:34:07,857 p=45845 u=rob n=ansible | skipping: [eveng]
2022-07-11 21:34:07,863 p=45845 u=rob n=ansible | skipping: [vyos-oobm]
2022-07-11 21:34:07,869 p=45845 u=rob n=ansible | skipping: [PE1]
2022-07-11 21:34:07,870 p=45845 u=rob n=ansible | skipping: [PE2]
2022-07-11 21:34:07,874 p=45845 u=rob n=ansible | skipping: [PE3]
2022-07-11 21:34:07,877 p=45845 u=rob n=ansible | TASK [eve-ng-lab-test : Download upgrade_iso] ************************************************************************************************************************
2022-07-11 21:34:07,891 p=45845 u=rob n=ansible | skipping: [eveng]
2022-07-11 21:34:07,898 p=45845 u=rob n=ansible | skipping: [vyos-oobm]
2022-07-11 21:34:07,904 p=45845 u=rob n=ansible | skipping: [PE1]
2022-07-11 21:34:07,906 p=45845 u=rob n=ansible | skipping: [PE2]
2022-07-11 21:34:07,909 p=45845 u=rob n=ansible | skipping: [PE3]
2022-07-11 21:34:07,913 p=45845 u=rob n=ansible | TASK [eve-ng-lab-test : Copy iso to host] ****************************************************************************************************************************
2022-07-11 21:34:07,925 p=45845 u=rob n=ansible | skipping: [eveng]
2022-07-11 21:34:07,932 p=45845 u=rob n=ansible | skipping: [vyos-oobm]
2022-07-11 21:34:07,937 p=45845 u=rob n=ansible | skipping: [PE1]
2022-07-11 21:34:07,939 p=45845 u=rob n=ansible | skipping: [PE2]
2022-07-11 21:34:07,942 p=45845 u=rob n=ansible | skipping: [PE3]
2022-07-11 21:34:07,944 p=45845 u=rob n=ansible | TASK [eve-ng-lab-test : upgrade vyos] ********************************************************************************************************************************
2022-07-11 21:34:07,955 p=45845 u=rob n=ansible | skipping: [eveng]
2022-07-11 21:34:07,961 p=45845 u=rob n=ansible | skipping: [vyos-oobm]
2022-07-11 21:34:07,967 p=45845 u=rob n=ansible | skipping: [PE1]
2022-07-11 21:34:07,969 p=45845 u=rob n=ansible | skipping: [PE2]
2022-07-11 21:34:07,972 p=45845 u=rob n=ansible | skipping: [PE3]
2022-07-11 21:34:07,974 p=45845 u=rob n=ansible | TASK [eve-ng-lab-test : Reboot vyos] *********************************************************************************************************************************
2022-07-11 21:34:07,985 p=45845 u=rob n=ansible | skipping: [eveng]
2022-07-11 21:34:07,991 p=45845 u=rob n=ansible | skipping: [vyos-oobm]
2022-07-11 21:34:07,997 p=45845 u=rob n=ansible | skipping: [PE1]
2022-07-11 21:34:07,999 p=45845 u=rob n=ansible | skipping: [PE2]
2022-07-11 21:34:08,001 p=45845 u=rob n=ansible | skipping: [PE3]
2022-07-11 21:34:08,003 p=45845 u=rob n=ansible | TASK [eve-ng-lab-test : wait while shutdown] *************************************************************************************************************************
2022-07-11 21:34:08,011 p=45845 u=rob n=ansible | skipping: [eveng]
2022-07-11 21:34:08,012 p=45845 u=rob n=ansible | TASK [eve-ng-lab-test : Wait for vyos nodes] *************************************************************************************************************************
2022-07-11 21:34:08,024 p=45845 u=rob n=ansible | skipping: [eveng]
2022-07-11 21:34:08,030 p=45845 u=rob n=ansible | skipping: [vyos-oobm]
2022-07-11 21:34:08,036 p=45845 u=rob n=ansible | skipping: [PE1]
2022-07-11 21:34:08,037 p=45845 u=rob n=ansible | skipping: [PE2]
2022-07-11 21:34:08,040 p=45845 u=rob n=ansible | skipping: [PE3]
2022-07-11 21:34:08,043 p=45845 u=rob n=ansible | TASK [eve-ng-lab-test : clear tmp dir] *******************************************************************************************************************************
2022-07-11 21:34:08,051 p=45845 u=rob n=ansible | skipping: [eveng]
2022-07-11 21:34:08,052 p=45845 u=rob n=ansible | TASK [eve-ng-lab-test : Login to EVE-NG and get Cookie] **************************************************************************************************************
2022-07-11 21:34:08,064 p=45845 u=rob n=ansible | skipping: [eveng]
2022-07-11 21:34:08,069 p=45845 u=rob n=ansible | skipping: [vyos-oobm]
2022-07-11 21:34:08,075 p=45845 u=rob n=ansible | skipping: [PE1]
2022-07-11 21:34:08,076 p=45845 u=rob n=ansible | skipping: [PE2]
2022-07-11 21:34:08,079 p=45845 u=rob n=ansible | skipping: [PE3]
2022-07-11 21:34:08,081 p=45845 u=rob n=ansible | TASK [eve-ng-lab-test : stop nodes id] *******************************************************************************************************************************
2022-07-11 21:34:08,116 p=45845 u=rob n=ansible | TASK [eve-ng-lab-test : wait after stop] *****************************************************************************************************************************
2022-07-11 21:34:08,123 p=45845 u=rob n=ansible | skipping: [eveng]
2022-07-11 21:34:08,125 p=45845 u=rob n=ansible | TASK [eve-ng-lab-test : start nodes id] ******************************************************************************************************************************
2022-07-11 21:34:08,158 p=45845 u=rob n=ansible | TASK [eve-ng-lab-test : wait after start] ****************************************************************************************************************************
2022-07-11 21:34:08,166 p=45845 u=rob n=ansible | skipping: [eveng]
2022-07-11 21:34:08,168 p=45845 u=rob n=ansible | TASK [eve-ng-lab-test : wait, b/c the ping often failed without a short break] ***************************************************************************************
2022-07-11 21:34:08,175 p=45845 u=rob n=ansible | skipping: [eveng]
2022-07-11 21:34:08,177 p=45845 u=rob n=ansible | TASK [eve-ng-lab-test : do ping test] ********************************************************************************************************************************
2022-07-11 21:34:08,190 p=45845 u=rob n=ansible | skipping: [eveng]
2022-07-11 21:34:08,195 p=45845 u=rob n=ansible | skipping: [vyos-oobm]
2022-07-11 21:34:08,204 p=45845 u=rob n=ansible | skipping: [PE1] => (item=172.29.255.2) 
2022-07-11 21:34:08,205 p=45845 u=rob n=ansible | skipping: [PE1] => (item=172.29.255.3) 
2022-07-11 21:34:08,208 p=45845 u=rob n=ansible | skipping: [PE2] => (item=172.29.255.1) 
2022-07-11 21:34:08,209 p=45845 u=rob n=ansible | skipping: [PE2] => (item=172.29.255.3) 
2022-07-11 21:34:08,214 p=45845 u=rob n=ansible | skipping: [PE3] => (item=172.29.255.2) 
2022-07-11 21:34:08,214 p=45845 u=rob n=ansible | skipping: [PE3] => (item=172.29.255.1) 
2022-07-11 21:34:08,217 p=45845 u=rob n=ansible | TASK [eve-ng-lab-test : execute test commands] ***********************************************************************************************************************
2022-07-11 21:34:08,229 p=45845 u=rob n=ansible | skipping: [eveng]
2022-07-11 21:34:08,235 p=45845 u=rob n=ansible | skipping: [vyos-oobm]
2022-07-11 21:34:08,244 p=45845 u=rob n=ansible | skipping: [PE1] => (item={'desc': 'PING vyos-oobm with VRF', 'command': 'ping 10.100.0.1 vrf mgmt count 1', 'wait_for': ["result[0] contains '1 packets transmitted, 1 received'"]}) 
2022-07-11 21:34:08,245 p=45845 u=rob n=ansible | skipping: [PE1] => (item={'desc': 'PING blue site 2', 'command': 'ping 10.1.2.10 vrf blue count 1', 'wait_for': ["result[0] contains '1 packets transmitted, 1 received'"]}) 
2022-07-11 21:34:08,246 p=45845 u=rob n=ansible | skipping: [PE1] => (item={'desc': 'PING red site 2', 'command': 'ping 10.2.2.10 vrf red count 1', 'wait_for': ["result[0] contains '1 packets transmitted, 1 received'"]}) 
2022-07-11 21:34:08,246 p=45845 u=rob n=ansible | skipping: [PE1] => (item={'desc': 'PING green site 3', 'command': 'ping 10.3.3.10 vrf green count 1', 'wait_for': ["result[0] contains '1 packets transmitted, 1 received'"]}) 
2022-07-11 21:34:08,248 p=45845 u=rob n=ansible | skipping: [PE2] => (item={'desc': 'PING vyos-oobm with VRF', 'command': 'ping 10.100.0.1 vrf mgmt count 1', 'wait_for': ["result[0] contains '1 packets transmitted, 1 received'"]}) 
2022-07-11 21:34:08,253 p=45845 u=rob n=ansible | skipping: [PE3] => (item={'desc': 'PING vyos-oobm with VRF', 'command': 'ping 10.100.0.1 vrf mgmt count 1', 'wait_for': ["result[0] contains '1 packets transmitted, 1 received'"]}) 
2022-07-11 21:34:08,256 p=45845 u=rob n=ansible | TASK [eve-ng-lab-test : register stdout commands] ********************************************************************************************************************
2022-07-11 21:34:08,268 p=45845 u=rob n=ansible | skipping: [eveng]
2022-07-11 21:34:08,274 p=45845 u=rob n=ansible | skipping: [vyos-oobm]
2022-07-11 21:34:08,283 p=45845 u=rob n=ansible | skipping: [PE1] => (item={'name': 'vrf_all', 'command': 'show ip route vrf all'}) 
2022-07-11 21:34:08,283 p=45845 u=rob n=ansible | skipping: [PE1] => (item={'name': 'bgp_evpn', 'command': 'show bgp l2vpn evpn'}) 
2022-07-11 21:34:08,286 p=45845 u=rob n=ansible | skipping: [PE3]
2022-07-11 21:34:08,286 p=45845 u=rob n=ansible | skipping: [PE2] => (item={'name': 'bgp_evpn_net', 'command': 'show bgp l2vpn evpn 10.3.1.10'}) 
2022-07-11 21:34:08,290 p=45845 u=rob n=ansible | TASK [eve-ng-lab-test : Set variables] *******************************************************************************************************************************
2022-07-11 21:34:08,301 p=45845 u=rob n=ansible | skipping: [eveng]
2022-07-11 21:34:08,307 p=45845 u=rob n=ansible | skipping: [vyos-oobm]
2022-07-11 21:34:08,312 p=45845 u=rob n=ansible | skipping: [PE1]
2022-07-11 21:34:08,314 p=45845 u=rob n=ansible | skipping: [PE2]
2022-07-11 21:34:08,317 p=45845 u=rob n=ansible | skipping: [PE3]
2022-07-11 21:34:08,320 p=45845 u=rob n=ansible | TASK [eve-ng-lab-test : make sure output dir exist] ******************************************************************************************************************
2022-07-11 21:34:08,340 p=45845 u=rob n=ansible | skipping: [vyos-oobm]
2022-07-11 21:34:08,347 p=45845 u=rob n=ansible | skipping: [PE1]
2022-07-11 21:34:08,348 p=45845 u=rob n=ansible | skipping: [PE2]
2022-07-11 21:34:08,352 p=45845 u=rob n=ansible | skipping: [PE3]
2022-07-11 21:34:08,513 p=45845 u=rob n=ansible | ok: [eveng -> localhost]
2022-07-11 21:34:08,516 p=45845 u=rob n=ansible | TASK [eve-ng-lab-test : make sure output include dir exist] **********************************************************************************************************
2022-07-11 21:34:08,538 p=45845 u=rob n=ansible | skipping: [vyos-oobm]
2022-07-11 21:34:08,547 p=45845 u=rob n=ansible | skipping: [PE1]
2022-07-11 21:34:08,548 p=45845 u=rob n=ansible | skipping: [PE2]
2022-07-11 21:34:08,553 p=45845 u=rob n=ansible | skipping: [PE3]
2022-07-11 21:34:08,650 p=45845 u=rob n=ansible | ok: [eveng -> localhost]
2022-07-11 21:34:08,652 p=45845 u=rob n=ansible | TASK [eve-ng-lab-test : Get timestamp from the system] ***************************************************************************************************************
2022-07-11 21:34:08,669 p=45845 u=rob n=ansible | skipping: [vyos-oobm]
2022-07-11 21:34:08,675 p=45845 u=rob n=ansible | skipping: [PE1]
2022-07-11 21:34:08,677 p=45845 u=rob n=ansible | skipping: [PE2]
2022-07-11 21:34:08,680 p=45845 u=rob n=ansible | skipping: [PE3]
2022-07-11 21:34:09,013 p=45845 u=rob n=ansible | changed: [eveng]
2022-07-11 21:34:09,017 p=45845 u=rob n=ansible | TASK [eve-ng-lab-test : Set variables] *******************************************************************************************************************************
2022-07-11 21:34:09,040 p=45845 u=rob n=ansible | ok: [eveng]
2022-07-11 21:34:09,047 p=45845 u=rob n=ansible | skipping: [vyos-oobm]
2022-07-11 21:34:09,048 p=45845 u=rob n=ansible | skipping: [PE1]
2022-07-11 21:34:09,048 p=45845 u=rob n=ansible | skipping: [PE2]
2022-07-11 21:34:09,052 p=45845 u=rob n=ansible | skipping: [PE3]
2022-07-11 21:34:09,055 p=45845 u=rob n=ansible | TASK [eve-ng-lab-test : generate lab rst file] ***********************************************************************************************************************
2022-07-11 21:34:09,077 p=45845 u=rob n=ansible | skipping: [vyos-oobm]
2022-07-11 21:34:09,085 p=45845 u=rob n=ansible | skipping: [PE1]
2022-07-11 21:34:09,086 p=45845 u=rob n=ansible | skipping: [PE2]
2022-07-11 21:34:09,090 p=45845 u=rob n=ansible | skipping: [PE3]
2022-07-11 21:34:09,311 p=45845 u=rob n=ansible | changed: [eveng -> localhost]
2022-07-11 21:34:09,314 p=45845 u=rob n=ansible | TASK [eve-ng-lab-test : find all *.conf files in Lab] ****************************************************************************************************************
2022-07-11 21:34:09,335 p=45845 u=rob n=ansible | skipping: [vyos-oobm]
2022-07-11 21:34:09,342 p=45845 u=rob n=ansible | skipping: [PE1]
2022-07-11 21:34:09,343 p=45845 u=rob n=ansible | skipping: [PE2]
2022-07-11 21:34:09,347 p=45845 u=rob n=ansible | skipping: [PE3]
2022-07-11 21:34:09,501 p=45845 u=rob n=ansible | ok: [eveng -> localhost]
2022-07-11 21:34:09,510 p=45845 u=rob n=ansible | TASK [eve-ng-lab-test : copy all *.conf files] ***********************************************************************************************************************
2022-07-11 21:34:09,533 p=45845 u=rob n=ansible | skipping: [vyos-oobm]
2022-07-11 21:34:09,541 p=45845 u=rob n=ansible | skipping: [PE1]
2022-07-11 21:34:09,542 p=45845 u=rob n=ansible | skipping: [PE2]
2022-07-11 21:34:09,547 p=45845 u=rob n=ansible | skipping: [PE3]
2022-07-11 21:34:09,812 p=45845 u=rob n=ansible | ok: [eveng -> localhost] => (item={'path': 'labs/L3VPN_EVPN/PE2.conf', 'mode': '0644', 'isdir': False, 'ischr': False, 'isblk': False, 'isreg': True, 'isfifo': False, 'islnk': False, 'issock': False, 'uid': 501, 'gid': 20, 'size': 3854, 'inode': 52923756, 'dev': 16777233, 'nlink': 1, 'atime': 1657566047.9393785, 'mtime': 1657566046.284059, 'ctime': 1657566046.284059, 'gr_name': 'staff', 'pw_name': 'rob', 'wusr': True, 'rusr': True, 'xusr': False, 'wgrp': False, 'rgrp': True, 'xgrp': False, 'woth': False, 'roth': True, 'xoth': False, 'isuid': False, 'isgid': False})
2022-07-11 21:34:10,033 p=45845 u=rob n=ansible | ok: [eveng -> localhost] => (item={'path': 'labs/L3VPN_EVPN/PE3.conf', 'mode': '0644', 'isdir': False, 'ischr': False, 'isblk': False, 'isreg': True, 'isfifo': False, 'islnk': False, 'issock': False, 'uid': 501, 'gid': 20, 'size': 3860, 'inode': 52923757, 'dev': 16777233, 'nlink': 1, 'atime': 1657566047.812501, 'mtime': 1657566046.2843304, 'ctime': 1657566046.2843304, 'gr_name': 'staff', 'pw_name': 'rob', 'wusr': True, 'rusr': True, 'xusr': False, 'wgrp': False, 'rgrp': True, 'xgrp': False, 'woth': False, 'roth': True, 'xoth': False, 'isuid': False, 'isgid': False})
2022-07-11 21:34:10,249 p=45845 u=rob n=ansible | ok: [eveng -> localhost] => (item={'path': 'labs/L3VPN_EVPN/PE1.conf', 'mode': '0644', 'isdir': False, 'ischr': False, 'isblk': False, 'isreg': True, 'isfifo': False, 'islnk': False, 'issock': False, 'uid': 501, 'gid': 20, 'size': 4170, 'inode': 52923755, 'dev': 16777233, 'nlink': 1, 'atime': 1657566047.9389374, 'mtime': 1657566046.2836807, 'ctime': 1657566046.2836807, 'gr_name': 'staff', 'pw_name': 'rob', 'wusr': True, 'rusr': True, 'xusr': False, 'wgrp': False, 'rgrp': True, 'xgrp': False, 'woth': False, 'roth': True, 'xoth': False, 'isuid': False, 'isgid': False})
2022-07-11 21:34:10,253 p=45845 u=rob n=ansible | TASK [eve-ng-lab-test : find all *.png files in Lab] *****************************************************************************************************************
2022-07-11 21:34:10,274 p=45845 u=rob n=ansible | skipping: [vyos-oobm]
2022-07-11 21:34:10,281 p=45845 u=rob n=ansible | skipping: [PE1]
2022-07-11 21:34:10,282 p=45845 u=rob n=ansible | skipping: [PE2]
2022-07-11 21:34:10,286 p=45845 u=rob n=ansible | skipping: [PE3]
2022-07-11 21:34:10,382 p=45845 u=rob n=ansible | ok: [eveng -> localhost]
2022-07-11 21:34:10,386 p=45845 u=rob n=ansible | TASK [eve-ng-lab-test : copy all *.png files] ************************************************************************************************************************
2022-07-11 21:34:10,411 p=45845 u=rob n=ansible | skipping: [vyos-oobm]
2022-07-11 21:34:10,420 p=45845 u=rob n=ansible | skipping: [PE1]
2022-07-11 21:34:10,421 p=45845 u=rob n=ansible | skipping: [PE2]
2022-07-11 21:34:10,426 p=45845 u=rob n=ansible | skipping: [PE3]
2022-07-11 21:34:10,619 p=45845 u=rob n=ansible | ok: [eveng -> localhost] => (item={'path': 'labs/L3VPN_EVPN/topology.png', 'mode': '0644', 'isdir': False, 'ischr': False, 'isblk': False, 'isreg': True, 'isfifo': False, 'islnk': False, 'issock': False, 'uid': 501, 'gid': 20, 'size': 102832, 'inode': 52923760, 'dev': 16777233, 'nlink': 1, 'atime': 1657566072.7988024, 'mtime': 1657566046.286486, 'ctime': 1657566046.286486, 'gr_name': 'staff', 'pw_name': 'rob', 'wusr': True, 'rusr': True, 'xusr': False, 'wgrp': False, 'rgrp': True, 'xgrp': False, 'woth': False, 'roth': True, 'xoth': False, 'isuid': False, 'isgid': False})
2022-07-11 21:34:10,622 p=45845 u=rob n=ansible | TASK [eve-ng-lab-test : copy ansible log files] **********************************************************************************************************************
2022-07-11 21:34:10,643 p=45845 u=rob n=ansible | skipping: [vyos-oobm]
2022-07-11 21:34:10,650 p=45845 u=rob n=ansible | skipping: [PE1]
2022-07-11 21:34:10,651 p=45845 u=rob n=ansible | skipping: [PE2]
2022-07-11 21:34:10,655 p=45845 u=rob n=ansible | skipping: [PE3]
